running egg_info
creating ../../build/serial_control/serial_control.egg-info
writing ../../build/serial_control/serial_control.egg-info/PKG-INFO
writing dependency_links to ../../build/serial_control/serial_control.egg-info/dependency_links.txt
writing entry points to ../../build/serial_control/serial_control.egg-info/entry_points.txt
writing requirements to ../../build/serial_control/serial_control.egg-info/requires.txt
writing top-level names to ../../build/serial_control/serial_control.egg-info/top_level.txt
writing manifest file '../../build/serial_control/serial_control.egg-info/SOURCES.txt'
reading manifest file '../../build/serial_control/serial_control.egg-info/SOURCES.txt'
writing manifest file '../../build/serial_control/serial_control.egg-info/SOURCES.txt'
running build
running build_py
creating /home/pi/ros2_ws/build/serial_control/build
creating /home/pi/ros2_ws/build/serial_control/build/lib
creating /home/pi/ros2_ws/build/serial_control/build/lib/serial_control
copying serial_control/__init__.py -> /home/pi/ros2_ws/build/serial_control/build/lib/serial_control
copying serial_control/serial_node.py -> /home/pi/ros2_ws/build/serial_control/build/lib/serial_control
copying serial_control/serial_node2.py -> /home/pi/ros2_ws/build/serial_control/build/lib/serial_control
running install
running install_lib
creating /home/pi/ros2_ws/install/serial_control/lib/python3.10/site-packages/serial_control
copying /home/pi/ros2_ws/build/serial_control/build/lib/serial_control/__init__.py -> /home/pi/ros2_ws/install/serial_control/lib/python3.10/site-packages/serial_control
copying /home/pi/ros2_ws/build/serial_control/build/lib/serial_control/serial_node.py -> /home/pi/ros2_ws/install/serial_control/lib/python3.10/site-packages/serial_control
copying /home/pi/ros2_ws/build/serial_control/build/lib/serial_control/serial_node2.py -> /home/pi/ros2_ws/install/serial_control/lib/python3.10/site-packages/serial_control
byte-compiling /home/pi/ros2_ws/install/serial_control/lib/python3.10/site-packages/serial_control/__init__.py to __init__.cpython-310.pyc
byte-compiling /home/pi/ros2_ws/install/serial_control/lib/python3.10/site-packages/serial_control/serial_node.py to serial_node.cpython-310.pyc
byte-compiling /home/pi/ros2_ws/install/serial_control/lib/python3.10/site-packages/serial_control/serial_node2.py to serial_node2.cpython-310.pyc
running install_data
creating /home/pi/ros2_ws/install/serial_control/share/ament_index
creating /home/pi/ros2_ws/install/serial_control/share/ament_index/resource_index
creating /home/pi/ros2_ws/install/serial_control/share/ament_index/resource_index/packages
copying resource/serial_control -> /home/pi/ros2_ws/install/serial_control/share/ament_index/resource_index/packages
copying package.xml -> /home/pi/ros2_ws/install/serial_control/share/serial_control
running install_egg_info
Copying ../../build/serial_control/serial_control.egg-info to /home/pi/ros2_ws/install/serial_control/lib/python3.10/site-packages/serial_control-0.0.0-py3.10.egg-info
running install_scripts
Installing serial_node script to /home/pi/ros2_ws/install/serial_control/lib/serial_control
writing list of installed files to '/home/pi/ros2_ws/build/serial_control/install.log'
