[0.316s] Invoking command in '/home/pi/ros2_ws/build/lslidar_msgs': CMAKE_PREFIX_PATH=${CMAKE_PREFIX_PATH}:/home/pi/ros2_ws/install/teleop_twist_keyboard:/home/pi/ros2_ws/install/serial_control:/home/pi/ros2_ws/install/serbot_controller:/home/pi/ros2_ws/install/my_car_controller:/opt/ros/humble /usr/bin/cmake --build /home/pi/ros2_ws/build/lslidar_msgs -- -j4 -l4
[3.848s] [  1%] Built target lslidar_msgs__cpp
[3.849s] [ 12%] Built target lslidar_msgs__rosidl_generator_c
[3.851s] [ 12%] Built target ament_cmake_python_copy_lslidar_msgs
[3.852s] [ 23%] Built target lslidar_msgs__rosidl_typesupport_fastrtps_cpp
[3.853s] [ 34%] Built target lslidar_msgs__rosidl_typesupport_cpp
[3.854s] [ 46%] Built target lslidar_msgs__rosidl_typesupport_introspection_cpp
[3.858s] [ 57%] Built target lslidar_msgs__rosidl_typesupport_c
[3.860s] [ 68%] Built target lslidar_msgs__rosidl_typesupport_fastrtps_c
[3.865s] [ 79%] Built target lslidar_msgs__rosidl_typesupport_introspection_c
[3.870s] [ 79%] Built target lslidar_msgs
[3.874s] [ 80%] Built target lslidar_msgs__py
[3.886s] [ 90%] Built target lslidar_msgs__rosidl_generator_py
[3.887s] [ 93%] Built target lslidar_msgs__rosidl_typesupport_fastrtps_c__pyext
[3.888s] [ 96%] Built target lslidar_msgs__rosidl_typesupport_c__pyext
[3.889s] [100%] Built target lslidar_msgs__rosidl_typesupport_introspection_c__pyext
[4.756s] running egg_info
[4.763s] writing lslidar_msgs.egg-info/PKG-INFO
[4.765s] writing dependency_links to lslidar_msgs.egg-info/dependency_links.txt
[4.770s] writing top-level names to lslidar_msgs.egg-info/top_level.txt
[4.794s] reading manifest file 'lslidar_msgs.egg-info/SOURCES.txt'
[4.802s] writing manifest file 'lslidar_msgs.egg-info/SOURCES.txt'
[5.070s] [100%] Built target ament_cmake_python_build_lslidar_msgs_egg
[7.001s] Invoked command in '/home/pi/ros2_ws/build/lslidar_msgs' returned '0': CMAKE_PREFIX_PATH=${CMAKE_PREFIX_PATH}:/home/pi/ros2_ws/install/teleop_twist_keyboard:/home/pi/ros2_ws/install/serial_control:/home/pi/ros2_ws/install/serbot_controller:/home/pi/ros2_ws/install/my_car_controller:/opt/ros/humble /usr/bin/cmake --build /home/pi/ros2_ws/build/lslidar_msgs -- -j4 -l4
[7.040s] Invoking command in '/home/pi/ros2_ws/build/lslidar_msgs': CMAKE_PREFIX_PATH=${CMAKE_PREFIX_PATH}:/home/pi/ros2_ws/install/teleop_twist_keyboard:/home/pi/ros2_ws/install/serial_control:/home/pi/ros2_ws/install/serbot_controller:/home/pi/ros2_ws/install/my_car_controller:/opt/ros/humble /usr/bin/cmake --install /home/pi/ros2_ws/build/lslidar_msgs
[7.124s] -- Install configuration: ""
[7.126s] -- Up-to-date: /home/pi/ros2_ws/install/lslidar_msgs/share/ament_index/resource_index/rosidl_interfaces/lslidar_msgs
[7.127s] -- Up-to-date: /home/pi/ros2_ws/install/lslidar_msgs/include/lslidar_msgs/lslidar_msgs
[7.128s] -- Up-to-date: /home/pi/ros2_ws/install/lslidar_msgs/include/lslidar_msgs/lslidar_msgs/msg
[7.129s] -- Up-to-date: /home/pi/ros2_ws/install/lslidar_msgs/include/lslidar_msgs/lslidar_msgs/msg/lslidar_point.h
[7.130s] -- Up-to-date: /home/pi/ros2_ws/install/lslidar_msgs/include/lslidar_msgs/lslidar_msgs/msg/lslidar_scan.h
[7.149s] -- Up-to-date: /home/pi/ros2_ws/install/lslidar_msgs/include/lslidar_msgs/lslidar_msgs/msg/lslidar_sweep.h
[7.153s] -- Up-to-date: /home/pi/ros2_ws/install/lslidar_msgs/include/lslidar_msgs/lslidar_msgs/msg/rosidl_generator_c__visibility_control.h
[7.160s] -- Up-to-date: /home/pi/ros2_ws/install/lslidar_msgs/include/lslidar_msgs/lslidar_msgs/msg/lslidar_packet.h
[7.161s] -- Up-to-date: /home/pi/ros2_ws/install/lslidar_msgs/include/lslidar_msgs/lslidar_msgs/msg/detail
[7.167s] -- Up-to-date: /home/pi/ros2_ws/install/lslidar_msgs/include/lslidar_msgs/lslidar_msgs/msg/detail/lslidar_sweep__functions.h
[7.177s] -- Up-to-date: /home/pi/ros2_ws/install/lslidar_msgs/include/lslidar_msgs/lslidar_msgs/msg/detail/lslidar_point__type_support.h
[7.182s] -- Up-to-date: /home/pi/ros2_ws/install/lslidar_msgs/include/lslidar_msgs/lslidar_msgs/msg/detail/lslidar_scan__struct.h
[7.194s] -- Up-to-date: /home/pi/ros2_ws/install/lslidar_msgs/include/lslidar_msgs/lslidar_msgs/msg/detail/lslidar_difop__type_support.h
[7.198s] -- Up-to-date: /home/pi/ros2_ws/install/lslidar_msgs/include/lslidar_msgs/lslidar_msgs/msg/detail/lslidar_difop__functions.c
[7.200s] -- Up-to-date: /home/pi/ros2_ws/install/lslidar_msgs/include/lslidar_msgs/lslidar_msgs/msg/detail/lslidar_packet__struct.h
[7.207s] -- Up-to-date: /home/pi/ros2_ws/install/lslidar_msgs/include/lslidar_msgs/lslidar_msgs/msg/detail/lslidar_sweep__functions.c
[7.212s] -- Up-to-date: /home/pi/ros2_ws/install/lslidar_msgs/include/lslidar_msgs/lslidar_msgs/msg/detail/lslidar_scan__type_support.h
[7.225s] -- Up-to-date: /home/pi/ros2_ws/install/lslidar_msgs/include/lslidar_msgs/lslidar_msgs/msg/detail/lslidar_point__functions.h
[7.228s] -- Up-to-date: /home/pi/ros2_ws/install/lslidar_msgs/include/lslidar_msgs/lslidar_msgs/msg/detail/lslidar_packet__type_support.h
[7.230s] -- Up-to-date: /home/pi/ros2_ws/install/lslidar_msgs/include/lslidar_msgs/lslidar_msgs/msg/detail/lslidar_scan__functions.h
[7.232s] -- Up-to-date: /home/pi/ros2_ws/install/lslidar_msgs/include/lslidar_msgs/lslidar_msgs/msg/detail/lslidar_point__functions.c
[7.233s] -- Up-to-date: /home/pi/ros2_ws/install/lslidar_msgs/include/lslidar_msgs/lslidar_msgs/msg/detail/lslidar_packet__functions.c
[7.234s] -- Up-to-date: /home/pi/ros2_ws/install/lslidar_msgs/include/lslidar_msgs/lslidar_msgs/msg/detail/lslidar_difop__functions.h
[7.236s] -- Up-to-date: /home/pi/ros2_ws/install/lslidar_msgs/include/lslidar_msgs/lslidar_msgs/msg/detail/lslidar_packet__functions.h
[7.238s] -- Up-to-date: /home/pi/ros2_ws/install/lslidar_msgs/include/lslidar_msgs/lslidar_msgs/msg/detail/lslidar_sweep__struct.h
[7.239s] -- Up-to-date: /home/pi/ros2_ws/install/lslidar_msgs/include/lslidar_msgs/lslidar_msgs/msg/detail/lslidar_sweep__type_support.h
[7.241s] -- Up-to-date: /home/pi/ros2_ws/install/lslidar_msgs/include/lslidar_msgs/lslidar_msgs/msg/detail/lslidar_point__struct.h
[7.242s] -- Up-to-date: /home/pi/ros2_ws/install/lslidar_msgs/include/lslidar_msgs/lslidar_msgs/msg/detail/lslidar_difop__struct.h
[7.243s] -- Up-to-date: /home/pi/ros2_ws/install/lslidar_msgs/include/lslidar_msgs/lslidar_msgs/msg/detail/lslidar_scan__functions.c
[7.244s] -- Up-to-date: /home/pi/ros2_ws/install/lslidar_msgs/include/lslidar_msgs/lslidar_msgs/msg/lslidar_difop.h
[7.245s] -- Up-to-date: /home/pi/ros2_ws/install/lslidar_msgs/share/lslidar_msgs/environment/library_path.sh
[7.246s] -- Up-to-date: /home/pi/ros2_ws/install/lslidar_msgs/share/lslidar_msgs/environment/library_path.dsv
[7.247s] -- Up-to-date: /home/pi/ros2_ws/install/lslidar_msgs/lib/liblslidar_msgs__rosidl_generator_c.so
[7.267s] -- Up-to-date: /home/pi/ros2_ws/install/lslidar_msgs/include/lslidar_msgs/lslidar_msgs
[7.269s] -- Up-to-date: /home/pi/ros2_ws/install/lslidar_msgs/include/lslidar_msgs/lslidar_msgs/msg
[7.270s] -- Up-to-date: /home/pi/ros2_ws/install/lslidar_msgs/include/lslidar_msgs/lslidar_msgs/msg/rosidl_typesupport_fastrtps_c__visibility_control.h
[7.271s] -- Up-to-date: /home/pi/ros2_ws/install/lslidar_msgs/include/lslidar_msgs/lslidar_msgs/msg/detail
[7.272s] -- Up-to-date: /home/pi/ros2_ws/install/lslidar_msgs/include/lslidar_msgs/lslidar_msgs/msg/detail/lslidar_point__rosidl_typesupport_fastrtps_c.h
[7.273s] -- Up-to-date: /home/pi/ros2_ws/install/lslidar_msgs/include/lslidar_msgs/lslidar_msgs/msg/detail/lslidar_difop__rosidl_typesupport_fastrtps_c.h
[7.274s] -- Up-to-date: /home/pi/ros2_ws/install/lslidar_msgs/include/lslidar_msgs/lslidar_msgs/msg/detail/lslidar_packet__rosidl_typesupport_fastrtps_c.h
[7.277s] -- Up-to-date: /home/pi/ros2_ws/install/lslidar_msgs/include/lslidar_msgs/lslidar_msgs/msg/detail/lslidar_scan__rosidl_typesupport_fastrtps_c.h
[7.278s] -- Up-to-date: /home/pi/ros2_ws/install/lslidar_msgs/include/lslidar_msgs/lslidar_msgs/msg/detail/lslidar_sweep__rosidl_typesupport_fastrtps_c.h
[7.279s] -- Up-to-date: /home/pi/ros2_ws/install/lslidar_msgs/lib/liblslidar_msgs__rosidl_typesupport_fastrtps_c.so
[7.281s] -- Up-to-date: /home/pi/ros2_ws/install/lslidar_msgs/include/lslidar_msgs/lslidar_msgs
[7.294s] -- Up-to-date: /home/pi/ros2_ws/install/lslidar_msgs/include/lslidar_msgs/lslidar_msgs/msg
[7.295s] -- Up-to-date: /home/pi/ros2_ws/install/lslidar_msgs/include/lslidar_msgs/lslidar_msgs/msg/lslidar_packet.hpp
[7.298s] -- Up-to-date: /home/pi/ros2_ws/install/lslidar_msgs/include/lslidar_msgs/lslidar_msgs/msg/lslidar_sweep.hpp
[7.299s] -- Up-to-date: /home/pi/ros2_ws/install/lslidar_msgs/include/lslidar_msgs/lslidar_msgs/msg/lslidar_difop.hpp
[7.301s] -- Up-to-date: /home/pi/ros2_ws/install/lslidar_msgs/include/lslidar_msgs/lslidar_msgs/msg/lslidar_point.hpp
[7.304s] -- Up-to-date: /home/pi/ros2_ws/install/lslidar_msgs/include/lslidar_msgs/lslidar_msgs/msg/lslidar_scan.hpp
[7.305s] -- Up-to-date: /home/pi/ros2_ws/install/lslidar_msgs/include/lslidar_msgs/lslidar_msgs/msg/detail
[7.306s] -- Up-to-date: /home/pi/ros2_ws/install/lslidar_msgs/include/lslidar_msgs/lslidar_msgs/msg/detail/lslidar_sweep__struct.hpp
[7.308s] -- Up-to-date: /home/pi/ros2_ws/install/lslidar_msgs/include/lslidar_msgs/lslidar_msgs/msg/detail/lslidar_scan__builder.hpp
[7.309s] -- Up-to-date: /home/pi/ros2_ws/install/lslidar_msgs/include/lslidar_msgs/lslidar_msgs/msg/detail/lslidar_point__type_support.hpp
[7.323s] -- Up-to-date: /home/pi/ros2_ws/install/lslidar_msgs/include/lslidar_msgs/lslidar_msgs/msg/detail/lslidar_sweep__builder.hpp
[7.325s] -- Up-to-date: /home/pi/ros2_ws/install/lslidar_msgs/include/lslidar_msgs/lslidar_msgs/msg/detail/lslidar_packet__struct.hpp
[7.326s] -- Up-to-date: /home/pi/ros2_ws/install/lslidar_msgs/include/lslidar_msgs/lslidar_msgs/msg/detail/lslidar_difop__struct.hpp
[7.345s] -- Up-to-date: /home/pi/ros2_ws/install/lslidar_msgs/include/lslidar_msgs/lslidar_msgs/msg/detail/lslidar_point__traits.hpp
[7.347s] -- Up-to-date: /home/pi/ros2_ws/install/lslidar_msgs/include/lslidar_msgs/lslidar_msgs/msg/detail/lslidar_sweep__traits.hpp
[7.365s] -- Up-to-date: /home/pi/ros2_ws/install/lslidar_msgs/include/lslidar_msgs/lslidar_msgs/msg/detail/lslidar_point__builder.hpp
[7.373s] -- Up-to-date: /home/pi/ros2_ws/install/lslidar_msgs/include/lslidar_msgs/lslidar_msgs/msg/detail/lslidar_difop__builder.hpp
[7.374s] -- Up-to-date: /home/pi/ros2_ws/install/lslidar_msgs/include/lslidar_msgs/lslidar_msgs/msg/detail/lslidar_scan__struct.hpp
[7.375s] -- Up-to-date: /home/pi/ros2_ws/install/lslidar_msgs/include/lslidar_msgs/lslidar_msgs/msg/detail/lslidar_packet__traits.hpp
[7.376s] -- Up-to-date: /home/pi/ros2_ws/install/lslidar_msgs/include/lslidar_msgs/lslidar_msgs/msg/detail/lslidar_difop__type_support.hpp
[7.377s] -- Up-to-date: /home/pi/ros2_ws/install/lslidar_msgs/include/lslidar_msgs/lslidar_msgs/msg/detail/lslidar_sweep__type_support.hpp
[7.378s] -- Up-to-date: /home/pi/ros2_ws/install/lslidar_msgs/include/lslidar_msgs/lslidar_msgs/msg/detail/lslidar_scan__traits.hpp
[7.379s] -- Up-to-date: /home/pi/ros2_ws/install/lslidar_msgs/include/lslidar_msgs/lslidar_msgs/msg/detail/lslidar_difop__traits.hpp
[7.380s] -- Up-to-date: /home/pi/ros2_ws/install/lslidar_msgs/include/lslidar_msgs/lslidar_msgs/msg/detail/lslidar_point__struct.hpp
[7.381s] -- Up-to-date: /home/pi/ros2_ws/install/lslidar_msgs/include/lslidar_msgs/lslidar_msgs/msg/detail/lslidar_packet__type_support.hpp
[7.382s] -- Up-to-date: /home/pi/ros2_ws/install/lslidar_msgs/include/lslidar_msgs/lslidar_msgs/msg/detail/lslidar_scan__type_support.hpp
[7.383s] -- Up-to-date: /home/pi/ros2_ws/install/lslidar_msgs/include/lslidar_msgs/lslidar_msgs/msg/detail/lslidar_packet__builder.hpp
[7.384s] -- Up-to-date: /home/pi/ros2_ws/install/lslidar_msgs/include/lslidar_msgs/lslidar_msgs/msg/rosidl_generator_cpp__visibility_control.hpp
[7.385s] -- Up-to-date: /home/pi/ros2_ws/install/lslidar_msgs/include/lslidar_msgs/lslidar_msgs
[7.387s] -- Up-to-date: /home/pi/ros2_ws/install/lslidar_msgs/include/lslidar_msgs/lslidar_msgs/msg
[7.405s] -- Up-to-date: /home/pi/ros2_ws/install/lslidar_msgs/include/lslidar_msgs/lslidar_msgs/msg/rosidl_typesupport_fastrtps_cpp__visibility_control.h
[7.406s] -- Up-to-date: /home/pi/ros2_ws/install/lslidar_msgs/include/lslidar_msgs/lslidar_msgs/msg/detail
[7.407s] -- Up-to-date: /home/pi/ros2_ws/install/lslidar_msgs/include/lslidar_msgs/lslidar_msgs/msg/detail/dds_fastrtps
[7.409s] -- Up-to-date: /home/pi/ros2_ws/install/lslidar_msgs/include/lslidar_msgs/lslidar_msgs/msg/detail/lslidar_packet__rosidl_typesupport_fastrtps_cpp.hpp
[7.410s] -- Up-to-date: /home/pi/ros2_ws/install/lslidar_msgs/include/lslidar_msgs/lslidar_msgs/msg/detail/lslidar_sweep__rosidl_typesupport_fastrtps_cpp.hpp
[7.411s] -- Up-to-date: /home/pi/ros2_ws/install/lslidar_msgs/include/lslidar_msgs/lslidar_msgs/msg/detail/lslidar_scan__rosidl_typesupport_fastrtps_cpp.hpp
[7.412s] -- Up-to-date: /home/pi/ros2_ws/install/lslidar_msgs/include/lslidar_msgs/lslidar_msgs/msg/detail/lslidar_difop__rosidl_typesupport_fastrtps_cpp.hpp
[7.413s] -- Up-to-date: /home/pi/ros2_ws/install/lslidar_msgs/include/lslidar_msgs/lslidar_msgs/msg/detail/lslidar_point__rosidl_typesupport_fastrtps_cpp.hpp
[7.414s] -- Up-to-date: /home/pi/ros2_ws/install/lslidar_msgs/lib/liblslidar_msgs__rosidl_typesupport_fastrtps_cpp.so
[7.426s] -- Up-to-date: /home/pi/ros2_ws/install/lslidar_msgs/include/lslidar_msgs/lslidar_msgs
[7.427s] -- Up-to-date: /home/pi/ros2_ws/install/lslidar_msgs/include/lslidar_msgs/lslidar_msgs/msg
[7.428s] -- Up-to-date: /home/pi/ros2_ws/install/lslidar_msgs/include/lslidar_msgs/lslidar_msgs/msg/detail
[7.429s] -- Up-to-date: /home/pi/ros2_ws/install/lslidar_msgs/include/lslidar_msgs/lslidar_msgs/msg/detail/lslidar_sweep__rosidl_typesupport_introspection_c.h
[7.431s] -- Up-to-date: /home/pi/ros2_ws/install/lslidar_msgs/include/lslidar_msgs/lslidar_msgs/msg/detail/lslidar_difop__rosidl_typesupport_introspection_c.h
[7.432s] -- Up-to-date: /home/pi/ros2_ws/install/lslidar_msgs/include/lslidar_msgs/lslidar_msgs/msg/detail/lslidar_scan__type_support.c
[7.433s] -- Up-to-date: /home/pi/ros2_ws/install/lslidar_msgs/include/lslidar_msgs/lslidar_msgs/msg/detail/lslidar_point__rosidl_typesupport_introspection_c.h
[7.434s] -- Up-to-date: /home/pi/ros2_ws/install/lslidar_msgs/include/lslidar_msgs/lslidar_msgs/msg/detail/lslidar_scan__rosidl_typesupport_introspection_c.h
[7.446s] -- Up-to-date: /home/pi/ros2_ws/install/lslidar_msgs/include/lslidar_msgs/lslidar_msgs/msg/detail/lslidar_packet__rosidl_typesupport_introspection_c.h
[7.447s] -- Up-to-date: /home/pi/ros2_ws/install/lslidar_msgs/include/lslidar_msgs/lslidar_msgs/msg/detail/lslidar_difop__type_support.c
[7.448s] -- Up-to-date: /home/pi/ros2_ws/install/lslidar_msgs/include/lslidar_msgs/lslidar_msgs/msg/detail/lslidar_packet__type_support.c
[7.449s] -- Up-to-date: /home/pi/ros2_ws/install/lslidar_msgs/include/lslidar_msgs/lslidar_msgs/msg/detail/lslidar_point__type_support.c
[7.450s] -- Up-to-date: /home/pi/ros2_ws/install/lslidar_msgs/include/lslidar_msgs/lslidar_msgs/msg/detail/lslidar_sweep__type_support.c
[7.452s] -- Up-to-date: /home/pi/ros2_ws/install/lslidar_msgs/include/lslidar_msgs/lslidar_msgs/msg/rosidl_typesupport_introspection_c__visibility_control.h
[7.454s] -- Up-to-date: /home/pi/ros2_ws/install/lslidar_msgs/lib/liblslidar_msgs__rosidl_typesupport_introspection_c.so
[7.455s] -- Up-to-date: /home/pi/ros2_ws/install/lslidar_msgs/lib/liblslidar_msgs__rosidl_typesupport_c.so
[7.456s] -- Up-to-date: /home/pi/ros2_ws/install/lslidar_msgs/include/lslidar_msgs/lslidar_msgs
[7.457s] -- Up-to-date: /home/pi/ros2_ws/install/lslidar_msgs/include/lslidar_msgs/lslidar_msgs/msg
[7.458s] -- Up-to-date: /home/pi/ros2_ws/install/lslidar_msgs/include/lslidar_msgs/lslidar_msgs/msg/detail
[7.459s] -- Up-to-date: /home/pi/ros2_ws/install/lslidar_msgs/include/lslidar_msgs/lslidar_msgs/msg/detail/lslidar_point__type_support.cpp
[7.460s] -- Up-to-date: /home/pi/ros2_ws/install/lslidar_msgs/include/lslidar_msgs/lslidar_msgs/msg/detail/lslidar_packet__rosidl_typesupport_introspection_cpp.hpp
[7.461s] -- Up-to-date: /home/pi/ros2_ws/install/lslidar_msgs/include/lslidar_msgs/lslidar_msgs/msg/detail/lslidar_packet__type_support.cpp
[7.462s] -- Up-to-date: /home/pi/ros2_ws/install/lslidar_msgs/include/lslidar_msgs/lslidar_msgs/msg/detail/lslidar_sweep__type_support.cpp
[7.465s] -- Up-to-date: /home/pi/ros2_ws/install/lslidar_msgs/include/lslidar_msgs/lslidar_msgs/msg/detail/lslidar_scan__rosidl_typesupport_introspection_cpp.hpp
[7.477s] -- Up-to-date: /home/pi/ros2_ws/install/lslidar_msgs/include/lslidar_msgs/lslidar_msgs/msg/detail/lslidar_difop__type_support.cpp
[7.483s] -- Up-to-date: /home/pi/ros2_ws/install/lslidar_msgs/include/lslidar_msgs/lslidar_msgs/msg/detail/lslidar_difop__rosidl_typesupport_introspection_cpp.hpp
[7.484s] -- Up-to-date: /home/pi/ros2_ws/install/lslidar_msgs/include/lslidar_msgs/lslidar_msgs/msg/detail/lslidar_sweep__rosidl_typesupport_introspection_cpp.hpp
[7.487s] -- Up-to-date: /home/pi/ros2_ws/install/lslidar_msgs/include/lslidar_msgs/lslidar_msgs/msg/detail/lslidar_scan__type_support.cpp
[7.490s] -- Up-to-date: /home/pi/ros2_ws/install/lslidar_msgs/include/lslidar_msgs/lslidar_msgs/msg/detail/lslidar_point__rosidl_typesupport_introspection_cpp.hpp
[7.491s] -- Up-to-date: /home/pi/ros2_ws/install/lslidar_msgs/lib/liblslidar_msgs__rosidl_typesupport_introspection_cpp.so
[7.504s] -- Up-to-date: /home/pi/ros2_ws/install/lslidar_msgs/lib/liblslidar_msgs__rosidl_typesupport_cpp.so
[7.505s] -- Up-to-date: /home/pi/ros2_ws/install/lslidar_msgs/share/lslidar_msgs/environment/pythonpath.sh
[7.506s] -- Up-to-date: /home/pi/ros2_ws/install/lslidar_msgs/share/lslidar_msgs/environment/pythonpath.dsv
[7.507s] -- Up-to-date: /home/pi/ros2_ws/install/lslidar_msgs/local/lib/python3.10/dist-packages/lslidar_msgs-1.2.0-py3.10.egg-info
[7.508s] -- Installing: /home/pi/ros2_ws/install/lslidar_msgs/local/lib/python3.10/dist-packages/lslidar_msgs-1.2.0-py3.10.egg-info/PKG-INFO
[7.509s] -- Installing: /home/pi/ros2_ws/install/lslidar_msgs/local/lib/python3.10/dist-packages/lslidar_msgs-1.2.0-py3.10.egg-info/top_level.txt
[7.520s] -- Installing: /home/pi/ros2_ws/install/lslidar_msgs/local/lib/python3.10/dist-packages/lslidar_msgs-1.2.0-py3.10.egg-info/SOURCES.txt
[7.522s] -- Installing: /home/pi/ros2_ws/install/lslidar_msgs/local/lib/python3.10/dist-packages/lslidar_msgs-1.2.0-py3.10.egg-info/dependency_links.txt
[7.523s] -- Up-to-date: /home/pi/ros2_ws/install/lslidar_msgs/local/lib/python3.10/dist-packages/lslidar_msgs
[7.524s] -- Up-to-date: /home/pi/ros2_ws/install/lslidar_msgs/local/lib/python3.10/dist-packages/lslidar_msgs/_lslidar_msgs_s.ep.rosidl_typesupport_introspection_c.c
[7.526s] -- Up-to-date: /home/pi/ros2_ws/install/lslidar_msgs/local/lib/python3.10/dist-packages/lslidar_msgs/_lslidar_msgs_s.ep.rosidl_typesupport_c.c
[7.527s] -- Up-to-date: /home/pi/ros2_ws/install/lslidar_msgs/local/lib/python3.10/dist-packages/lslidar_msgs/__init__.py
[7.530s] -- Up-to-date: /home/pi/ros2_ws/install/lslidar_msgs/local/lib/python3.10/dist-packages/lslidar_msgs/lslidar_msgs_s__rosidl_typesupport_fastrtps_c.cpython-310-aarch64-linux-gnu.so
[7.531s] -- Up-to-date: /home/pi/ros2_ws/install/lslidar_msgs/local/lib/python3.10/dist-packages/lslidar_msgs/liblslidar_msgs__rosidl_generator_py.so
[7.533s] -- Up-to-date: /home/pi/ros2_ws/install/lslidar_msgs/local/lib/python3.10/dist-packages/lslidar_msgs/lslidar_msgs_s__rosidl_typesupport_c.cpython-310-aarch64-linux-gnu.so
[7.534s] -- Up-to-date: /home/pi/ros2_ws/install/lslidar_msgs/local/lib/python3.10/dist-packages/lslidar_msgs/msg
[7.548s] -- Up-to-date: /home/pi/ros2_ws/install/lslidar_msgs/local/lib/python3.10/dist-packages/lslidar_msgs/msg/__init__.py
[7.550s] -- Up-to-date: /home/pi/ros2_ws/install/lslidar_msgs/local/lib/python3.10/dist-packages/lslidar_msgs/msg/_lslidar_scan.py
[7.552s] -- Up-to-date: /home/pi/ros2_ws/install/lslidar_msgs/local/lib/python3.10/dist-packages/lslidar_msgs/msg/_lslidar_scan_s.c
[7.565s] -- Up-to-date: /home/pi/ros2_ws/install/lslidar_msgs/local/lib/python3.10/dist-packages/lslidar_msgs/msg/_lslidar_packet_s.c
[7.566s] -- Up-to-date: /home/pi/ros2_ws/install/lslidar_msgs/local/lib/python3.10/dist-packages/lslidar_msgs/msg/_lslidar_difop.py
[7.569s] -- Up-to-date: /home/pi/ros2_ws/install/lslidar_msgs/local/lib/python3.10/dist-packages/lslidar_msgs/msg/_lslidar_sweep.py
[7.570s] -- Up-to-date: /home/pi/ros2_ws/install/lslidar_msgs/local/lib/python3.10/dist-packages/lslidar_msgs/msg/_lslidar_point_s.c
[7.590s] -- Up-to-date: /home/pi/ros2_ws/install/lslidar_msgs/local/lib/python3.10/dist-packages/lslidar_msgs/msg/_lslidar_packet.py
[7.594s] -- Up-to-date: /home/pi/ros2_ws/install/lslidar_msgs/local/lib/python3.10/dist-packages/lslidar_msgs/msg/_lslidar_point.py
[7.595s] -- Up-to-date: /home/pi/ros2_ws/install/lslidar_msgs/local/lib/python3.10/dist-packages/lslidar_msgs/msg/_lslidar_difop_s.c
[7.598s] -- Up-to-date: /home/pi/ros2_ws/install/lslidar_msgs/local/lib/python3.10/dist-packages/lslidar_msgs/msg/_lslidar_sweep_s.c
[7.611s] -- Up-to-date: /home/pi/ros2_ws/install/lslidar_msgs/local/lib/python3.10/dist-packages/lslidar_msgs/lslidar_msgs_s__rosidl_typesupport_introspection_c.cpython-310-aarch64-linux-gnu.so
[7.612s] -- Up-to-date: /home/pi/ros2_ws/install/lslidar_msgs/local/lib/python3.10/dist-packages/lslidar_msgs/_lslidar_msgs_s.ep.rosidl_typesupport_fastrtps_c.c
[7.893s] Listing '/home/pi/ros2_ws/install/lslidar_msgs/local/lib/python3.10/dist-packages/lslidar_msgs'...
[7.895s] Listing '/home/pi/ros2_ws/install/lslidar_msgs/local/lib/python3.10/dist-packages/lslidar_msgs/msg'...
[7.963s] -- Up-to-date: /home/pi/ros2_ws/install/lslidar_msgs/local/lib/python3.10/dist-packages/lslidar_msgs/lslidar_msgs_s__rosidl_typesupport_fastrtps_c.cpython-310-aarch64-linux-gnu.so
[7.972s] -- Up-to-date: /home/pi/ros2_ws/install/lslidar_msgs/local/lib/python3.10/dist-packages/lslidar_msgs/lslidar_msgs_s__rosidl_typesupport_introspection_c.cpython-310-aarch64-linux-gnu.so
[7.986s] -- Up-to-date: /home/pi/ros2_ws/install/lslidar_msgs/local/lib/python3.10/dist-packages/lslidar_msgs/lslidar_msgs_s__rosidl_typesupport_c.cpython-310-aarch64-linux-gnu.so
[8.003s] -- Up-to-date: /home/pi/ros2_ws/install/lslidar_msgs/lib/liblslidar_msgs__rosidl_generator_py.so
[8.012s] -- Up-to-date: /home/pi/ros2_ws/install/lslidar_msgs/share/lslidar_msgs/msg/LslidarDifop.idl
[8.017s] -- Up-to-date: /home/pi/ros2_ws/install/lslidar_msgs/share/lslidar_msgs/msg/LslidarPacket.idl
[8.023s] -- Up-to-date: /home/pi/ros2_ws/install/lslidar_msgs/share/lslidar_msgs/msg/LslidarPoint.idl
[8.030s] -- Up-to-date: /home/pi/ros2_ws/install/lslidar_msgs/share/lslidar_msgs/msg/LslidarScan.idl
[8.034s] -- Up-to-date: /home/pi/ros2_ws/install/lslidar_msgs/share/lslidar_msgs/msg/LslidarSweep.idl
[8.039s] -- Up-to-date: /home/pi/ros2_ws/install/lslidar_msgs/share/lslidar_msgs/msg/LslidarDifop.msg
[8.045s] -- Up-to-date: /home/pi/ros2_ws/install/lslidar_msgs/share/lslidar_msgs/msg/LslidarPacket.msg
[8.051s] -- Up-to-date: /home/pi/ros2_ws/install/lslidar_msgs/share/lslidar_msgs/msg/LslidarPoint.msg
[8.057s] -- Up-to-date: /home/pi/ros2_ws/install/lslidar_msgs/share/lslidar_msgs/msg/LslidarScan.msg
[8.066s] -- Up-to-date: /home/pi/ros2_ws/install/lslidar_msgs/share/lslidar_msgs/msg/LslidarSweep.msg
[8.071s] -- Up-to-date: /home/pi/ros2_ws/install/lslidar_msgs/share/ament_index/resource_index/package_run_dependencies/lslidar_msgs
[8.077s] -- Up-to-date: /home/pi/ros2_ws/install/lslidar_msgs/share/ament_index/resource_index/parent_prefix_path/lslidar_msgs
[8.083s] -- Up-to-date: /home/pi/ros2_ws/install/lslidar_msgs/share/lslidar_msgs/environment/ament_prefix_path.sh
[8.091s] -- Up-to-date: /home/pi/ros2_ws/install/lslidar_msgs/share/lslidar_msgs/environment/ament_prefix_path.dsv
[8.099s] -- Up-to-date: /home/pi/ros2_ws/install/lslidar_msgs/share/lslidar_msgs/environment/path.sh
[8.105s] -- Up-to-date: /home/pi/ros2_ws/install/lslidar_msgs/share/lslidar_msgs/environment/path.dsv
[8.109s] -- Up-to-date: /home/pi/ros2_ws/install/lslidar_msgs/share/lslidar_msgs/local_setup.bash
[8.113s] -- Up-to-date: /home/pi/ros2_ws/install/lslidar_msgs/share/lslidar_msgs/local_setup.sh
[8.119s] -- Up-to-date: /home/pi/ros2_ws/install/lslidar_msgs/share/lslidar_msgs/local_setup.zsh
[8.126s] -- Up-to-date: /home/pi/ros2_ws/install/lslidar_msgs/share/lslidar_msgs/local_setup.dsv
[8.127s] -- Installing: /home/pi/ros2_ws/install/lslidar_msgs/share/lslidar_msgs/package.dsv
[8.130s] -- Up-to-date: /home/pi/ros2_ws/install/lslidar_msgs/share/ament_index/resource_index/packages/lslidar_msgs
[8.133s] -- Up-to-date: /home/pi/ros2_ws/install/lslidar_msgs/share/lslidar_msgs/cmake/export_lslidar_msgs__rosidl_generator_cExport.cmake
[8.137s] -- Up-to-date: /home/pi/ros2_ws/install/lslidar_msgs/share/lslidar_msgs/cmake/export_lslidar_msgs__rosidl_generator_cExport-noconfig.cmake
[8.140s] -- Up-to-date: /home/pi/ros2_ws/install/lslidar_msgs/share/lslidar_msgs/cmake/export_lslidar_msgs__rosidl_typesupport_fastrtps_cExport.cmake
[8.141s] -- Up-to-date: /home/pi/ros2_ws/install/lslidar_msgs/share/lslidar_msgs/cmake/export_lslidar_msgs__rosidl_typesupport_fastrtps_cExport-noconfig.cmake
[8.151s] -- Up-to-date: /home/pi/ros2_ws/install/lslidar_msgs/share/lslidar_msgs/cmake/export_lslidar_msgs__rosidl_generator_cppExport.cmake
[8.154s] -- Up-to-date: /home/pi/ros2_ws/install/lslidar_msgs/share/lslidar_msgs/cmake/export_lslidar_msgs__rosidl_typesupport_fastrtps_cppExport.cmake
[8.156s] -- Up-to-date: /home/pi/ros2_ws/install/lslidar_msgs/share/lslidar_msgs/cmake/export_lslidar_msgs__rosidl_typesupport_fastrtps_cppExport-noconfig.cmake
[8.162s] -- Up-to-date: /home/pi/ros2_ws/install/lslidar_msgs/share/lslidar_msgs/cmake/lslidar_msgs__rosidl_typesupport_introspection_cExport.cmake
[8.165s] -- Up-to-date: /home/pi/ros2_ws/install/lslidar_msgs/share/lslidar_msgs/cmake/lslidar_msgs__rosidl_typesupport_introspection_cExport-noconfig.cmake
[8.166s] -- Up-to-date: /home/pi/ros2_ws/install/lslidar_msgs/share/lslidar_msgs/cmake/lslidar_msgs__rosidl_typesupport_cExport.cmake
[8.169s] -- Up-to-date: /home/pi/ros2_ws/install/lslidar_msgs/share/lslidar_msgs/cmake/lslidar_msgs__rosidl_typesupport_cExport-noconfig.cmake
[8.173s] -- Up-to-date: /home/pi/ros2_ws/install/lslidar_msgs/share/lslidar_msgs/cmake/lslidar_msgs__rosidl_typesupport_introspection_cppExport.cmake
[8.177s] -- Up-to-date: /home/pi/ros2_ws/install/lslidar_msgs/share/lslidar_msgs/cmake/lslidar_msgs__rosidl_typesupport_introspection_cppExport-noconfig.cmake
[8.180s] -- Up-to-date: /home/pi/ros2_ws/install/lslidar_msgs/share/lslidar_msgs/cmake/lslidar_msgs__rosidl_typesupport_cppExport.cmake
[8.183s] -- Up-to-date: /home/pi/ros2_ws/install/lslidar_msgs/share/lslidar_msgs/cmake/lslidar_msgs__rosidl_typesupport_cppExport-noconfig.cmake
[8.186s] -- Up-to-date: /home/pi/ros2_ws/install/lslidar_msgs/share/lslidar_msgs/cmake/export_lslidar_msgs__rosidl_generator_pyExport.cmake
[8.187s] -- Up-to-date: /home/pi/ros2_ws/install/lslidar_msgs/share/lslidar_msgs/cmake/export_lslidar_msgs__rosidl_generator_pyExport-noconfig.cmake
[8.190s] -- Up-to-date: /home/pi/ros2_ws/install/lslidar_msgs/share/lslidar_msgs/cmake/rosidl_cmake-extras.cmake
[8.191s] -- Up-to-date: /home/pi/ros2_ws/install/lslidar_msgs/share/lslidar_msgs/cmake/ament_cmake_export_dependencies-extras.cmake
[8.193s] -- Up-to-date: /home/pi/ros2_ws/install/lslidar_msgs/share/lslidar_msgs/cmake/ament_cmake_export_include_directories-extras.cmake
[8.224s] -- Up-to-date: /home/pi/ros2_ws/install/lslidar_msgs/share/lslidar_msgs/cmake/ament_cmake_export_libraries-extras.cmake
[8.226s] -- Up-to-date: /home/pi/ros2_ws/install/lslidar_msgs/share/lslidar_msgs/cmake/ament_cmake_export_targets-extras.cmake
[8.239s] -- Up-to-date: /home/pi/ros2_ws/install/lslidar_msgs/share/lslidar_msgs/cmake/rosidl_cmake_export_typesupport_targets-extras.cmake
[8.241s] -- Up-to-date: /home/pi/ros2_ws/install/lslidar_msgs/share/lslidar_msgs/cmake/rosidl_cmake_export_typesupport_libraries-extras.cmake
[8.243s] -- Up-to-date: /home/pi/ros2_ws/install/lslidar_msgs/share/lslidar_msgs/cmake/lslidar_msgsConfig.cmake
[8.246s] -- Up-to-date: /home/pi/ros2_ws/install/lslidar_msgs/share/lslidar_msgs/cmake/lslidar_msgsConfig-version.cmake
[8.248s] -- Up-to-date: /home/pi/ros2_ws/install/lslidar_msgs/share/lslidar_msgs/package.xml
[8.251s] Invoked command in '/home/pi/ros2_ws/build/lslidar_msgs' returned '0': CMAKE_PREFIX_PATH=${CMAKE_PREFIX_PATH}:/home/pi/ros2_ws/install/teleop_twist_keyboard:/home/pi/ros2_ws/install/serial_control:/home/pi/ros2_ws/install/serbot_controller:/home/pi/ros2_ws/install/my_car_controller:/opt/ros/humble /usr/bin/cmake --install /home/pi/ros2_ws/build/lslidar_msgs
