[0.185s] Invoking command in '/home/pi/ros2_ws/build/lslidar_driver': CMAKE_PREFIX_PATH=/home/pi/ros2_ws/install/lslidar_msgs:/home/pi/ros2_ws/install/serbot_description:/home/pi/ros2_ws/install/lslidar_driver:/home/pi/ros2_ws/install/joy_config_pkg:/home/pi/ros2_ws/install/teleop_twist_keyboard:/home/pi/ros2_ws/install/serial_control:/home/pi/ros2_ws/install/serbot_controller:/home/pi/ros2_ws/install/my_car_controller:/opt/ros/humble /usr/bin/cmake --build /home/pi/ros2_ws/build/lslidar_driver -- -j4 -l4
[1.180s] [100%] Built target lslidar_driver_node
[1.283s] Invoked command in '/home/pi/ros2_ws/build/lslidar_driver' returned '0': CMAKE_PREFIX_PATH=/home/pi/ros2_ws/install/lslidar_msgs:/home/pi/ros2_ws/install/serbot_description:/home/pi/ros2_ws/install/lslidar_driver:/home/pi/ros2_ws/install/joy_config_pkg:/home/pi/ros2_ws/install/teleop_twist_keyboard:/home/pi/ros2_ws/install/serial_control:/home/pi/ros2_ws/install/serbot_controller:/home/pi/ros2_ws/install/my_car_controller:/opt/ros/humble /usr/bin/cmake --build /home/pi/ros2_ws/build/lslidar_driver -- -j4 -l4
[1.302s] Invoking command in '/home/pi/ros2_ws/build/lslidar_driver': CMAKE_PREFIX_PATH=/home/pi/ros2_ws/install/lslidar_msgs:/home/pi/ros2_ws/install/serbot_description:/home/pi/ros2_ws/install/lslidar_driver:/home/pi/ros2_ws/install/joy_config_pkg:/home/pi/ros2_ws/install/teleop_twist_keyboard:/home/pi/ros2_ws/install/serial_control:/home/pi/ros2_ws/install/serbot_controller:/home/pi/ros2_ws/install/my_car_controller:/opt/ros/humble /usr/bin/cmake --install /home/pi/ros2_ws/build/lslidar_driver
[1.386s] -- Install configuration: ""
[1.391s] -- Up-to-date: /home/pi/ros2_ws/install/lslidar_driver/share/lslidar_driver/launch
[1.392s] -- Up-to-date: /home/pi/ros2_ws/install/lslidar_driver/share/lslidar_driver/launch/lslidar_double_launch.py
[1.394s] -- Up-to-date: /home/pi/ros2_ws/install/lslidar_driver/share/lslidar_driver/launch/lslidar_launch.py
[1.396s] -- Up-to-date: /home/pi/ros2_ws/install/lslidar_driver/share/lslidar_driver/params
[1.397s] -- Up-to-date: /home/pi/ros2_ws/install/lslidar_driver/share/lslidar_driver/params/lsx10_1.yaml
[1.399s] -- Up-to-date: /home/pi/ros2_ws/install/lslidar_driver/share/lslidar_driver/params/lsx10.yaml
[1.400s] -- Up-to-date: /home/pi/ros2_ws/install/lslidar_driver/share/lslidar_driver/params/lsx10_2.yaml
[1.401s] -- Up-to-date: /home/pi/ros2_ws/install/lslidar_driver/share/lslidar_driver/rviz
[1.403s] -- Up-to-date: /home/pi/ros2_ws/install/lslidar_driver/share/lslidar_driver/rviz/lslidar.rviz
[1.406s] -- Up-to-date: /home/pi/ros2_ws/install/lslidar_driver/lib/lslidar_driver/lslidar_driver_node
[1.408s] -- Up-to-date: /home/pi/ros2_ws/install/lslidar_driver/share/ament_index/resource_index/package_run_dependencies/lslidar_driver
[1.410s] -- Up-to-date: /home/pi/ros2_ws/install/lslidar_driver/share/ament_index/resource_index/parent_prefix_path/lslidar_driver
[1.413s] -- Up-to-date: /home/pi/ros2_ws/install/lslidar_driver/share/lslidar_driver/environment/ament_prefix_path.sh
[1.415s] -- Up-to-date: /home/pi/ros2_ws/install/lslidar_driver/share/lslidar_driver/environment/ament_prefix_path.dsv
[1.416s] -- Up-to-date: /home/pi/ros2_ws/install/lslidar_driver/share/lslidar_driver/environment/path.sh
[1.417s] -- Up-to-date: /home/pi/ros2_ws/install/lslidar_driver/share/lslidar_driver/environment/path.dsv
[1.419s] -- Up-to-date: /home/pi/ros2_ws/install/lslidar_driver/share/lslidar_driver/local_setup.bash
[1.421s] -- Up-to-date: /home/pi/ros2_ws/install/lslidar_driver/share/lslidar_driver/local_setup.sh
[1.422s] -- Up-to-date: /home/pi/ros2_ws/install/lslidar_driver/share/lslidar_driver/local_setup.zsh
[1.425s] -- Up-to-date: /home/pi/ros2_ws/install/lslidar_driver/share/lslidar_driver/local_setup.dsv
[1.426s] -- Installing: /home/pi/ros2_ws/install/lslidar_driver/share/lslidar_driver/package.dsv
[1.427s] -- Up-to-date: /home/pi/ros2_ws/install/lslidar_driver/share/ament_index/resource_index/packages/lslidar_driver
[1.428s] -- Up-to-date: /home/pi/ros2_ws/install/lslidar_driver/share/lslidar_driver/cmake/ament_cmake_export_dependencies-extras.cmake
[1.430s] -- Up-to-date: /home/pi/ros2_ws/install/lslidar_driver/share/lslidar_driver/cmake/ament_cmake_export_include_directories-extras.cmake
[1.431s] -- Up-to-date: /home/pi/ros2_ws/install/lslidar_driver/share/lslidar_driver/cmake/lslidar_driverConfig.cmake
[1.433s] -- Up-to-date: /home/pi/ros2_ws/install/lslidar_driver/share/lslidar_driver/cmake/lslidar_driverConfig-version.cmake
[1.445s] -- Up-to-date: /home/pi/ros2_ws/install/lslidar_driver/share/lslidar_driver/package.xml
[1.449s] Invoked command in '/home/pi/ros2_ws/build/lslidar_driver' returned '0': CMAKE_PREFIX_PATH=/home/pi/ros2_ws/install/lslidar_msgs:/home/pi/ros2_ws/install/serbot_description:/home/pi/ros2_ws/install/lslidar_driver:/home/pi/ros2_ws/install/joy_config_pkg:/home/pi/ros2_ws/install/teleop_twist_keyboard:/home/pi/ros2_ws/install/serial_control:/home/pi/ros2_ws/install/serbot_controller:/home/pi/ros2_ws/install/my_car_controller:/opt/ros/humble /usr/bin/cmake --install /home/pi/ros2_ws/build/lslidar_driver
