[12.159s] Invoking command in '/home/pi/ros2_ws/src/serbot_controller': PYTHONPATH=/home/pi/ros2_ws/build/serbot_controller/prefix_override:/usr/lib/python3/dist-packages/colcon_core/task/python/colcon_distutils_commands:/home/pi/ros2_ws/install/serbot_controller/lib/python3.10/site-packages:${PYTHONPATH} /usr/bin/python3 -W ignore:setup.py install is deprecated -W ignore:easy_install command is deprecated setup.py egg_info --egg-base ../../build/serbot_controller build --build-base /home/pi/ros2_ws/build/serbot_controller/build install --record /home/pi/ros2_ws/build/serbot_controller/install.log --single-version-externally-managed install_data
[16.471s] running egg_info
[16.486s] writing ../../build/serbot_controller/serbot_controller.egg-info/PKG-INFO
[16.491s] writing dependency_links to ../../build/serbot_controller/serbot_controller.egg-info/dependency_links.txt
[16.496s] writing entry points to ../../build/serbot_controller/serbot_controller.egg-info/entry_points.txt
[16.499s] writing requirements to ../../build/serbot_controller/serbot_controller.egg-info/requires.txt
[16.504s] writing top-level names to ../../build/serbot_controller/serbot_controller.egg-info/top_level.txt
[16.537s] reading manifest file '../../build/serbot_controller/serbot_controller.egg-info/SOURCES.txt'
[16.557s] writing manifest file '../../build/serbot_controller/serbot_controller.egg-info/SOURCES.txt'
[16.561s] running build
[16.564s] running build_py
[16.577s] running install
[16.585s] running install_lib
[16.611s] running install_data
[16.618s] running install_egg_info
[16.632s] removing '/home/pi/ros2_ws/install/serbot_controller/lib/python3.10/site-packages/serbot_controller-0.0.1-py3.10.egg-info' (and everything under it)
[16.642s] Copying ../../build/serbot_controller/serbot_controller.egg-info to /home/pi/ros2_ws/install/serbot_controller/lib/python3.10/site-packages/serbot_controller-0.0.1-py3.10.egg-info
[16.660s] running install_scripts
[16.907s] Installing serbot_controller script to /home/pi/ros2_ws/install/serbot_controller/lib/serbot_controller
[16.911s] writing list of installed files to '/home/pi/ros2_ws/build/serbot_controller/install.log'
[17.252s] Invoked command in '/home/pi/ros2_ws/src/serbot_controller' returned '0': PYTHONPATH=/home/pi/ros2_ws/build/serbot_controller/prefix_override:/usr/lib/python3/dist-packages/colcon_core/task/python/colcon_distutils_commands:/home/pi/ros2_ws/install/serbot_controller/lib/python3.10/site-packages:${PYTHONPATH} /usr/bin/python3 -W ignore:setup.py install is deprecated -W ignore:easy_install command is deprecated setup.py egg_info --egg-base ../../build/serbot_controller build --build-base /home/pi/ros2_ws/build/serbot_controller/build install --record /home/pi/ros2_ws/build/serbot_controller/install.log --single-version-externally-managed install_data
