[1.187s] DEBUG:colcon:Command line arguments: ['/usr/bin/colcon', 'build']
[1.188s] DEBUG:colcon:Parsed command line arguments: Namespace(log_base=None, log_level=None, verb_name='build', build_base='build', install_base='install', merge_install=False, symlink_install=False, test_result_base=None, continue_on_error=False, executor='parallel', parallel_workers=4, event_handlers=None, ignore_user_meta=False, metas=['./colcon.meta'], base_paths=['.'], packages_ignore=None, packages_ignore_regex=None, paths=None, packages_up_to=None, packages_up_to_regex=None, packages_above=None, packages_above_and_dependencies=None, packages_above_depth=None, packages_select_by_dep=None, packages_skip_by_dep=None, packages_skip_up_to=None, packages_select_build_failed=False, packages_skip_build_finished=False, packages_select_test_failures=False, packages_skip_test_passed=False, packages_select=None, packages_skip=None, packages_select_regex=None, packages_skip_regex=None, packages_start=None, packages_end=None, allow_overriding=[], cmake_args=None, cmake_target=None, cmake_target_skip_unavailable=False, cmake_clean_cache=False, cmake_clean_first=False, cmake_force_configure=False, ament_cmake_args=None, catkin_cmake_args=None, catkin_skip_building_tests=False, mixin_files=None, mixin=None, verb_parser=<colcon_mixin.mixin.mixin_argument.MixinArgumentDecorator object at 0xffffb84b8f10>, verb_extension=<colcon_core.verb.build.BuildVerb object at 0xffffb85b1e10>, main=<bound method BuildVerb.main of <colcon_core.verb.build.BuildVerb object at 0xffffb85b1e10>>, mixin_verb=('build',))
[3.056s] Level 1:colcon.colcon_core.package_discovery:discover_packages(colcon_meta) check parameters
[3.057s] Level 1:colcon.colcon_core.package_discovery:discover_packages(recursive) check parameters
[3.057s] Level 1:colcon.colcon_core.package_discovery:discover_packages(ignore) check parameters
[3.058s] Level 1:colcon.colcon_core.package_discovery:discover_packages(path) check parameters
[3.058s] Level 1:colcon.colcon_core.package_discovery:discover_packages(colcon_meta) discover
[3.058s] Level 1:colcon.colcon_core.package_discovery:discover_packages(recursive) discover
[3.059s] INFO:colcon.colcon_core.package_discovery:Crawling recursively for packages in '/home/pi/ros2_ws'
[3.060s] Level 1:colcon.colcon_core.package_identification:_identify(.) by extensions ['ignore', 'ignore_ament_install']
[3.061s] Level 1:colcon.colcon_core.package_identification:_identify(.) by extension 'ignore'
[3.061s] Level 1:colcon.colcon_core.package_identification:_identify(.) by extension 'ignore_ament_install'
[3.062s] Level 1:colcon.colcon_core.package_identification:_identify(.) by extensions ['colcon_pkg']
[3.062s] Level 1:colcon.colcon_core.package_identification:_identify(.) by extension 'colcon_pkg'
[3.063s] Level 1:colcon.colcon_core.package_identification:_identify(.) by extensions ['colcon_meta']
[3.063s] Level 1:colcon.colcon_core.package_identification:_identify(.) by extension 'colcon_meta'
[3.064s] Level 1:colcon.colcon_core.package_identification:_identify(.) by extensions ['ros']
[3.064s] Level 1:colcon.colcon_core.package_identification:_identify(.) by extension 'ros'
[3.185s] Level 1:colcon.colcon_core.package_identification:_identify(.) by extensions ['cmake', 'python']
[3.186s] Level 1:colcon.colcon_core.package_identification:_identify(.) by extension 'cmake'
[3.186s] Level 1:colcon.colcon_core.package_identification:_identify(.) by extension 'python'
[3.187s] Level 1:colcon.colcon_core.package_identification:_identify(.) by extensions ['python_setup_py']
[3.187s] Level 1:colcon.colcon_core.package_identification:_identify(.) by extension 'python_setup_py'
[3.189s] Level 1:colcon.colcon_core.package_identification:_identify(build) by extensions ['ignore', 'ignore_ament_install']
[3.190s] Level 1:colcon.colcon_core.package_identification:_identify(build) by extension 'ignore'
[3.191s] Level 1:colcon.colcon_core.package_identification:_identify(build) ignored
[3.193s] Level 1:colcon.colcon_core.package_identification:_identify(install) by extensions ['ignore', 'ignore_ament_install']
[3.194s] Level 1:colcon.colcon_core.package_identification:_identify(install) by extension 'ignore'
[3.194s] Level 1:colcon.colcon_core.package_identification:_identify(install) ignored
[3.196s] Level 1:colcon.colcon_core.package_identification:_identify(log) by extensions ['ignore', 'ignore_ament_install']
[3.196s] Level 1:colcon.colcon_core.package_identification:_identify(log) by extension 'ignore'
[3.197s] Level 1:colcon.colcon_core.package_identification:_identify(log) ignored
[3.198s] Level 1:colcon.colcon_core.package_identification:_identify(src) by extensions ['ignore', 'ignore_ament_install']
[3.199s] Level 1:colcon.colcon_core.package_identification:_identify(src) by extension 'ignore'
[3.199s] Level 1:colcon.colcon_core.package_identification:_identify(src) by extension 'ignore_ament_install'
[3.200s] Level 1:colcon.colcon_core.package_identification:_identify(src) by extensions ['colcon_pkg']
[3.200s] Level 1:colcon.colcon_core.package_identification:_identify(src) by extension 'colcon_pkg'
[3.201s] Level 1:colcon.colcon_core.package_identification:_identify(src) by extensions ['colcon_meta']
[3.201s] Level 1:colcon.colcon_core.package_identification:_identify(src) by extension 'colcon_meta'
[3.201s] Level 1:colcon.colcon_core.package_identification:_identify(src) by extensions ['ros']
[3.202s] Level 1:colcon.colcon_core.package_identification:_identify(src) by extension 'ros'
[3.203s] Level 1:colcon.colcon_core.package_identification:_identify(src) by extensions ['cmake', 'python']
[3.203s] Level 1:colcon.colcon_core.package_identification:_identify(src) by extension 'cmake'
[3.204s] Level 1:colcon.colcon_core.package_identification:_identify(src) by extension 'python'
[3.204s] Level 1:colcon.colcon_core.package_identification:_identify(src) by extensions ['python_setup_py']
[3.204s] Level 1:colcon.colcon_core.package_identification:_identify(src) by extension 'python_setup_py'
[3.206s] Level 1:colcon.colcon_core.package_identification:_identify(src/Lslidar_ROS2_driver) by extensions ['ignore', 'ignore_ament_install']
[3.206s] Level 1:colcon.colcon_core.package_identification:_identify(src/Lslidar_ROS2_driver) by extension 'ignore'
[3.207s] Level 1:colcon.colcon_core.package_identification:_identify(src/Lslidar_ROS2_driver) by extension 'ignore_ament_install'
[3.208s] Level 1:colcon.colcon_core.package_identification:_identify(src/Lslidar_ROS2_driver) by extensions ['colcon_pkg']
[3.208s] Level 1:colcon.colcon_core.package_identification:_identify(src/Lslidar_ROS2_driver) by extension 'colcon_pkg'
[3.208s] Level 1:colcon.colcon_core.package_identification:_identify(src/Lslidar_ROS2_driver) by extensions ['colcon_meta']
[3.209s] Level 1:colcon.colcon_core.package_identification:_identify(src/Lslidar_ROS2_driver) by extension 'colcon_meta'
[3.209s] Level 1:colcon.colcon_core.package_identification:_identify(src/Lslidar_ROS2_driver) by extensions ['ros']
[3.210s] Level 1:colcon.colcon_core.package_identification:_identify(src/Lslidar_ROS2_driver) by extension 'ros'
[3.211s] Level 1:colcon.colcon_core.package_identification:_identify(src/Lslidar_ROS2_driver) by extensions ['cmake', 'python']
[3.211s] Level 1:colcon.colcon_core.package_identification:_identify(src/Lslidar_ROS2_driver) by extension 'cmake'
[3.211s] Level 1:colcon.colcon_core.package_identification:_identify(src/Lslidar_ROS2_driver) by extension 'python'
[3.212s] Level 1:colcon.colcon_core.package_identification:_identify(src/Lslidar_ROS2_driver) by extensions ['python_setup_py']
[3.212s] Level 1:colcon.colcon_core.package_identification:_identify(src/Lslidar_ROS2_driver) by extension 'python_setup_py'
[3.214s] Level 1:colcon.colcon_core.package_identification:_identify(src/Lslidar_ROS2_driver/lslidar_driver) by extensions ['ignore', 'ignore_ament_install']
[3.214s] Level 1:colcon.colcon_core.package_identification:_identify(src/Lslidar_ROS2_driver/lslidar_driver) by extension 'ignore'
[3.215s] Level 1:colcon.colcon_core.package_identification:_identify(src/Lslidar_ROS2_driver/lslidar_driver) by extension 'ignore_ament_install'
[3.216s] Level 1:colcon.colcon_core.package_identification:_identify(src/Lslidar_ROS2_driver/lslidar_driver) by extensions ['colcon_pkg']
[3.216s] Level 1:colcon.colcon_core.package_identification:_identify(src/Lslidar_ROS2_driver/lslidar_driver) by extension 'colcon_pkg'
[3.216s] Level 1:colcon.colcon_core.package_identification:_identify(src/Lslidar_ROS2_driver/lslidar_driver) by extensions ['colcon_meta']
[3.217s] Level 1:colcon.colcon_core.package_identification:_identify(src/Lslidar_ROS2_driver/lslidar_driver) by extension 'colcon_meta'
[3.217s] Level 1:colcon.colcon_core.package_identification:_identify(src/Lslidar_ROS2_driver/lslidar_driver) by extensions ['ros']
[3.218s] Level 1:colcon.colcon_core.package_identification:_identify(src/Lslidar_ROS2_driver/lslidar_driver) by extension 'ros'
[3.242s] DEBUG:colcon.colcon_core.package_identification:Package 'src/Lslidar_ROS2_driver/lslidar_driver' with type 'ros.ament_cmake' and name 'lslidar_driver'
[3.244s] Level 1:colcon.colcon_core.package_identification:_identify(src/Lslidar_ROS2_driver/lslidar_msgs) by extensions ['ignore', 'ignore_ament_install']
[3.244s] Level 1:colcon.colcon_core.package_identification:_identify(src/Lslidar_ROS2_driver/lslidar_msgs) by extension 'ignore'
[3.245s] Level 1:colcon.colcon_core.package_identification:_identify(src/Lslidar_ROS2_driver/lslidar_msgs) by extension 'ignore_ament_install'
[3.246s] Level 1:colcon.colcon_core.package_identification:_identify(src/Lslidar_ROS2_driver/lslidar_msgs) by extensions ['colcon_pkg']
[3.246s] Level 1:colcon.colcon_core.package_identification:_identify(src/Lslidar_ROS2_driver/lslidar_msgs) by extension 'colcon_pkg'
[3.247s] Level 1:colcon.colcon_core.package_identification:_identify(src/Lslidar_ROS2_driver/lslidar_msgs) by extensions ['colcon_meta']
[3.247s] Level 1:colcon.colcon_core.package_identification:_identify(src/Lslidar_ROS2_driver/lslidar_msgs) by extension 'colcon_meta'
[3.248s] Level 1:colcon.colcon_core.package_identification:_identify(src/Lslidar_ROS2_driver/lslidar_msgs) by extensions ['ros']
[3.248s] Level 1:colcon.colcon_core.package_identification:_identify(src/Lslidar_ROS2_driver/lslidar_msgs) by extension 'ros'
[3.254s] DEBUG:colcon.colcon_core.package_identification:Package 'src/Lslidar_ROS2_driver/lslidar_msgs' with type 'ros.ament_cmake' and name 'lslidar_msgs'
[3.256s] Level 1:colcon.colcon_core.package_identification:_identify(src/joy_config_pkg) by extensions ['ignore', 'ignore_ament_install']
[3.257s] Level 1:colcon.colcon_core.package_identification:_identify(src/joy_config_pkg) by extension 'ignore'
[3.257s] Level 1:colcon.colcon_core.package_identification:_identify(src/joy_config_pkg) by extension 'ignore_ament_install'
[3.258s] Level 1:colcon.colcon_core.package_identification:_identify(src/joy_config_pkg) by extensions ['colcon_pkg']
[3.258s] Level 1:colcon.colcon_core.package_identification:_identify(src/joy_config_pkg) by extension 'colcon_pkg'
[3.259s] Level 1:colcon.colcon_core.package_identification:_identify(src/joy_config_pkg) by extensions ['colcon_meta']
[3.259s] Level 1:colcon.colcon_core.package_identification:_identify(src/joy_config_pkg) by extension 'colcon_meta'
[3.260s] Level 1:colcon.colcon_core.package_identification:_identify(src/joy_config_pkg) by extensions ['ros']
[3.260s] Level 1:colcon.colcon_core.package_identification:_identify(src/joy_config_pkg) by extension 'ros'
[3.261s] Level 1:colcon.colcon_core.package_identification:_identify(src/joy_config_pkg) by extensions ['cmake', 'python']
[3.261s] Level 1:colcon.colcon_core.package_identification:_identify(src/joy_config_pkg) by extension 'cmake'
[3.262s] Level 1:colcon.colcon_core.package_identification:_identify(src/joy_config_pkg) by extension 'python'
[3.262s] Level 1:colcon.colcon_core.package_identification:_identify(src/joy_config_pkg) by extensions ['python_setup_py']
[3.262s] Level 1:colcon.colcon_core.package_identification:_identify(src/joy_config_pkg) by extension 'python_setup_py'
[3.264s] Level 1:colcon.colcon_core.package_identification:_identify(src/joy_config_pkg/config) by extensions ['ignore', 'ignore_ament_install']
[3.266s] Level 1:colcon.colcon_core.package_identification:_identify(src/joy_config_pkg/config) by extension 'ignore'
[3.266s] Level 1:colcon.colcon_core.package_identification:_identify(src/joy_config_pkg/config) by extension 'ignore_ament_install'
[3.267s] Level 1:colcon.colcon_core.package_identification:_identify(src/joy_config_pkg/config) by extensions ['colcon_pkg']
[3.267s] Level 1:colcon.colcon_core.package_identification:_identify(src/joy_config_pkg/config) by extension 'colcon_pkg'
[3.268s] Level 1:colcon.colcon_core.package_identification:_identify(src/joy_config_pkg/config) by extensions ['colcon_meta']
[3.268s] Level 1:colcon.colcon_core.package_identification:_identify(src/joy_config_pkg/config) by extension 'colcon_meta'
[3.269s] Level 1:colcon.colcon_core.package_identification:_identify(src/joy_config_pkg/config) by extensions ['ros']
[3.269s] Level 1:colcon.colcon_core.package_identification:_identify(src/joy_config_pkg/config) by extension 'ros'
[3.270s] Level 1:colcon.colcon_core.package_identification:_identify(src/joy_config_pkg/config) by extensions ['cmake', 'python']
[3.270s] Level 1:colcon.colcon_core.package_identification:_identify(src/joy_config_pkg/config) by extension 'cmake'
[3.271s] Level 1:colcon.colcon_core.package_identification:_identify(src/joy_config_pkg/config) by extension 'python'
[3.271s] Level 1:colcon.colcon_core.package_identification:_identify(src/joy_config_pkg/config) by extensions ['python_setup_py']
[3.272s] Level 1:colcon.colcon_core.package_identification:_identify(src/joy_config_pkg/config) by extension 'python_setup_py'
[3.273s] Level 1:colcon.colcon_core.package_identification:_identify(src/joy_config_pkg/joy_config_pkg) by extensions ['ignore', 'ignore_ament_install']
[3.274s] Level 1:colcon.colcon_core.package_identification:_identify(src/joy_config_pkg/joy_config_pkg) by extension 'ignore'
[3.274s] Level 1:colcon.colcon_core.package_identification:_identify(src/joy_config_pkg/joy_config_pkg) by extension 'ignore_ament_install'
[3.275s] Level 1:colcon.colcon_core.package_identification:_identify(src/joy_config_pkg/joy_config_pkg) by extensions ['colcon_pkg']
[3.275s] Level 1:colcon.colcon_core.package_identification:_identify(src/joy_config_pkg/joy_config_pkg) by extension 'colcon_pkg'
[3.276s] Level 1:colcon.colcon_core.package_identification:_identify(src/joy_config_pkg/joy_config_pkg) by extensions ['colcon_meta']
[3.276s] Level 1:colcon.colcon_core.package_identification:_identify(src/joy_config_pkg/joy_config_pkg) by extension 'colcon_meta'
[3.277s] Level 1:colcon.colcon_core.package_identification:_identify(src/joy_config_pkg/joy_config_pkg) by extensions ['ros']
[3.277s] Level 1:colcon.colcon_core.package_identification:_identify(src/joy_config_pkg/joy_config_pkg) by extension 'ros'
[3.282s] DEBUG:colcon.colcon_core.package_identification:Package 'src/joy_config_pkg/joy_config_pkg' with type 'ros.ament_cmake' and name 'joy_config_pkg'
[3.283s] Level 1:colcon.colcon_core.package_identification:_identify(src/my_car_controller) by extensions ['ignore', 'ignore_ament_install']
[3.284s] Level 1:colcon.colcon_core.package_identification:_identify(src/my_car_controller) by extension 'ignore'
[3.285s] Level 1:colcon.colcon_core.package_identification:_identify(src/my_car_controller) by extension 'ignore_ament_install'
[3.285s] Level 1:colcon.colcon_core.package_identification:_identify(src/my_car_controller) by extensions ['colcon_pkg']
[3.286s] Level 1:colcon.colcon_core.package_identification:_identify(src/my_car_controller) by extension 'colcon_pkg'
[3.286s] Level 1:colcon.colcon_core.package_identification:_identify(src/my_car_controller) by extensions ['colcon_meta']
[3.287s] Level 1:colcon.colcon_core.package_identification:_identify(src/my_car_controller) by extension 'colcon_meta'
[3.287s] Level 1:colcon.colcon_core.package_identification:_identify(src/my_car_controller) by extensions ['ros']
[3.287s] Level 1:colcon.colcon_core.package_identification:_identify(src/my_car_controller) by extension 'ros'
[3.293s] DEBUG:colcon.colcon_core.package_identification:Package 'src/my_car_controller' with type 'ros.ament_python' and name 'my_car_controller'
[3.295s] Level 1:colcon.colcon_core.package_identification:_identify(src/serbot_controller) by extensions ['ignore', 'ignore_ament_install']
[3.296s] Level 1:colcon.colcon_core.package_identification:_identify(src/serbot_controller) by extension 'ignore'
[3.296s] Level 1:colcon.colcon_core.package_identification:_identify(src/serbot_controller) by extension 'ignore_ament_install'
[3.297s] Level 1:colcon.colcon_core.package_identification:_identify(src/serbot_controller) by extensions ['colcon_pkg']
[3.297s] Level 1:colcon.colcon_core.package_identification:_identify(src/serbot_controller) by extension 'colcon_pkg'
[3.298s] Level 1:colcon.colcon_core.package_identification:_identify(src/serbot_controller) by extensions ['colcon_meta']
[3.298s] Level 1:colcon.colcon_core.package_identification:_identify(src/serbot_controller) by extension 'colcon_meta'
[3.298s] Level 1:colcon.colcon_core.package_identification:_identify(src/serbot_controller) by extensions ['ros']
[3.299s] Level 1:colcon.colcon_core.package_identification:_identify(src/serbot_controller) by extension 'ros'
[3.304s] DEBUG:colcon.colcon_core.package_identification:Package 'src/serbot_controller' with type 'ros.ament_python' and name 'serbot_controller'
[3.305s] Level 1:colcon.colcon_core.package_identification:_identify(src/serbot_description) by extensions ['ignore', 'ignore_ament_install']
[3.306s] Level 1:colcon.colcon_core.package_identification:_identify(src/serbot_description) by extension 'ignore'
[3.307s] Level 1:colcon.colcon_core.package_identification:_identify(src/serbot_description) by extension 'ignore_ament_install'
[3.307s] Level 1:colcon.colcon_core.package_identification:_identify(src/serbot_description) by extensions ['colcon_pkg']
[3.308s] Level 1:colcon.colcon_core.package_identification:_identify(src/serbot_description) by extension 'colcon_pkg'
[3.308s] Level 1:colcon.colcon_core.package_identification:_identify(src/serbot_description) by extensions ['colcon_meta']
[3.308s] Level 1:colcon.colcon_core.package_identification:_identify(src/serbot_description) by extension 'colcon_meta'
[3.309s] Level 1:colcon.colcon_core.package_identification:_identify(src/serbot_description) by extensions ['ros']
[3.309s] Level 1:colcon.colcon_core.package_identification:_identify(src/serbot_description) by extension 'ros'
[3.315s] DEBUG:colcon.colcon_core.package_identification:Package 'src/serbot_description' with type 'ros.ament_cmake' and name 'serbot_description'
[3.317s] Level 1:colcon.colcon_core.package_identification:_identify(src/serial_control) by extensions ['ignore', 'ignore_ament_install']
[3.317s] Level 1:colcon.colcon_core.package_identification:_identify(src/serial_control) by extension 'ignore'
[3.318s] Level 1:colcon.colcon_core.package_identification:_identify(src/serial_control) by extension 'ignore_ament_install'
[3.319s] Level 1:colcon.colcon_core.package_identification:_identify(src/serial_control) by extensions ['colcon_pkg']
[3.319s] Level 1:colcon.colcon_core.package_identification:_identify(src/serial_control) by extension 'colcon_pkg'
[3.320s] Level 1:colcon.colcon_core.package_identification:_identify(src/serial_control) by extensions ['colcon_meta']
[3.320s] Level 1:colcon.colcon_core.package_identification:_identify(src/serial_control) by extension 'colcon_meta'
[3.320s] Level 1:colcon.colcon_core.package_identification:_identify(src/serial_control) by extensions ['ros']
[3.321s] Level 1:colcon.colcon_core.package_identification:_identify(src/serial_control) by extension 'ros'
[3.326s] DEBUG:colcon.colcon_core.package_identification:Package 'src/serial_control' with type 'ros.ament_python' and name 'serial_control'
[3.327s] Level 1:colcon.colcon_core.package_identification:_identify(src/teleop_twist_keyboard) by extensions ['ignore', 'ignore_ament_install']
[3.328s] Level 1:colcon.colcon_core.package_identification:_identify(src/teleop_twist_keyboard) by extension 'ignore'
[3.329s] Level 1:colcon.colcon_core.package_identification:_identify(src/teleop_twist_keyboard) by extension 'ignore_ament_install'
[3.329s] Level 1:colcon.colcon_core.package_identification:_identify(src/teleop_twist_keyboard) by extensions ['colcon_pkg']
[3.330s] Level 1:colcon.colcon_core.package_identification:_identify(src/teleop_twist_keyboard) by extension 'colcon_pkg'
[3.330s] Level 1:colcon.colcon_core.package_identification:_identify(src/teleop_twist_keyboard) by extensions ['colcon_meta']
[3.331s] Level 1:colcon.colcon_core.package_identification:_identify(src/teleop_twist_keyboard) by extension 'colcon_meta'
[3.331s] Level 1:colcon.colcon_core.package_identification:_identify(src/teleop_twist_keyboard) by extensions ['ros']
[3.332s] Level 1:colcon.colcon_core.package_identification:_identify(src/teleop_twist_keyboard) by extension 'ros'
[3.337s] DEBUG:colcon.colcon_core.package_identification:Package 'src/teleop_twist_keyboard' with type 'ros.ament_python' and name 'teleop_twist_keyboard'
[3.337s] Level 1:colcon.colcon_core.package_discovery:discover_packages(recursive) using defaults
[3.338s] Level 1:colcon.colcon_core.package_discovery:discover_packages(ignore) discover
[3.338s] Level 1:colcon.colcon_core.package_discovery:discover_packages(ignore) using defaults
[3.339s] Level 1:colcon.colcon_core.package_discovery:discover_packages(path) discover
[3.339s] Level 1:colcon.colcon_core.package_discovery:discover_packages(path) using defaults
[3.553s] Level 1:colcon.colcon_core.package_discovery:discover_packages(prefix_path) check parameters
[3.554s] Level 1:colcon.colcon_core.package_discovery:discover_packages(prefix_path) discover
[3.581s] DEBUG:colcon.colcon_installed_package_information.package_discovery:Found 8 installed packages in /home/pi/ros2_ws/install
[3.599s] DEBUG:colcon.colcon_installed_package_information.package_discovery:Found 187 installed packages in /opt/ros/humble
[3.612s] Level 1:colcon.colcon_core.package_discovery:discover_packages(prefix_path) using defaults
[3.998s] Level 5:colcon.colcon_core.verb:set package 'joy_config_pkg' build argument 'cmake_args' from command line to 'None'
[3.999s] Level 5:colcon.colcon_core.verb:set package 'joy_config_pkg' build argument 'cmake_target' from command line to 'None'
[3.999s] Level 5:colcon.colcon_core.verb:set package 'joy_config_pkg' build argument 'cmake_target_skip_unavailable' from command line to 'False'
[3.999s] Level 5:colcon.colcon_core.verb:set package 'joy_config_pkg' build argument 'cmake_clean_cache' from command line to 'False'
[3.999s] Level 5:colcon.colcon_core.verb:set package 'joy_config_pkg' build argument 'cmake_clean_first' from command line to 'False'
[4.000s] Level 5:colcon.colcon_core.verb:set package 'joy_config_pkg' build argument 'cmake_force_configure' from command line to 'False'
[4.000s] Level 5:colcon.colcon_core.verb:set package 'joy_config_pkg' build argument 'ament_cmake_args' from command line to 'None'
[4.000s] Level 5:colcon.colcon_core.verb:set package 'joy_config_pkg' build argument 'catkin_cmake_args' from command line to 'None'
[4.001s] Level 5:colcon.colcon_core.verb:set package 'joy_config_pkg' build argument 'catkin_skip_building_tests' from command line to 'False'
[4.001s] DEBUG:colcon.colcon_core.verb:Building package 'joy_config_pkg' with the following arguments: {'ament_cmake_args': None, 'build_base': '/home/pi/ros2_ws/build/joy_config_pkg', 'catkin_cmake_args': None, 'catkin_skip_building_tests': False, 'cmake_args': None, 'cmake_clean_cache': False, 'cmake_clean_first': False, 'cmake_force_configure': False, 'cmake_target': None, 'cmake_target_skip_unavailable': False, 'install_base': '/home/pi/ros2_ws/install/joy_config_pkg', 'merge_install': False, 'path': '/home/pi/ros2_ws/src/joy_config_pkg/joy_config_pkg', 'symlink_install': False, 'test_result_base': None}
[4.005s] Level 5:colcon.colcon_core.verb:set package 'lslidar_msgs' build argument 'cmake_args' from command line to 'None'
[4.005s] Level 5:colcon.colcon_core.verb:set package 'lslidar_msgs' build argument 'cmake_target' from command line to 'None'
[4.006s] Level 5:colcon.colcon_core.verb:set package 'lslidar_msgs' build argument 'cmake_target_skip_unavailable' from command line to 'False'
[4.006s] Level 5:colcon.colcon_core.verb:set package 'lslidar_msgs' build argument 'cmake_clean_cache' from command line to 'False'
[4.006s] Level 5:colcon.colcon_core.verb:set package 'lslidar_msgs' build argument 'cmake_clean_first' from command line to 'False'
[4.007s] Level 5:colcon.colcon_core.verb:set package 'lslidar_msgs' build argument 'cmake_force_configure' from command line to 'False'
[4.007s] Level 5:colcon.colcon_core.verb:set package 'lslidar_msgs' build argument 'ament_cmake_args' from command line to 'None'
[4.007s] Level 5:colcon.colcon_core.verb:set package 'lslidar_msgs' build argument 'catkin_cmake_args' from command line to 'None'
[4.008s] Level 5:colcon.colcon_core.verb:set package 'lslidar_msgs' build argument 'catkin_skip_building_tests' from command line to 'False'
[4.008s] DEBUG:colcon.colcon_core.verb:Building package 'lslidar_msgs' with the following arguments: {'ament_cmake_args': None, 'build_base': '/home/pi/ros2_ws/build/lslidar_msgs', 'catkin_cmake_args': None, 'catkin_skip_building_tests': False, 'cmake_args': None, 'cmake_clean_cache': False, 'cmake_clean_first': False, 'cmake_force_configure': False, 'cmake_target': None, 'cmake_target_skip_unavailable': False, 'install_base': '/home/pi/ros2_ws/install/lslidar_msgs', 'merge_install': False, 'path': '/home/pi/ros2_ws/src/Lslidar_ROS2_driver/lslidar_msgs', 'symlink_install': False, 'test_result_base': None}
[4.012s] Level 5:colcon.colcon_core.verb:set package 'my_car_controller' build argument 'cmake_args' from command line to 'None'
[4.012s] Level 5:colcon.colcon_core.verb:set package 'my_car_controller' build argument 'cmake_target' from command line to 'None'
[4.013s] Level 5:colcon.colcon_core.verb:set package 'my_car_controller' build argument 'cmake_target_skip_unavailable' from command line to 'False'
[4.013s] Level 5:colcon.colcon_core.verb:set package 'my_car_controller' build argument 'cmake_clean_cache' from command line to 'False'
[4.013s] Level 5:colcon.colcon_core.verb:set package 'my_car_controller' build argument 'cmake_clean_first' from command line to 'False'
[4.013s] Level 5:colcon.colcon_core.verb:set package 'my_car_controller' build argument 'cmake_force_configure' from command line to 'False'
[4.014s] Level 5:colcon.colcon_core.verb:set package 'my_car_controller' build argument 'ament_cmake_args' from command line to 'None'
[4.014s] Level 5:colcon.colcon_core.verb:set package 'my_car_controller' build argument 'catkin_cmake_args' from command line to 'None'
[4.014s] Level 5:colcon.colcon_core.verb:set package 'my_car_controller' build argument 'catkin_skip_building_tests' from command line to 'False'
[4.015s] DEBUG:colcon.colcon_core.verb:Building package 'my_car_controller' with the following arguments: {'ament_cmake_args': None, 'build_base': '/home/pi/ros2_ws/build/my_car_controller', 'catkin_cmake_args': None, 'catkin_skip_building_tests': False, 'cmake_args': None, 'cmake_clean_cache': False, 'cmake_clean_first': False, 'cmake_force_configure': False, 'cmake_target': None, 'cmake_target_skip_unavailable': False, 'install_base': '/home/pi/ros2_ws/install/my_car_controller', 'merge_install': False, 'path': '/home/pi/ros2_ws/src/my_car_controller', 'symlink_install': False, 'test_result_base': None}
[4.018s] Level 5:colcon.colcon_core.verb:set package 'serbot_controller' build argument 'cmake_args' from command line to 'None'
[4.019s] Level 5:colcon.colcon_core.verb:set package 'serbot_controller' build argument 'cmake_target' from command line to 'None'
[4.019s] Level 5:colcon.colcon_core.verb:set package 'serbot_controller' build argument 'cmake_target_skip_unavailable' from command line to 'False'
[4.019s] Level 5:colcon.colcon_core.verb:set package 'serbot_controller' build argument 'cmake_clean_cache' from command line to 'False'
[4.020s] Level 5:colcon.colcon_core.verb:set package 'serbot_controller' build argument 'cmake_clean_first' from command line to 'False'
[4.020s] Level 5:colcon.colcon_core.verb:set package 'serbot_controller' build argument 'cmake_force_configure' from command line to 'False'
[4.020s] Level 5:colcon.colcon_core.verb:set package 'serbot_controller' build argument 'ament_cmake_args' from command line to 'None'
[4.021s] Level 5:colcon.colcon_core.verb:set package 'serbot_controller' build argument 'catkin_cmake_args' from command line to 'None'
[4.021s] Level 5:colcon.colcon_core.verb:set package 'serbot_controller' build argument 'catkin_skip_building_tests' from command line to 'False'
[4.021s] DEBUG:colcon.colcon_core.verb:Building package 'serbot_controller' with the following arguments: {'ament_cmake_args': None, 'build_base': '/home/pi/ros2_ws/build/serbot_controller', 'catkin_cmake_args': None, 'catkin_skip_building_tests': False, 'cmake_args': None, 'cmake_clean_cache': False, 'cmake_clean_first': False, 'cmake_force_configure': False, 'cmake_target': None, 'cmake_target_skip_unavailable': False, 'install_base': '/home/pi/ros2_ws/install/serbot_controller', 'merge_install': False, 'path': '/home/pi/ros2_ws/src/serbot_controller', 'symlink_install': False, 'test_result_base': None}
[4.025s] Level 5:colcon.colcon_core.verb:set package 'serbot_description' build argument 'cmake_args' from command line to 'None'
[4.025s] Level 5:colcon.colcon_core.verb:set package 'serbot_description' build argument 'cmake_target' from command line to 'None'
[4.026s] Level 5:colcon.colcon_core.verb:set package 'serbot_description' build argument 'cmake_target_skip_unavailable' from command line to 'False'
[4.026s] Level 5:colcon.colcon_core.verb:set package 'serbot_description' build argument 'cmake_clean_cache' from command line to 'False'
[4.026s] Level 5:colcon.colcon_core.verb:set package 'serbot_description' build argument 'cmake_clean_first' from command line to 'False'
[4.027s] Level 5:colcon.colcon_core.verb:set package 'serbot_description' build argument 'cmake_force_configure' from command line to 'False'
[4.027s] Level 5:colcon.colcon_core.verb:set package 'serbot_description' build argument 'ament_cmake_args' from command line to 'None'
[4.027s] Level 5:colcon.colcon_core.verb:set package 'serbot_description' build argument 'catkin_cmake_args' from command line to 'None'
[4.028s] Level 5:colcon.colcon_core.verb:set package 'serbot_description' build argument 'catkin_skip_building_tests' from command line to 'False'
[4.028s] DEBUG:colcon.colcon_core.verb:Building package 'serbot_description' with the following arguments: {'ament_cmake_args': None, 'build_base': '/home/pi/ros2_ws/build/serbot_description', 'catkin_cmake_args': None, 'catkin_skip_building_tests': False, 'cmake_args': None, 'cmake_clean_cache': False, 'cmake_clean_first': False, 'cmake_force_configure': False, 'cmake_target': None, 'cmake_target_skip_unavailable': False, 'install_base': '/home/pi/ros2_ws/install/serbot_description', 'merge_install': False, 'path': '/home/pi/ros2_ws/src/serbot_description', 'symlink_install': False, 'test_result_base': None}
[4.032s] Level 5:colcon.colcon_core.verb:set package 'serial_control' build argument 'cmake_args' from command line to 'None'
[4.032s] Level 5:colcon.colcon_core.verb:set package 'serial_control' build argument 'cmake_target' from command line to 'None'
[4.032s] Level 5:colcon.colcon_core.verb:set package 'serial_control' build argument 'cmake_target_skip_unavailable' from command line to 'False'
[4.033s] Level 5:colcon.colcon_core.verb:set package 'serial_control' build argument 'cmake_clean_cache' from command line to 'False'
[4.033s] Level 5:colcon.colcon_core.verb:set package 'serial_control' build argument 'cmake_clean_first' from command line to 'False'
[4.033s] Level 5:colcon.colcon_core.verb:set package 'serial_control' build argument 'cmake_force_configure' from command line to 'False'
[4.033s] Level 5:colcon.colcon_core.verb:set package 'serial_control' build argument 'ament_cmake_args' from command line to 'None'
[4.034s] Level 5:colcon.colcon_core.verb:set package 'serial_control' build argument 'catkin_cmake_args' from command line to 'None'
[4.034s] Level 5:colcon.colcon_core.verb:set package 'serial_control' build argument 'catkin_skip_building_tests' from command line to 'False'
[4.035s] DEBUG:colcon.colcon_core.verb:Building package 'serial_control' with the following arguments: {'ament_cmake_args': None, 'build_base': '/home/pi/ros2_ws/build/serial_control', 'catkin_cmake_args': None, 'catkin_skip_building_tests': False, 'cmake_args': None, 'cmake_clean_cache': False, 'cmake_clean_first': False, 'cmake_force_configure': False, 'cmake_target': None, 'cmake_target_skip_unavailable': False, 'install_base': '/home/pi/ros2_ws/install/serial_control', 'merge_install': False, 'path': '/home/pi/ros2_ws/src/serial_control', 'symlink_install': False, 'test_result_base': None}
[4.038s] Level 5:colcon.colcon_core.verb:set package 'teleop_twist_keyboard' build argument 'cmake_args' from command line to 'None'
[4.039s] Level 5:colcon.colcon_core.verb:set package 'teleop_twist_keyboard' build argument 'cmake_target' from command line to 'None'
[4.039s] Level 5:colcon.colcon_core.verb:set package 'teleop_twist_keyboard' build argument 'cmake_target_skip_unavailable' from command line to 'False'
[4.039s] Level 5:colcon.colcon_core.verb:set package 'teleop_twist_keyboard' build argument 'cmake_clean_cache' from command line to 'False'
[4.040s] Level 5:colcon.colcon_core.verb:set package 'teleop_twist_keyboard' build argument 'cmake_clean_first' from command line to 'False'
[4.040s] Level 5:colcon.colcon_core.verb:set package 'teleop_twist_keyboard' build argument 'cmake_force_configure' from command line to 'False'
[4.040s] Level 5:colcon.colcon_core.verb:set package 'teleop_twist_keyboard' build argument 'ament_cmake_args' from command line to 'None'
[4.040s] Level 5:colcon.colcon_core.verb:set package 'teleop_twist_keyboard' build argument 'catkin_cmake_args' from command line to 'None'
[4.041s] Level 5:colcon.colcon_core.verb:set package 'teleop_twist_keyboard' build argument 'catkin_skip_building_tests' from command line to 'False'
[4.041s] DEBUG:colcon.colcon_core.verb:Building package 'teleop_twist_keyboard' with the following arguments: {'ament_cmake_args': None, 'build_base': '/home/pi/ros2_ws/build/teleop_twist_keyboard', 'catkin_cmake_args': None, 'catkin_skip_building_tests': False, 'cmake_args': None, 'cmake_clean_cache': False, 'cmake_clean_first': False, 'cmake_force_configure': False, 'cmake_target': None, 'cmake_target_skip_unavailable': False, 'install_base': '/home/pi/ros2_ws/install/teleop_twist_keyboard', 'merge_install': False, 'path': '/home/pi/ros2_ws/src/teleop_twist_keyboard', 'symlink_install': False, 'test_result_base': None}
[4.045s] Level 5:colcon.colcon_core.verb:set package 'lslidar_driver' build argument 'cmake_args' from command line to 'None'
[4.045s] Level 5:colcon.colcon_core.verb:set package 'lslidar_driver' build argument 'cmake_target' from command line to 'None'
[4.046s] Level 5:colcon.colcon_core.verb:set package 'lslidar_driver' build argument 'cmake_target_skip_unavailable' from command line to 'False'
[4.046s] Level 5:colcon.colcon_core.verb:set package 'lslidar_driver' build argument 'cmake_clean_cache' from command line to 'False'
[4.046s] Level 5:colcon.colcon_core.verb:set package 'lslidar_driver' build argument 'cmake_clean_first' from command line to 'False'
[4.046s] Level 5:colcon.colcon_core.verb:set package 'lslidar_driver' build argument 'cmake_force_configure' from command line to 'False'
[4.047s] Level 5:colcon.colcon_core.verb:set package 'lslidar_driver' build argument 'ament_cmake_args' from command line to 'None'
[4.047s] Level 5:colcon.colcon_core.verb:set package 'lslidar_driver' build argument 'catkin_cmake_args' from command line to 'None'
[4.047s] Level 5:colcon.colcon_core.verb:set package 'lslidar_driver' build argument 'catkin_skip_building_tests' from command line to 'False'
[4.048s] DEBUG:colcon.colcon_core.verb:Building package 'lslidar_driver' with the following arguments: {'ament_cmake_args': None, 'build_base': '/home/pi/ros2_ws/build/lslidar_driver', 'catkin_cmake_args': None, 'catkin_skip_building_tests': False, 'cmake_args': None, 'cmake_clean_cache': False, 'cmake_clean_first': False, 'cmake_force_configure': False, 'cmake_target': None, 'cmake_target_skip_unavailable': False, 'install_base': '/home/pi/ros2_ws/install/lslidar_driver', 'merge_install': False, 'path': '/home/pi/ros2_ws/src/Lslidar_ROS2_driver/lslidar_driver', 'symlink_install': False, 'test_result_base': None}
[4.049s] INFO:colcon.colcon_core.executor:Executing jobs using 'parallel' executor
[4.056s] DEBUG:colcon.colcon_parallel_executor.executor.parallel:run_until_complete
[4.059s] INFO:colcon.colcon_ros.task.ament_cmake.build:Building ROS package in '/home/pi/ros2_ws/src/Lslidar_ROS2_driver/lslidar_msgs' with build type 'ament_cmake'
[4.061s] INFO:colcon.colcon_cmake.task.cmake.build:Building CMake package in '/home/pi/ros2_ws/src/Lslidar_ROS2_driver/lslidar_msgs'
[4.085s] INFO:colcon.colcon_core.plugin_system:Skipping extension 'colcon_core.shell.bat': Not used on non-Windows systems
[4.087s] INFO:colcon.colcon_core.shell:Skip shell extension 'powershell' for command environment: Not usable outside of PowerShell
[4.088s] DEBUG:colcon.colcon_core.shell:Skip shell extension 'dsv' for command environment
[4.135s] INFO:colcon.colcon_ros.task.ament_cmake.build:Building ROS package in '/home/pi/ros2_ws/src/joy_config_pkg/joy_config_pkg' with build type 'ament_cmake'
[4.137s] INFO:colcon.colcon_cmake.task.cmake.build:Building CMake package in '/home/pi/ros2_ws/src/joy_config_pkg/joy_config_pkg'
[4.139s] INFO:colcon.colcon_core.shell:Skip shell extension 'powershell' for command environment: Not usable outside of PowerShell
[4.140s] DEBUG:colcon.colcon_core.shell:Skip shell extension 'dsv' for command environment
[4.187s] INFO:colcon.colcon_ros.task.ament_python.build:Building ROS package in '/home/pi/ros2_ws/src/my_car_controller' with build type 'ament_python'
[4.188s] Level 1:colcon.colcon_core.shell:create_environment_hook('my_car_controller', 'ament_prefix_path')
[4.190s] INFO:colcon.colcon_core.shell:Creating environment hook '/home/pi/ros2_ws/install/my_car_controller/share/my_car_controller/hook/ament_prefix_path.ps1'
[4.198s] INFO:colcon.colcon_core.shell:Creating environment descriptor '/home/pi/ros2_ws/install/my_car_controller/share/my_car_controller/hook/ament_prefix_path.dsv'
[4.203s] INFO:colcon.colcon_core.shell:Creating environment hook '/home/pi/ros2_ws/install/my_car_controller/share/my_car_controller/hook/ament_prefix_path.sh'
[4.212s] INFO:colcon.colcon_core.shell:Skip shell extension 'powershell' for command environment: Not usable outside of PowerShell
[4.212s] DEBUG:colcon.colcon_core.shell:Skip shell extension 'dsv' for command environment
[4.257s] INFO:colcon.colcon_ros.task.ament_python.build:Building ROS package in '/home/pi/ros2_ws/src/serbot_controller' with build type 'ament_python'
[4.259s] Level 1:colcon.colcon_core.shell:create_environment_hook('serbot_controller', 'ament_prefix_path')
[4.262s] INFO:colcon.colcon_core.shell:Creating environment hook '/home/pi/ros2_ws/install/serbot_controller/share/serbot_controller/hook/ament_prefix_path.ps1'
[4.267s] INFO:colcon.colcon_core.shell:Creating environment descriptor '/home/pi/ros2_ws/install/serbot_controller/share/serbot_controller/hook/ament_prefix_path.dsv'
[4.271s] INFO:colcon.colcon_core.shell:Creating environment hook '/home/pi/ros2_ws/install/serbot_controller/share/serbot_controller/hook/ament_prefix_path.sh'
[4.278s] INFO:colcon.colcon_core.shell:Skip shell extension 'powershell' for command environment: Not usable outside of PowerShell
[4.279s] DEBUG:colcon.colcon_core.shell:Skip shell extension 'dsv' for command environment
[4.360s] DEBUG:colcon.colcon_core.event_handler.log_command:Invoking command in '/home/pi/ros2_ws/build/lslidar_msgs': CMAKE_PREFIX_PATH=${CMAKE_PREFIX_PATH}:/home/pi/ros2_ws/install/teleop_twist_keyboard:/home/pi/ros2_ws/install/serial_control:/home/pi/ros2_ws/install/serbot_controller:/home/pi/ros2_ws/install/my_car_controller:/opt/ros/humble /usr/bin/cmake --build /home/pi/ros2_ws/build/lslidar_msgs -- -j4 -l4
[4.407s] DEBUG:colcon.colcon_core.event_handler.log_command:Invoking command in '/home/pi/ros2_ws/build/joy_config_pkg': CMAKE_PREFIX_PATH=${CMAKE_PREFIX_PATH}:/home/pi/ros2_ws/install/teleop_twist_keyboard:/home/pi/ros2_ws/install/serial_control:/home/pi/ros2_ws/install/serbot_controller:/home/pi/ros2_ws/install/my_car_controller:/opt/ros/humble /usr/bin/cmake --build /home/pi/ros2_ws/build/joy_config_pkg -- -j4 -l4
[7.680s] INFO:colcon.colcon_core.task.python.build:Building Python package in '/home/pi/ros2_ws/src/my_car_controller'
[7.682s] INFO:colcon.colcon_core.shell:Skip shell extension 'powershell' for command environment: Not usable outside of PowerShell
[7.683s] DEBUG:colcon.colcon_core.shell:Skip shell extension 'dsv' for command environment
[7.779s] DEBUG:colcon.colcon_core.event_handler.log_command:Invoked command in '/home/pi/ros2_ws/build/joy_config_pkg' returned '0': CMAKE_PREFIX_PATH=${CMAKE_PREFIX_PATH}:/home/pi/ros2_ws/install/teleop_twist_keyboard:/home/pi/ros2_ws/install/serial_control:/home/pi/ros2_ws/install/serbot_controller:/home/pi/ros2_ws/install/my_car_controller:/opt/ros/humble /usr/bin/cmake --build /home/pi/ros2_ws/build/joy_config_pkg -- -j4 -l4
[7.862s] DEBUG:colcon.colcon_core.event_handler.log_command:Invoking command in '/home/pi/ros2_ws/build/joy_config_pkg': CMAKE_PREFIX_PATH=${CMAKE_PREFIX_PATH}:/home/pi/ros2_ws/install/teleop_twist_keyboard:/home/pi/ros2_ws/install/serial_control:/home/pi/ros2_ws/install/serbot_controller:/home/pi/ros2_ws/install/my_car_controller:/opt/ros/humble /usr/bin/cmake --install /home/pi/ros2_ws/build/joy_config_pkg
[10.701s] WARNING:colcon.colcon_ros.task.ament_python.build:Package 'serbot_controller' doesn't explicitly install a marker in the package index (colcon-ros currently does it implicitly but that fallback will be removed in the future)
[10.703s] INFO:colcon.colcon_core.task.python.build:Building Python package in '/home/pi/ros2_ws/src/serbot_controller'
[10.705s] INFO:colcon.colcon_core.shell:Skip shell extension 'powershell' for command environment: Not usable outside of PowerShell
[10.706s] DEBUG:colcon.colcon_core.shell:Skip shell extension 'dsv' for command environment
[10.805s] DEBUG:colcon.colcon_core.event_handler.log_command:Invoked command in '/home/pi/ros2_ws/build/lslidar_msgs' returned '0': CMAKE_PREFIX_PATH=${CMAKE_PREFIX_PATH}:/home/pi/ros2_ws/install/teleop_twist_keyboard:/home/pi/ros2_ws/install/serial_control:/home/pi/ros2_ws/install/serbot_controller:/home/pi/ros2_ws/install/my_car_controller:/opt/ros/humble /usr/bin/cmake --build /home/pi/ros2_ws/build/lslidar_msgs -- -j4 -l4
[10.817s] DEBUG:colcon.colcon_core.event_handler.log_command:Invoking command in '/home/pi/ros2_ws/build/lslidar_msgs': CMAKE_PREFIX_PATH=${CMAKE_PREFIX_PATH}:/home/pi/ros2_ws/install/teleop_twist_keyboard:/home/pi/ros2_ws/install/serial_control:/home/pi/ros2_ws/install/serbot_controller:/home/pi/ros2_ws/install/my_car_controller:/opt/ros/humble /usr/bin/cmake --install /home/pi/ros2_ws/build/lslidar_msgs
[10.825s] Level 1:colcon.colcon_core.environment:create_environment_scripts_only(joy_config_pkg)
[10.829s] DEBUG:colcon.colcon_core.event_handler.log_command:Invoked command in '/home/pi/ros2_ws/build/joy_config_pkg' returned '0': CMAKE_PREFIX_PATH=${CMAKE_PREFIX_PATH}:/home/pi/ros2_ws/install/teleop_twist_keyboard:/home/pi/ros2_ws/install/serial_control:/home/pi/ros2_ws/install/serbot_controller:/home/pi/ros2_ws/install/my_car_controller:/opt/ros/humble /usr/bin/cmake --install /home/pi/ros2_ws/build/joy_config_pkg
[10.858s] Level 1:colcon.colcon_core.environment:checking '/home/pi/ros2_ws/install/joy_config_pkg' for CMake module files
[10.866s] Level 1:colcon.colcon_core.environment:checking '/home/pi/ros2_ws/install/joy_config_pkg' for CMake config files
[10.872s] Level 1:colcon.colcon_core.shell:create_environment_hook('joy_config_pkg', 'cmake_prefix_path')
[10.874s] INFO:colcon.colcon_core.shell:Creating environment hook '/home/pi/ros2_ws/install/joy_config_pkg/share/joy_config_pkg/hook/cmake_prefix_path.ps1'
[10.879s] INFO:colcon.colcon_core.shell:Creating environment descriptor '/home/pi/ros2_ws/install/joy_config_pkg/share/joy_config_pkg/hook/cmake_prefix_path.dsv'
[10.884s] INFO:colcon.colcon_core.shell:Creating environment hook '/home/pi/ros2_ws/install/joy_config_pkg/share/joy_config_pkg/hook/cmake_prefix_path.sh'
[10.893s] Level 1:colcon.colcon_core.environment:checking '/home/pi/ros2_ws/install/joy_config_pkg/bin'
[10.894s] Level 1:colcon.colcon_core.environment:checking '/home/pi/ros2_ws/install/joy_config_pkg/lib/pkgconfig/joy_config_pkg.pc'
[10.896s] Level 1:colcon.colcon_core.environment:checking '/home/pi/ros2_ws/install/joy_config_pkg/lib/python3.10/site-packages'
[10.899s] Level 1:colcon.colcon_core.environment:checking '/home/pi/ros2_ws/install/joy_config_pkg/bin'
[10.902s] INFO:colcon.colcon_core.shell:Creating package script '/home/pi/ros2_ws/install/joy_config_pkg/share/joy_config_pkg/package.ps1'
[10.910s] INFO:colcon.colcon_core.shell:Creating package descriptor '/home/pi/ros2_ws/install/joy_config_pkg/share/joy_config_pkg/package.dsv'
[10.917s] INFO:colcon.colcon_core.shell:Creating package script '/home/pi/ros2_ws/install/joy_config_pkg/share/joy_config_pkg/package.sh'
[10.927s] INFO:colcon.colcon_core.shell:Creating package script '/home/pi/ros2_ws/install/joy_config_pkg/share/joy_config_pkg/package.bash'
[10.936s] INFO:colcon.colcon_core.shell:Creating package script '/home/pi/ros2_ws/install/joy_config_pkg/share/joy_config_pkg/package.zsh'
[10.946s] Level 1:colcon.colcon_core.environment:create_file_with_runtime_dependencies(/home/pi/ros2_ws/install/joy_config_pkg/share/colcon-core/packages/joy_config_pkg)
[10.952s] Level 1:colcon.colcon_core.environment:create_environment_scripts_only(joy_config_pkg)
[10.954s] Level 1:colcon.colcon_core.environment:checking '/home/pi/ros2_ws/install/joy_config_pkg' for CMake module files
[10.961s] Level 1:colcon.colcon_core.environment:checking '/home/pi/ros2_ws/install/joy_config_pkg' for CMake config files
[10.967s] Level 1:colcon.colcon_core.shell:create_environment_hook('joy_config_pkg', 'cmake_prefix_path')
[10.969s] INFO:colcon.colcon_core.shell:Creating environment hook '/home/pi/ros2_ws/install/joy_config_pkg/share/joy_config_pkg/hook/cmake_prefix_path.ps1'
[10.974s] INFO:colcon.colcon_core.shell:Creating environment descriptor '/home/pi/ros2_ws/install/joy_config_pkg/share/joy_config_pkg/hook/cmake_prefix_path.dsv'
[10.979s] INFO:colcon.colcon_core.shell:Creating environment hook '/home/pi/ros2_ws/install/joy_config_pkg/share/joy_config_pkg/hook/cmake_prefix_path.sh'
[10.985s] Level 1:colcon.colcon_core.environment:checking '/home/pi/ros2_ws/install/joy_config_pkg/bin'
[10.986s] Level 1:colcon.colcon_core.environment:checking '/home/pi/ros2_ws/install/joy_config_pkg/lib/pkgconfig/joy_config_pkg.pc'
[10.988s] Level 1:colcon.colcon_core.environment:checking '/home/pi/ros2_ws/install/joy_config_pkg/lib/python3.10/site-packages'
[10.991s] Level 1:colcon.colcon_core.environment:checking '/home/pi/ros2_ws/install/joy_config_pkg/bin'
[10.994s] INFO:colcon.colcon_core.shell:Creating package script '/home/pi/ros2_ws/install/joy_config_pkg/share/joy_config_pkg/package.ps1'
[11.001s] INFO:colcon.colcon_core.shell:Creating package descriptor '/home/pi/ros2_ws/install/joy_config_pkg/share/joy_config_pkg/package.dsv'
[11.007s] INFO:colcon.colcon_core.shell:Creating package script '/home/pi/ros2_ws/install/joy_config_pkg/share/joy_config_pkg/package.sh'
[11.012s] INFO:colcon.colcon_core.shell:Creating package script '/home/pi/ros2_ws/install/joy_config_pkg/share/joy_config_pkg/package.bash'
[11.017s] INFO:colcon.colcon_core.shell:Creating package script '/home/pi/ros2_ws/install/joy_config_pkg/share/joy_config_pkg/package.zsh'
[11.023s] Level 1:colcon.colcon_core.environment:create_file_with_runtime_dependencies(/home/pi/ros2_ws/install/joy_config_pkg/share/colcon-core/packages/joy_config_pkg)
[11.028s] INFO:colcon.colcon_ros.task.ament_cmake.build:Building ROS package in '/home/pi/ros2_ws/src/serbot_description' with build type 'ament_cmake'
[11.029s] INFO:colcon.colcon_cmake.task.cmake.build:Building CMake package in '/home/pi/ros2_ws/src/serbot_description'
[11.033s] INFO:colcon.colcon_core.shell:Skip shell extension 'powershell' for command environment: Not usable outside of PowerShell
[11.037s] DEBUG:colcon.colcon_core.shell:Skip shell extension 'dsv' for command environment
[11.404s] DEBUG:colcon.colcon_core.event_handler.log_command:Invoking command in '/home/pi/ros2_ws/build/serbot_description': CMAKE_PREFIX_PATH=${CMAKE_PREFIX_PATH}:/home/pi/ros2_ws/install/teleop_twist_keyboard:/home/pi/ros2_ws/install/serial_control:/home/pi/ros2_ws/install/serbot_controller:/home/pi/ros2_ws/install/my_car_controller:/opt/ros/humble /usr/bin/cmake --build /home/pi/ros2_ws/build/serbot_description -- -j4 -l4
[11.746s] DEBUG:colcon.colcon_core.event_handler.log_command:Invoked command in '/home/pi/ros2_ws/build/serbot_description' returned '0': CMAKE_PREFIX_PATH=${CMAKE_PREFIX_PATH}:/home/pi/ros2_ws/install/teleop_twist_keyboard:/home/pi/ros2_ws/install/serial_control:/home/pi/ros2_ws/install/serbot_controller:/home/pi/ros2_ws/install/my_car_controller:/opt/ros/humble /usr/bin/cmake --build /home/pi/ros2_ws/build/serbot_description -- -j4 -l4
[11.750s] DEBUG:colcon.colcon_core.event_handler.log_command:Invoking command in '/home/pi/ros2_ws/build/serbot_description': CMAKE_PREFIX_PATH=${CMAKE_PREFIX_PATH}:/home/pi/ros2_ws/install/teleop_twist_keyboard:/home/pi/ros2_ws/install/serial_control:/home/pi/ros2_ws/install/serbot_controller:/home/pi/ros2_ws/install/my_car_controller:/opt/ros/humble /usr/bin/cmake --install /home/pi/ros2_ws/build/serbot_description
[11.817s] Level 1:colcon.colcon_core.environment:create_environment_scripts_only(lslidar_msgs)
[11.820s] Level 1:colcon.colcon_core.environment:checking '/home/pi/ros2_ws/install/lslidar_msgs' for CMake module files
[11.854s] Level 1:colcon.colcon_core.environment:checking '/home/pi/ros2_ws/install/lslidar_msgs' for CMake config files
[11.867s] DEBUG:colcon.colcon_core.event_handler.log_command:Invoked command in '/home/pi/ros2_ws/build/lslidar_msgs' returned '0': CMAKE_PREFIX_PATH=${CMAKE_PREFIX_PATH}:/home/pi/ros2_ws/install/teleop_twist_keyboard:/home/pi/ros2_ws/install/serial_control:/home/pi/ros2_ws/install/serbot_controller:/home/pi/ros2_ws/install/my_car_controller:/opt/ros/humble /usr/bin/cmake --install /home/pi/ros2_ws/build/lslidar_msgs
[11.872s] Level 1:colcon.colcon_core.shell:create_environment_hook('lslidar_msgs', 'cmake_prefix_path')
[11.875s] INFO:colcon.colcon_core.shell:Creating environment hook '/home/pi/ros2_ws/install/lslidar_msgs/share/lslidar_msgs/hook/cmake_prefix_path.ps1'
[11.897s] INFO:colcon.colcon_core.shell:Creating environment descriptor '/home/pi/ros2_ws/install/lslidar_msgs/share/lslidar_msgs/hook/cmake_prefix_path.dsv'
[11.908s] INFO:colcon.colcon_core.shell:Creating environment hook '/home/pi/ros2_ws/install/lslidar_msgs/share/lslidar_msgs/hook/cmake_prefix_path.sh'
[11.926s] Level 1:colcon.colcon_core.environment:checking '/home/pi/ros2_ws/install/lslidar_msgs/lib'
[11.931s] Level 1:colcon.colcon_core.shell:create_environment_hook('lslidar_msgs', 'ld_library_path_lib')
[11.933s] INFO:colcon.colcon_core.shell:Creating environment hook '/home/pi/ros2_ws/install/lslidar_msgs/share/lslidar_msgs/hook/ld_library_path_lib.ps1'
[11.941s] INFO:colcon.colcon_core.shell:Creating environment descriptor '/home/pi/ros2_ws/install/lslidar_msgs/share/lslidar_msgs/hook/ld_library_path_lib.dsv'
[11.945s] INFO:colcon.colcon_core.shell:Creating environment hook '/home/pi/ros2_ws/install/lslidar_msgs/share/lslidar_msgs/hook/ld_library_path_lib.sh'
[11.951s] Level 1:colcon.colcon_core.environment:checking '/home/pi/ros2_ws/install/lslidar_msgs/bin'
[11.952s] Level 1:colcon.colcon_core.environment:checking '/home/pi/ros2_ws/install/lslidar_msgs/lib/pkgconfig/lslidar_msgs.pc'
[11.954s] Level 1:colcon.colcon_core.environment:checking '/home/pi/ros2_ws/install/lslidar_msgs/lib/python3.10/site-packages'
[11.957s] Level 1:colcon.colcon_core.environment:checking '/home/pi/ros2_ws/install/lslidar_msgs/bin'
[11.961s] INFO:colcon.colcon_core.shell:Creating package script '/home/pi/ros2_ws/install/lslidar_msgs/share/lslidar_msgs/package.ps1'
[11.967s] INFO:colcon.colcon_core.shell:Creating package descriptor '/home/pi/ros2_ws/install/lslidar_msgs/share/lslidar_msgs/package.dsv'
[11.973s] INFO:colcon.colcon_core.shell:Creating package script '/home/pi/ros2_ws/install/lslidar_msgs/share/lslidar_msgs/package.sh'
[11.979s] INFO:colcon.colcon_core.shell:Creating package script '/home/pi/ros2_ws/install/lslidar_msgs/share/lslidar_msgs/package.bash'
[11.984s] INFO:colcon.colcon_core.shell:Creating package script '/home/pi/ros2_ws/install/lslidar_msgs/share/lslidar_msgs/package.zsh'
[11.988s] Level 1:colcon.colcon_core.environment:create_file_with_runtime_dependencies(/home/pi/ros2_ws/install/lslidar_msgs/share/colcon-core/packages/lslidar_msgs)
[11.996s] Level 1:colcon.colcon_core.environment:create_environment_scripts_only(lslidar_msgs)
[11.999s] Level 1:colcon.colcon_core.environment:checking '/home/pi/ros2_ws/install/lslidar_msgs' for CMake module files
[12.011s] Level 1:colcon.colcon_core.environment:checking '/home/pi/ros2_ws/install/lslidar_msgs' for CMake config files
[12.022s] Level 1:colcon.colcon_core.shell:create_environment_hook('lslidar_msgs', 'cmake_prefix_path')
[12.024s] INFO:colcon.colcon_core.shell:Creating environment hook '/home/pi/ros2_ws/install/lslidar_msgs/share/lslidar_msgs/hook/cmake_prefix_path.ps1'
[12.030s] INFO:colcon.colcon_core.shell:Creating environment descriptor '/home/pi/ros2_ws/install/lslidar_msgs/share/lslidar_msgs/hook/cmake_prefix_path.dsv'
[12.036s] INFO:colcon.colcon_core.shell:Creating environment hook '/home/pi/ros2_ws/install/lslidar_msgs/share/lslidar_msgs/hook/cmake_prefix_path.sh'
[12.043s] Level 1:colcon.colcon_core.environment:checking '/home/pi/ros2_ws/install/lslidar_msgs/lib'
[12.045s] Level 1:colcon.colcon_core.shell:create_environment_hook('lslidar_msgs', 'ld_library_path_lib')
[12.047s] INFO:colcon.colcon_core.shell:Creating environment hook '/home/pi/ros2_ws/install/lslidar_msgs/share/lslidar_msgs/hook/ld_library_path_lib.ps1'
[12.052s] INFO:colcon.colcon_core.shell:Creating environment descriptor '/home/pi/ros2_ws/install/lslidar_msgs/share/lslidar_msgs/hook/ld_library_path_lib.dsv'
[12.057s] INFO:colcon.colcon_core.shell:Creating environment hook '/home/pi/ros2_ws/install/lslidar_msgs/share/lslidar_msgs/hook/ld_library_path_lib.sh'
[12.062s] Level 1:colcon.colcon_core.environment:checking '/home/pi/ros2_ws/install/lslidar_msgs/bin'
[12.063s] Level 1:colcon.colcon_core.environment:checking '/home/pi/ros2_ws/install/lslidar_msgs/lib/pkgconfig/lslidar_msgs.pc'
[12.066s] Level 1:colcon.colcon_core.environment:checking '/home/pi/ros2_ws/install/lslidar_msgs/lib/python3.10/site-packages'
[12.068s] Level 1:colcon.colcon_core.environment:checking '/home/pi/ros2_ws/install/lslidar_msgs/bin'
[12.072s] INFO:colcon.colcon_core.shell:Creating package script '/home/pi/ros2_ws/install/lslidar_msgs/share/lslidar_msgs/package.ps1'
[12.079s] INFO:colcon.colcon_core.shell:Creating package descriptor '/home/pi/ros2_ws/install/lslidar_msgs/share/lslidar_msgs/package.dsv'
[12.085s] INFO:colcon.colcon_core.shell:Creating package script '/home/pi/ros2_ws/install/lslidar_msgs/share/lslidar_msgs/package.sh'
[12.091s] INFO:colcon.colcon_core.shell:Creating package script '/home/pi/ros2_ws/install/lslidar_msgs/share/lslidar_msgs/package.bash'
[12.096s] INFO:colcon.colcon_core.shell:Creating package script '/home/pi/ros2_ws/install/lslidar_msgs/share/lslidar_msgs/package.zsh'
[12.102s] Level 1:colcon.colcon_core.environment:create_file_with_runtime_dependencies(/home/pi/ros2_ws/install/lslidar_msgs/share/colcon-core/packages/lslidar_msgs)
[12.108s] INFO:colcon.colcon_ros.task.ament_python.build:Building ROS package in '/home/pi/ros2_ws/src/serial_control' with build type 'ament_python'
[12.109s] Level 1:colcon.colcon_core.shell:create_environment_hook('serial_control', 'ament_prefix_path')
[12.112s] INFO:colcon.colcon_core.shell:Creating environment hook '/home/pi/ros2_ws/install/serial_control/share/serial_control/hook/ament_prefix_path.ps1'
[12.121s] INFO:colcon.colcon_core.shell:Creating environment descriptor '/home/pi/ros2_ws/install/serial_control/share/serial_control/hook/ament_prefix_path.dsv'
[12.125s] INFO:colcon.colcon_core.shell:Creating environment hook '/home/pi/ros2_ws/install/serial_control/share/serial_control/hook/ament_prefix_path.sh'
[12.132s] INFO:colcon.colcon_core.shell:Skip shell extension 'powershell' for command environment: Not usable outside of PowerShell
[12.133s] DEBUG:colcon.colcon_core.shell:Skip shell extension 'dsv' for command environment
[12.191s] Level 1:colcon.colcon_core.environment:create_environment_scripts_only(serbot_description)
[12.194s] DEBUG:colcon.colcon_core.event_handler.log_command:Invoked command in '/home/pi/ros2_ws/build/serbot_description' returned '0': CMAKE_PREFIX_PATH=${CMAKE_PREFIX_PATH}:/home/pi/ros2_ws/install/teleop_twist_keyboard:/home/pi/ros2_ws/install/serial_control:/home/pi/ros2_ws/install/serbot_controller:/home/pi/ros2_ws/install/my_car_controller:/opt/ros/humble /usr/bin/cmake --install /home/pi/ros2_ws/build/serbot_description
[12.198s] Level 1:colcon.colcon_core.environment:checking '/home/pi/ros2_ws/install/serbot_description' for CMake module files
[12.207s] Level 1:colcon.colcon_core.environment:checking '/home/pi/ros2_ws/install/serbot_description' for CMake config files
[12.210s] Level 1:colcon.colcon_core.shell:create_environment_hook('serbot_description', 'cmake_prefix_path')
[12.212s] INFO:colcon.colcon_core.shell:Creating environment hook '/home/pi/ros2_ws/install/serbot_description/share/serbot_description/hook/cmake_prefix_path.ps1'
[12.218s] INFO:colcon.colcon_core.shell:Creating environment descriptor '/home/pi/ros2_ws/install/serbot_description/share/serbot_description/hook/cmake_prefix_path.dsv'
[12.223s] INFO:colcon.colcon_core.shell:Creating environment hook '/home/pi/ros2_ws/install/serbot_description/share/serbot_description/hook/cmake_prefix_path.sh'
[12.229s] Level 1:colcon.colcon_core.environment:checking '/home/pi/ros2_ws/install/serbot_description/bin'
[12.230s] Level 1:colcon.colcon_core.environment:checking '/home/pi/ros2_ws/install/serbot_description/lib/pkgconfig/serbot_description.pc'
[12.233s] Level 1:colcon.colcon_core.environment:checking '/home/pi/ros2_ws/install/serbot_description/lib/python3.10/site-packages'
[12.235s] Level 1:colcon.colcon_core.environment:checking '/home/pi/ros2_ws/install/serbot_description/bin'
[12.238s] INFO:colcon.colcon_core.shell:Creating package script '/home/pi/ros2_ws/install/serbot_description/share/serbot_description/package.ps1'
[12.244s] INFO:colcon.colcon_core.shell:Creating package descriptor '/home/pi/ros2_ws/install/serbot_description/share/serbot_description/package.dsv'
[12.249s] INFO:colcon.colcon_core.shell:Creating package script '/home/pi/ros2_ws/install/serbot_description/share/serbot_description/package.sh'
[12.254s] INFO:colcon.colcon_core.shell:Creating package script '/home/pi/ros2_ws/install/serbot_description/share/serbot_description/package.bash'
[12.259s] INFO:colcon.colcon_core.shell:Creating package script '/home/pi/ros2_ws/install/serbot_description/share/serbot_description/package.zsh'
[12.263s] Level 1:colcon.colcon_core.environment:create_file_with_runtime_dependencies(/home/pi/ros2_ws/install/serbot_description/share/colcon-core/packages/serbot_description)
[12.270s] Level 1:colcon.colcon_core.environment:create_environment_scripts_only(serbot_description)
[12.273s] Level 1:colcon.colcon_core.environment:checking '/home/pi/ros2_ws/install/serbot_description' for CMake module files
[12.281s] Level 1:colcon.colcon_core.environment:checking '/home/pi/ros2_ws/install/serbot_description' for CMake config files
[12.284s] Level 1:colcon.colcon_core.shell:create_environment_hook('serbot_description', 'cmake_prefix_path')
[12.286s] INFO:colcon.colcon_core.shell:Creating environment hook '/home/pi/ros2_ws/install/serbot_description/share/serbot_description/hook/cmake_prefix_path.ps1'
[12.291s] INFO:colcon.colcon_core.shell:Creating environment descriptor '/home/pi/ros2_ws/install/serbot_description/share/serbot_description/hook/cmake_prefix_path.dsv'
[12.296s] INFO:colcon.colcon_core.shell:Creating environment hook '/home/pi/ros2_ws/install/serbot_description/share/serbot_description/hook/cmake_prefix_path.sh'
[12.303s] Level 1:colcon.colcon_core.environment:checking '/home/pi/ros2_ws/install/serbot_description/bin'
[12.304s] Level 1:colcon.colcon_core.environment:checking '/home/pi/ros2_ws/install/serbot_description/lib/pkgconfig/serbot_description.pc'
[12.306s] Level 1:colcon.colcon_core.environment:checking '/home/pi/ros2_ws/install/serbot_description/lib/python3.10/site-packages'
[12.309s] Level 1:colcon.colcon_core.environment:checking '/home/pi/ros2_ws/install/serbot_description/bin'
[12.312s] INFO:colcon.colcon_core.shell:Creating package script '/home/pi/ros2_ws/install/serbot_description/share/serbot_description/package.ps1'
[12.318s] INFO:colcon.colcon_core.shell:Creating package descriptor '/home/pi/ros2_ws/install/serbot_description/share/serbot_description/package.dsv'
[12.325s] INFO:colcon.colcon_core.shell:Creating package script '/home/pi/ros2_ws/install/serbot_description/share/serbot_description/package.sh'
[12.331s] INFO:colcon.colcon_core.shell:Creating package script '/home/pi/ros2_ws/install/serbot_description/share/serbot_description/package.bash'
[12.338s] INFO:colcon.colcon_core.shell:Creating package script '/home/pi/ros2_ws/install/serbot_description/share/serbot_description/package.zsh'
[12.343s] Level 1:colcon.colcon_core.environment:create_file_with_runtime_dependencies(/home/pi/ros2_ws/install/serbot_description/share/colcon-core/packages/serbot_description)
[12.352s] INFO:colcon.colcon_ros.task.ament_python.build:Building ROS package in '/home/pi/ros2_ws/src/teleop_twist_keyboard' with build type 'ament_python'
[12.353s] Level 1:colcon.colcon_core.shell:create_environment_hook('teleop_twist_keyboard', 'ament_prefix_path')
[12.356s] INFO:colcon.colcon_core.shell:Creating environment hook '/home/pi/ros2_ws/install/teleop_twist_keyboard/share/teleop_twist_keyboard/hook/ament_prefix_path.ps1'
[12.362s] INFO:colcon.colcon_core.shell:Creating environment descriptor '/home/pi/ros2_ws/install/teleop_twist_keyboard/share/teleop_twist_keyboard/hook/ament_prefix_path.dsv'
[12.367s] INFO:colcon.colcon_core.shell:Creating environment hook '/home/pi/ros2_ws/install/teleop_twist_keyboard/share/teleop_twist_keyboard/hook/ament_prefix_path.sh'
[12.374s] INFO:colcon.colcon_core.shell:Skip shell extension 'powershell' for command environment: Not usable outside of PowerShell
[12.375s] DEBUG:colcon.colcon_core.shell:Skip shell extension 'dsv' for command environment
[15.696s] INFO:colcon.colcon_core.task.python.build:Building Python package in '/home/pi/ros2_ws/src/serial_control'
[15.699s] INFO:colcon.colcon_core.shell:Skip shell extension 'powershell' for command environment: Not usable outside of PowerShell
[15.700s] DEBUG:colcon.colcon_core.shell:Skip shell extension 'dsv' for command environment
[18.524s] INFO:colcon.colcon_core.task.python.build:Building Python package in '/home/pi/ros2_ws/src/teleop_twist_keyboard'
[18.527s] INFO:colcon.colcon_core.shell:Skip shell extension 'powershell' for command environment: Not usable outside of PowerShell
[18.527s] DEBUG:colcon.colcon_core.shell:Skip shell extension 'dsv' for command environment
[18.609s] DEBUG:colcon.colcon_core.event_handler.log_command:Invoking command in '/home/pi/ros2_ws/src/my_car_controller': PYTHONPATH=/home/pi/ros2_ws/build/my_car_controller/prefix_override:/usr/lib/python3/dist-packages/colcon_core/task/python/colcon_distutils_commands:/home/pi/ros2_ws/install/my_car_controller/lib/python3.10/site-packages:${PYTHONPATH} /usr/bin/python3 -W ignore:setup.py install is deprecated -W ignore:easy_install command is deprecated setup.py egg_info --egg-base ../../build/my_car_controller build --build-base /home/pi/ros2_ws/build/my_car_controller/build install --record /home/pi/ros2_ws/build/my_car_controller/install.log --single-version-externally-managed install_data
[18.638s] DEBUG:colcon.colcon_core.event_handler.log_command:Invoking command in '/home/pi/ros2_ws/src/serbot_controller': PYTHONPATH=/home/pi/ros2_ws/build/serbot_controller/prefix_override:/usr/lib/python3/dist-packages/colcon_core/task/python/colcon_distutils_commands:/home/pi/ros2_ws/install/serbot_controller/lib/python3.10/site-packages:${PYTHONPATH} /usr/bin/python3 -W ignore:setup.py install is deprecated -W ignore:easy_install command is deprecated setup.py egg_info --egg-base ../../build/serbot_controller build --build-base /home/pi/ros2_ws/build/serbot_controller/build install --record /home/pi/ros2_ws/build/serbot_controller/install.log --single-version-externally-managed install_data
[22.514s] Level 1:colcon.colcon_core.environment:checking '/home/pi/ros2_ws/install/my_car_controller' for CMake module files
[22.518s] DEBUG:colcon.colcon_core.event_handler.log_command:Invoked command in '/home/pi/ros2_ws/src/my_car_controller' returned '0': PYTHONPATH=/home/pi/ros2_ws/build/my_car_controller/prefix_override:/usr/lib/python3/dist-packages/colcon_core/task/python/colcon_distutils_commands:/home/pi/ros2_ws/install/my_car_controller/lib/python3.10/site-packages:${PYTHONPATH} /usr/bin/python3 -W ignore:setup.py install is deprecated -W ignore:easy_install command is deprecated setup.py egg_info --egg-base ../../build/my_car_controller build --build-base /home/pi/ros2_ws/build/my_car_controller/build install --record /home/pi/ros2_ws/build/my_car_controller/install.log --single-version-externally-managed install_data
[22.527s] Level 1:colcon.colcon_core.environment:checking '/home/pi/ros2_ws/install/my_car_controller' for CMake config files
[22.541s] Level 1:colcon.colcon_core.environment:checking '/home/pi/ros2_ws/install/my_car_controller/lib'
[22.542s] Level 1:colcon.colcon_core.environment:checking '/home/pi/ros2_ws/install/my_car_controller/bin'
[22.544s] Level 1:colcon.colcon_core.environment:checking '/home/pi/ros2_ws/install/my_car_controller/lib/pkgconfig/my_car_controller.pc'
[22.547s] Level 1:colcon.colcon_core.environment:checking '/home/pi/ros2_ws/install/my_car_controller/lib/python3.10/site-packages'
[22.548s] Level 1:colcon.colcon_core.shell:create_environment_hook('my_car_controller', 'pythonpath')
[22.551s] INFO:colcon.colcon_core.shell:Creating environment hook '/home/pi/ros2_ws/install/my_car_controller/share/my_car_controller/hook/pythonpath.ps1'
[22.556s] INFO:colcon.colcon_core.shell:Creating environment descriptor '/home/pi/ros2_ws/install/my_car_controller/share/my_car_controller/hook/pythonpath.dsv'
[22.562s] INFO:colcon.colcon_core.shell:Creating environment hook '/home/pi/ros2_ws/install/my_car_controller/share/my_car_controller/hook/pythonpath.sh'
[22.571s] Level 1:colcon.colcon_core.environment:checking '/home/pi/ros2_ws/install/my_car_controller/bin'
[22.575s] Level 1:colcon.colcon_core.environment:create_environment_scripts_only(my_car_controller)
[22.579s] INFO:colcon.colcon_core.shell:Creating package script '/home/pi/ros2_ws/install/my_car_controller/share/my_car_controller/package.ps1'
[22.587s] INFO:colcon.colcon_core.shell:Creating package descriptor '/home/pi/ros2_ws/install/my_car_controller/share/my_car_controller/package.dsv'
[22.594s] INFO:colcon.colcon_core.shell:Creating package script '/home/pi/ros2_ws/install/my_car_controller/share/my_car_controller/package.sh'
[22.600s] INFO:colcon.colcon_core.shell:Creating package script '/home/pi/ros2_ws/install/my_car_controller/share/my_car_controller/package.bash'
[22.605s] INFO:colcon.colcon_core.shell:Creating package script '/home/pi/ros2_ws/install/my_car_controller/share/my_car_controller/package.zsh'
[22.610s] Level 1:colcon.colcon_core.environment:create_file_with_runtime_dependencies(/home/pi/ros2_ws/install/my_car_controller/share/colcon-core/packages/my_car_controller)
[22.618s] INFO:colcon.colcon_ros.task.ament_cmake.build:Building ROS package in '/home/pi/ros2_ws/src/Lslidar_ROS2_driver/lslidar_driver' with build type 'ament_cmake'
[22.619s] INFO:colcon.colcon_cmake.task.cmake.build:Building CMake package in '/home/pi/ros2_ws/src/Lslidar_ROS2_driver/lslidar_driver'
[22.621s] INFO:colcon.colcon_core.shell:Skip shell extension 'powershell' for command environment: Not usable outside of PowerShell
[22.622s] DEBUG:colcon.colcon_core.shell:Skip shell extension 'dsv' for command environment
[22.687s] Level 1:colcon.colcon_core.environment:checking '/home/pi/ros2_ws/install/serbot_controller' for CMake module files
[22.690s] DEBUG:colcon.colcon_core.event_handler.log_command:Invoked command in '/home/pi/ros2_ws/src/serbot_controller' returned '0': PYTHONPATH=/home/pi/ros2_ws/build/serbot_controller/prefix_override:/usr/lib/python3/dist-packages/colcon_core/task/python/colcon_distutils_commands:/home/pi/ros2_ws/install/serbot_controller/lib/python3.10/site-packages:${PYTHONPATH} /usr/bin/python3 -W ignore:setup.py install is deprecated -W ignore:easy_install command is deprecated setup.py egg_info --egg-base ../../build/serbot_controller build --build-base /home/pi/ros2_ws/build/serbot_controller/build install --record /home/pi/ros2_ws/build/serbot_controller/install.log --single-version-externally-managed install_data
[22.697s] Level 1:colcon.colcon_core.environment:checking '/home/pi/ros2_ws/install/serbot_controller' for CMake config files
[22.707s] Level 1:colcon.colcon_core.environment:checking '/home/pi/ros2_ws/install/serbot_controller/lib'
[22.708s] Level 1:colcon.colcon_core.environment:checking '/home/pi/ros2_ws/install/serbot_controller/bin'
[22.709s] Level 1:colcon.colcon_core.environment:checking '/home/pi/ros2_ws/install/serbot_controller/lib/pkgconfig/serbot_controller.pc'
[22.711s] Level 1:colcon.colcon_core.environment:checking '/home/pi/ros2_ws/install/serbot_controller/lib/python3.10/site-packages'
[22.712s] Level 1:colcon.colcon_core.shell:create_environment_hook('serbot_controller', 'pythonpath')
[22.714s] INFO:colcon.colcon_core.shell:Creating environment hook '/home/pi/ros2_ws/install/serbot_controller/share/serbot_controller/hook/pythonpath.ps1'
[22.719s] INFO:colcon.colcon_core.shell:Creating environment descriptor '/home/pi/ros2_ws/install/serbot_controller/share/serbot_controller/hook/pythonpath.dsv'
[22.724s] INFO:colcon.colcon_core.shell:Creating environment hook '/home/pi/ros2_ws/install/serbot_controller/share/serbot_controller/hook/pythonpath.sh'
[22.731s] Level 1:colcon.colcon_core.environment:checking '/home/pi/ros2_ws/install/serbot_controller/bin'
[22.731s] Level 1:colcon.colcon_core.environment:create_environment_scripts_only(serbot_controller)
[22.735s] INFO:colcon.colcon_core.shell:Creating package script '/home/pi/ros2_ws/install/serbot_controller/share/serbot_controller/package.ps1'
[22.740s] INFO:colcon.colcon_core.shell:Creating package descriptor '/home/pi/ros2_ws/install/serbot_controller/share/serbot_controller/package.dsv'
[22.746s] INFO:colcon.colcon_core.shell:Creating package script '/home/pi/ros2_ws/install/serbot_controller/share/serbot_controller/package.sh'
[22.752s] INFO:colcon.colcon_core.shell:Creating package script '/home/pi/ros2_ws/install/serbot_controller/share/serbot_controller/package.bash'
[22.757s] INFO:colcon.colcon_core.shell:Creating package script '/home/pi/ros2_ws/install/serbot_controller/share/serbot_controller/package.zsh'
[22.762s] Level 1:colcon.colcon_core.environment:create_file_with_runtime_dependencies(/home/pi/ros2_ws/install/serbot_controller/share/colcon-core/packages/serbot_controller)
[22.816s] DEBUG:colcon.colcon_core.event_handler.log_command:Invoking command in '/home/pi/ros2_ws/build/lslidar_driver': CMAKE_PREFIX_PATH=/home/pi/ros2_ws/install/lslidar_msgs:/home/pi/ros2_ws/install/serbot_description:/home/pi/ros2_ws/install/lslidar_driver:/home/pi/ros2_ws/install/joy_config_pkg:/home/pi/ros2_ws/install/teleop_twist_keyboard:/home/pi/ros2_ws/install/serial_control:/home/pi/ros2_ws/install/serbot_controller:/home/pi/ros2_ws/install/my_car_controller:/opt/ros/humble /usr/bin/cmake --build /home/pi/ros2_ws/build/lslidar_driver -- -j4 -l4
[23.448s] DEBUG:colcon.colcon_core.event_handler.log_command:Invoking command in '/home/pi/ros2_ws/src/serial_control': PYTHONPATH=/home/pi/ros2_ws/build/serial_control/prefix_override:/usr/lib/python3/dist-packages/colcon_core/task/python/colcon_distutils_commands:/home/pi/ros2_ws/install/serial_control/lib/python3.10/site-packages:${PYTHONPATH} /usr/bin/python3 -W ignore:setup.py install is deprecated -W ignore:easy_install command is deprecated setup.py egg_info --egg-base ../../build/serial_control build --build-base /home/pi/ros2_ws/build/serial_control/build install --record /home/pi/ros2_ws/build/serial_control/install.log --single-version-externally-managed install_data
[23.484s] DEBUG:colcon.colcon_core.event_handler.log_command:Invoking command in '/home/pi/ros2_ws/src/teleop_twist_keyboard': PYTHONPATH=/home/pi/ros2_ws/build/teleop_twist_keyboard/prefix_override:/usr/lib/python3/dist-packages/colcon_core/task/python/colcon_distutils_commands:/home/pi/ros2_ws/install/teleop_twist_keyboard/lib/python3.10/site-packages:${PYTHONPATH} /usr/bin/python3 -W ignore:setup.py install is deprecated -W ignore:easy_install command is deprecated setup.py egg_info --egg-base ../../build/teleop_twist_keyboard build --build-base /home/pi/ros2_ws/build/teleop_twist_keyboard/build install --record /home/pi/ros2_ws/build/teleop_twist_keyboard/install.log --single-version-externally-managed install_data
[23.907s] DEBUG:colcon.colcon_core.event_handler.log_command:Invoked command in '/home/pi/ros2_ws/build/lslidar_driver' returned '0': CMAKE_PREFIX_PATH=/home/pi/ros2_ws/install/lslidar_msgs:/home/pi/ros2_ws/install/serbot_description:/home/pi/ros2_ws/install/lslidar_driver:/home/pi/ros2_ws/install/joy_config_pkg:/home/pi/ros2_ws/install/teleop_twist_keyboard:/home/pi/ros2_ws/install/serial_control:/home/pi/ros2_ws/install/serbot_controller:/home/pi/ros2_ws/install/my_car_controller:/opt/ros/humble /usr/bin/cmake --build /home/pi/ros2_ws/build/lslidar_driver -- -j4 -l4
[23.926s] DEBUG:colcon.colcon_core.event_handler.log_command:Invoking command in '/home/pi/ros2_ws/build/lslidar_driver': CMAKE_PREFIX_PATH=/home/pi/ros2_ws/install/lslidar_msgs:/home/pi/ros2_ws/install/serbot_description:/home/pi/ros2_ws/install/lslidar_driver:/home/pi/ros2_ws/install/joy_config_pkg:/home/pi/ros2_ws/install/teleop_twist_keyboard:/home/pi/ros2_ws/install/serial_control:/home/pi/ros2_ws/install/serbot_controller:/home/pi/ros2_ws/install/my_car_controller:/opt/ros/humble /usr/bin/cmake --install /home/pi/ros2_ws/build/lslidar_driver
[24.065s] Level 1:colcon.colcon_core.environment:create_environment_scripts_only(lslidar_driver)
[24.068s] Level 1:colcon.colcon_core.environment:checking '/home/pi/ros2_ws/install/lslidar_driver' for CMake module files
[24.073s] DEBUG:colcon.colcon_core.event_handler.log_command:Invoked command in '/home/pi/ros2_ws/build/lslidar_driver' returned '0': CMAKE_PREFIX_PATH=/home/pi/ros2_ws/install/lslidar_msgs:/home/pi/ros2_ws/install/serbot_description:/home/pi/ros2_ws/install/lslidar_driver:/home/pi/ros2_ws/install/joy_config_pkg:/home/pi/ros2_ws/install/teleop_twist_keyboard:/home/pi/ros2_ws/install/serial_control:/home/pi/ros2_ws/install/serbot_controller:/home/pi/ros2_ws/install/my_car_controller:/opt/ros/humble /usr/bin/cmake --install /home/pi/ros2_ws/build/lslidar_driver
[24.080s] Level 1:colcon.colcon_core.environment:checking '/home/pi/ros2_ws/install/lslidar_driver' for CMake config files
[24.085s] Level 1:colcon.colcon_core.shell:create_environment_hook('lslidar_driver', 'cmake_prefix_path')
[24.088s] INFO:colcon.colcon_core.shell:Creating environment hook '/home/pi/ros2_ws/install/lslidar_driver/share/lslidar_driver/hook/cmake_prefix_path.ps1'
[24.094s] INFO:colcon.colcon_core.shell:Creating environment descriptor '/home/pi/ros2_ws/install/lslidar_driver/share/lslidar_driver/hook/cmake_prefix_path.dsv'
[24.099s] INFO:colcon.colcon_core.shell:Creating environment hook '/home/pi/ros2_ws/install/lslidar_driver/share/lslidar_driver/hook/cmake_prefix_path.sh'
[24.105s] Level 1:colcon.colcon_core.environment:checking '/home/pi/ros2_ws/install/lslidar_driver/lib'
[24.107s] Level 1:colcon.colcon_core.environment:checking '/home/pi/ros2_ws/install/lslidar_driver/bin'
[24.108s] Level 1:colcon.colcon_core.environment:checking '/home/pi/ros2_ws/install/lslidar_driver/lib/pkgconfig/lslidar_driver.pc'
[24.110s] Level 1:colcon.colcon_core.environment:checking '/home/pi/ros2_ws/install/lslidar_driver/lib/python3.10/site-packages'
[24.114s] Level 1:colcon.colcon_core.environment:checking '/home/pi/ros2_ws/install/lslidar_driver/bin'
[24.119s] INFO:colcon.colcon_core.shell:Creating package script '/home/pi/ros2_ws/install/lslidar_driver/share/lslidar_driver/package.ps1'
[24.124s] INFO:colcon.colcon_core.shell:Creating package descriptor '/home/pi/ros2_ws/install/lslidar_driver/share/lslidar_driver/package.dsv'
[24.130s] INFO:colcon.colcon_core.shell:Creating package script '/home/pi/ros2_ws/install/lslidar_driver/share/lslidar_driver/package.sh'
[24.135s] INFO:colcon.colcon_core.shell:Creating package script '/home/pi/ros2_ws/install/lslidar_driver/share/lslidar_driver/package.bash'
[24.140s] INFO:colcon.colcon_core.shell:Creating package script '/home/pi/ros2_ws/install/lslidar_driver/share/lslidar_driver/package.zsh'
[24.145s] Level 1:colcon.colcon_core.environment:create_file_with_runtime_dependencies(/home/pi/ros2_ws/install/lslidar_driver/share/colcon-core/packages/lslidar_driver)
[24.152s] Level 1:colcon.colcon_core.environment:create_environment_scripts_only(lslidar_driver)
[24.155s] Level 1:colcon.colcon_core.environment:checking '/home/pi/ros2_ws/install/lslidar_driver' for CMake module files
[24.164s] Level 1:colcon.colcon_core.environment:checking '/home/pi/ros2_ws/install/lslidar_driver' for CMake config files
[24.169s] Level 1:colcon.colcon_core.shell:create_environment_hook('lslidar_driver', 'cmake_prefix_path')
[24.171s] INFO:colcon.colcon_core.shell:Creating environment hook '/home/pi/ros2_ws/install/lslidar_driver/share/lslidar_driver/hook/cmake_prefix_path.ps1'
[24.177s] INFO:colcon.colcon_core.shell:Creating environment descriptor '/home/pi/ros2_ws/install/lslidar_driver/share/lslidar_driver/hook/cmake_prefix_path.dsv'
[24.181s] INFO:colcon.colcon_core.shell:Creating environment hook '/home/pi/ros2_ws/install/lslidar_driver/share/lslidar_driver/hook/cmake_prefix_path.sh'
[24.189s] Level 1:colcon.colcon_core.environment:checking '/home/pi/ros2_ws/install/lslidar_driver/lib'
[24.191s] Level 1:colcon.colcon_core.environment:checking '/home/pi/ros2_ws/install/lslidar_driver/bin'
[24.192s] Level 1:colcon.colcon_core.environment:checking '/home/pi/ros2_ws/install/lslidar_driver/lib/pkgconfig/lslidar_driver.pc'
[24.195s] Level 1:colcon.colcon_core.environment:checking '/home/pi/ros2_ws/install/lslidar_driver/lib/python3.10/site-packages'
[24.197s] Level 1:colcon.colcon_core.environment:checking '/home/pi/ros2_ws/install/lslidar_driver/bin'
[24.201s] INFO:colcon.colcon_core.shell:Creating package script '/home/pi/ros2_ws/install/lslidar_driver/share/lslidar_driver/package.ps1'
[24.207s] INFO:colcon.colcon_core.shell:Creating package descriptor '/home/pi/ros2_ws/install/lslidar_driver/share/lslidar_driver/package.dsv'
[24.213s] INFO:colcon.colcon_core.shell:Creating package script '/home/pi/ros2_ws/install/lslidar_driver/share/lslidar_driver/package.sh'
[24.223s] INFO:colcon.colcon_core.shell:Creating package script '/home/pi/ros2_ws/install/lslidar_driver/share/lslidar_driver/package.bash'
[24.229s] INFO:colcon.colcon_core.shell:Creating package script '/home/pi/ros2_ws/install/lslidar_driver/share/lslidar_driver/package.zsh'
[24.235s] Level 1:colcon.colcon_core.environment:create_file_with_runtime_dependencies(/home/pi/ros2_ws/install/lslidar_driver/share/colcon-core/packages/lslidar_driver)
[26.903s] Level 1:colcon.colcon_core.environment:checking '/home/pi/ros2_ws/install/serial_control' for CMake module files
[26.908s] DEBUG:colcon.colcon_core.event_handler.log_command:Invoked command in '/home/pi/ros2_ws/src/serial_control' returned '0': PYTHONPATH=/home/pi/ros2_ws/build/serial_control/prefix_override:/usr/lib/python3/dist-packages/colcon_core/task/python/colcon_distutils_commands:/home/pi/ros2_ws/install/serial_control/lib/python3.10/site-packages:${PYTHONPATH} /usr/bin/python3 -W ignore:setup.py install is deprecated -W ignore:easy_install command is deprecated setup.py egg_info --egg-base ../../build/serial_control build --build-base /home/pi/ros2_ws/build/serial_control/build install --record /home/pi/ros2_ws/build/serial_control/install.log --single-version-externally-managed install_data
[26.912s] Level 1:colcon.colcon_core.environment:checking '/home/pi/ros2_ws/install/serial_control' for CMake config files
[26.921s] Level 1:colcon.colcon_core.environment:checking '/home/pi/ros2_ws/install/serial_control/lib'
[26.922s] Level 1:colcon.colcon_core.environment:checking '/home/pi/ros2_ws/install/serial_control/bin'
[26.923s] Level 1:colcon.colcon_core.environment:checking '/home/pi/ros2_ws/install/serial_control/lib/pkgconfig/serial_control.pc'
[26.925s] Level 1:colcon.colcon_core.environment:checking '/home/pi/ros2_ws/install/serial_control/lib/python3.10/site-packages'
[26.926s] Level 1:colcon.colcon_core.shell:create_environment_hook('serial_control', 'pythonpath')
[26.928s] INFO:colcon.colcon_core.shell:Creating environment hook '/home/pi/ros2_ws/install/serial_control/share/serial_control/hook/pythonpath.ps1'
[26.932s] INFO:colcon.colcon_core.shell:Creating environment descriptor '/home/pi/ros2_ws/install/serial_control/share/serial_control/hook/pythonpath.dsv'
[26.936s] INFO:colcon.colcon_core.shell:Creating environment hook '/home/pi/ros2_ws/install/serial_control/share/serial_control/hook/pythonpath.sh'
[26.944s] Level 1:colcon.colcon_core.environment:checking '/home/pi/ros2_ws/install/serial_control/bin'
[26.944s] Level 1:colcon.colcon_core.environment:create_environment_scripts_only(serial_control)
[26.947s] INFO:colcon.colcon_core.shell:Creating package script '/home/pi/ros2_ws/install/serial_control/share/serial_control/package.ps1'
[26.953s] INFO:colcon.colcon_core.shell:Creating package descriptor '/home/pi/ros2_ws/install/serial_control/share/serial_control/package.dsv'
[26.960s] INFO:colcon.colcon_core.shell:Creating package script '/home/pi/ros2_ws/install/serial_control/share/serial_control/package.sh'
[26.965s] INFO:colcon.colcon_core.shell:Creating package script '/home/pi/ros2_ws/install/serial_control/share/serial_control/package.bash'
[26.970s] INFO:colcon.colcon_core.shell:Creating package script '/home/pi/ros2_ws/install/serial_control/share/serial_control/package.zsh'
[26.974s] Level 1:colcon.colcon_core.environment:create_file_with_runtime_dependencies(/home/pi/ros2_ws/install/serial_control/share/colcon-core/packages/serial_control)
[26.984s] Level 1:colcon.colcon_core.environment:checking '/home/pi/ros2_ws/install/teleop_twist_keyboard' for CMake module files
[26.989s] DEBUG:colcon.colcon_core.event_handler.log_command:Invoked command in '/home/pi/ros2_ws/src/teleop_twist_keyboard' returned '0': PYTHONPATH=/home/pi/ros2_ws/build/teleop_twist_keyboard/prefix_override:/usr/lib/python3/dist-packages/colcon_core/task/python/colcon_distutils_commands:/home/pi/ros2_ws/install/teleop_twist_keyboard/lib/python3.10/site-packages:${PYTHONPATH} /usr/bin/python3 -W ignore:setup.py install is deprecated -W ignore:easy_install command is deprecated setup.py egg_info --egg-base ../../build/teleop_twist_keyboard build --build-base /home/pi/ros2_ws/build/teleop_twist_keyboard/build install --record /home/pi/ros2_ws/build/teleop_twist_keyboard/install.log --single-version-externally-managed install_data
[26.994s] Level 1:colcon.colcon_core.environment:checking '/home/pi/ros2_ws/install/teleop_twist_keyboard' for CMake config files
[27.002s] Level 1:colcon.colcon_core.environment:checking '/home/pi/ros2_ws/install/teleop_twist_keyboard/lib'
[27.003s] Level 1:colcon.colcon_core.environment:checking '/home/pi/ros2_ws/install/teleop_twist_keyboard/bin'
[27.004s] Level 1:colcon.colcon_core.environment:checking '/home/pi/ros2_ws/install/teleop_twist_keyboard/lib/pkgconfig/teleop_twist_keyboard.pc'
[27.006s] Level 1:colcon.colcon_core.environment:checking '/home/pi/ros2_ws/install/teleop_twist_keyboard/lib/python3.10/site-packages'
[27.006s] Level 1:colcon.colcon_core.shell:create_environment_hook('teleop_twist_keyboard', 'pythonpath')
[27.008s] INFO:colcon.colcon_core.shell:Creating environment hook '/home/pi/ros2_ws/install/teleop_twist_keyboard/share/teleop_twist_keyboard/hook/pythonpath.ps1'
[27.013s] INFO:colcon.colcon_core.shell:Creating environment descriptor '/home/pi/ros2_ws/install/teleop_twist_keyboard/share/teleop_twist_keyboard/hook/pythonpath.dsv'
[27.017s] INFO:colcon.colcon_core.shell:Creating environment hook '/home/pi/ros2_ws/install/teleop_twist_keyboard/share/teleop_twist_keyboard/hook/pythonpath.sh'
[27.024s] Level 1:colcon.colcon_core.environment:checking '/home/pi/ros2_ws/install/teleop_twist_keyboard/bin'
[27.024s] Level 1:colcon.colcon_core.environment:create_environment_scripts_only(teleop_twist_keyboard)
[27.027s] INFO:colcon.colcon_core.shell:Creating package script '/home/pi/ros2_ws/install/teleop_twist_keyboard/share/teleop_twist_keyboard/package.ps1'
[27.033s] INFO:colcon.colcon_core.shell:Creating package descriptor '/home/pi/ros2_ws/install/teleop_twist_keyboard/share/teleop_twist_keyboard/package.dsv'
[27.038s] INFO:colcon.colcon_core.shell:Creating package script '/home/pi/ros2_ws/install/teleop_twist_keyboard/share/teleop_twist_keyboard/package.sh'
[27.043s] INFO:colcon.colcon_core.shell:Creating package script '/home/pi/ros2_ws/install/teleop_twist_keyboard/share/teleop_twist_keyboard/package.bash'
[27.047s] INFO:colcon.colcon_core.shell:Creating package script '/home/pi/ros2_ws/install/teleop_twist_keyboard/share/teleop_twist_keyboard/package.zsh'
[27.051s] Level 1:colcon.colcon_core.environment:create_file_with_runtime_dependencies(/home/pi/ros2_ws/install/teleop_twist_keyboard/share/colcon-core/packages/teleop_twist_keyboard)
[27.054s] DEBUG:colcon.colcon_parallel_executor.executor.parallel:closing loop
[27.057s] DEBUG:colcon.colcon_parallel_executor.executor.parallel:loop closed
[27.057s] DEBUG:colcon.colcon_parallel_executor.executor.parallel:run_until_complete finished with '0'
[27.058s] DEBUG:colcon.colcon_core.event_reactor:joining thread
[27.111s] INFO:colcon.colcon_core.plugin_system:Skipping extension 'colcon_notification.desktop_notification.notify_send': Could not find 'notify-send'
[27.112s] INFO:colcon.colcon_core.plugin_system:Skipping extension 'colcon_notification.desktop_notification.terminal_notifier': Not used on non-Darwin systems
[27.113s] INFO:colcon.colcon_core.plugin_system:Skipping extension 'colcon_notification.desktop_notification.win32': Not used on non-Windows systems
[27.114s] INFO:colcon.colcon_notification.desktop_notification:Sending desktop notification using 'notify2'
[27.120s] DEBUG:colcon.colcon_notification.desktop_notification.notify2:Failed to initialize notify2: org.freedesktop.DBus.Error.ServiceUnknown: The name org.freedesktop.Notifications was not provided by any .service files
[27.121s] DEBUG:colcon.colcon_core.event_reactor:joined thread
[27.124s] INFO:colcon.colcon_core.shell:Creating prefix script '/home/pi/ros2_ws/install/local_setup.ps1'
[27.133s] INFO:colcon.colcon_core.shell:Creating prefix util module '/home/pi/ros2_ws/install/_local_setup_util_ps1.py'
[27.148s] INFO:colcon.colcon_core.shell:Creating prefix chain script '/home/pi/ros2_ws/install/setup.ps1'
[27.164s] INFO:colcon.colcon_core.shell:Creating prefix script '/home/pi/ros2_ws/install/local_setup.sh'
[27.170s] INFO:colcon.colcon_core.shell:Creating prefix util module '/home/pi/ros2_ws/install/_local_setup_util_sh.py'
[27.176s] INFO:colcon.colcon_core.shell:Creating prefix chain script '/home/pi/ros2_ws/install/setup.sh'
[27.193s] INFO:colcon.colcon_core.shell:Creating prefix script '/home/pi/ros2_ws/install/local_setup.bash'
[27.198s] INFO:colcon.colcon_core.shell:Creating prefix chain script '/home/pi/ros2_ws/install/setup.bash'
[27.215s] INFO:colcon.colcon_core.shell:Creating prefix script '/home/pi/ros2_ws/install/local_setup.zsh'
[27.221s] INFO:colcon.colcon_core.shell:Creating prefix chain script '/home/pi/ros2_ws/install/setup.zsh'
