running egg_info
creating ../../build/my_car_controller/my_car_controller.egg-info
writing ../../build/my_car_controller/my_car_controller.egg-info/PKG-INFO
writing dependency_links to ../../build/my_car_controller/my_car_controller.egg-info/dependency_links.txt
writing entry points to ../../build/my_car_controller/my_car_controller.egg-info/entry_points.txt
writing requirements to ../../build/my_car_controller/my_car_controller.egg-info/requires.txt
writing top-level names to ../../build/my_car_controller/my_car_controller.egg-info/top_level.txt
writing manifest file '../../build/my_car_controller/my_car_controller.egg-info/SOURCES.txt'
reading manifest file '../../build/my_car_controller/my_car_controller.egg-info/SOURCES.txt'
writing manifest file '../../build/my_car_controller/my_car_controller.egg-info/SOURCES.txt'
running build
running build_py
creating /home/pi/ros2_ws/build/my_car_controller/build
creating /home/pi/ros2_ws/build/my_car_controller/build/lib
creating /home/pi/ros2_ws/build/my_car_controller/build/lib/my_car_controller
copying my_car_controller/__init__.py -> /home/pi/ros2_ws/build/my_car_controller/build/lib/my_car_controller
copying my_car_controller/serial_bridge.py -> /home/pi/ros2_ws/build/my_car_controller/build/lib/my_car_controller
copying my_car_controller/serial_bridge_2.py -> /home/pi/ros2_ws/build/my_car_controller/build/lib/my_car_controller
running install
running install_lib
creating /home/pi/ros2_ws/install/my_car_controller/lib/python3.10/site-packages/my_car_controller
copying /home/pi/ros2_ws/build/my_car_controller/build/lib/my_car_controller/__init__.py -> /home/pi/ros2_ws/install/my_car_controller/lib/python3.10/site-packages/my_car_controller
copying /home/pi/ros2_ws/build/my_car_controller/build/lib/my_car_controller/serial_bridge.py -> /home/pi/ros2_ws/install/my_car_controller/lib/python3.10/site-packages/my_car_controller
copying /home/pi/ros2_ws/build/my_car_controller/build/lib/my_car_controller/serial_bridge_2.py -> /home/pi/ros2_ws/install/my_car_controller/lib/python3.10/site-packages/my_car_controller
byte-compiling /home/pi/ros2_ws/install/my_car_controller/lib/python3.10/site-packages/my_car_controller/__init__.py to __init__.cpython-310.pyc
byte-compiling /home/pi/ros2_ws/install/my_car_controller/lib/python3.10/site-packages/my_car_controller/serial_bridge.py to serial_bridge.cpython-310.pyc
byte-compiling /home/pi/ros2_ws/install/my_car_controller/lib/python3.10/site-packages/my_car_controller/serial_bridge_2.py to serial_bridge_2.cpython-310.pyc
running install_data
creating /home/pi/ros2_ws/install/my_car_controller/share/ament_index
creating /home/pi/ros2_ws/install/my_car_controller/share/ament_index/resource_index
creating /home/pi/ros2_ws/install/my_car_controller/share/ament_index/resource_index/packages
copying resource/my_car_controller -> /home/pi/ros2_ws/install/my_car_controller/share/ament_index/resource_index/packages
copying package.xml -> /home/pi/ros2_ws/install/my_car_controller/share/my_car_controller
running install_egg_info
Copying ../../build/my_car_controller/my_car_controller.egg-info to /home/pi/ros2_ws/install/my_car_controller/lib/python3.10/site-packages/my_car_controller-0.0.0-py3.10.egg-info
running install_scripts
Installing serial_bridge script to /home/pi/ros2_ws/install/my_car_controller/lib/my_car_controller
Installing serial_bridge_2 script to /home/pi/ros2_ws/install/my_car_controller/lib/my_car_controller
writing list of installed files to '/home/pi/ros2_ws/build/my_car_controller/install.log'
