[12.369s] Invoking command in '/home/pi/ros2_ws/src/my_car_controller': PYTHONPATH=/home/pi/ros2_ws/build/my_car_controller/prefix_override:/usr/lib/python3/dist-packages/colcon_core/task/python/colcon_distutils_commands:/home/pi/ros2_ws/install/my_car_controller/lib/python3.10/site-packages:${PYTHONPATH} /usr/bin/python3 -W ignore:setup.py install is deprecated -W ignore:easy_install command is deprecated setup.py egg_info --egg-base ../../build/my_car_controller build --build-base /home/pi/ros2_ws/build/my_car_controller/build install --record /home/pi/ros2_ws/build/my_car_controller/install.log --single-version-externally-managed install_data
[15.490s] running egg_info
[15.506s] creating ../../build/my_car_controller/my_car_controller.egg-info
[15.507s] writing ../../build/my_car_controller/my_car_controller.egg-info/PKG-INFO
[15.511s] writing dependency_links to ../../build/my_car_controller/my_car_controller.egg-info/dependency_links.txt
[15.521s] writing entry points to ../../build/my_car_controller/my_car_controller.egg-info/entry_points.txt
[15.523s] writing requirements to ../../build/my_car_controller/my_car_controller.egg-info/requires.txt
[15.524s] writing top-level names to ../../build/my_car_controller/my_car_controller.egg-info/top_level.txt
[15.527s] writing manifest file '../../build/my_car_controller/my_car_controller.egg-info/SOURCES.txt'
[15.573s] reading manifest file '../../build/my_car_controller/my_car_controller.egg-info/SOURCES.txt'
[15.582s] writing manifest file '../../build/my_car_controller/my_car_controller.egg-info/SOURCES.txt'
[15.583s] running build
[15.586s] running build_py
[15.598s] creating /home/pi/ros2_ws/build/my_car_controller/build
[15.600s] creating /home/pi/ros2_ws/build/my_car_controller/build/lib
[15.603s] creating /home/pi/ros2_ws/build/my_car_controller/build/lib/my_car_controller
[15.605s] copying my_car_controller/__init__.py -> /home/pi/ros2_ws/build/my_car_controller/build/lib/my_car_controller
[15.608s] copying my_car_controller/serial_bridge.py -> /home/pi/ros2_ws/build/my_car_controller/build/lib/my_car_controller
[15.619s] copying my_car_controller/serial_bridge_2.py -> /home/pi/ros2_ws/build/my_car_controller/build/lib/my_car_controller
[15.634s] running install
[15.658s] running install_lib
[15.667s] creating /home/pi/ros2_ws/install/my_car_controller/lib/python3.10/site-packages/my_car_controller
[15.669s] copying /home/pi/ros2_ws/build/my_car_controller/build/lib/my_car_controller/__init__.py -> /home/pi/ros2_ws/install/my_car_controller/lib/python3.10/site-packages/my_car_controller
[15.670s] copying /home/pi/ros2_ws/build/my_car_controller/build/lib/my_car_controller/serial_bridge.py -> /home/pi/ros2_ws/install/my_car_controller/lib/python3.10/site-packages/my_car_controller
[15.672s] copying /home/pi/ros2_ws/build/my_car_controller/build/lib/my_car_controller/serial_bridge_2.py -> /home/pi/ros2_ws/install/my_car_controller/lib/python3.10/site-packages/my_car_controller
[15.674s] byte-compiling /home/pi/ros2_ws/install/my_car_controller/lib/python3.10/site-packages/my_car_controller/__init__.py to __init__.cpython-310.pyc
[15.698s] byte-compiling /home/pi/ros2_ws/install/my_car_controller/lib/python3.10/site-packages/my_car_controller/serial_bridge.py to serial_bridge.cpython-310.pyc
[15.705s] byte-compiling /home/pi/ros2_ws/install/my_car_controller/lib/python3.10/site-packages/my_car_controller/serial_bridge_2.py to serial_bridge_2.cpython-310.pyc
[15.706s] running install_data
[15.708s] creating /home/pi/ros2_ws/install/my_car_controller/share/ament_index
[15.710s] creating /home/pi/ros2_ws/install/my_car_controller/share/ament_index/resource_index
[15.727s] creating /home/pi/ros2_ws/install/my_car_controller/share/ament_index/resource_index/packages
[15.728s] copying resource/my_car_controller -> /home/pi/ros2_ws/install/my_car_controller/share/ament_index/resource_index/packages
[15.730s] copying package.xml -> /home/pi/ros2_ws/install/my_car_controller/share/my_car_controller
[15.731s] running install_egg_info
[15.735s] Copying ../../build/my_car_controller/my_car_controller.egg-info to /home/pi/ros2_ws/install/my_car_controller/lib/python3.10/site-packages/my_car_controller-0.0.0-py3.10.egg-info
[15.738s] running install_scripts
[15.921s] Installing serial_bridge script to /home/pi/ros2_ws/install/my_car_controller/lib/my_car_controller
[15.928s] Installing serial_bridge_2 script to /home/pi/ros2_ws/install/my_car_controller/lib/my_car_controller
[15.933s] writing list of installed files to '/home/pi/ros2_ws/build/my_car_controller/install.log'
[19.019s] Invoked command in '/home/pi/ros2_ws/src/my_car_controller' returned '0': PYTHONPATH=/home/pi/ros2_ws/build/my_car_controller/prefix_override:/usr/lib/python3/dist-packages/colcon_core/task/python/colcon_distutils_commands:/home/pi/ros2_ws/install/my_car_controller/lib/python3.10/site-packages:${PYTHONPATH} /usr/bin/python3 -W ignore:setup.py install is deprecated -W ignore:easy_install command is deprecated setup.py egg_info --egg-base ../../build/my_car_controller build --build-base /home/pi/ros2_ws/build/my_car_controller/build install --record /home/pi/ros2_ws/build/my_car_controller/install.log --single-version-externally-managed install_data
