[11.330s] Invoking command in '/home/pi/ros2_ws/src/my_car_controller': PYTHONPATH=/home/pi/ros2_ws/build/my_car_controller/prefix_override:/usr/lib/python3/dist-packages/colcon_core/task/python/colcon_distutils_commands:/home/pi/ros2_ws/install/my_car_controller/lib/python3.10/site-packages:${PYTHONPATH} /usr/bin/python3 -W ignore:setup.py install is deprecated -W ignore:easy_install command is deprecated setup.py egg_info --egg-base ../../build/my_car_controller build --build-base /home/pi/ros2_ws/build/my_car_controller/build install --record /home/pi/ros2_ws/build/my_car_controller/install.log --single-version-externally-managed install_data
[14.561s] running egg_info
[14.569s] writing ../../build/my_car_controller/my_car_controller.egg-info/PKG-INFO
[14.573s] writing dependency_links to ../../build/my_car_controller/my_car_controller.egg-info/dependency_links.txt
[14.632s] writing entry points to ../../build/my_car_controller/my_car_controller.egg-info/entry_points.txt
[14.635s] writing requirements to ../../build/my_car_controller/my_car_controller.egg-info/requires.txt
[14.637s] writing top-level names to ../../build/my_car_controller/my_car_controller.egg-info/top_level.txt
[14.663s] reading manifest file '../../build/my_car_controller/my_car_controller.egg-info/SOURCES.txt'
[14.678s] writing manifest file '../../build/my_car_controller/my_car_controller.egg-info/SOURCES.txt'
[14.680s] running build
[14.681s] running build_py
[14.685s] running install
[14.689s] running install_lib
[14.706s] running install_data
[14.708s] running install_egg_info
[14.728s] removing '/home/pi/ros2_ws/install/my_car_controller/lib/python3.10/site-packages/my_car_controller-0.0.0-py3.10.egg-info' (and everything under it)
[14.733s] Copying ../../build/my_car_controller/my_car_controller.egg-info to /home/pi/ros2_ws/install/my_car_controller/lib/python3.10/site-packages/my_car_controller-0.0.0-py3.10.egg-info
[14.752s] running install_scripts
[15.014s] Installing serial_bridge script to /home/pi/ros2_ws/install/my_car_controller/lib/my_car_controller
[15.018s] Installing serial_bridge_2 script to /home/pi/ros2_ws/install/my_car_controller/lib/my_car_controller
[15.023s] writing list of installed files to '/home/pi/ros2_ws/build/my_car_controller/install.log'
[15.424s] Invoked command in '/home/pi/ros2_ws/src/my_car_controller' returned '0': PYTHONPATH=/home/pi/ros2_ws/build/my_car_controller/prefix_override:/usr/lib/python3/dist-packages/colcon_core/task/python/colcon_distutils_commands:/home/pi/ros2_ws/install/my_car_controller/lib/python3.10/site-packages:${PYTHONPATH} /usr/bin/python3 -W ignore:setup.py install is deprecated -W ignore:easy_install command is deprecated setup.py egg_info --egg-base ../../build/my_car_controller build --build-base /home/pi/ros2_ws/build/my_car_controller/build install --record /home/pi/ros2_ws/build/my_car_controller/install.log --single-version-externally-managed install_data
