[0.304s] Invoking command in '/home/pi/ros2_ws/build/joy_config_pkg': CMAKE_PREFIX_PATH=${CMAKE_PREFIX_PATH}:/home/pi/ros2_ws/install/teleop_twist_keyboard:/home/pi/ros2_ws/install/serial_control:/home/pi/ros2_ws/install/serbot_controller:/home/pi/ros2_ws/install/my_car_controller:/opt/ros/humble /usr/bin/cmake --build /home/pi/ros2_ws/build/joy_config_pkg -- -j4 -l4
[7.083s] Invoked command in '/home/pi/ros2_ws/build/joy_config_pkg' returned '0': CMAKE_PREFIX_PATH=${CMAKE_PREFIX_PATH}:/home/pi/ros2_ws/install/teleop_twist_keyboard:/home/pi/ros2_ws/install/serial_control:/home/pi/ros2_ws/install/serbot_controller:/home/pi/ros2_ws/install/my_car_controller:/opt/ros/humble /usr/bin/cmake --build /home/pi/ros2_ws/build/joy_config_pkg -- -j4 -l4
[7.179s] Invoking command in '/home/pi/ros2_ws/build/joy_config_pkg': CMAKE_PREFIX_PATH=${CMAKE_PREFIX_PATH}:/home/pi/ros2_ws/install/teleop_twist_keyboard:/home/pi/ros2_ws/install/serial_control:/home/pi/ros2_ws/install/serbot_controller:/home/pi/ros2_ws/install/my_car_controller:/opt/ros/humble /usr/bin/cmake --install /home/pi/ros2_ws/build/joy_config_pkg
[7.259s] -- Install configuration: ""
[7.260s] -- Up-to-date: /home/pi/ros2_ws/install/joy_config_pkg/share/ament_index/resource_index/package_run_dependencies/joy_config_pkg
[7.265s] -- Up-to-date: /home/pi/ros2_ws/install/joy_config_pkg/share/ament_index/resource_index/parent_prefix_path/joy_config_pkg
[7.267s] -- Up-to-date: /home/pi/ros2_ws/install/joy_config_pkg/share/joy_config_pkg/environment/ament_prefix_path.sh
[7.268s] -- Up-to-date: /home/pi/ros2_ws/install/joy_config_pkg/share/joy_config_pkg/environment/ament_prefix_path.dsv
[7.271s] -- Up-to-date: /home/pi/ros2_ws/install/joy_config_pkg/share/joy_config_pkg/environment/path.sh
[7.273s] -- Up-to-date: /home/pi/ros2_ws/install/joy_config_pkg/share/joy_config_pkg/environment/path.dsv
[7.275s] -- Up-to-date: /home/pi/ros2_ws/install/joy_config_pkg/share/joy_config_pkg/local_setup.bash
[7.276s] -- Up-to-date: /home/pi/ros2_ws/install/joy_config_pkg/share/joy_config_pkg/local_setup.sh
[7.277s] -- Up-to-date: /home/pi/ros2_ws/install/joy_config_pkg/share/joy_config_pkg/local_setup.zsh
[7.278s] -- Up-to-date: /home/pi/ros2_ws/install/joy_config_pkg/share/joy_config_pkg/local_setup.dsv
[7.286s] -- Installing: /home/pi/ros2_ws/install/joy_config_pkg/share/joy_config_pkg/package.dsv
[7.287s] -- Up-to-date: /home/pi/ros2_ws/install/joy_config_pkg/share/ament_index/resource_index/packages/joy_config_pkg
[7.288s] -- Up-to-date: /home/pi/ros2_ws/install/joy_config_pkg/share/joy_config_pkg/cmake/joy_config_pkgConfig.cmake
[7.289s] -- Up-to-date: /home/pi/ros2_ws/install/joy_config_pkg/share/joy_config_pkg/cmake/joy_config_pkgConfig-version.cmake
[7.291s] -- Up-to-date: /home/pi/ros2_ws/install/joy_config_pkg/share/joy_config_pkg/package.xml
[7.320s] Invoked command in '/home/pi/ros2_ws/build/joy_config_pkg' returned '0': CMAKE_PREFIX_PATH=${CMAKE_PREFIX_PATH}:/home/pi/ros2_ws/install/teleop_twist_keyboard:/home/pi/ros2_ws/install/serial_control:/home/pi/ros2_ws/install/serbot_controller:/home/pi/ros2_ws/install/my_car_controller:/opt/ros/humble /usr/bin/cmake --install /home/pi/ros2_ws/build/joy_config_pkg
