[14.379s] Invoking command in '/home/pi/ros2_ws/src/serbot_controller': PYTHONPATH=/home/pi/ros2_ws/build/serbot_controller/prefix_override:/usr/lib/python3/dist-packages/colcon_core/task/python/colcon_distutils_commands:/home/pi/ros2_ws/install/serbot_controller/lib/python3.10/site-packages:${PYTHONPATH} /usr/bin/python3 -W ignore:setup.py install is deprecated -W ignore:easy_install command is deprecated setup.py egg_info --egg-base ../../build/serbot_controller build --build-base /home/pi/ros2_ws/build/serbot_controller/build install --record /home/pi/ros2_ws/build/serbot_controller/install.log --single-version-externally-managed install_data
[17.654s] running egg_info
[17.664s] writing ../../build/serbot_controller/serbot_controller.egg-info/PKG-INFO
[17.671s] writing dependency_links to ../../build/serbot_controller/serbot_controller.egg-info/dependency_links.txt
[17.676s] writing entry points to ../../build/serbot_controller/serbot_controller.egg-info/entry_points.txt
[17.680s] writing requirements to ../../build/serbot_controller/serbot_controller.egg-info/requires.txt
[17.683s] writing top-level names to ../../build/serbot_controller/serbot_controller.egg-info/top_level.txt
[17.705s] reading manifest file '../../build/serbot_controller/serbot_controller.egg-info/SOURCES.txt'
[17.717s] writing manifest file '../../build/serbot_controller/serbot_controller.egg-info/SOURCES.txt'
[17.719s] running build
[17.720s] running build_py
[17.723s] running install
[17.726s] running install_lib
[17.742s] running install_data
[17.744s] running install_egg_info
[17.765s] removing '/home/pi/ros2_ws/install/serbot_controller/lib/python3.10/site-packages/serbot_controller-0.0.1-py3.10.egg-info' (and everything under it)
[17.770s] Copying ../../build/serbot_controller/serbot_controller.egg-info to /home/pi/ros2_ws/install/serbot_controller/lib/python3.10/site-packages/serbot_controller-0.0.1-py3.10.egg-info
[17.790s] running install_scripts
[18.057s] Installing serbot_controller script to /home/pi/ros2_ws/install/serbot_controller/lib/serbot_controller
[18.065s] writing list of installed files to '/home/pi/ros2_ws/build/serbot_controller/install.log'
[18.431s] Invoked command in '/home/pi/ros2_ws/src/serbot_controller' returned '0': PYTHONPATH=/home/pi/ros2_ws/build/serbot_controller/prefix_override:/usr/lib/python3/dist-packages/colcon_core/task/python/colcon_distutils_commands:/home/pi/ros2_ws/install/serbot_controller/lib/python3.10/site-packages:${PYTHONPATH} /usr/bin/python3 -W ignore:setup.py install is deprecated -W ignore:easy_install command is deprecated setup.py egg_info --egg-base ../../build/serbot_controller build --build-base /home/pi/ros2_ws/build/serbot_controller/build install --record /home/pi/ros2_ws/build/serbot_controller/install.log --single-version-externally-managed install_data
