running egg_info
writing ../../build/serial_control/serial_control.egg-info/PKG-INFO
writing dependency_links to ../../build/serial_control/serial_control.egg-info/dependency_links.txt
writing entry points to ../../build/serial_control/serial_control.egg-info/entry_points.txt
writing requirements to ../../build/serial_control/serial_control.egg-info/requires.txt
writing top-level names to ../../build/serial_control/serial_control.egg-info/top_level.txt
reading manifest file '../../build/serial_control/serial_control.egg-info/SOURCES.txt'
writing manifest file '../../build/serial_control/serial_control.egg-info/SOURCES.txt'
running build
running build_py
copying serial_control/serial_node.py -> /home/pi/ros2_ws/build/serial_control/build/lib/serial_control
running install
running install_lib
copying /home/pi/ros2_ws/build/serial_control/build/lib/serial_control/serial_node.py -> /home/pi/ros2_ws/install/serial_control/lib/python3.10/site-packages/serial_control
byte-compiling /home/pi/ros2_ws/install/serial_control/lib/python3.10/site-packages/serial_control/serial_node.py to serial_node.cpython-310.pyc
running install_data
running install_egg_info
removing '/home/pi/ros2_ws/install/serial_control/lib/python3.10/site-packages/serial_control-0.0.0-py3.10.egg-info' (and everything under it)
Copying ../../build/serial_control/serial_control.egg-info to /home/pi/ros2_ws/install/serial_control/lib/python3.10/site-packages/serial_control-0.0.0-py3.10.egg-info
running install_scripts
Installing serial_node script to /home/pi/ros2_ws/install/serial_control/lib/serial_control
writing list of installed files to '/home/pi/ros2_ws/build/serial_control/install.log'
