[0.176s] Invoking command in '/home/pi/ros2_ws/build/lslidar_driver': CMAKE_PREFIX_PATH=/home/pi/ros2_ws/install/lslidar_msgs:/home/pi/ros2_ws/install/serbot_description:/home/pi/ros2_ws/install/lslidar_driver:/home/pi/ros2_ws/install/joy_config_pkg:/home/pi/ros2_ws/install/teleop_twist_keyboard:/home/pi/ros2_ws/install/serial_control:/home/pi/ros2_ws/install/serbot_controller:/home/pi/ros2_ws/install/my_car_controller:/opt/ros/humble /usr/bin/cmake --build /home/pi/ros2_ws/build/lslidar_driver -- -j4 -l4
[1.424s] [100%] Built target lslidar_driver_node
[1.565s] Invoked command in '/home/pi/ros2_ws/build/lslidar_driver' returned '0': CMAKE_PREFIX_PATH=/home/pi/ros2_ws/install/lslidar_msgs:/home/pi/ros2_ws/install/serbot_description:/home/pi/ros2_ws/install/lslidar_driver:/home/pi/ros2_ws/install/joy_config_pkg:/home/pi/ros2_ws/install/teleop_twist_keyboard:/home/pi/ros2_ws/install/serial_control:/home/pi/ros2_ws/install/serbot_controller:/home/pi/ros2_ws/install/my_car_controller:/opt/ros/humble /usr/bin/cmake --build /home/pi/ros2_ws/build/lslidar_driver -- -j4 -l4
[1.593s] Invoking command in '/home/pi/ros2_ws/build/lslidar_driver': CMAKE_PREFIX_PATH=/home/pi/ros2_ws/install/lslidar_msgs:/home/pi/ros2_ws/install/serbot_description:/home/pi/ros2_ws/install/lslidar_driver:/home/pi/ros2_ws/install/joy_config_pkg:/home/pi/ros2_ws/install/teleop_twist_keyboard:/home/pi/ros2_ws/install/serial_control:/home/pi/ros2_ws/install/serbot_controller:/home/pi/ros2_ws/install/my_car_controller:/opt/ros/humble /usr/bin/cmake --install /home/pi/ros2_ws/build/lslidar_driver
[1.696s] -- Install configuration: ""
[1.701s] -- Up-to-date: /home/pi/ros2_ws/install/lslidar_driver/share/lslidar_driver/launch
[1.705s] -- Up-to-date: /home/pi/ros2_ws/install/lslidar_driver/share/lslidar_driver/launch/lslidar_double_launch.py
[1.709s] -- Up-to-date: /home/pi/ros2_ws/install/lslidar_driver/share/lslidar_driver/launch/lslidar_launch.py
[1.712s] -- Up-to-date: /home/pi/ros2_ws/install/lslidar_driver/share/lslidar_driver/params
[1.718s] -- Up-to-date: /home/pi/ros2_ws/install/lslidar_driver/share/lslidar_driver/params/lsx10_1.yaml
[1.720s] -- Up-to-date: /home/pi/ros2_ws/install/lslidar_driver/share/lslidar_driver/params/lsx10.yaml
[1.723s] -- Up-to-date: /home/pi/ros2_ws/install/lslidar_driver/share/lslidar_driver/params/lsx10_2.yaml
[1.726s] -- Up-to-date: /home/pi/ros2_ws/install/lslidar_driver/share/lslidar_driver/rviz
[1.728s] -- Up-to-date: /home/pi/ros2_ws/install/lslidar_driver/share/lslidar_driver/rviz/lslidar.rviz
[1.749s] -- Up-to-date: /home/pi/ros2_ws/install/lslidar_driver/lib/lslidar_driver/lslidar_driver_node
[1.751s] -- Up-to-date: /home/pi/ros2_ws/install/lslidar_driver/share/ament_index/resource_index/package_run_dependencies/lslidar_driver
[1.752s] -- Up-to-date: /home/pi/ros2_ws/install/lslidar_driver/share/ament_index/resource_index/parent_prefix_path/lslidar_driver
[1.754s] -- Up-to-date: /home/pi/ros2_ws/install/lslidar_driver/share/lslidar_driver/environment/ament_prefix_path.sh
[1.755s] -- Up-to-date: /home/pi/ros2_ws/install/lslidar_driver/share/lslidar_driver/environment/ament_prefix_path.dsv
[1.770s] -- Up-to-date: /home/pi/ros2_ws/install/lslidar_driver/share/lslidar_driver/environment/path.sh
[1.775s] -- Up-to-date: /home/pi/ros2_ws/install/lslidar_driver/share/lslidar_driver/environment/path.dsv
[1.785s] -- Up-to-date: /home/pi/ros2_ws/install/lslidar_driver/share/lslidar_driver/local_setup.bash
[1.788s] -- Up-to-date: /home/pi/ros2_ws/install/lslidar_driver/share/lslidar_driver/local_setup.sh
[1.802s] -- Up-to-date: /home/pi/ros2_ws/install/lslidar_driver/share/lslidar_driver/local_setup.zsh
[1.805s] -- Up-to-date: /home/pi/ros2_ws/install/lslidar_driver/share/lslidar_driver/local_setup.dsv
[1.808s] -- Installing: /home/pi/ros2_ws/install/lslidar_driver/share/lslidar_driver/package.dsv
[1.810s] -- Up-to-date: /home/pi/ros2_ws/install/lslidar_driver/share/ament_index/resource_index/packages/lslidar_driver
[1.813s] -- Up-to-date: /home/pi/ros2_ws/install/lslidar_driver/share/lslidar_driver/cmake/ament_cmake_export_dependencies-extras.cmake
[1.815s] -- Up-to-date: /home/pi/ros2_ws/install/lslidar_driver/share/lslidar_driver/cmake/ament_cmake_export_include_directories-extras.cmake
[1.816s] -- Up-to-date: /home/pi/ros2_ws/install/lslidar_driver/share/lslidar_driver/cmake/lslidar_driverConfig.cmake
[1.820s] -- Up-to-date: /home/pi/ros2_ws/install/lslidar_driver/share/lslidar_driver/cmake/lslidar_driverConfig-version.cmake
[1.821s] -- Up-to-date: /home/pi/ros2_ws/install/lslidar_driver/share/lslidar_driver/package.xml
[1.824s] Invoked command in '/home/pi/ros2_ws/build/lslidar_driver' returned '0': CMAKE_PREFIX_PATH=/home/pi/ros2_ws/install/lslidar_msgs:/home/pi/ros2_ws/install/serbot_description:/home/pi/ros2_ws/install/lslidar_driver:/home/pi/ros2_ws/install/joy_config_pkg:/home/pi/ros2_ws/install/teleop_twist_keyboard:/home/pi/ros2_ws/install/serial_control:/home/pi/ros2_ws/install/serbot_controller:/home/pi/ros2_ws/install/my_car_controller:/opt/ros/humble /usr/bin/cmake --install /home/pi/ros2_ws/build/lslidar_driver
