[0.274s] Invoking command in '/home/pi/ros2_ws/build/lslidar_msgs': CMAKE_PREFIX_PATH=${CMAKE_PREFIX_PATH}:/home/pi/ros2_ws/install/serial_control:/home/pi/ros2_ws/install/serbot_controller:/home/pi/ros2_ws/install/teleop_twist_keyboard:/home/pi/ros2_ws/install/my_car_controller:/opt/ros/humble /usr/bin/cmake /home/pi/ros2_ws/src/Lslidar_ROS2_driver/lslidar_msgs -DCMAKE_INSTALL_PREFIX=/home/pi/ros2_ws/install/lslidar_msgs
[3.421s] -- The C compiler identification is GNU 11.4.0
[3.425s] -- The CXX compiler identification is GNU 11.4.0
[3.428s] -- Detecting C compiler ABI info
[3.432s] -- Detecting C compiler ABI info - done
[3.433s] -- Check for working C compiler: /usr/bin/cc - skipped
[3.435s] -- Detecting C compile features
[3.443s] -- Detecting C compile features - done
[3.444s] -- Detecting CXX compiler ABI info
[3.446s] -- Detecting CXX compiler ABI info - done
[3.447s] -- Check for working CXX compiler: /usr/bin/c++ - skipped
[3.448s] -- Detecting CXX compile features
[3.449s] -- Detecting CXX compile features - done
[3.450s] -- Found ament_cmake: 1.3.11 (/opt/ros/humble/share/ament_cmake/cmake)
[5.350s] -- Found Python3: /usr/bin/python3 (found version "3.10.12") found components: Interpreter 
[6.963s] -- Found std_msgs: 4.8.0 (/opt/ros/humble/share/std_msgs/cmake)
[7.884s] -- Found rosidl_generator_c: 3.1.6 (/opt/ros/humble/share/rosidl_generator_c/cmake)
[8.032s] -- Found rosidl_adapter: 3.1.6 (/opt/ros/humble/share/rosidl_adapter/cmake)
[8.217s] -- Found rosidl_generator_cpp: 3.1.6 (/opt/ros/humble/share/rosidl_generator_cpp/cmake)
[8.465s] -- Using all available rosidl_typesupport_c: rosidl_typesupport_fastrtps_c;rosidl_typesupport_introspection_c
[8.800s] -- Using all available rosidl_typesupport_cpp: rosidl_typesupport_fastrtps_cpp;rosidl_typesupport_introspection_cpp
[9.273s] -- Found sensor_msgs: 4.8.0 (/opt/ros/humble/share/sensor_msgs/cmake)
[9.784s] -- Found rosidl_default_generators: 1.2.0 (/opt/ros/humble/share/rosidl_default_generators/cmake)
[10.011s] -- Found ament_lint_auto: 0.12.12 (/opt/ros/humble/share/ament_lint_auto/cmake)
[14.590s] -- Found ament_cmake_ros: 0.10.0 (/opt/ros/humble/share/ament_cmake_ros/cmake)
[19.469s] -- Using all available rosidl_typesupport_c: rosidl_typesupport_fastrtps_c;rosidl_typesupport_introspection_c
[21.285s] -- Using all available rosidl_typesupport_cpp: rosidl_typesupport_fastrtps_cpp;rosidl_typesupport_introspection_cpp
[21.587s] -- Found PythonInterp: /usr/bin/python3 (found suitable version "3.10.12", minimum required is "3.6") 
[21.644s] -- Found python_cmake_module: 0.10.0 (/opt/ros/humble/share/python_cmake_module/cmake)
[21.976s] -- Found PythonLibs: /usr/lib/aarch64-linux-gnu/libpython3.10.so (found suitable version "3.10.12", minimum required is "3.5") 
[21.978s] -- Using PYTHON_EXECUTABLE: /usr/bin/python3
[21.979s] -- Using PYTHON_INCLUDE_DIRS: /usr/include/python3.10
[21.981s] -- Using PYTHON_LIBRARIES: /usr/lib/aarch64-linux-gnu/libpython3.10.so
[22.286s] -- Found PythonExtra: .so  
[22.963s] -- Added test 'copyright' to check source files copyright and LICENSE
[23.018s] -- Added test 'lint_cmake' to check CMake code style
[23.049s] -- Added test 'xmllint' to check XML markup files
[23.158s] -- Configuring done
[23.749s] -- Generating done
[23.889s] -- Build files have been written to: /home/pi/ros2_ws/build/lslidar_msgs
[23.967s] Invoked command in '/home/pi/ros2_ws/build/lslidar_msgs' returned '0': CMAKE_PREFIX_PATH=${CMAKE_PREFIX_PATH}:/home/pi/ros2_ws/install/serial_control:/home/pi/ros2_ws/install/serbot_controller:/home/pi/ros2_ws/install/teleop_twist_keyboard:/home/pi/ros2_ws/install/my_car_controller:/opt/ros/humble /usr/bin/cmake /home/pi/ros2_ws/src/Lslidar_ROS2_driver/lslidar_msgs -DCMAKE_INSTALL_PREFIX=/home/pi/ros2_ws/install/lslidar_msgs
[23.980s] Invoking command in '/home/pi/ros2_ws/build/lslidar_msgs': CMAKE_PREFIX_PATH=${CMAKE_PREFIX_PATH}:/home/pi/ros2_ws/install/serial_control:/home/pi/ros2_ws/install/serbot_controller:/home/pi/ros2_ws/install/teleop_twist_keyboard:/home/pi/ros2_ws/install/my_car_controller:/opt/ros/humble /usr/bin/cmake --build /home/pi/ros2_ws/build/lslidar_msgs -- -j4 -l4
[24.406s] [  1%] [34m[1mGenerating C code for ROS interfaces[0m
[24.527s] [  3%] [34m[1mGenerating C++ code for ROS interfaces[0m
[24.598s] [  3%] Built target ament_cmake_python_copy_lslidar_msgs
[27.932s] running egg_info
[27.938s] creating lslidar_msgs.egg-info
[27.940s] writing lslidar_msgs.egg-info/PKG-INFO
[27.942s] writing dependency_links to lslidar_msgs.egg-info/dependency_links.txt
[27.945s] writing top-level names to lslidar_msgs.egg-info/top_level.txt
[27.948s] writing manifest file 'lslidar_msgs.egg-info/SOURCES.txt'
[27.968s] reading manifest file 'lslidar_msgs.egg-info/SOURCES.txt'
[27.974s] writing manifest file 'lslidar_msgs.egg-info/SOURCES.txt'
[28.233s] [  3%] Built target ament_cmake_python_build_lslidar_msgs_egg
[31.726s] [  3%] Built target lslidar_msgs__cpp
[31.775s] [  4%] [32mBuilding C object CMakeFiles/lslidar_msgs__rosidl_generator_c.dir/rosidl_generator_c/lslidar_msgs/msg/detail/lslidar_difop__functions.c.o[0m
[31.781s] [  6%] [32mBuilding C object CMakeFiles/lslidar_msgs__rosidl_generator_c.dir/rosidl_generator_c/lslidar_msgs/msg/detail/lslidar_packet__functions.c.o[0m
[31.795s] [  7%] [32mBuilding C object CMakeFiles/lslidar_msgs__rosidl_generator_c.dir/rosidl_generator_c/lslidar_msgs/msg/detail/lslidar_point__functions.c.o[0m
[31.842s] [  9%] [34m[1mGenerating C++ type support dispatch for ROS interfaces[0m
[32.428s] [ 11%] [34m[1mGenerating C++ type support for eProsima Fast-RTPS[0m
[32.438s] [ 12%] [32mBuilding C object CMakeFiles/lslidar_msgs__rosidl_generator_c.dir/rosidl_generator_c/lslidar_msgs/msg/detail/lslidar_scan__functions.c.o[0m
[32.467s] [ 14%] [34m[1mGenerating C++ introspection for ROS interfaces[0m
[33.085s] [ 15%] [32mBuilding C object CMakeFiles/lslidar_msgs__rosidl_generator_c.dir/rosidl_generator_c/lslidar_msgs/msg/detail/lslidar_sweep__functions.c.o[0m
[33.753s] [ 17%] [32m[1mLinking C shared library liblslidar_msgs__rosidl_generator_c.so[0m
[34.180s] [ 17%] Built target lslidar_msgs__rosidl_generator_c
[34.290s] [ 19%] [34m[1mGenerating C type support for eProsima Fast-RTPS[0m
[37.086s] [ 20%] [32mBuilding CXX object CMakeFiles/lslidar_msgs__rosidl_typesupport_cpp.dir/rosidl_typesupport_cpp/lslidar_msgs/msg/lslidar_difop__type_support.cpp.o[0m
[38.709s] [ 22%] [32mBuilding CXX object CMakeFiles/lslidar_msgs__rosidl_typesupport_introspection_cpp.dir/rosidl_typesupport_introspection_cpp/lslidar_msgs/msg/detail/lslidar_difop__type_support.cpp.o[0m
[39.205s] [ 23%] [32mBuilding CXX object CMakeFiles/lslidar_msgs__rosidl_typesupport_fastrtps_cpp.dir/rosidl_typesupport_fastrtps_cpp/lslidar_msgs/msg/detail/dds_fastrtps/lslidar_difop__type_support.cpp.o[0m
[40.733s] [ 25%] [32mBuilding CXX object CMakeFiles/lslidar_msgs__rosidl_typesupport_cpp.dir/rosidl_typesupport_cpp/lslidar_msgs/msg/lslidar_packet__type_support.cpp.o[0m
[40.928s] [ 26%] [32mBuilding CXX object CMakeFiles/lslidar_msgs__rosidl_typesupport_fastrtps_c.dir/rosidl_typesupport_fastrtps_c/lslidar_msgs/msg/detail/lslidar_difop__type_support_c.cpp.o[0m
[43.640s] [ 28%] [32mBuilding CXX object CMakeFiles/lslidar_msgs__rosidl_typesupport_introspection_cpp.dir/rosidl_typesupport_introspection_cpp/lslidar_msgs/msg/detail/lslidar_packet__type_support.cpp.o[0m
[44.412s] [ 30%] [32mBuilding CXX object CMakeFiles/lslidar_msgs__rosidl_typesupport_fastrtps_cpp.dir/rosidl_typesupport_fastrtps_cpp/lslidar_msgs/msg/detail/dds_fastrtps/lslidar_packet__type_support.cpp.o[0m
[44.424s] [ 31%] [32mBuilding CXX object CMakeFiles/lslidar_msgs__rosidl_typesupport_cpp.dir/rosidl_typesupport_cpp/lslidar_msgs/msg/lslidar_point__type_support.cpp.o[0m
[45.316s] [ 33%] [32mBuilding CXX object CMakeFiles/lslidar_msgs__rosidl_typesupport_fastrtps_c.dir/rosidl_typesupport_fastrtps_c/lslidar_msgs/msg/detail/lslidar_packet__type_support_c.cpp.o[0m
[48.004s] [ 34%] [32mBuilding CXX object CMakeFiles/lslidar_msgs__rosidl_typesupport_cpp.dir/rosidl_typesupport_cpp/lslidar_msgs/msg/lslidar_scan__type_support.cpp.o[0m
[48.701s] [ 36%] [32mBuilding CXX object CMakeFiles/lslidar_msgs__rosidl_typesupport_introspection_cpp.dir/rosidl_typesupport_introspection_cpp/lslidar_msgs/msg/detail/lslidar_point__type_support.cpp.o[0m
[49.626s] [ 38%] [32mBuilding CXX object CMakeFiles/lslidar_msgs__rosidl_typesupport_fastrtps_cpp.dir/rosidl_typesupport_fastrtps_cpp/lslidar_msgs/msg/detail/dds_fastrtps/lslidar_point__type_support.cpp.o[0m
[49.791s] [ 39%] [32mBuilding CXX object CMakeFiles/lslidar_msgs__rosidl_typesupport_fastrtps_c.dir/rosidl_typesupport_fastrtps_c/lslidar_msgs/msg/detail/lslidar_point__type_support_c.cpp.o[0m
[51.515s] [ 41%] [32mBuilding CXX object CMakeFiles/lslidar_msgs__rosidl_typesupport_cpp.dir/rosidl_typesupport_cpp/lslidar_msgs/msg/lslidar_sweep__type_support.cpp.o[0m
[53.627s] [ 42%] [32mBuilding CXX object CMakeFiles/lslidar_msgs__rosidl_typesupport_introspection_cpp.dir/rosidl_typesupport_introspection_cpp/lslidar_msgs/msg/detail/lslidar_scan__type_support.cpp.o[0m
[54.387s] [ 44%] [32mBuilding CXX object CMakeFiles/lslidar_msgs__rosidl_typesupport_fastrtps_c.dir/rosidl_typesupport_fastrtps_c/lslidar_msgs/msg/detail/lslidar_scan__type_support_c.cpp.o[0m
[54.843s] [ 46%] [32mBuilding CXX object CMakeFiles/lslidar_msgs__rosidl_typesupport_fastrtps_cpp.dir/rosidl_typesupport_fastrtps_cpp/lslidar_msgs/msg/detail/dds_fastrtps/lslidar_scan__type_support.cpp.o[0m
[55.187s] [ 47%] [32m[1mLinking CXX shared library liblslidar_msgs__rosidl_typesupport_cpp.so[0m
[55.636s] [ 47%] Built target lslidar_msgs__rosidl_typesupport_cpp
[55.727s] [ 49%] [32mBuilding CXX object CMakeFiles/lslidar_msgs__rosidl_typesupport_fastrtps_c.dir/rosidl_typesupport_fastrtps_c/lslidar_msgs/msg/detail/lslidar_sweep__type_support_c.cpp.o[0m
[58.930s] [ 50%] [32mBuilding CXX object CMakeFiles/lslidar_msgs__rosidl_typesupport_introspection_cpp.dir/rosidl_typesupport_introspection_cpp/lslidar_msgs/msg/detail/lslidar_sweep__type_support.cpp.o[0m
[59.041s] [ 52%] [32mBuilding CXX object CMakeFiles/lslidar_msgs__rosidl_typesupport_fastrtps_cpp.dir/rosidl_typesupport_fastrtps_cpp/lslidar_msgs/msg/detail/dds_fastrtps/lslidar_sweep__type_support.cpp.o[0m
[60.354s] [ 53%] [32m[1mLinking CXX shared library liblslidar_msgs__rosidl_typesupport_fastrtps_c.so[0m
[60.515s] [ 55%] [34m[1mGenerating C introspection for ROS interfaces[0m
[61.259s] [ 55%] Built target lslidar_msgs__rosidl_typesupport_fastrtps_c
[61.387s] [ 57%] [34m[1mGenerating C type support dispatch for ROS interfaces[0m
[64.540s] [ 58%] [32m[1mLinking CXX shared library liblslidar_msgs__rosidl_typesupport_fastrtps_cpp.so[0m
[64.684s] [ 60%] [32m[1mLinking CXX shared library liblslidar_msgs__rosidl_typesupport_introspection_cpp.so[0m
[65.330s] [ 60%] Built target lslidar_msgs__rosidl_typesupport_fastrtps_cpp
[65.471s] [ 60%] Built target lslidar_msgs__rosidl_typesupport_introspection_cpp
[66.624s] [ 61%] [32mBuilding CXX object CMakeFiles/lslidar_msgs__rosidl_typesupport_c.dir/rosidl_typesupport_c/lslidar_msgs/msg/lslidar_difop__type_support.cpp.o[0m
[66.633s] [ 63%] [32mBuilding CXX object CMakeFiles/lslidar_msgs__rosidl_typesupport_c.dir/rosidl_typesupport_c/lslidar_msgs/msg/lslidar_packet__type_support.cpp.o[0m
[66.660s] [ 65%] [32mBuilding CXX object CMakeFiles/lslidar_msgs__rosidl_typesupport_c.dir/rosidl_typesupport_c/lslidar_msgs/msg/lslidar_point__type_support.cpp.o[0m
[66.782s] [ 66%] [32mBuilding C object CMakeFiles/lslidar_msgs__rosidl_typesupport_introspection_c.dir/rosidl_typesupport_introspection_c/lslidar_msgs/msg/detail/lslidar_difop__type_support.c.o[0m
[67.020s] [ 68%] [32mBuilding C object CMakeFiles/lslidar_msgs__rosidl_typesupport_introspection_c.dir/rosidl_typesupport_introspection_c/lslidar_msgs/msg/detail/lslidar_packet__type_support.c.o[0m
[67.044s] [ 69%] [32mBuilding CXX object CMakeFiles/lslidar_msgs__rosidl_typesupport_c.dir/rosidl_typesupport_c/lslidar_msgs/msg/lslidar_scan__type_support.cpp.o[0m
[67.072s] [ 71%] [32mBuilding C object CMakeFiles/lslidar_msgs__rosidl_typesupport_introspection_c.dir/rosidl_typesupport_introspection_c/lslidar_msgs/msg/detail/lslidar_point__type_support.c.o[0m
[67.240s] [ 73%] [32mBuilding CXX object CMakeFiles/lslidar_msgs__rosidl_typesupport_c.dir/rosidl_typesupport_c/lslidar_msgs/msg/lslidar_sweep__type_support.cpp.o[0m
[67.443s] [ 74%] [32mBuilding C object CMakeFiles/lslidar_msgs__rosidl_typesupport_introspection_c.dir/rosidl_typesupport_introspection_c/lslidar_msgs/msg/detail/lslidar_scan__type_support.c.o[0m
[67.519s] [ 76%] [32mBuilding C object CMakeFiles/lslidar_msgs__rosidl_typesupport_introspection_c.dir/rosidl_typesupport_introspection_c/lslidar_msgs/msg/detail/lslidar_sweep__type_support.c.o[0m
[67.649s] [ 77%] [32m[1mLinking CXX shared library liblslidar_msgs__rosidl_typesupport_c.so[0m
[68.016s] [ 79%] [32m[1mLinking C shared library liblslidar_msgs__rosidl_typesupport_introspection_c.so[0m
[68.063s] [ 79%] Built target lslidar_msgs__rosidl_typesupport_c
[68.339s] [ 79%] Built target lslidar_msgs__rosidl_typesupport_introspection_c
[68.526s] [ 79%] Built target lslidar_msgs
[68.716s] [ 80%] [34m[1mGenerating Python code for ROS interfaces[0m
[77.958s] [ 80%] Built target lslidar_msgs__py
[78.156s] [ 82%] [32mBuilding C object CMakeFiles/lslidar_msgs__rosidl_generator_py.dir/rosidl_generator_py/lslidar_msgs/msg/_lslidar_difop_s.c.o[0m
[78.161s] [ 84%] [32mBuilding C object CMakeFiles/lslidar_msgs__rosidl_generator_py.dir/rosidl_generator_py/lslidar_msgs/msg/_lslidar_packet_s.c.o[0m
[78.168s] [ 85%] [32mBuilding C object CMakeFiles/lslidar_msgs__rosidl_generator_py.dir/rosidl_generator_py/lslidar_msgs/msg/_lslidar_point_s.c.o[0m
[78.176s] [ 87%] [32mBuilding C object CMakeFiles/lslidar_msgs__rosidl_generator_py.dir/rosidl_generator_py/lslidar_msgs/msg/_lslidar_scan_s.c.o[0m
[79.445s] [ 88%] [32mBuilding C object CMakeFiles/lslidar_msgs__rosidl_generator_py.dir/rosidl_generator_py/lslidar_msgs/msg/_lslidar_sweep_s.c.o[0m
[80.677s] [ 90%] [32m[1mLinking C shared library rosidl_generator_py/lslidar_msgs/liblslidar_msgs__rosidl_generator_py.so[0m
[81.111s] [ 90%] Built target lslidar_msgs__rosidl_generator_py
[81.313s] [ 92%] [32mBuilding C object CMakeFiles/lslidar_msgs__rosidl_typesupport_fastrtps_c__pyext.dir/rosidl_generator_py/lslidar_msgs/_lslidar_msgs_s.ep.rosidl_typesupport_fastrtps_c.c.o[0m
[81.319s] [ 93%] [32mBuilding C object CMakeFiles/lslidar_msgs__rosidl_typesupport_introspection_c__pyext.dir/rosidl_generator_py/lslidar_msgs/_lslidar_msgs_s.ep.rosidl_typesupport_introspection_c.c.o[0m
[81.327s] [ 95%] [32mBuilding C object CMakeFiles/lslidar_msgs__rosidl_typesupport_c__pyext.dir/rosidl_generator_py/lslidar_msgs/_lslidar_msgs_s.ep.rosidl_typesupport_c.c.o[0m
[82.850s] [ 96%] [32m[1mLinking C shared library rosidl_generator_py/lslidar_msgs/lslidar_msgs_s__rosidl_typesupport_c.cpython-310-aarch64-linux-gnu.so[0m
[82.854s] [ 98%] [32m[1mLinking C shared library rosidl_generator_py/lslidar_msgs/lslidar_msgs_s__rosidl_typesupport_introspection_c.cpython-310-aarch64-linux-gnu.so[0m
[82.869s] [100%] [32m[1mLinking C shared library rosidl_generator_py/lslidar_msgs/lslidar_msgs_s__rosidl_typesupport_fastrtps_c.cpython-310-aarch64-linux-gnu.so[0m
[83.345s] [100%] Built target lslidar_msgs__rosidl_typesupport_c__pyext
[83.357s] [100%] Built target lslidar_msgs__rosidl_typesupport_introspection_c__pyext
[83.369s] [100%] Built target lslidar_msgs__rosidl_typesupport_fastrtps_c__pyext
[83.475s] Invoked command in '/home/pi/ros2_ws/build/lslidar_msgs' returned '0': CMAKE_PREFIX_PATH=${CMAKE_PREFIX_PATH}:/home/pi/ros2_ws/install/serial_control:/home/pi/ros2_ws/install/serbot_controller:/home/pi/ros2_ws/install/teleop_twist_keyboard:/home/pi/ros2_ws/install/my_car_controller:/opt/ros/humble /usr/bin/cmake --build /home/pi/ros2_ws/build/lslidar_msgs -- -j4 -l4
[83.489s] Invoking command in '/home/pi/ros2_ws/build/lslidar_msgs': CMAKE_PREFIX_PATH=${CMAKE_PREFIX_PATH}:/home/pi/ros2_ws/install/serial_control:/home/pi/ros2_ws/install/serbot_controller:/home/pi/ros2_ws/install/teleop_twist_keyboard:/home/pi/ros2_ws/install/my_car_controller:/opt/ros/humble /usr/bin/cmake --install /home/pi/ros2_ws/build/lslidar_msgs
[83.560s] -- Install configuration: ""
[83.562s] -- Installing: /home/pi/ros2_ws/install/lslidar_msgs/share/ament_index/resource_index/rosidl_interfaces/lslidar_msgs
[83.565s] -- Installing: /home/pi/ros2_ws/install/lslidar_msgs/include/lslidar_msgs/lslidar_msgs
[83.567s] -- Installing: /home/pi/ros2_ws/install/lslidar_msgs/include/lslidar_msgs/lslidar_msgs/msg
[83.568s] -- Installing: /home/pi/ros2_ws/install/lslidar_msgs/include/lslidar_msgs/lslidar_msgs/msg/lslidar_point.h
[83.571s] -- Installing: /home/pi/ros2_ws/install/lslidar_msgs/include/lslidar_msgs/lslidar_msgs/msg/lslidar_scan.h
[83.574s] -- Installing: /home/pi/ros2_ws/install/lslidar_msgs/include/lslidar_msgs/lslidar_msgs/msg/lslidar_sweep.h
[83.576s] -- Installing: /home/pi/ros2_ws/install/lslidar_msgs/include/lslidar_msgs/lslidar_msgs/msg/rosidl_generator_c__visibility_control.h
[83.579s] -- Installing: /home/pi/ros2_ws/install/lslidar_msgs/include/lslidar_msgs/lslidar_msgs/msg/lslidar_packet.h
[83.582s] -- Installing: /home/pi/ros2_ws/install/lslidar_msgs/include/lslidar_msgs/lslidar_msgs/msg/detail
[83.584s] -- Installing: /home/pi/ros2_ws/install/lslidar_msgs/include/lslidar_msgs/lslidar_msgs/msg/detail/lslidar_sweep__functions.h
[83.587s] -- Installing: /home/pi/ros2_ws/install/lslidar_msgs/include/lslidar_msgs/lslidar_msgs/msg/detail/lslidar_point__type_support.h
[83.590s] -- Installing: /home/pi/ros2_ws/install/lslidar_msgs/include/lslidar_msgs/lslidar_msgs/msg/detail/lslidar_scan__struct.h
[83.593s] -- Installing: /home/pi/ros2_ws/install/lslidar_msgs/include/lslidar_msgs/lslidar_msgs/msg/detail/lslidar_difop__type_support.h
[83.596s] -- Installing: /home/pi/ros2_ws/install/lslidar_msgs/include/lslidar_msgs/lslidar_msgs/msg/detail/lslidar_difop__functions.c
[83.599s] -- Installing: /home/pi/ros2_ws/install/lslidar_msgs/include/lslidar_msgs/lslidar_msgs/msg/detail/lslidar_packet__struct.h
[83.602s] -- Installing: /home/pi/ros2_ws/install/lslidar_msgs/include/lslidar_msgs/lslidar_msgs/msg/detail/lslidar_sweep__functions.c
[83.605s] -- Installing: /home/pi/ros2_ws/install/lslidar_msgs/include/lslidar_msgs/lslidar_msgs/msg/detail/lslidar_scan__type_support.h
[83.608s] -- Installing: /home/pi/ros2_ws/install/lslidar_msgs/include/lslidar_msgs/lslidar_msgs/msg/detail/lslidar_point__functions.h
[83.611s] -- Installing: /home/pi/ros2_ws/install/lslidar_msgs/include/lslidar_msgs/lslidar_msgs/msg/detail/lslidar_packet__type_support.h
[83.614s] -- Installing: /home/pi/ros2_ws/install/lslidar_msgs/include/lslidar_msgs/lslidar_msgs/msg/detail/lslidar_scan__functions.h
[83.617s] -- Installing: /home/pi/ros2_ws/install/lslidar_msgs/include/lslidar_msgs/lslidar_msgs/msg/detail/lslidar_point__functions.c
[83.620s] -- Installing: /home/pi/ros2_ws/install/lslidar_msgs/include/lslidar_msgs/lslidar_msgs/msg/detail/lslidar_packet__functions.c
[83.624s] -- Installing: /home/pi/ros2_ws/install/lslidar_msgs/include/lslidar_msgs/lslidar_msgs/msg/detail/lslidar_difop__functions.h
[83.626s] -- Installing: /home/pi/ros2_ws/install/lslidar_msgs/include/lslidar_msgs/lslidar_msgs/msg/detail/lslidar_packet__functions.h
[83.629s] -- Installing: /home/pi/ros2_ws/install/lslidar_msgs/include/lslidar_msgs/lslidar_msgs/msg/detail/lslidar_sweep__struct.h
[83.632s] -- Installing: /home/pi/ros2_ws/install/lslidar_msgs/include/lslidar_msgs/lslidar_msgs/msg/detail/lslidar_sweep__type_support.h
[83.635s] -- Installing: /home/pi/ros2_ws/install/lslidar_msgs/include/lslidar_msgs/lslidar_msgs/msg/detail/lslidar_point__struct.h
[83.638s] -- Installing: /home/pi/ros2_ws/install/lslidar_msgs/include/lslidar_msgs/lslidar_msgs/msg/detail/lslidar_difop__struct.h
[83.641s] -- Installing: /home/pi/ros2_ws/install/lslidar_msgs/include/lslidar_msgs/lslidar_msgs/msg/detail/lslidar_scan__functions.c
[83.644s] -- Installing: /home/pi/ros2_ws/install/lslidar_msgs/include/lslidar_msgs/lslidar_msgs/msg/lslidar_difop.h
[83.648s] -- Installing: /home/pi/ros2_ws/install/lslidar_msgs/share/lslidar_msgs/environment/library_path.sh
[83.652s] -- Installing: /home/pi/ros2_ws/install/lslidar_msgs/share/lslidar_msgs/environment/library_path.dsv
[83.655s] -- Installing: /home/pi/ros2_ws/install/lslidar_msgs/lib/liblslidar_msgs__rosidl_generator_c.so
[83.663s] -- Set runtime path of "/home/pi/ros2_ws/install/lslidar_msgs/lib/liblslidar_msgs__rosidl_generator_c.so" to ""
[83.663s] -- Up-to-date: /home/pi/ros2_ws/install/lslidar_msgs/include/lslidar_msgs/lslidar_msgs
[83.665s] -- Up-to-date: /home/pi/ros2_ws/install/lslidar_msgs/include/lslidar_msgs/lslidar_msgs/msg
[83.666s] -- Installing: /home/pi/ros2_ws/install/lslidar_msgs/include/lslidar_msgs/lslidar_msgs/msg/rosidl_typesupport_fastrtps_c__visibility_control.h
[83.668s] -- Up-to-date: /home/pi/ros2_ws/install/lslidar_msgs/include/lslidar_msgs/lslidar_msgs/msg/detail
[83.670s] -- Installing: /home/pi/ros2_ws/install/lslidar_msgs/include/lslidar_msgs/lslidar_msgs/msg/detail/lslidar_point__rosidl_typesupport_fastrtps_c.h
[83.673s] -- Installing: /home/pi/ros2_ws/install/lslidar_msgs/include/lslidar_msgs/lslidar_msgs/msg/detail/lslidar_difop__rosidl_typesupport_fastrtps_c.h
[83.677s] -- Installing: /home/pi/ros2_ws/install/lslidar_msgs/include/lslidar_msgs/lslidar_msgs/msg/detail/lslidar_packet__rosidl_typesupport_fastrtps_c.h
[83.680s] -- Installing: /home/pi/ros2_ws/install/lslidar_msgs/include/lslidar_msgs/lslidar_msgs/msg/detail/lslidar_scan__rosidl_typesupport_fastrtps_c.h
[83.683s] -- Installing: /home/pi/ros2_ws/install/lslidar_msgs/include/lslidar_msgs/lslidar_msgs/msg/detail/lslidar_sweep__rosidl_typesupport_fastrtps_c.h
[83.687s] -- Installing: /home/pi/ros2_ws/install/lslidar_msgs/lib/liblslidar_msgs__rosidl_typesupport_fastrtps_c.so
[83.695s] -- Set runtime path of "/home/pi/ros2_ws/install/lslidar_msgs/lib/liblslidar_msgs__rosidl_typesupport_fastrtps_c.so" to ""
[83.696s] -- Up-to-date: /home/pi/ros2_ws/install/lslidar_msgs/include/lslidar_msgs/lslidar_msgs
[83.697s] -- Up-to-date: /home/pi/ros2_ws/install/lslidar_msgs/include/lslidar_msgs/lslidar_msgs/msg
[83.699s] -- Installing: /home/pi/ros2_ws/install/lslidar_msgs/include/lslidar_msgs/lslidar_msgs/msg/lslidar_packet.hpp
[83.700s] -- Installing: /home/pi/ros2_ws/install/lslidar_msgs/include/lslidar_msgs/lslidar_msgs/msg/lslidar_sweep.hpp
[83.703s] -- Installing: /home/pi/ros2_ws/install/lslidar_msgs/include/lslidar_msgs/lslidar_msgs/msg/lslidar_difop.hpp
[83.706s] -- Installing: /home/pi/ros2_ws/install/lslidar_msgs/include/lslidar_msgs/lslidar_msgs/msg/lslidar_point.hpp
[83.708s] -- Installing: /home/pi/ros2_ws/install/lslidar_msgs/include/lslidar_msgs/lslidar_msgs/msg/lslidar_scan.hpp
[83.711s] -- Up-to-date: /home/pi/ros2_ws/install/lslidar_msgs/include/lslidar_msgs/lslidar_msgs/msg/detail
[83.713s] -- Installing: /home/pi/ros2_ws/install/lslidar_msgs/include/lslidar_msgs/lslidar_msgs/msg/detail/lslidar_sweep__struct.hpp
[83.716s] -- Installing: /home/pi/ros2_ws/install/lslidar_msgs/include/lslidar_msgs/lslidar_msgs/msg/detail/lslidar_scan__builder.hpp
[83.719s] -- Installing: /home/pi/ros2_ws/install/lslidar_msgs/include/lslidar_msgs/lslidar_msgs/msg/detail/lslidar_point__type_support.hpp
[83.722s] -- Installing: /home/pi/ros2_ws/install/lslidar_msgs/include/lslidar_msgs/lslidar_msgs/msg/detail/lslidar_sweep__builder.hpp
[83.724s] -- Installing: /home/pi/ros2_ws/install/lslidar_msgs/include/lslidar_msgs/lslidar_msgs/msg/detail/lslidar_packet__struct.hpp
[83.727s] -- Installing: /home/pi/ros2_ws/install/lslidar_msgs/include/lslidar_msgs/lslidar_msgs/msg/detail/lslidar_difop__struct.hpp
[83.730s] -- Installing: /home/pi/ros2_ws/install/lslidar_msgs/include/lslidar_msgs/lslidar_msgs/msg/detail/lslidar_point__traits.hpp
[83.733s] -- Installing: /home/pi/ros2_ws/install/lslidar_msgs/include/lslidar_msgs/lslidar_msgs/msg/detail/lslidar_sweep__traits.hpp
[83.737s] -- Installing: /home/pi/ros2_ws/install/lslidar_msgs/include/lslidar_msgs/lslidar_msgs/msg/detail/lslidar_point__builder.hpp
[83.739s] -- Installing: /home/pi/ros2_ws/install/lslidar_msgs/include/lslidar_msgs/lslidar_msgs/msg/detail/lslidar_difop__builder.hpp
[83.743s] -- Installing: /home/pi/ros2_ws/install/lslidar_msgs/include/lslidar_msgs/lslidar_msgs/msg/detail/lslidar_scan__struct.hpp
[83.746s] -- Installing: /home/pi/ros2_ws/install/lslidar_msgs/include/lslidar_msgs/lslidar_msgs/msg/detail/lslidar_packet__traits.hpp
[83.749s] -- Installing: /home/pi/ros2_ws/install/lslidar_msgs/include/lslidar_msgs/lslidar_msgs/msg/detail/lslidar_difop__type_support.hpp
[83.752s] -- Installing: /home/pi/ros2_ws/install/lslidar_msgs/include/lslidar_msgs/lslidar_msgs/msg/detail/lslidar_sweep__type_support.hpp
[83.755s] -- Installing: /home/pi/ros2_ws/install/lslidar_msgs/include/lslidar_msgs/lslidar_msgs/msg/detail/lslidar_scan__traits.hpp
[83.758s] -- Installing: /home/pi/ros2_ws/install/lslidar_msgs/include/lslidar_msgs/lslidar_msgs/msg/detail/lslidar_difop__traits.hpp
[83.761s] -- Installing: /home/pi/ros2_ws/install/lslidar_msgs/include/lslidar_msgs/lslidar_msgs/msg/detail/lslidar_point__struct.hpp
[83.764s] -- Installing: /home/pi/ros2_ws/install/lslidar_msgs/include/lslidar_msgs/lslidar_msgs/msg/detail/lslidar_packet__type_support.hpp
[83.767s] -- Installing: /home/pi/ros2_ws/install/lslidar_msgs/include/lslidar_msgs/lslidar_msgs/msg/detail/lslidar_scan__type_support.hpp
[83.770s] -- Installing: /home/pi/ros2_ws/install/lslidar_msgs/include/lslidar_msgs/lslidar_msgs/msg/detail/lslidar_packet__builder.hpp
[83.773s] -- Installing: /home/pi/ros2_ws/install/lslidar_msgs/include/lslidar_msgs/lslidar_msgs/msg/rosidl_generator_cpp__visibility_control.hpp
[83.776s] -- Up-to-date: /home/pi/ros2_ws/install/lslidar_msgs/include/lslidar_msgs/lslidar_msgs
[83.777s] -- Up-to-date: /home/pi/ros2_ws/install/lslidar_msgs/include/lslidar_msgs/lslidar_msgs/msg
[83.778s] -- Installing: /home/pi/ros2_ws/install/lslidar_msgs/include/lslidar_msgs/lslidar_msgs/msg/rosidl_typesupport_fastrtps_cpp__visibility_control.h
[83.781s] -- Up-to-date: /home/pi/ros2_ws/install/lslidar_msgs/include/lslidar_msgs/lslidar_msgs/msg/detail
[83.782s] -- Installing: /home/pi/ros2_ws/install/lslidar_msgs/include/lslidar_msgs/lslidar_msgs/msg/detail/dds_fastrtps
[83.784s] -- Installing: /home/pi/ros2_ws/install/lslidar_msgs/include/lslidar_msgs/lslidar_msgs/msg/detail/lslidar_packet__rosidl_typesupport_fastrtps_cpp.hpp
[83.788s] -- Installing: /home/pi/ros2_ws/install/lslidar_msgs/include/lslidar_msgs/lslidar_msgs/msg/detail/lslidar_sweep__rosidl_typesupport_fastrtps_cpp.hpp
[83.791s] -- Installing: /home/pi/ros2_ws/install/lslidar_msgs/include/lslidar_msgs/lslidar_msgs/msg/detail/lslidar_scan__rosidl_typesupport_fastrtps_cpp.hpp
[83.795s] -- Installing: /home/pi/ros2_ws/install/lslidar_msgs/include/lslidar_msgs/lslidar_msgs/msg/detail/lslidar_difop__rosidl_typesupport_fastrtps_cpp.hpp
[83.798s] -- Installing: /home/pi/ros2_ws/install/lslidar_msgs/include/lslidar_msgs/lslidar_msgs/msg/detail/lslidar_point__rosidl_typesupport_fastrtps_cpp.hpp
[83.802s] -- Installing: /home/pi/ros2_ws/install/lslidar_msgs/lib/liblslidar_msgs__rosidl_typesupport_fastrtps_cpp.so
[83.810s] -- Set runtime path of "/home/pi/ros2_ws/install/lslidar_msgs/lib/liblslidar_msgs__rosidl_typesupport_fastrtps_cpp.so" to ""
[83.811s] -- Up-to-date: /home/pi/ros2_ws/install/lslidar_msgs/include/lslidar_msgs/lslidar_msgs
[83.813s] -- Up-to-date: /home/pi/ros2_ws/install/lslidar_msgs/include/lslidar_msgs/lslidar_msgs/msg
[83.814s] -- Up-to-date: /home/pi/ros2_ws/install/lslidar_msgs/include/lslidar_msgs/lslidar_msgs/msg/detail
[83.815s] -- Installing: /home/pi/ros2_ws/install/lslidar_msgs/include/lslidar_msgs/lslidar_msgs/msg/detail/lslidar_sweep__rosidl_typesupport_introspection_c.h
[83.818s] -- Installing: /home/pi/ros2_ws/install/lslidar_msgs/include/lslidar_msgs/lslidar_msgs/msg/detail/lslidar_difop__rosidl_typesupport_introspection_c.h
[83.821s] -- Installing: /home/pi/ros2_ws/install/lslidar_msgs/include/lslidar_msgs/lslidar_msgs/msg/detail/lslidar_scan__type_support.c
[83.824s] -- Installing: /home/pi/ros2_ws/install/lslidar_msgs/include/lslidar_msgs/lslidar_msgs/msg/detail/lslidar_point__rosidl_typesupport_introspection_c.h
[83.827s] -- Installing: /home/pi/ros2_ws/install/lslidar_msgs/include/lslidar_msgs/lslidar_msgs/msg/detail/lslidar_scan__rosidl_typesupport_introspection_c.h
[83.831s] -- Installing: /home/pi/ros2_ws/install/lslidar_msgs/include/lslidar_msgs/lslidar_msgs/msg/detail/lslidar_packet__rosidl_typesupport_introspection_c.h
[83.834s] -- Installing: /home/pi/ros2_ws/install/lslidar_msgs/include/lslidar_msgs/lslidar_msgs/msg/detail/lslidar_difop__type_support.c
[83.837s] -- Installing: /home/pi/ros2_ws/install/lslidar_msgs/include/lslidar_msgs/lslidar_msgs/msg/detail/lslidar_packet__type_support.c
[83.840s] -- Installing: /home/pi/ros2_ws/install/lslidar_msgs/include/lslidar_msgs/lslidar_msgs/msg/detail/lslidar_point__type_support.c
[83.843s] -- Installing: /home/pi/ros2_ws/install/lslidar_msgs/include/lslidar_msgs/lslidar_msgs/msg/detail/lslidar_sweep__type_support.c
[83.847s] -- Installing: /home/pi/ros2_ws/install/lslidar_msgs/include/lslidar_msgs/lslidar_msgs/msg/rosidl_typesupport_introspection_c__visibility_control.h
[83.851s] -- Installing: /home/pi/ros2_ws/install/lslidar_msgs/lib/liblslidar_msgs__rosidl_typesupport_introspection_c.so
[83.858s] -- Set runtime path of "/home/pi/ros2_ws/install/lslidar_msgs/lib/liblslidar_msgs__rosidl_typesupport_introspection_c.so" to ""
[83.859s] -- Installing: /home/pi/ros2_ws/install/lslidar_msgs/lib/liblslidar_msgs__rosidl_typesupport_c.so
[83.866s] -- Set runtime path of "/home/pi/ros2_ws/install/lslidar_msgs/lib/liblslidar_msgs__rosidl_typesupport_c.so" to ""
[83.866s] -- Up-to-date: /home/pi/ros2_ws/install/lslidar_msgs/include/lslidar_msgs/lslidar_msgs
[83.868s] -- Up-to-date: /home/pi/ros2_ws/install/lslidar_msgs/include/lslidar_msgs/lslidar_msgs/msg
[83.868s] -- Up-to-date: /home/pi/ros2_ws/install/lslidar_msgs/include/lslidar_msgs/lslidar_msgs/msg/detail
[83.870s] -- Installing: /home/pi/ros2_ws/install/lslidar_msgs/include/lslidar_msgs/lslidar_msgs/msg/detail/lslidar_point__type_support.cpp
[83.873s] -- Installing: /home/pi/ros2_ws/install/lslidar_msgs/include/lslidar_msgs/lslidar_msgs/msg/detail/lslidar_packet__rosidl_typesupport_introspection_cpp.hpp
[83.876s] -- Installing: /home/pi/ros2_ws/install/lslidar_msgs/include/lslidar_msgs/lslidar_msgs/msg/detail/lslidar_packet__type_support.cpp
[83.880s] -- Installing: /home/pi/ros2_ws/install/lslidar_msgs/include/lslidar_msgs/lslidar_msgs/msg/detail/lslidar_sweep__type_support.cpp
[83.883s] -- Installing: /home/pi/ros2_ws/install/lslidar_msgs/include/lslidar_msgs/lslidar_msgs/msg/detail/lslidar_scan__rosidl_typesupport_introspection_cpp.hpp
[83.886s] -- Installing: /home/pi/ros2_ws/install/lslidar_msgs/include/lslidar_msgs/lslidar_msgs/msg/detail/lslidar_difop__type_support.cpp
[83.889s] -- Installing: /home/pi/ros2_ws/install/lslidar_msgs/include/lslidar_msgs/lslidar_msgs/msg/detail/lslidar_difop__rosidl_typesupport_introspection_cpp.hpp
[83.893s] -- Installing: /home/pi/ros2_ws/install/lslidar_msgs/include/lslidar_msgs/lslidar_msgs/msg/detail/lslidar_sweep__rosidl_typesupport_introspection_cpp.hpp
[83.896s] -- Installing: /home/pi/ros2_ws/install/lslidar_msgs/include/lslidar_msgs/lslidar_msgs/msg/detail/lslidar_scan__type_support.cpp
[83.901s] -- Installing: /home/pi/ros2_ws/install/lslidar_msgs/include/lslidar_msgs/lslidar_msgs/msg/detail/lslidar_point__rosidl_typesupport_introspection_cpp.hpp
[83.904s] -- Installing: /home/pi/ros2_ws/install/lslidar_msgs/lib/liblslidar_msgs__rosidl_typesupport_introspection_cpp.so
[83.913s] -- Set runtime path of "/home/pi/ros2_ws/install/lslidar_msgs/lib/liblslidar_msgs__rosidl_typesupport_introspection_cpp.so" to ""
[83.915s] -- Installing: /home/pi/ros2_ws/install/lslidar_msgs/lib/liblslidar_msgs__rosidl_typesupport_cpp.so
[83.921s] -- Set runtime path of "/home/pi/ros2_ws/install/lslidar_msgs/lib/liblslidar_msgs__rosidl_typesupport_cpp.so" to ""
[83.922s] -- Installing: /home/pi/ros2_ws/install/lslidar_msgs/share/lslidar_msgs/environment/pythonpath.sh
[83.925s] -- Installing: /home/pi/ros2_ws/install/lslidar_msgs/share/lslidar_msgs/environment/pythonpath.dsv
[83.928s] -- Installing: /home/pi/ros2_ws/install/lslidar_msgs/local/lib/python3.10/dist-packages/lslidar_msgs-1.2.0-py3.10.egg-info
[83.930s] -- Installing: /home/pi/ros2_ws/install/lslidar_msgs/local/lib/python3.10/dist-packages/lslidar_msgs-1.2.0-py3.10.egg-info/PKG-INFO
[83.933s] -- Installing: /home/pi/ros2_ws/install/lslidar_msgs/local/lib/python3.10/dist-packages/lslidar_msgs-1.2.0-py3.10.egg-info/top_level.txt
[83.936s] -- Installing: /home/pi/ros2_ws/install/lslidar_msgs/local/lib/python3.10/dist-packages/lslidar_msgs-1.2.0-py3.10.egg-info/SOURCES.txt
[83.939s] -- Installing: /home/pi/ros2_ws/install/lslidar_msgs/local/lib/python3.10/dist-packages/lslidar_msgs-1.2.0-py3.10.egg-info/dependency_links.txt
[83.942s] -- Installing: /home/pi/ros2_ws/install/lslidar_msgs/local/lib/python3.10/dist-packages/lslidar_msgs
[83.944s] -- Installing: /home/pi/ros2_ws/install/lslidar_msgs/local/lib/python3.10/dist-packages/lslidar_msgs/_lslidar_msgs_s.ep.rosidl_typesupport_introspection_c.c
[83.948s] -- Installing: /home/pi/ros2_ws/install/lslidar_msgs/local/lib/python3.10/dist-packages/lslidar_msgs/_lslidar_msgs_s.ep.rosidl_typesupport_c.c
[83.951s] -- Installing: /home/pi/ros2_ws/install/lslidar_msgs/local/lib/python3.10/dist-packages/lslidar_msgs/__init__.py
[83.954s] -- Installing: /home/pi/ros2_ws/install/lslidar_msgs/local/lib/python3.10/dist-packages/lslidar_msgs/lslidar_msgs_s__rosidl_typesupport_fastrtps_c.cpython-310-aarch64-linux-gnu.so
[83.958s] -- Installing: /home/pi/ros2_ws/install/lslidar_msgs/local/lib/python3.10/dist-packages/lslidar_msgs/liblslidar_msgs__rosidl_generator_py.so
[83.962s] -- Installing: /home/pi/ros2_ws/install/lslidar_msgs/local/lib/python3.10/dist-packages/lslidar_msgs/lslidar_msgs_s__rosidl_typesupport_c.cpython-310-aarch64-linux-gnu.so
[83.965s] -- Installing: /home/pi/ros2_ws/install/lslidar_msgs/local/lib/python3.10/dist-packages/lslidar_msgs/msg
[83.967s] -- Installing: /home/pi/ros2_ws/install/lslidar_msgs/local/lib/python3.10/dist-packages/lslidar_msgs/msg/__init__.py
[83.970s] -- Installing: /home/pi/ros2_ws/install/lslidar_msgs/local/lib/python3.10/dist-packages/lslidar_msgs/msg/_lslidar_scan.py
[83.973s] -- Installing: /home/pi/ros2_ws/install/lslidar_msgs/local/lib/python3.10/dist-packages/lslidar_msgs/msg/_lslidar_scan_s.c
[83.976s] -- Installing: /home/pi/ros2_ws/install/lslidar_msgs/local/lib/python3.10/dist-packages/lslidar_msgs/msg/_lslidar_packet_s.c
[83.979s] -- Installing: /home/pi/ros2_ws/install/lslidar_msgs/local/lib/python3.10/dist-packages/lslidar_msgs/msg/_lslidar_difop.py
[83.982s] -- Installing: /home/pi/ros2_ws/install/lslidar_msgs/local/lib/python3.10/dist-packages/lslidar_msgs/msg/_lslidar_sweep.py
[83.985s] -- Installing: /home/pi/ros2_ws/install/lslidar_msgs/local/lib/python3.10/dist-packages/lslidar_msgs/msg/_lslidar_point_s.c
[83.988s] -- Installing: /home/pi/ros2_ws/install/lslidar_msgs/local/lib/python3.10/dist-packages/lslidar_msgs/msg/_lslidar_packet.py
[83.991s] -- Installing: /home/pi/ros2_ws/install/lslidar_msgs/local/lib/python3.10/dist-packages/lslidar_msgs/msg/_lslidar_point.py
[83.994s] -- Installing: /home/pi/ros2_ws/install/lslidar_msgs/local/lib/python3.10/dist-packages/lslidar_msgs/msg/_lslidar_difop_s.c
[83.996s] -- Installing: /home/pi/ros2_ws/install/lslidar_msgs/local/lib/python3.10/dist-packages/lslidar_msgs/msg/_lslidar_sweep_s.c
[84.000s] -- Installing: /home/pi/ros2_ws/install/lslidar_msgs/local/lib/python3.10/dist-packages/lslidar_msgs/lslidar_msgs_s__rosidl_typesupport_introspection_c.cpython-310-aarch64-linux-gnu.so
[84.004s] -- Installing: /home/pi/ros2_ws/install/lslidar_msgs/local/lib/python3.10/dist-packages/lslidar_msgs/_lslidar_msgs_s.ep.rosidl_typesupport_fastrtps_c.c
[84.451s] Listing '/home/pi/ros2_ws/install/lslidar_msgs/local/lib/python3.10/dist-packages/lslidar_msgs'...
[84.453s] Compiling '/home/pi/ros2_ws/install/lslidar_msgs/local/lib/python3.10/dist-packages/lslidar_msgs/__init__.py'...
[84.454s] Listing '/home/pi/ros2_ws/install/lslidar_msgs/local/lib/python3.10/dist-packages/lslidar_msgs/msg'...
[84.456s] Compiling '/home/pi/ros2_ws/install/lslidar_msgs/local/lib/python3.10/dist-packages/lslidar_msgs/msg/__init__.py'...
[84.457s] Compiling '/home/pi/ros2_ws/install/lslidar_msgs/local/lib/python3.10/dist-packages/lslidar_msgs/msg/_lslidar_difop.py'...
[84.459s] Compiling '/home/pi/ros2_ws/install/lslidar_msgs/local/lib/python3.10/dist-packages/lslidar_msgs/msg/_lslidar_packet.py'...
[84.460s] Compiling '/home/pi/ros2_ws/install/lslidar_msgs/local/lib/python3.10/dist-packages/lslidar_msgs/msg/_lslidar_point.py'...
[84.462s] Compiling '/home/pi/ros2_ws/install/lslidar_msgs/local/lib/python3.10/dist-packages/lslidar_msgs/msg/_lslidar_scan.py'...
[84.464s] Compiling '/home/pi/ros2_ws/install/lslidar_msgs/local/lib/python3.10/dist-packages/lslidar_msgs/msg/_lslidar_sweep.py'...
[84.500s] -- Installing: /home/pi/ros2_ws/install/lslidar_msgs/local/lib/python3.10/dist-packages/lslidar_msgs/lslidar_msgs_s__rosidl_typesupport_fastrtps_c.cpython-310-aarch64-linux-gnu.so
[84.508s] -- Set runtime path of "/home/pi/ros2_ws/install/lslidar_msgs/local/lib/python3.10/dist-packages/lslidar_msgs/lslidar_msgs_s__rosidl_typesupport_fastrtps_c.cpython-310-aarch64-linux-gnu.so" to ""
[84.512s] -- Installing: /home/pi/ros2_ws/install/lslidar_msgs/local/lib/python3.10/dist-packages/lslidar_msgs/lslidar_msgs_s__rosidl_typesupport_introspection_c.cpython-310-aarch64-linux-gnu.so
[84.520s] -- Set runtime path of "/home/pi/ros2_ws/install/lslidar_msgs/local/lib/python3.10/dist-packages/lslidar_msgs/lslidar_msgs_s__rosidl_typesupport_introspection_c.cpython-310-aarch64-linux-gnu.so" to ""
[84.524s] -- Installing: /home/pi/ros2_ws/install/lslidar_msgs/local/lib/python3.10/dist-packages/lslidar_msgs/lslidar_msgs_s__rosidl_typesupport_c.cpython-310-aarch64-linux-gnu.so
[84.532s] -- Set runtime path of "/home/pi/ros2_ws/install/lslidar_msgs/local/lib/python3.10/dist-packages/lslidar_msgs/lslidar_msgs_s__rosidl_typesupport_c.cpython-310-aarch64-linux-gnu.so" to ""
[84.533s] -- Installing: /home/pi/ros2_ws/install/lslidar_msgs/lib/liblslidar_msgs__rosidl_generator_py.so
[84.540s] -- Set runtime path of "/home/pi/ros2_ws/install/lslidar_msgs/lib/liblslidar_msgs__rosidl_generator_py.so" to ""
[84.542s] -- Installing: /home/pi/ros2_ws/install/lslidar_msgs/share/lslidar_msgs/msg/LslidarDifop.idl
[84.545s] -- Installing: /home/pi/ros2_ws/install/lslidar_msgs/share/lslidar_msgs/msg/LslidarPacket.idl
[84.548s] -- Installing: /home/pi/ros2_ws/install/lslidar_msgs/share/lslidar_msgs/msg/LslidarPoint.idl
[84.551s] -- Installing: /home/pi/ros2_ws/install/lslidar_msgs/share/lslidar_msgs/msg/LslidarScan.idl
[84.554s] -- Installing: /home/pi/ros2_ws/install/lslidar_msgs/share/lslidar_msgs/msg/LslidarSweep.idl
[84.557s] -- Installing: /home/pi/ros2_ws/install/lslidar_msgs/share/lslidar_msgs/msg/LslidarDifop.msg
[84.560s] -- Installing: /home/pi/ros2_ws/install/lslidar_msgs/share/lslidar_msgs/msg/LslidarPacket.msg
[84.563s] -- Installing: /home/pi/ros2_ws/install/lslidar_msgs/share/lslidar_msgs/msg/LslidarPoint.msg
[84.565s] -- Installing: /home/pi/ros2_ws/install/lslidar_msgs/share/lslidar_msgs/msg/LslidarScan.msg
[84.568s] -- Installing: /home/pi/ros2_ws/install/lslidar_msgs/share/lslidar_msgs/msg/LslidarSweep.msg
[84.572s] -- Installing: /home/pi/ros2_ws/install/lslidar_msgs/share/ament_index/resource_index/package_run_dependencies/lslidar_msgs
[84.576s] -- Installing: /home/pi/ros2_ws/install/lslidar_msgs/share/ament_index/resource_index/parent_prefix_path/lslidar_msgs
[84.579s] -- Installing: /home/pi/ros2_ws/install/lslidar_msgs/share/lslidar_msgs/environment/ament_prefix_path.sh
[84.582s] -- Installing: /home/pi/ros2_ws/install/lslidar_msgs/share/lslidar_msgs/environment/ament_prefix_path.dsv
[84.585s] -- Installing: /home/pi/ros2_ws/install/lslidar_msgs/share/lslidar_msgs/environment/path.sh
[84.588s] -- Installing: /home/pi/ros2_ws/install/lslidar_msgs/share/lslidar_msgs/environment/path.dsv
[84.591s] -- Installing: /home/pi/ros2_ws/install/lslidar_msgs/share/lslidar_msgs/local_setup.bash
[84.594s] -- Installing: /home/pi/ros2_ws/install/lslidar_msgs/share/lslidar_msgs/local_setup.sh
[84.597s] -- Installing: /home/pi/ros2_ws/install/lslidar_msgs/share/lslidar_msgs/local_setup.zsh
[84.600s] -- Installing: /home/pi/ros2_ws/install/lslidar_msgs/share/lslidar_msgs/local_setup.dsv
[84.603s] -- Installing: /home/pi/ros2_ws/install/lslidar_msgs/share/lslidar_msgs/package.dsv
[84.606s] -- Installing: /home/pi/ros2_ws/install/lslidar_msgs/share/ament_index/resource_index/packages/lslidar_msgs
[84.610s] -- Installing: /home/pi/ros2_ws/install/lslidar_msgs/share/lslidar_msgs/cmake/export_lslidar_msgs__rosidl_generator_cExport.cmake
[84.614s] -- Installing: /home/pi/ros2_ws/install/lslidar_msgs/share/lslidar_msgs/cmake/export_lslidar_msgs__rosidl_generator_cExport-noconfig.cmake
[84.618s] -- Installing: /home/pi/ros2_ws/install/lslidar_msgs/share/lslidar_msgs/cmake/export_lslidar_msgs__rosidl_typesupport_fastrtps_cExport.cmake
[84.621s] -- Installing: /home/pi/ros2_ws/install/lslidar_msgs/share/lslidar_msgs/cmake/export_lslidar_msgs__rosidl_typesupport_fastrtps_cExport-noconfig.cmake
[84.625s] -- Installing: /home/pi/ros2_ws/install/lslidar_msgs/share/lslidar_msgs/cmake/export_lslidar_msgs__rosidl_generator_cppExport.cmake
[84.629s] -- Installing: /home/pi/ros2_ws/install/lslidar_msgs/share/lslidar_msgs/cmake/export_lslidar_msgs__rosidl_typesupport_fastrtps_cppExport.cmake
[84.633s] -- Installing: /home/pi/ros2_ws/install/lslidar_msgs/share/lslidar_msgs/cmake/export_lslidar_msgs__rosidl_typesupport_fastrtps_cppExport-noconfig.cmake
[84.637s] -- Installing: /home/pi/ros2_ws/install/lslidar_msgs/share/lslidar_msgs/cmake/lslidar_msgs__rosidl_typesupport_introspection_cExport.cmake
[84.640s] -- Installing: /home/pi/ros2_ws/install/lslidar_msgs/share/lslidar_msgs/cmake/lslidar_msgs__rosidl_typesupport_introspection_cExport-noconfig.cmake
[84.644s] -- Installing: /home/pi/ros2_ws/install/lslidar_msgs/share/lslidar_msgs/cmake/lslidar_msgs__rosidl_typesupport_cExport.cmake
[84.648s] -- Installing: /home/pi/ros2_ws/install/lslidar_msgs/share/lslidar_msgs/cmake/lslidar_msgs__rosidl_typesupport_cExport-noconfig.cmake
[84.652s] -- Installing: /home/pi/ros2_ws/install/lslidar_msgs/share/lslidar_msgs/cmake/lslidar_msgs__rosidl_typesupport_introspection_cppExport.cmake
[84.656s] -- Installing: /home/pi/ros2_ws/install/lslidar_msgs/share/lslidar_msgs/cmake/lslidar_msgs__rosidl_typesupport_introspection_cppExport-noconfig.cmake
[84.660s] -- Installing: /home/pi/ros2_ws/install/lslidar_msgs/share/lslidar_msgs/cmake/lslidar_msgs__rosidl_typesupport_cppExport.cmake
[84.664s] -- Installing: /home/pi/ros2_ws/install/lslidar_msgs/share/lslidar_msgs/cmake/lslidar_msgs__rosidl_typesupport_cppExport-noconfig.cmake
[84.667s] -- Installing: /home/pi/ros2_ws/install/lslidar_msgs/share/lslidar_msgs/cmake/export_lslidar_msgs__rosidl_generator_pyExport.cmake
[84.671s] -- Installing: /home/pi/ros2_ws/install/lslidar_msgs/share/lslidar_msgs/cmake/export_lslidar_msgs__rosidl_generator_pyExport-noconfig.cmake
[84.674s] -- Installing: /home/pi/ros2_ws/install/lslidar_msgs/share/lslidar_msgs/cmake/rosidl_cmake-extras.cmake
[84.677s] -- Installing: /home/pi/ros2_ws/install/lslidar_msgs/share/lslidar_msgs/cmake/ament_cmake_export_dependencies-extras.cmake
[84.681s] -- Installing: /home/pi/ros2_ws/install/lslidar_msgs/share/lslidar_msgs/cmake/ament_cmake_export_include_directories-extras.cmake
[84.684s] -- Installing: /home/pi/ros2_ws/install/lslidar_msgs/share/lslidar_msgs/cmake/ament_cmake_export_libraries-extras.cmake
[84.688s] -- Installing: /home/pi/ros2_ws/install/lslidar_msgs/share/lslidar_msgs/cmake/ament_cmake_export_targets-extras.cmake
[84.691s] -- Installing: /home/pi/ros2_ws/install/lslidar_msgs/share/lslidar_msgs/cmake/rosidl_cmake_export_typesupport_targets-extras.cmake
[84.694s] -- Installing: /home/pi/ros2_ws/install/lslidar_msgs/share/lslidar_msgs/cmake/rosidl_cmake_export_typesupport_libraries-extras.cmake
[84.697s] -- Installing: /home/pi/ros2_ws/install/lslidar_msgs/share/lslidar_msgs/cmake/lslidar_msgsConfig.cmake
[84.700s] -- Installing: /home/pi/ros2_ws/install/lslidar_msgs/share/lslidar_msgs/cmake/lslidar_msgsConfig-version.cmake
[84.703s] -- Installing: /home/pi/ros2_ws/install/lslidar_msgs/share/lslidar_msgs/package.xml
[84.724s] Invoked command in '/home/pi/ros2_ws/build/lslidar_msgs' returned '0': CMAKE_PREFIX_PATH=${CMAKE_PREFIX_PATH}:/home/pi/ros2_ws/install/serial_control:/home/pi/ros2_ws/install/serbot_controller:/home/pi/ros2_ws/install/teleop_twist_keyboard:/home/pi/ros2_ws/install/my_car_controller:/opt/ros/humble /usr/bin/cmake --install /home/pi/ros2_ws/build/lslidar_msgs
