[9.961s] Invoking command in '/home/pi/ros2_ws/src/serial_control': PYTHONPATH=/home/pi/ros2_ws/build/serial_control/prefix_override:/usr/lib/python3/dist-packages/colcon_core/task/python/colcon_distutils_commands:/home/pi/ros2_ws/install/serial_control/lib/python3.10/site-packages:${PYTHONPATH} /usr/bin/python3 -W ignore:setup.py install is deprecated -W ignore:easy_install command is deprecated setup.py egg_info --egg-base ../../build/serial_control build --build-base /home/pi/ros2_ws/build/serial_control/build install --record /home/pi/ros2_ws/build/serial_control/install.log --single-version-externally-managed install_data
[12.986s] running egg_info
[12.993s] writing ../../build/serial_control/serial_control.egg-info/PKG-INFO
[12.995s] writing dependency_links to ../../build/serial_control/serial_control.egg-info/dependency_links.txt
[12.997s] writing entry points to ../../build/serial_control/serial_control.egg-info/entry_points.txt
[13.000s] writing requirements to ../../build/serial_control/serial_control.egg-info/requires.txt
[13.003s] writing top-level names to ../../build/serial_control/serial_control.egg-info/top_level.txt
[13.021s] reading manifest file '../../build/serial_control/serial_control.egg-info/SOURCES.txt'
[13.032s] writing manifest file '../../build/serial_control/serial_control.egg-info/SOURCES.txt'
[13.033s] running build
[13.034s] running build_py
[13.038s] running install
[13.041s] running install_lib
[13.056s] running install_data
[13.057s] running install_egg_info
[13.078s] removing '/home/pi/ros2_ws/install/serial_control/lib/python3.10/site-packages/serial_control-0.0.0-py3.10.egg-info' (and everything under it)
[13.082s] Copying ../../build/serial_control/serial_control.egg-info to /home/pi/ros2_ws/install/serial_control/lib/python3.10/site-packages/serial_control-0.0.0-py3.10.egg-info
[13.098s] running install_scripts
[13.315s] Installing serial_node script to /home/pi/ros2_ws/install/serial_control/lib/serial_control
[13.318s] writing list of installed files to '/home/pi/ros2_ws/build/serial_control/install.log'
[13.545s] Invoked command in '/home/pi/ros2_ws/src/serial_control' returned '0': PYTHONPATH=/home/pi/ros2_ws/build/serial_control/prefix_override:/usr/lib/python3/dist-packages/colcon_core/task/python/colcon_distutils_commands:/home/pi/ros2_ws/install/serial_control/lib/python3.10/site-packages:${PYTHONPATH} /usr/bin/python3 -W ignore:setup.py install is deprecated -W ignore:easy_install command is deprecated setup.py egg_info --egg-base ../../build/serial_control build --build-base /home/pi/ros2_ws/build/serial_control/build install --record /home/pi/ros2_ws/build/serial_control/install.log --single-version-externally-managed install_data
