[1.211s] DEBUG:colcon:Command line arguments: ['/usr/bin/colcon', 'build']
[1.212s] DEBUG:colcon:Parsed command line arguments: Namespace(log_base=None, log_level=None, verb_name='build', build_base='build', install_base='install', merge_install=False, symlink_install=False, test_result_base=None, continue_on_error=False, executor='parallel', parallel_workers=4, event_handlers=None, ignore_user_meta=False, metas=['./colcon.meta'], base_paths=['.'], packages_ignore=None, packages_ignore_regex=None, paths=None, packages_up_to=None, packages_up_to_regex=None, packages_above=None, packages_above_and_dependencies=None, packages_above_depth=None, packages_select_by_dep=None, packages_skip_by_dep=None, packages_skip_up_to=None, packages_select_build_failed=False, packages_skip_build_finished=False, packages_select_test_failures=False, packages_skip_test_passed=False, packages_select=None, packages_skip=None, packages_select_regex=None, packages_skip_regex=None, packages_start=None, packages_end=None, allow_overriding=[], cmake_args=None, cmake_target=None, cmake_target_skip_unavailable=False, cmake_clean_cache=False, cmake_clean_first=False, cmake_force_configure=False, ament_cmake_args=None, catkin_cmake_args=None, catkin_skip_building_tests=False, mixin_files=None, mixin=None, verb_parser=<colcon_mixin.mixin.mixin_argument.MixinArgumentDecorator object at 0xffffa6181420>, verb_extension=<colcon_core.verb.build.BuildVerb object at 0xffffa627a320>, main=<bound method BuildVerb.main of <colcon_core.verb.build.BuildVerb object at 0xffffa627a320>>, mixin_verb=('build',))
[3.097s] Level 1:colcon.colcon_core.package_discovery:discover_packages(colcon_meta) check parameters
[3.098s] Level 1:colcon.colcon_core.package_discovery:discover_packages(recursive) check parameters
[3.099s] Level 1:colcon.colcon_core.package_discovery:discover_packages(ignore) check parameters
[3.099s] Level 1:colcon.colcon_core.package_discovery:discover_packages(path) check parameters
[3.099s] Level 1:colcon.colcon_core.package_discovery:discover_packages(colcon_meta) discover
[3.100s] Level 1:colcon.colcon_core.package_discovery:discover_packages(recursive) discover
[3.100s] INFO:colcon.colcon_core.package_discovery:Crawling recursively for packages in '/home/pi/ros2_ws'
[3.101s] Level 1:colcon.colcon_core.package_identification:_identify(.) by extensions ['ignore', 'ignore_ament_install']
[3.102s] Level 1:colcon.colcon_core.package_identification:_identify(.) by extension 'ignore'
[3.103s] Level 1:colcon.colcon_core.package_identification:_identify(.) by extension 'ignore_ament_install'
[3.103s] Level 1:colcon.colcon_core.package_identification:_identify(.) by extensions ['colcon_pkg']
[3.104s] Level 1:colcon.colcon_core.package_identification:_identify(.) by extension 'colcon_pkg'
[3.104s] Level 1:colcon.colcon_core.package_identification:_identify(.) by extensions ['colcon_meta']
[3.105s] Level 1:colcon.colcon_core.package_identification:_identify(.) by extension 'colcon_meta'
[3.105s] Level 1:colcon.colcon_core.package_identification:_identify(.) by extensions ['ros']
[3.105s] Level 1:colcon.colcon_core.package_identification:_identify(.) by extension 'ros'
[3.228s] Level 1:colcon.colcon_core.package_identification:_identify(.) by extensions ['cmake', 'python']
[3.228s] Level 1:colcon.colcon_core.package_identification:_identify(.) by extension 'cmake'
[3.229s] Level 1:colcon.colcon_core.package_identification:_identify(.) by extension 'python'
[3.229s] Level 1:colcon.colcon_core.package_identification:_identify(.) by extensions ['python_setup_py']
[3.230s] Level 1:colcon.colcon_core.package_identification:_identify(.) by extension 'python_setup_py'
[3.231s] Level 1:colcon.colcon_core.package_identification:_identify(build) by extensions ['ignore', 'ignore_ament_install']
[3.233s] Level 1:colcon.colcon_core.package_identification:_identify(build) by extension 'ignore'
[3.234s] Level 1:colcon.colcon_core.package_identification:_identify(build) ignored
[3.235s] Level 1:colcon.colcon_core.package_identification:_identify(install) by extensions ['ignore', 'ignore_ament_install']
[3.237s] Level 1:colcon.colcon_core.package_identification:_identify(install) by extension 'ignore'
[3.237s] Level 1:colcon.colcon_core.package_identification:_identify(install) ignored
[3.239s] Level 1:colcon.colcon_core.package_identification:_identify(log) by extensions ['ignore', 'ignore_ament_install']
[3.240s] Level 1:colcon.colcon_core.package_identification:_identify(log) by extension 'ignore'
[3.240s] Level 1:colcon.colcon_core.package_identification:_identify(log) ignored
[3.241s] Level 1:colcon.colcon_core.package_identification:_identify(src) by extensions ['ignore', 'ignore_ament_install']
[3.242s] Level 1:colcon.colcon_core.package_identification:_identify(src) by extension 'ignore'
[3.243s] Level 1:colcon.colcon_core.package_identification:_identify(src) by extension 'ignore_ament_install'
[3.243s] Level 1:colcon.colcon_core.package_identification:_identify(src) by extensions ['colcon_pkg']
[3.244s] Level 1:colcon.colcon_core.package_identification:_identify(src) by extension 'colcon_pkg'
[3.244s] Level 1:colcon.colcon_core.package_identification:_identify(src) by extensions ['colcon_meta']
[3.244s] Level 1:colcon.colcon_core.package_identification:_identify(src) by extension 'colcon_meta'
[3.245s] Level 1:colcon.colcon_core.package_identification:_identify(src) by extensions ['ros']
[3.245s] Level 1:colcon.colcon_core.package_identification:_identify(src) by extension 'ros'
[3.246s] Level 1:colcon.colcon_core.package_identification:_identify(src) by extensions ['cmake', 'python']
[3.246s] Level 1:colcon.colcon_core.package_identification:_identify(src) by extension 'cmake'
[3.247s] Level 1:colcon.colcon_core.package_identification:_identify(src) by extension 'python'
[3.247s] Level 1:colcon.colcon_core.package_identification:_identify(src) by extensions ['python_setup_py']
[3.248s] Level 1:colcon.colcon_core.package_identification:_identify(src) by extension 'python_setup_py'
[3.249s] Level 1:colcon.colcon_core.package_identification:_identify(src/Lslidar_ROS2_driver) by extensions ['ignore', 'ignore_ament_install']
[3.250s] Level 1:colcon.colcon_core.package_identification:_identify(src/Lslidar_ROS2_driver) by extension 'ignore'
[3.250s] Level 1:colcon.colcon_core.package_identification:_identify(src/Lslidar_ROS2_driver) by extension 'ignore_ament_install'
[3.251s] Level 1:colcon.colcon_core.package_identification:_identify(src/Lslidar_ROS2_driver) by extensions ['colcon_pkg']
[3.251s] Level 1:colcon.colcon_core.package_identification:_identify(src/Lslidar_ROS2_driver) by extension 'colcon_pkg'
[3.252s] Level 1:colcon.colcon_core.package_identification:_identify(src/Lslidar_ROS2_driver) by extensions ['colcon_meta']
[3.252s] Level 1:colcon.colcon_core.package_identification:_identify(src/Lslidar_ROS2_driver) by extension 'colcon_meta'
[3.253s] Level 1:colcon.colcon_core.package_identification:_identify(src/Lslidar_ROS2_driver) by extensions ['ros']
[3.253s] Level 1:colcon.colcon_core.package_identification:_identify(src/Lslidar_ROS2_driver) by extension 'ros'
[3.254s] Level 1:colcon.colcon_core.package_identification:_identify(src/Lslidar_ROS2_driver) by extensions ['cmake', 'python']
[3.254s] Level 1:colcon.colcon_core.package_identification:_identify(src/Lslidar_ROS2_driver) by extension 'cmake'
[3.255s] Level 1:colcon.colcon_core.package_identification:_identify(src/Lslidar_ROS2_driver) by extension 'python'
[3.255s] Level 1:colcon.colcon_core.package_identification:_identify(src/Lslidar_ROS2_driver) by extensions ['python_setup_py']
[3.256s] Level 1:colcon.colcon_core.package_identification:_identify(src/Lslidar_ROS2_driver) by extension 'python_setup_py'
[3.257s] Level 1:colcon.colcon_core.package_identification:_identify(src/Lslidar_ROS2_driver/lslidar_driver) by extensions ['ignore', 'ignore_ament_install']
[3.258s] Level 1:colcon.colcon_core.package_identification:_identify(src/Lslidar_ROS2_driver/lslidar_driver) by extension 'ignore'
[3.258s] Level 1:colcon.colcon_core.package_identification:_identify(src/Lslidar_ROS2_driver/lslidar_driver) by extension 'ignore_ament_install'
[3.259s] Level 1:colcon.colcon_core.package_identification:_identify(src/Lslidar_ROS2_driver/lslidar_driver) by extensions ['colcon_pkg']
[3.259s] Level 1:colcon.colcon_core.package_identification:_identify(src/Lslidar_ROS2_driver/lslidar_driver) by extension 'colcon_pkg'
[3.260s] Level 1:colcon.colcon_core.package_identification:_identify(src/Lslidar_ROS2_driver/lslidar_driver) by extensions ['colcon_meta']
[3.260s] Level 1:colcon.colcon_core.package_identification:_identify(src/Lslidar_ROS2_driver/lslidar_driver) by extension 'colcon_meta'
[3.261s] Level 1:colcon.colcon_core.package_identification:_identify(src/Lslidar_ROS2_driver/lslidar_driver) by extensions ['ros']
[3.261s] Level 1:colcon.colcon_core.package_identification:_identify(src/Lslidar_ROS2_driver/lslidar_driver) by extension 'ros'
[3.286s] DEBUG:colcon.colcon_core.package_identification:Package 'src/Lslidar_ROS2_driver/lslidar_driver' with type 'ros.ament_cmake' and name 'lslidar_driver'
[3.287s] Level 1:colcon.colcon_core.package_identification:_identify(src/Lslidar_ROS2_driver/lslidar_msgs) by extensions ['ignore', 'ignore_ament_install']
[3.288s] Level 1:colcon.colcon_core.package_identification:_identify(src/Lslidar_ROS2_driver/lslidar_msgs) by extension 'ignore'
[3.289s] Level 1:colcon.colcon_core.package_identification:_identify(src/Lslidar_ROS2_driver/lslidar_msgs) by extension 'ignore_ament_install'
[3.289s] Level 1:colcon.colcon_core.package_identification:_identify(src/Lslidar_ROS2_driver/lslidar_msgs) by extensions ['colcon_pkg']
[3.290s] Level 1:colcon.colcon_core.package_identification:_identify(src/Lslidar_ROS2_driver/lslidar_msgs) by extension 'colcon_pkg'
[3.290s] Level 1:colcon.colcon_core.package_identification:_identify(src/Lslidar_ROS2_driver/lslidar_msgs) by extensions ['colcon_meta']
[3.291s] Level 1:colcon.colcon_core.package_identification:_identify(src/Lslidar_ROS2_driver/lslidar_msgs) by extension 'colcon_meta'
[3.291s] Level 1:colcon.colcon_core.package_identification:_identify(src/Lslidar_ROS2_driver/lslidar_msgs) by extensions ['ros']
[3.292s] Level 1:colcon.colcon_core.package_identification:_identify(src/Lslidar_ROS2_driver/lslidar_msgs) by extension 'ros'
[3.298s] DEBUG:colcon.colcon_core.package_identification:Package 'src/Lslidar_ROS2_driver/lslidar_msgs' with type 'ros.ament_cmake' and name 'lslidar_msgs'
[3.300s] Level 1:colcon.colcon_core.package_identification:_identify(src/joy_config_pkg) by extensions ['ignore', 'ignore_ament_install']
[3.301s] Level 1:colcon.colcon_core.package_identification:_identify(src/joy_config_pkg) by extension 'ignore'
[3.301s] Level 1:colcon.colcon_core.package_identification:_identify(src/joy_config_pkg) by extension 'ignore_ament_install'
[3.302s] Level 1:colcon.colcon_core.package_identification:_identify(src/joy_config_pkg) by extensions ['colcon_pkg']
[3.302s] Level 1:colcon.colcon_core.package_identification:_identify(src/joy_config_pkg) by extension 'colcon_pkg'
[3.303s] Level 1:colcon.colcon_core.package_identification:_identify(src/joy_config_pkg) by extensions ['colcon_meta']
[3.303s] Level 1:colcon.colcon_core.package_identification:_identify(src/joy_config_pkg) by extension 'colcon_meta'
[3.303s] Level 1:colcon.colcon_core.package_identification:_identify(src/joy_config_pkg) by extensions ['ros']
[3.304s] Level 1:colcon.colcon_core.package_identification:_identify(src/joy_config_pkg) by extension 'ros'
[3.305s] Level 1:colcon.colcon_core.package_identification:_identify(src/joy_config_pkg) by extensions ['cmake', 'python']
[3.305s] Level 1:colcon.colcon_core.package_identification:_identify(src/joy_config_pkg) by extension 'cmake'
[3.306s] Level 1:colcon.colcon_core.package_identification:_identify(src/joy_config_pkg) by extension 'python'
[3.306s] Level 1:colcon.colcon_core.package_identification:_identify(src/joy_config_pkg) by extensions ['python_setup_py']
[3.306s] Level 1:colcon.colcon_core.package_identification:_identify(src/joy_config_pkg) by extension 'python_setup_py'
[3.307s] Level 1:colcon.colcon_core.package_identification:_identify(src/joy_config_pkg/config) by extensions ['ignore', 'ignore_ament_install']
[3.309s] Level 1:colcon.colcon_core.package_identification:_identify(src/joy_config_pkg/config) by extension 'ignore'
[3.310s] Level 1:colcon.colcon_core.package_identification:_identify(src/joy_config_pkg/config) by extension 'ignore_ament_install'
[3.311s] Level 1:colcon.colcon_core.package_identification:_identify(src/joy_config_pkg/config) by extensions ['colcon_pkg']
[3.311s] Level 1:colcon.colcon_core.package_identification:_identify(src/joy_config_pkg/config) by extension 'colcon_pkg'
[3.312s] Level 1:colcon.colcon_core.package_identification:_identify(src/joy_config_pkg/config) by extensions ['colcon_meta']
[3.312s] Level 1:colcon.colcon_core.package_identification:_identify(src/joy_config_pkg/config) by extension 'colcon_meta'
[3.313s] Level 1:colcon.colcon_core.package_identification:_identify(src/joy_config_pkg/config) by extensions ['ros']
[3.313s] Level 1:colcon.colcon_core.package_identification:_identify(src/joy_config_pkg/config) by extension 'ros'
[3.314s] Level 1:colcon.colcon_core.package_identification:_identify(src/joy_config_pkg/config) by extensions ['cmake', 'python']
[3.314s] Level 1:colcon.colcon_core.package_identification:_identify(src/joy_config_pkg/config) by extension 'cmake'
[3.315s] Level 1:colcon.colcon_core.package_identification:_identify(src/joy_config_pkg/config) by extension 'python'
[3.315s] Level 1:colcon.colcon_core.package_identification:_identify(src/joy_config_pkg/config) by extensions ['python_setup_py']
[3.315s] Level 1:colcon.colcon_core.package_identification:_identify(src/joy_config_pkg/config) by extension 'python_setup_py'
[3.317s] Level 1:colcon.colcon_core.package_identification:_identify(src/joy_config_pkg/joy_config_pkg) by extensions ['ignore', 'ignore_ament_install']
[3.318s] Level 1:colcon.colcon_core.package_identification:_identify(src/joy_config_pkg/joy_config_pkg) by extension 'ignore'
[3.318s] Level 1:colcon.colcon_core.package_identification:_identify(src/joy_config_pkg/joy_config_pkg) by extension 'ignore_ament_install'
[3.319s] Level 1:colcon.colcon_core.package_identification:_identify(src/joy_config_pkg/joy_config_pkg) by extensions ['colcon_pkg']
[3.319s] Level 1:colcon.colcon_core.package_identification:_identify(src/joy_config_pkg/joy_config_pkg) by extension 'colcon_pkg'
[3.320s] Level 1:colcon.colcon_core.package_identification:_identify(src/joy_config_pkg/joy_config_pkg) by extensions ['colcon_meta']
[3.320s] Level 1:colcon.colcon_core.package_identification:_identify(src/joy_config_pkg/joy_config_pkg) by extension 'colcon_meta'
[3.321s] Level 1:colcon.colcon_core.package_identification:_identify(src/joy_config_pkg/joy_config_pkg) by extensions ['ros']
[3.321s] Level 1:colcon.colcon_core.package_identification:_identify(src/joy_config_pkg/joy_config_pkg) by extension 'ros'
[3.326s] DEBUG:colcon.colcon_core.package_identification:Package 'src/joy_config_pkg/joy_config_pkg' with type 'ros.ament_cmake' and name 'joy_config_pkg'
[3.327s] Level 1:colcon.colcon_core.package_identification:_identify(src/my_car_controller) by extensions ['ignore', 'ignore_ament_install']
[3.328s] Level 1:colcon.colcon_core.package_identification:_identify(src/my_car_controller) by extension 'ignore'
[3.329s] Level 1:colcon.colcon_core.package_identification:_identify(src/my_car_controller) by extension 'ignore_ament_install'
[3.330s] Level 1:colcon.colcon_core.package_identification:_identify(src/my_car_controller) by extensions ['colcon_pkg']
[3.330s] Level 1:colcon.colcon_core.package_identification:_identify(src/my_car_controller) by extension 'colcon_pkg'
[3.330s] Level 1:colcon.colcon_core.package_identification:_identify(src/my_car_controller) by extensions ['colcon_meta']
[3.331s] Level 1:colcon.colcon_core.package_identification:_identify(src/my_car_controller) by extension 'colcon_meta'
[3.331s] Level 1:colcon.colcon_core.package_identification:_identify(src/my_car_controller) by extensions ['ros']
[3.331s] Level 1:colcon.colcon_core.package_identification:_identify(src/my_car_controller) by extension 'ros'
[3.337s] DEBUG:colcon.colcon_core.package_identification:Package 'src/my_car_controller' with type 'ros.ament_python' and name 'my_car_controller'
[3.339s] Level 1:colcon.colcon_core.package_identification:_identify(src/serbot_controller) by extensions ['ignore', 'ignore_ament_install']
[3.340s] Level 1:colcon.colcon_core.package_identification:_identify(src/serbot_controller) by extension 'ignore'
[3.340s] Level 1:colcon.colcon_core.package_identification:_identify(src/serbot_controller) by extension 'ignore_ament_install'
[3.341s] Level 1:colcon.colcon_core.package_identification:_identify(src/serbot_controller) by extensions ['colcon_pkg']
[3.341s] Level 1:colcon.colcon_core.package_identification:_identify(src/serbot_controller) by extension 'colcon_pkg'
[3.342s] Level 1:colcon.colcon_core.package_identification:_identify(src/serbot_controller) by extensions ['colcon_meta']
[3.342s] Level 1:colcon.colcon_core.package_identification:_identify(src/serbot_controller) by extension 'colcon_meta'
[3.343s] Level 1:colcon.colcon_core.package_identification:_identify(src/serbot_controller) by extensions ['ros']
[3.343s] Level 1:colcon.colcon_core.package_identification:_identify(src/serbot_controller) by extension 'ros'
[3.348s] DEBUG:colcon.colcon_core.package_identification:Package 'src/serbot_controller' with type 'ros.ament_python' and name 'serbot_controller'
[3.349s] Level 1:colcon.colcon_core.package_identification:_identify(src/serbot_description) by extensions ['ignore', 'ignore_ament_install']
[3.350s] Level 1:colcon.colcon_core.package_identification:_identify(src/serbot_description) by extension 'ignore'
[3.351s] Level 1:colcon.colcon_core.package_identification:_identify(src/serbot_description) by extension 'ignore_ament_install'
[3.351s] Level 1:colcon.colcon_core.package_identification:_identify(src/serbot_description) by extensions ['colcon_pkg']
[3.352s] Level 1:colcon.colcon_core.package_identification:_identify(src/serbot_description) by extension 'colcon_pkg'
[3.352s] Level 1:colcon.colcon_core.package_identification:_identify(src/serbot_description) by extensions ['colcon_meta']
[3.353s] Level 1:colcon.colcon_core.package_identification:_identify(src/serbot_description) by extension 'colcon_meta'
[3.353s] Level 1:colcon.colcon_core.package_identification:_identify(src/serbot_description) by extensions ['ros']
[3.354s] Level 1:colcon.colcon_core.package_identification:_identify(src/serbot_description) by extension 'ros'
[3.360s] DEBUG:colcon.colcon_core.package_identification:Package 'src/serbot_description' with type 'ros.ament_cmake' and name 'serbot_description'
[3.361s] Level 1:colcon.colcon_core.package_identification:_identify(src/serial_control) by extensions ['ignore', 'ignore_ament_install']
[3.362s] Level 1:colcon.colcon_core.package_identification:_identify(src/serial_control) by extension 'ignore'
[3.363s] Level 1:colcon.colcon_core.package_identification:_identify(src/serial_control) by extension 'ignore_ament_install'
[3.363s] Level 1:colcon.colcon_core.package_identification:_identify(src/serial_control) by extensions ['colcon_pkg']
[3.364s] Level 1:colcon.colcon_core.package_identification:_identify(src/serial_control) by extension 'colcon_pkg'
[3.364s] Level 1:colcon.colcon_core.package_identification:_identify(src/serial_control) by extensions ['colcon_meta']
[3.365s] Level 1:colcon.colcon_core.package_identification:_identify(src/serial_control) by extension 'colcon_meta'
[3.365s] Level 1:colcon.colcon_core.package_identification:_identify(src/serial_control) by extensions ['ros']
[3.365s] Level 1:colcon.colcon_core.package_identification:_identify(src/serial_control) by extension 'ros'
[3.370s] DEBUG:colcon.colcon_core.package_identification:Package 'src/serial_control' with type 'ros.ament_python' and name 'serial_control'
[3.372s] Level 1:colcon.colcon_core.package_identification:_identify(src/teleop_twist_keyboard) by extensions ['ignore', 'ignore_ament_install']
[3.373s] Level 1:colcon.colcon_core.package_identification:_identify(src/teleop_twist_keyboard) by extension 'ignore'
[3.373s] Level 1:colcon.colcon_core.package_identification:_identify(src/teleop_twist_keyboard) by extension 'ignore_ament_install'
[3.374s] Level 1:colcon.colcon_core.package_identification:_identify(src/teleop_twist_keyboard) by extensions ['colcon_pkg']
[3.375s] Level 1:colcon.colcon_core.package_identification:_identify(src/teleop_twist_keyboard) by extension 'colcon_pkg'
[3.375s] Level 1:colcon.colcon_core.package_identification:_identify(src/teleop_twist_keyboard) by extensions ['colcon_meta']
[3.375s] Level 1:colcon.colcon_core.package_identification:_identify(src/teleop_twist_keyboard) by extension 'colcon_meta'
[3.376s] Level 1:colcon.colcon_core.package_identification:_identify(src/teleop_twist_keyboard) by extensions ['ros']
[3.376s] Level 1:colcon.colcon_core.package_identification:_identify(src/teleop_twist_keyboard) by extension 'ros'
[3.382s] DEBUG:colcon.colcon_core.package_identification:Package 'src/teleop_twist_keyboard' with type 'ros.ament_python' and name 'teleop_twist_keyboard'
[3.382s] Level 1:colcon.colcon_core.package_discovery:discover_packages(recursive) using defaults
[3.383s] Level 1:colcon.colcon_core.package_discovery:discover_packages(ignore) discover
[3.383s] Level 1:colcon.colcon_core.package_discovery:discover_packages(ignore) using defaults
[3.384s] Level 1:colcon.colcon_core.package_discovery:discover_packages(path) discover
[3.384s] Level 1:colcon.colcon_core.package_discovery:discover_packages(path) using defaults
[3.603s] Level 1:colcon.colcon_core.package_discovery:discover_packages(prefix_path) check parameters
[3.603s] Level 1:colcon.colcon_core.package_discovery:discover_packages(prefix_path) discover
[3.631s] DEBUG:colcon.colcon_installed_package_information.package_discovery:Found 8 installed packages in /home/pi/ros2_ws/install
[3.650s] DEBUG:colcon.colcon_installed_package_information.package_discovery:Found 187 installed packages in /opt/ros/humble
[3.662s] Level 1:colcon.colcon_core.package_discovery:discover_packages(prefix_path) using defaults
[4.049s] Level 5:colcon.colcon_core.verb:set package 'joy_config_pkg' build argument 'cmake_args' from command line to 'None'
[4.050s] Level 5:colcon.colcon_core.verb:set package 'joy_config_pkg' build argument 'cmake_target' from command line to 'None'
[4.050s] Level 5:colcon.colcon_core.verb:set package 'joy_config_pkg' build argument 'cmake_target_skip_unavailable' from command line to 'False'
[4.050s] Level 5:colcon.colcon_core.verb:set package 'joy_config_pkg' build argument 'cmake_clean_cache' from command line to 'False'
[4.051s] Level 5:colcon.colcon_core.verb:set package 'joy_config_pkg' build argument 'cmake_clean_first' from command line to 'False'
[4.051s] Level 5:colcon.colcon_core.verb:set package 'joy_config_pkg' build argument 'cmake_force_configure' from command line to 'False'
[4.051s] Level 5:colcon.colcon_core.verb:set package 'joy_config_pkg' build argument 'ament_cmake_args' from command line to 'None'
[4.051s] Level 5:colcon.colcon_core.verb:set package 'joy_config_pkg' build argument 'catkin_cmake_args' from command line to 'None'
[4.052s] Level 5:colcon.colcon_core.verb:set package 'joy_config_pkg' build argument 'catkin_skip_building_tests' from command line to 'False'
[4.052s] DEBUG:colcon.colcon_core.verb:Building package 'joy_config_pkg' with the following arguments: {'ament_cmake_args': None, 'build_base': '/home/pi/ros2_ws/build/joy_config_pkg', 'catkin_cmake_args': None, 'catkin_skip_building_tests': False, 'cmake_args': None, 'cmake_clean_cache': False, 'cmake_clean_first': False, 'cmake_force_configure': False, 'cmake_target': None, 'cmake_target_skip_unavailable': False, 'install_base': '/home/pi/ros2_ws/install/joy_config_pkg', 'merge_install': False, 'path': '/home/pi/ros2_ws/src/joy_config_pkg/joy_config_pkg', 'symlink_install': False, 'test_result_base': None}
[4.056s] Level 5:colcon.colcon_core.verb:set package 'lslidar_msgs' build argument 'cmake_args' from command line to 'None'
[4.057s] Level 5:colcon.colcon_core.verb:set package 'lslidar_msgs' build argument 'cmake_target' from command line to 'None'
[4.057s] Level 5:colcon.colcon_core.verb:set package 'lslidar_msgs' build argument 'cmake_target_skip_unavailable' from command line to 'False'
[4.057s] Level 5:colcon.colcon_core.verb:set package 'lslidar_msgs' build argument 'cmake_clean_cache' from command line to 'False'
[4.058s] Level 5:colcon.colcon_core.verb:set package 'lslidar_msgs' build argument 'cmake_clean_first' from command line to 'False'
[4.058s] Level 5:colcon.colcon_core.verb:set package 'lslidar_msgs' build argument 'cmake_force_configure' from command line to 'False'
[4.058s] Level 5:colcon.colcon_core.verb:set package 'lslidar_msgs' build argument 'ament_cmake_args' from command line to 'None'
[4.058s] Level 5:colcon.colcon_core.verb:set package 'lslidar_msgs' build argument 'catkin_cmake_args' from command line to 'None'
[4.059s] Level 5:colcon.colcon_core.verb:set package 'lslidar_msgs' build argument 'catkin_skip_building_tests' from command line to 'False'
[4.059s] DEBUG:colcon.colcon_core.verb:Building package 'lslidar_msgs' with the following arguments: {'ament_cmake_args': None, 'build_base': '/home/pi/ros2_ws/build/lslidar_msgs', 'catkin_cmake_args': None, 'catkin_skip_building_tests': False, 'cmake_args': None, 'cmake_clean_cache': False, 'cmake_clean_first': False, 'cmake_force_configure': False, 'cmake_target': None, 'cmake_target_skip_unavailable': False, 'install_base': '/home/pi/ros2_ws/install/lslidar_msgs', 'merge_install': False, 'path': '/home/pi/ros2_ws/src/Lslidar_ROS2_driver/lslidar_msgs', 'symlink_install': False, 'test_result_base': None}
[4.063s] Level 5:colcon.colcon_core.verb:set package 'my_car_controller' build argument 'cmake_args' from command line to 'None'
[4.063s] Level 5:colcon.colcon_core.verb:set package 'my_car_controller' build argument 'cmake_target' from command line to 'None'
[4.064s] Level 5:colcon.colcon_core.verb:set package 'my_car_controller' build argument 'cmake_target_skip_unavailable' from command line to 'False'
[4.064s] Level 5:colcon.colcon_core.verb:set package 'my_car_controller' build argument 'cmake_clean_cache' from command line to 'False'
[4.064s] Level 5:colcon.colcon_core.verb:set package 'my_car_controller' build argument 'cmake_clean_first' from command line to 'False'
[4.065s] Level 5:colcon.colcon_core.verb:set package 'my_car_controller' build argument 'cmake_force_configure' from command line to 'False'
[4.065s] Level 5:colcon.colcon_core.verb:set package 'my_car_controller' build argument 'ament_cmake_args' from command line to 'None'
[4.065s] Level 5:colcon.colcon_core.verb:set package 'my_car_controller' build argument 'catkin_cmake_args' from command line to 'None'
[4.066s] Level 5:colcon.colcon_core.verb:set package 'my_car_controller' build argument 'catkin_skip_building_tests' from command line to 'False'
[4.066s] DEBUG:colcon.colcon_core.verb:Building package 'my_car_controller' with the following arguments: {'ament_cmake_args': None, 'build_base': '/home/pi/ros2_ws/build/my_car_controller', 'catkin_cmake_args': None, 'catkin_skip_building_tests': False, 'cmake_args': None, 'cmake_clean_cache': False, 'cmake_clean_first': False, 'cmake_force_configure': False, 'cmake_target': None, 'cmake_target_skip_unavailable': False, 'install_base': '/home/pi/ros2_ws/install/my_car_controller', 'merge_install': False, 'path': '/home/pi/ros2_ws/src/my_car_controller', 'symlink_install': False, 'test_result_base': None}
[4.070s] Level 5:colcon.colcon_core.verb:set package 'serbot_controller' build argument 'cmake_args' from command line to 'None'
[4.070s] Level 5:colcon.colcon_core.verb:set package 'serbot_controller' build argument 'cmake_target' from command line to 'None'
[4.070s] Level 5:colcon.colcon_core.verb:set package 'serbot_controller' build argument 'cmake_target_skip_unavailable' from command line to 'False'
[4.071s] Level 5:colcon.colcon_core.verb:set package 'serbot_controller' build argument 'cmake_clean_cache' from command line to 'False'
[4.071s] Level 5:colcon.colcon_core.verb:set package 'serbot_controller' build argument 'cmake_clean_first' from command line to 'False'
[4.071s] Level 5:colcon.colcon_core.verb:set package 'serbot_controller' build argument 'cmake_force_configure' from command line to 'False'
[4.072s] Level 5:colcon.colcon_core.verb:set package 'serbot_controller' build argument 'ament_cmake_args' from command line to 'None'
[4.072s] Level 5:colcon.colcon_core.verb:set package 'serbot_controller' build argument 'catkin_cmake_args' from command line to 'None'
[4.072s] Level 5:colcon.colcon_core.verb:set package 'serbot_controller' build argument 'catkin_skip_building_tests' from command line to 'False'
[4.073s] DEBUG:colcon.colcon_core.verb:Building package 'serbot_controller' with the following arguments: {'ament_cmake_args': None, 'build_base': '/home/pi/ros2_ws/build/serbot_controller', 'catkin_cmake_args': None, 'catkin_skip_building_tests': False, 'cmake_args': None, 'cmake_clean_cache': False, 'cmake_clean_first': False, 'cmake_force_configure': False, 'cmake_target': None, 'cmake_target_skip_unavailable': False, 'install_base': '/home/pi/ros2_ws/install/serbot_controller', 'merge_install': False, 'path': '/home/pi/ros2_ws/src/serbot_controller', 'symlink_install': False, 'test_result_base': None}
[4.077s] Level 5:colcon.colcon_core.verb:set package 'serbot_description' build argument 'cmake_args' from command line to 'None'
[4.077s] Level 5:colcon.colcon_core.verb:set package 'serbot_description' build argument 'cmake_target' from command line to 'None'
[4.077s] Level 5:colcon.colcon_core.verb:set package 'serbot_description' build argument 'cmake_target_skip_unavailable' from command line to 'False'
[4.078s] Level 5:colcon.colcon_core.verb:set package 'serbot_description' build argument 'cmake_clean_cache' from command line to 'False'
[4.078s] Level 5:colcon.colcon_core.verb:set package 'serbot_description' build argument 'cmake_clean_first' from command line to 'False'
[4.078s] Level 5:colcon.colcon_core.verb:set package 'serbot_description' build argument 'cmake_force_configure' from command line to 'False'
[4.078s] Level 5:colcon.colcon_core.verb:set package 'serbot_description' build argument 'ament_cmake_args' from command line to 'None'
[4.079s] Level 5:colcon.colcon_core.verb:set package 'serbot_description' build argument 'catkin_cmake_args' from command line to 'None'
[4.079s] Level 5:colcon.colcon_core.verb:set package 'serbot_description' build argument 'catkin_skip_building_tests' from command line to 'False'
[4.079s] DEBUG:colcon.colcon_core.verb:Building package 'serbot_description' with the following arguments: {'ament_cmake_args': None, 'build_base': '/home/pi/ros2_ws/build/serbot_description', 'catkin_cmake_args': None, 'catkin_skip_building_tests': False, 'cmake_args': None, 'cmake_clean_cache': False, 'cmake_clean_first': False, 'cmake_force_configure': False, 'cmake_target': None, 'cmake_target_skip_unavailable': False, 'install_base': '/home/pi/ros2_ws/install/serbot_description', 'merge_install': False, 'path': '/home/pi/ros2_ws/src/serbot_description', 'symlink_install': False, 'test_result_base': None}
[4.083s] Level 5:colcon.colcon_core.verb:set package 'serial_control' build argument 'cmake_args' from command line to 'None'
[4.083s] Level 5:colcon.colcon_core.verb:set package 'serial_control' build argument 'cmake_target' from command line to 'None'
[4.084s] Level 5:colcon.colcon_core.verb:set package 'serial_control' build argument 'cmake_target_skip_unavailable' from command line to 'False'
[4.084s] Level 5:colcon.colcon_core.verb:set package 'serial_control' build argument 'cmake_clean_cache' from command line to 'False'
[4.084s] Level 5:colcon.colcon_core.verb:set package 'serial_control' build argument 'cmake_clean_first' from command line to 'False'
[4.085s] Level 5:colcon.colcon_core.verb:set package 'serial_control' build argument 'cmake_force_configure' from command line to 'False'
[4.085s] Level 5:colcon.colcon_core.verb:set package 'serial_control' build argument 'ament_cmake_args' from command line to 'None'
[4.085s] Level 5:colcon.colcon_core.verb:set package 'serial_control' build argument 'catkin_cmake_args' from command line to 'None'
[4.086s] Level 5:colcon.colcon_core.verb:set package 'serial_control' build argument 'catkin_skip_building_tests' from command line to 'False'
[4.086s] DEBUG:colcon.colcon_core.verb:Building package 'serial_control' with the following arguments: {'ament_cmake_args': None, 'build_base': '/home/pi/ros2_ws/build/serial_control', 'catkin_cmake_args': None, 'catkin_skip_building_tests': False, 'cmake_args': None, 'cmake_clean_cache': False, 'cmake_clean_first': False, 'cmake_force_configure': False, 'cmake_target': None, 'cmake_target_skip_unavailable': False, 'install_base': '/home/pi/ros2_ws/install/serial_control', 'merge_install': False, 'path': '/home/pi/ros2_ws/src/serial_control', 'symlink_install': False, 'test_result_base': None}
[4.090s] Level 5:colcon.colcon_core.verb:set package 'teleop_twist_keyboard' build argument 'cmake_args' from command line to 'None'
[4.090s] Level 5:colcon.colcon_core.verb:set package 'teleop_twist_keyboard' build argument 'cmake_target' from command line to 'None'
[4.091s] Level 5:colcon.colcon_core.verb:set package 'teleop_twist_keyboard' build argument 'cmake_target_skip_unavailable' from command line to 'False'
[4.091s] Level 5:colcon.colcon_core.verb:set package 'teleop_twist_keyboard' build argument 'cmake_clean_cache' from command line to 'False'
[4.091s] Level 5:colcon.colcon_core.verb:set package 'teleop_twist_keyboard' build argument 'cmake_clean_first' from command line to 'False'
[4.091s] Level 5:colcon.colcon_core.verb:set package 'teleop_twist_keyboard' build argument 'cmake_force_configure' from command line to 'False'
[4.092s] Level 5:colcon.colcon_core.verb:set package 'teleop_twist_keyboard' build argument 'ament_cmake_args' from command line to 'None'
[4.092s] Level 5:colcon.colcon_core.verb:set package 'teleop_twist_keyboard' build argument 'catkin_cmake_args' from command line to 'None'
[4.092s] Level 5:colcon.colcon_core.verb:set package 'teleop_twist_keyboard' build argument 'catkin_skip_building_tests' from command line to 'False'
[4.093s] DEBUG:colcon.colcon_core.verb:Building package 'teleop_twist_keyboard' with the following arguments: {'ament_cmake_args': None, 'build_base': '/home/pi/ros2_ws/build/teleop_twist_keyboard', 'catkin_cmake_args': None, 'catkin_skip_building_tests': False, 'cmake_args': None, 'cmake_clean_cache': False, 'cmake_clean_first': False, 'cmake_force_configure': False, 'cmake_target': None, 'cmake_target_skip_unavailable': False, 'install_base': '/home/pi/ros2_ws/install/teleop_twist_keyboard', 'merge_install': False, 'path': '/home/pi/ros2_ws/src/teleop_twist_keyboard', 'symlink_install': False, 'test_result_base': None}
[4.097s] Level 5:colcon.colcon_core.verb:set package 'lslidar_driver' build argument 'cmake_args' from command line to 'None'
[4.097s] Level 5:colcon.colcon_core.verb:set package 'lslidar_driver' build argument 'cmake_target' from command line to 'None'
[4.097s] Level 5:colcon.colcon_core.verb:set package 'lslidar_driver' build argument 'cmake_target_skip_unavailable' from command line to 'False'
[4.098s] Level 5:colcon.colcon_core.verb:set package 'lslidar_driver' build argument 'cmake_clean_cache' from command line to 'False'
[4.098s] Level 5:colcon.colcon_core.verb:set package 'lslidar_driver' build argument 'cmake_clean_first' from command line to 'False'
[4.098s] Level 5:colcon.colcon_core.verb:set package 'lslidar_driver' build argument 'cmake_force_configure' from command line to 'False'
[4.098s] Level 5:colcon.colcon_core.verb:set package 'lslidar_driver' build argument 'ament_cmake_args' from command line to 'None'
[4.099s] Level 5:colcon.colcon_core.verb:set package 'lslidar_driver' build argument 'catkin_cmake_args' from command line to 'None'
[4.099s] Level 5:colcon.colcon_core.verb:set package 'lslidar_driver' build argument 'catkin_skip_building_tests' from command line to 'False'
[4.099s] DEBUG:colcon.colcon_core.verb:Building package 'lslidar_driver' with the following arguments: {'ament_cmake_args': None, 'build_base': '/home/pi/ros2_ws/build/lslidar_driver', 'catkin_cmake_args': None, 'catkin_skip_building_tests': False, 'cmake_args': None, 'cmake_clean_cache': False, 'cmake_clean_first': False, 'cmake_force_configure': False, 'cmake_target': None, 'cmake_target_skip_unavailable': False, 'install_base': '/home/pi/ros2_ws/install/lslidar_driver', 'merge_install': False, 'path': '/home/pi/ros2_ws/src/Lslidar_ROS2_driver/lslidar_driver', 'symlink_install': False, 'test_result_base': None}
[4.101s] INFO:colcon.colcon_core.executor:Executing jobs using 'parallel' executor
[4.108s] DEBUG:colcon.colcon_parallel_executor.executor.parallel:run_until_complete
[4.111s] INFO:colcon.colcon_ros.task.ament_cmake.build:Building ROS package in '/home/pi/ros2_ws/src/Lslidar_ROS2_driver/lslidar_msgs' with build type 'ament_cmake'
[4.112s] INFO:colcon.colcon_cmake.task.cmake.build:Building CMake package in '/home/pi/ros2_ws/src/Lslidar_ROS2_driver/lslidar_msgs'
[4.138s] INFO:colcon.colcon_core.plugin_system:Skipping extension 'colcon_core.shell.bat': Not used on non-Windows systems
[4.140s] INFO:colcon.colcon_core.shell:Skip shell extension 'powershell' for command environment: Not usable outside of PowerShell
[4.141s] DEBUG:colcon.colcon_core.shell:Skip shell extension 'dsv' for command environment
[4.187s] INFO:colcon.colcon_ros.task.ament_cmake.build:Building ROS package in '/home/pi/ros2_ws/src/joy_config_pkg/joy_config_pkg' with build type 'ament_cmake'
[4.189s] INFO:colcon.colcon_cmake.task.cmake.build:Building CMake package in '/home/pi/ros2_ws/src/joy_config_pkg/joy_config_pkg'
[4.191s] INFO:colcon.colcon_core.shell:Skip shell extension 'powershell' for command environment: Not usable outside of PowerShell
[4.192s] DEBUG:colcon.colcon_core.shell:Skip shell extension 'dsv' for command environment
[4.240s] INFO:colcon.colcon_ros.task.ament_python.build:Building ROS package in '/home/pi/ros2_ws/src/my_car_controller' with build type 'ament_python'
[4.241s] Level 1:colcon.colcon_core.shell:create_environment_hook('my_car_controller', 'ament_prefix_path')
[4.244s] INFO:colcon.colcon_core.shell:Creating environment hook '/home/pi/ros2_ws/install/my_car_controller/share/my_car_controller/hook/ament_prefix_path.ps1'
[4.251s] INFO:colcon.colcon_core.shell:Creating environment descriptor '/home/pi/ros2_ws/install/my_car_controller/share/my_car_controller/hook/ament_prefix_path.dsv'
[4.256s] INFO:colcon.colcon_core.shell:Creating environment hook '/home/pi/ros2_ws/install/my_car_controller/share/my_car_controller/hook/ament_prefix_path.sh'
[4.265s] INFO:colcon.colcon_core.shell:Skip shell extension 'powershell' for command environment: Not usable outside of PowerShell
[4.266s] DEBUG:colcon.colcon_core.shell:Skip shell extension 'dsv' for command environment
[4.311s] INFO:colcon.colcon_ros.task.ament_python.build:Building ROS package in '/home/pi/ros2_ws/src/serbot_controller' with build type 'ament_python'
[4.312s] Level 1:colcon.colcon_core.shell:create_environment_hook('serbot_controller', 'ament_prefix_path')
[4.315s] INFO:colcon.colcon_core.shell:Creating environment hook '/home/pi/ros2_ws/install/serbot_controller/share/serbot_controller/hook/ament_prefix_path.ps1'
[4.320s] INFO:colcon.colcon_core.shell:Creating environment descriptor '/home/pi/ros2_ws/install/serbot_controller/share/serbot_controller/hook/ament_prefix_path.dsv'
[4.324s] INFO:colcon.colcon_core.shell:Creating environment hook '/home/pi/ros2_ws/install/serbot_controller/share/serbot_controller/hook/ament_prefix_path.sh'
[4.331s] INFO:colcon.colcon_core.shell:Skip shell extension 'powershell' for command environment: Not usable outside of PowerShell
[4.331s] DEBUG:colcon.colcon_core.shell:Skip shell extension 'dsv' for command environment
[4.407s] DEBUG:colcon.colcon_core.event_handler.log_command:Invoking command in '/home/pi/ros2_ws/build/lslidar_msgs': CMAKE_PREFIX_PATH=${CMAKE_PREFIX_PATH}:/home/pi/ros2_ws/install/teleop_twist_keyboard:/home/pi/ros2_ws/install/serial_control:/home/pi/ros2_ws/install/serbot_controller:/home/pi/ros2_ws/install/my_car_controller:/opt/ros/humble /usr/bin/cmake /home/pi/ros2_ws/src/Lslidar_ROS2_driver/lslidar_msgs -DCMAKE_INSTALL_PREFIX=/home/pi/ros2_ws/install/lslidar_msgs
[4.455s] DEBUG:colcon.colcon_core.event_handler.log_command:Invoking command in '/home/pi/ros2_ws/build/joy_config_pkg': CMAKE_PREFIX_PATH=${CMAKE_PREFIX_PATH}:/home/pi/ros2_ws/install/teleop_twist_keyboard:/home/pi/ros2_ws/install/serial_control:/home/pi/ros2_ws/install/serbot_controller:/home/pi/ros2_ws/install/my_car_controller:/opt/ros/humble /usr/bin/cmake /home/pi/ros2_ws/src/joy_config_pkg/joy_config_pkg -DCMAKE_INSTALL_PREFIX=/home/pi/ros2_ws/install/joy_config_pkg
[7.761s] INFO:colcon.colcon_core.task.python.build:Building Python package in '/home/pi/ros2_ws/src/my_car_controller'
[7.764s] INFO:colcon.colcon_core.shell:Skip shell extension 'powershell' for command environment: Not usable outside of PowerShell
[7.765s] DEBUG:colcon.colcon_core.shell:Skip shell extension 'dsv' for command environment
[7.891s] DEBUG:colcon.colcon_core.event_handler.log_command:Invoked command in '/home/pi/ros2_ws/build/joy_config_pkg' returned '0': CMAKE_PREFIX_PATH=${CMAKE_PREFIX_PATH}:/home/pi/ros2_ws/install/teleop_twist_keyboard:/home/pi/ros2_ws/install/serial_control:/home/pi/ros2_ws/install/serbot_controller:/home/pi/ros2_ws/install/my_car_controller:/opt/ros/humble /usr/bin/cmake /home/pi/ros2_ws/src/joy_config_pkg/joy_config_pkg -DCMAKE_INSTALL_PREFIX=/home/pi/ros2_ws/install/joy_config_pkg
[7.896s] DEBUG:colcon.colcon_core.event_handler.log_command:Invoking command in '/home/pi/ros2_ws/build/joy_config_pkg': CMAKE_PREFIX_PATH=${CMAKE_PREFIX_PATH}:/home/pi/ros2_ws/install/teleop_twist_keyboard:/home/pi/ros2_ws/install/serial_control:/home/pi/ros2_ws/install/serbot_controller:/home/pi/ros2_ws/install/my_car_controller:/opt/ros/humble /usr/bin/cmake --build /home/pi/ros2_ws/build/joy_config_pkg -- -j4 -l4
[10.938s] WARNING:colcon.colcon_ros.task.ament_python.build:Package 'serbot_controller' doesn't explicitly install a marker in the package index (colcon-ros currently does it implicitly but that fallback will be removed in the future)
[10.940s] INFO:colcon.colcon_core.task.python.build:Building Python package in '/home/pi/ros2_ws/src/serbot_controller'
[10.942s] INFO:colcon.colcon_core.shell:Skip shell extension 'powershell' for command environment: Not usable outside of PowerShell
[10.943s] DEBUG:colcon.colcon_core.shell:Skip shell extension 'dsv' for command environment
[11.027s] DEBUG:colcon.colcon_core.event_handler.log_command:Invoked command in '/home/pi/ros2_ws/build/joy_config_pkg' returned '0': CMAKE_PREFIX_PATH=${CMAKE_PREFIX_PATH}:/home/pi/ros2_ws/install/teleop_twist_keyboard:/home/pi/ros2_ws/install/serial_control:/home/pi/ros2_ws/install/serbot_controller:/home/pi/ros2_ws/install/my_car_controller:/opt/ros/humble /usr/bin/cmake --build /home/pi/ros2_ws/build/joy_config_pkg -- -j4 -l4
[11.116s] DEBUG:colcon.colcon_core.event_handler.log_command:Invoking command in '/home/pi/ros2_ws/build/joy_config_pkg': CMAKE_PREFIX_PATH=${CMAKE_PREFIX_PATH}:/home/pi/ros2_ws/install/teleop_twist_keyboard:/home/pi/ros2_ws/install/serial_control:/home/pi/ros2_ws/install/serbot_controller:/home/pi/ros2_ws/install/my_car_controller:/opt/ros/humble /usr/bin/cmake --install /home/pi/ros2_ws/build/joy_config_pkg
[11.368s] Level 1:colcon.colcon_core.environment:create_environment_scripts_only(joy_config_pkg)
[11.378s] DEBUG:colcon.colcon_core.event_handler.log_command:Invoked command in '/home/pi/ros2_ws/build/joy_config_pkg' returned '0': CMAKE_PREFIX_PATH=${CMAKE_PREFIX_PATH}:/home/pi/ros2_ws/install/teleop_twist_keyboard:/home/pi/ros2_ws/install/serial_control:/home/pi/ros2_ws/install/serbot_controller:/home/pi/ros2_ws/install/my_car_controller:/opt/ros/humble /usr/bin/cmake --install /home/pi/ros2_ws/build/joy_config_pkg
[11.409s] Level 1:colcon.colcon_core.environment:checking '/home/pi/ros2_ws/install/joy_config_pkg' for CMake module files
[11.417s] Level 1:colcon.colcon_core.environment:checking '/home/pi/ros2_ws/install/joy_config_pkg' for CMake config files
[11.423s] Level 1:colcon.colcon_core.shell:create_environment_hook('joy_config_pkg', 'cmake_prefix_path')
[11.426s] INFO:colcon.colcon_core.shell:Creating environment hook '/home/pi/ros2_ws/install/joy_config_pkg/share/joy_config_pkg/hook/cmake_prefix_path.ps1'
[11.432s] INFO:colcon.colcon_core.shell:Creating environment descriptor '/home/pi/ros2_ws/install/joy_config_pkg/share/joy_config_pkg/hook/cmake_prefix_path.dsv'
[11.438s] INFO:colcon.colcon_core.shell:Creating environment hook '/home/pi/ros2_ws/install/joy_config_pkg/share/joy_config_pkg/hook/cmake_prefix_path.sh'
[11.446s] Level 1:colcon.colcon_core.environment:checking '/home/pi/ros2_ws/install/joy_config_pkg/bin'
[11.447s] Level 1:colcon.colcon_core.environment:checking '/home/pi/ros2_ws/install/joy_config_pkg/lib/pkgconfig/joy_config_pkg.pc'
[11.449s] Level 1:colcon.colcon_core.environment:checking '/home/pi/ros2_ws/install/joy_config_pkg/lib/python3.10/site-packages'
[11.452s] Level 1:colcon.colcon_core.environment:checking '/home/pi/ros2_ws/install/joy_config_pkg/bin'
[11.456s] INFO:colcon.colcon_core.shell:Creating package script '/home/pi/ros2_ws/install/joy_config_pkg/share/joy_config_pkg/package.ps1'
[11.467s] INFO:colcon.colcon_core.shell:Creating package descriptor '/home/pi/ros2_ws/install/joy_config_pkg/share/joy_config_pkg/package.dsv'
[11.476s] INFO:colcon.colcon_core.shell:Creating package script '/home/pi/ros2_ws/install/joy_config_pkg/share/joy_config_pkg/package.sh'
[11.485s] INFO:colcon.colcon_core.shell:Creating package script '/home/pi/ros2_ws/install/joy_config_pkg/share/joy_config_pkg/package.bash'
[11.498s] INFO:colcon.colcon_core.shell:Creating package script '/home/pi/ros2_ws/install/joy_config_pkg/share/joy_config_pkg/package.zsh'
[11.506s] Level 1:colcon.colcon_core.environment:create_file_with_runtime_dependencies(/home/pi/ros2_ws/install/joy_config_pkg/share/colcon-core/packages/joy_config_pkg)
[11.513s] Level 1:colcon.colcon_core.environment:create_environment_scripts_only(joy_config_pkg)
[11.515s] Level 1:colcon.colcon_core.environment:checking '/home/pi/ros2_ws/install/joy_config_pkg' for CMake module files
[11.525s] Level 1:colcon.colcon_core.environment:checking '/home/pi/ros2_ws/install/joy_config_pkg' for CMake config files
[11.534s] Level 1:colcon.colcon_core.shell:create_environment_hook('joy_config_pkg', 'cmake_prefix_path')
[11.537s] INFO:colcon.colcon_core.shell:Creating environment hook '/home/pi/ros2_ws/install/joy_config_pkg/share/joy_config_pkg/hook/cmake_prefix_path.ps1'
[11.544s] INFO:colcon.colcon_core.shell:Creating environment descriptor '/home/pi/ros2_ws/install/joy_config_pkg/share/joy_config_pkg/hook/cmake_prefix_path.dsv'
[11.553s] INFO:colcon.colcon_core.shell:Creating environment hook '/home/pi/ros2_ws/install/joy_config_pkg/share/joy_config_pkg/hook/cmake_prefix_path.sh'
[11.561s] Level 1:colcon.colcon_core.environment:checking '/home/pi/ros2_ws/install/joy_config_pkg/bin'
[11.562s] Level 1:colcon.colcon_core.environment:checking '/home/pi/ros2_ws/install/joy_config_pkg/lib/pkgconfig/joy_config_pkg.pc'
[11.565s] Level 1:colcon.colcon_core.environment:checking '/home/pi/ros2_ws/install/joy_config_pkg/lib/python3.10/site-packages'
[11.568s] Level 1:colcon.colcon_core.environment:checking '/home/pi/ros2_ws/install/joy_config_pkg/bin'
[11.572s] INFO:colcon.colcon_core.shell:Creating package script '/home/pi/ros2_ws/install/joy_config_pkg/share/joy_config_pkg/package.ps1'
[11.578s] INFO:colcon.colcon_core.shell:Creating package descriptor '/home/pi/ros2_ws/install/joy_config_pkg/share/joy_config_pkg/package.dsv'
[11.585s] INFO:colcon.colcon_core.shell:Creating package script '/home/pi/ros2_ws/install/joy_config_pkg/share/joy_config_pkg/package.sh'
[11.591s] INFO:colcon.colcon_core.shell:Creating package script '/home/pi/ros2_ws/install/joy_config_pkg/share/joy_config_pkg/package.bash'
[11.597s] INFO:colcon.colcon_core.shell:Creating package script '/home/pi/ros2_ws/install/joy_config_pkg/share/joy_config_pkg/package.zsh'
[11.604s] Level 1:colcon.colcon_core.environment:create_file_with_runtime_dependencies(/home/pi/ros2_ws/install/joy_config_pkg/share/colcon-core/packages/joy_config_pkg)
[11.613s] INFO:colcon.colcon_ros.task.ament_cmake.build:Building ROS package in '/home/pi/ros2_ws/src/serbot_description' with build type 'ament_cmake'
[11.616s] INFO:colcon.colcon_cmake.task.cmake.build:Building CMake package in '/home/pi/ros2_ws/src/serbot_description'
[11.621s] INFO:colcon.colcon_core.shell:Skip shell extension 'powershell' for command environment: Not usable outside of PowerShell
[11.622s] DEBUG:colcon.colcon_core.shell:Skip shell extension 'dsv' for command environment
[11.719s] DEBUG:colcon.colcon_core.event_handler.log_command:Invoking command in '/home/pi/ros2_ws/build/serbot_description': CMAKE_PREFIX_PATH=${CMAKE_PREFIX_PATH}:/home/pi/ros2_ws/install/teleop_twist_keyboard:/home/pi/ros2_ws/install/serial_control:/home/pi/ros2_ws/install/serbot_controller:/home/pi/ros2_ws/install/my_car_controller:/opt/ros/humble /usr/bin/cmake /home/pi/ros2_ws/src/serbot_description -DCMAKE_INSTALL_PREFIX=/home/pi/ros2_ws/install/serbot_description
[15.021s] DEBUG:colcon.colcon_core.event_handler.log_command:Invoked command in '/home/pi/ros2_ws/build/serbot_description' returned '0': CMAKE_PREFIX_PATH=${CMAKE_PREFIX_PATH}:/home/pi/ros2_ws/install/teleop_twist_keyboard:/home/pi/ros2_ws/install/serial_control:/home/pi/ros2_ws/install/serbot_controller:/home/pi/ros2_ws/install/my_car_controller:/opt/ros/humble /usr/bin/cmake /home/pi/ros2_ws/src/serbot_description -DCMAKE_INSTALL_PREFIX=/home/pi/ros2_ws/install/serbot_description
[15.024s] DEBUG:colcon.colcon_core.event_handler.log_command:Invoking command in '/home/pi/ros2_ws/build/serbot_description': CMAKE_PREFIX_PATH=${CMAKE_PREFIX_PATH}:/home/pi/ros2_ws/install/teleop_twist_keyboard:/home/pi/ros2_ws/install/serial_control:/home/pi/ros2_ws/install/serbot_controller:/home/pi/ros2_ws/install/my_car_controller:/opt/ros/humble /usr/bin/cmake --build /home/pi/ros2_ws/build/serbot_description -- -j4 -l4
[15.430s] DEBUG:colcon.colcon_core.event_handler.log_command:Invoked command in '/home/pi/ros2_ws/build/serbot_description' returned '0': CMAKE_PREFIX_PATH=${CMAKE_PREFIX_PATH}:/home/pi/ros2_ws/install/teleop_twist_keyboard:/home/pi/ros2_ws/install/serial_control:/home/pi/ros2_ws/install/serbot_controller:/home/pi/ros2_ws/install/my_car_controller:/opt/ros/humble /usr/bin/cmake --build /home/pi/ros2_ws/build/serbot_description -- -j4 -l4
[15.446s] DEBUG:colcon.colcon_core.event_handler.log_command:Invoking command in '/home/pi/ros2_ws/build/serbot_description': CMAKE_PREFIX_PATH=${CMAKE_PREFIX_PATH}:/home/pi/ros2_ws/install/teleop_twist_keyboard:/home/pi/ros2_ws/install/serial_control:/home/pi/ros2_ws/install/serbot_controller:/home/pi/ros2_ws/install/my_car_controller:/opt/ros/humble /usr/bin/cmake --install /home/pi/ros2_ws/build/serbot_description
[15.791s] Level 1:colcon.colcon_core.environment:create_environment_scripts_only(serbot_description)
[15.795s] Level 1:colcon.colcon_core.environment:checking '/home/pi/ros2_ws/install/serbot_description' for CMake module files
[15.804s] DEBUG:colcon.colcon_core.event_handler.log_command:Invoked command in '/home/pi/ros2_ws/build/serbot_description' returned '0': CMAKE_PREFIX_PATH=${CMAKE_PREFIX_PATH}:/home/pi/ros2_ws/install/teleop_twist_keyboard:/home/pi/ros2_ws/install/serial_control:/home/pi/ros2_ws/install/serbot_controller:/home/pi/ros2_ws/install/my_car_controller:/opt/ros/humble /usr/bin/cmake --install /home/pi/ros2_ws/build/serbot_description
[15.815s] Level 1:colcon.colcon_core.environment:checking '/home/pi/ros2_ws/install/serbot_description' for CMake config files
[15.823s] Level 1:colcon.colcon_core.shell:create_environment_hook('serbot_description', 'cmake_prefix_path')
[15.826s] INFO:colcon.colcon_core.shell:Creating environment hook '/home/pi/ros2_ws/install/serbot_description/share/serbot_description/hook/cmake_prefix_path.ps1'
[15.833s] INFO:colcon.colcon_core.shell:Creating environment descriptor '/home/pi/ros2_ws/install/serbot_description/share/serbot_description/hook/cmake_prefix_path.dsv'
[15.839s] INFO:colcon.colcon_core.shell:Creating environment hook '/home/pi/ros2_ws/install/serbot_description/share/serbot_description/hook/cmake_prefix_path.sh'
[15.848s] Level 1:colcon.colcon_core.environment:checking '/home/pi/ros2_ws/install/serbot_description/bin'
[15.850s] Level 1:colcon.colcon_core.environment:checking '/home/pi/ros2_ws/install/serbot_description/lib/pkgconfig/serbot_description.pc'
[15.853s] Level 1:colcon.colcon_core.environment:checking '/home/pi/ros2_ws/install/serbot_description/lib/python3.10/site-packages'
[15.855s] Level 1:colcon.colcon_core.environment:checking '/home/pi/ros2_ws/install/serbot_description/bin'
[15.860s] INFO:colcon.colcon_core.shell:Creating package script '/home/pi/ros2_ws/install/serbot_description/share/serbot_description/package.ps1'
[15.867s] INFO:colcon.colcon_core.shell:Creating package descriptor '/home/pi/ros2_ws/install/serbot_description/share/serbot_description/package.dsv'
[15.874s] INFO:colcon.colcon_core.shell:Creating package script '/home/pi/ros2_ws/install/serbot_description/share/serbot_description/package.sh'
[15.884s] INFO:colcon.colcon_core.shell:Creating package script '/home/pi/ros2_ws/install/serbot_description/share/serbot_description/package.bash'
[15.894s] INFO:colcon.colcon_core.shell:Creating package script '/home/pi/ros2_ws/install/serbot_description/share/serbot_description/package.zsh'
[15.903s] Level 1:colcon.colcon_core.environment:create_file_with_runtime_dependencies(/home/pi/ros2_ws/install/serbot_description/share/colcon-core/packages/serbot_description)
[15.922s] Level 1:colcon.colcon_core.environment:create_environment_scripts_only(serbot_description)
[15.929s] Level 1:colcon.colcon_core.environment:checking '/home/pi/ros2_ws/install/serbot_description' for CMake module files
[15.942s] Level 1:colcon.colcon_core.environment:checking '/home/pi/ros2_ws/install/serbot_description' for CMake config files
[15.948s] Level 1:colcon.colcon_core.shell:create_environment_hook('serbot_description', 'cmake_prefix_path')
[15.953s] INFO:colcon.colcon_core.shell:Creating environment hook '/home/pi/ros2_ws/install/serbot_description/share/serbot_description/hook/cmake_prefix_path.ps1'
[15.963s] INFO:colcon.colcon_core.shell:Creating environment descriptor '/home/pi/ros2_ws/install/serbot_description/share/serbot_description/hook/cmake_prefix_path.dsv'
[15.972s] INFO:colcon.colcon_core.shell:Creating environment hook '/home/pi/ros2_ws/install/serbot_description/share/serbot_description/hook/cmake_prefix_path.sh'
[15.985s] Level 1:colcon.colcon_core.environment:checking '/home/pi/ros2_ws/install/serbot_description/bin'
[15.987s] Level 1:colcon.colcon_core.environment:checking '/home/pi/ros2_ws/install/serbot_description/lib/pkgconfig/serbot_description.pc'
[15.991s] Level 1:colcon.colcon_core.environment:checking '/home/pi/ros2_ws/install/serbot_description/lib/python3.10/site-packages'
[15.995s] Level 1:colcon.colcon_core.environment:checking '/home/pi/ros2_ws/install/serbot_description/bin'
[16.000s] INFO:colcon.colcon_core.shell:Creating package script '/home/pi/ros2_ws/install/serbot_description/share/serbot_description/package.ps1'
[16.011s] INFO:colcon.colcon_core.shell:Creating package descriptor '/home/pi/ros2_ws/install/serbot_description/share/serbot_description/package.dsv'
[16.025s] INFO:colcon.colcon_core.shell:Creating package script '/home/pi/ros2_ws/install/serbot_description/share/serbot_description/package.sh'
[16.034s] INFO:colcon.colcon_core.shell:Creating package script '/home/pi/ros2_ws/install/serbot_description/share/serbot_description/package.bash'
[16.042s] INFO:colcon.colcon_core.shell:Creating package script '/home/pi/ros2_ws/install/serbot_description/share/serbot_description/package.zsh'
[16.050s] Level 1:colcon.colcon_core.environment:create_file_with_runtime_dependencies(/home/pi/ros2_ws/install/serbot_description/share/colcon-core/packages/serbot_description)
[16.061s] INFO:colcon.colcon_ros.task.ament_python.build:Building ROS package in '/home/pi/ros2_ws/src/serial_control' with build type 'ament_python'
[16.063s] Level 1:colcon.colcon_core.shell:create_environment_hook('serial_control', 'ament_prefix_path')
[16.067s] INFO:colcon.colcon_core.shell:Creating environment hook '/home/pi/ros2_ws/install/serial_control/share/serial_control/hook/ament_prefix_path.ps1'
[16.078s] INFO:colcon.colcon_core.shell:Creating environment descriptor '/home/pi/ros2_ws/install/serial_control/share/serial_control/hook/ament_prefix_path.dsv'
[16.083s] INFO:colcon.colcon_core.shell:Creating environment hook '/home/pi/ros2_ws/install/serial_control/share/serial_control/hook/ament_prefix_path.sh'
[16.091s] INFO:colcon.colcon_core.shell:Skip shell extension 'powershell' for command environment: Not usable outside of PowerShell
[16.092s] DEBUG:colcon.colcon_core.shell:Skip shell extension 'dsv' for command environment
[16.169s] DEBUG:colcon.colcon_core.event_handler.log_command:Invoking command in '/home/pi/ros2_ws/build/my_car_controller': PYTHONPATH=/home/pi/ros2_ws/build/my_car_controller/prefix_override:/usr/lib/python3/dist-packages/colcon_core/task/python/colcon_distutils_commands:/home/pi/ros2_ws/install/my_car_controller/lib/python3.10/site-packages:${PYTHONPATH} /usr/bin/python3 -W ignore:setup.py install is deprecated -W ignore:easy_install command is deprecated setup.py develop --uninstall --editable --build-directory /home/pi/ros2_ws/build/my_car_controller/build
[19.503s] INFO:colcon.colcon_core.task.python.build:Building Python package in '/home/pi/ros2_ws/src/serial_control'
[19.506s] INFO:colcon.colcon_core.shell:Skip shell extension 'powershell' for command environment: Not usable outside of PowerShell
[19.506s] DEBUG:colcon.colcon_core.shell:Skip shell extension 'dsv' for command environment
[19.610s] DEBUG:colcon.colcon_core.event_handler.log_command:Invoking command in '/home/pi/ros2_ws/build/serbot_controller': PYTHONPATH=/home/pi/ros2_ws/build/serbot_controller/prefix_override:/usr/lib/python3/dist-packages/colcon_core/task/python/colcon_distutils_commands:/home/pi/ros2_ws/install/serbot_controller/lib/python3.10/site-packages:${PYTHONPATH} /usr/bin/python3 -W ignore:setup.py install is deprecated -W ignore:easy_install command is deprecated setup.py develop --uninstall --editable --build-directory /home/pi/ros2_ws/build/serbot_controller/build
[21.198s] DEBUG:colcon.colcon_core.event_handler.log_command:Invoked command in '/home/pi/ros2_ws/build/lslidar_msgs' returned '0': CMAKE_PREFIX_PATH=${CMAKE_PREFIX_PATH}:/home/pi/ros2_ws/install/teleop_twist_keyboard:/home/pi/ros2_ws/install/serial_control:/home/pi/ros2_ws/install/serbot_controller:/home/pi/ros2_ws/install/my_car_controller:/opt/ros/humble /usr/bin/cmake /home/pi/ros2_ws/src/Lslidar_ROS2_driver/lslidar_msgs -DCMAKE_INSTALL_PREFIX=/home/pi/ros2_ws/install/lslidar_msgs
[21.202s] DEBUG:colcon.colcon_core.event_handler.log_command:Invoking command in '/home/pi/ros2_ws/build/lslidar_msgs': CMAKE_PREFIX_PATH=${CMAKE_PREFIX_PATH}:/home/pi/ros2_ws/install/teleop_twist_keyboard:/home/pi/ros2_ws/install/serial_control:/home/pi/ros2_ws/install/serbot_controller:/home/pi/ros2_ws/install/my_car_controller:/opt/ros/humble /usr/bin/cmake --build /home/pi/ros2_ws/build/lslidar_msgs -- -j4 -l4
[22.117s] DEBUG:colcon.colcon_core.event_handler.log_command:Invoked command in '/home/pi/ros2_ws/build/lslidar_msgs' returned '2': CMAKE_PREFIX_PATH=${CMAKE_PREFIX_PATH}:/home/pi/ros2_ws/install/teleop_twist_keyboard:/home/pi/ros2_ws/install/serial_control:/home/pi/ros2_ws/install/serbot_controller:/home/pi/ros2_ws/install/my_car_controller:/opt/ros/humble /usr/bin/cmake --build /home/pi/ros2_ws/build/lslidar_msgs -- -j4 -l4
[22.126s] Level 1:colcon.colcon_core.environment:create_environment_scripts_only(lslidar_msgs)
[22.130s] Level 1:colcon.colcon_core.environment:checking '/home/pi/ros2_ws/install/lslidar_msgs' for CMake module files
[22.146s] Level 1:colcon.colcon_core.environment:checking '/home/pi/ros2_ws/install/lslidar_msgs' for CMake config files
[22.159s] Level 1:colcon.colcon_core.shell:create_environment_hook('lslidar_msgs', 'cmake_prefix_path')
[22.162s] INFO:colcon.colcon_core.shell:Creating environment hook '/home/pi/ros2_ws/install/lslidar_msgs/share/lslidar_msgs/hook/cmake_prefix_path.ps1'
[22.169s] INFO:colcon.colcon_core.shell:Creating environment descriptor '/home/pi/ros2_ws/install/lslidar_msgs/share/lslidar_msgs/hook/cmake_prefix_path.dsv'
[22.175s] INFO:colcon.colcon_core.shell:Creating environment hook '/home/pi/ros2_ws/install/lslidar_msgs/share/lslidar_msgs/hook/cmake_prefix_path.sh'
[22.186s] Level 1:colcon.colcon_core.environment:checking '/home/pi/ros2_ws/install/lslidar_msgs/lib'
[22.190s] Level 1:colcon.colcon_core.shell:create_environment_hook('lslidar_msgs', 'ld_library_path_lib')
[22.193s] INFO:colcon.colcon_core.shell:Creating environment hook '/home/pi/ros2_ws/install/lslidar_msgs/share/lslidar_msgs/hook/ld_library_path_lib.ps1'
[22.201s] INFO:colcon.colcon_core.shell:Creating environment descriptor '/home/pi/ros2_ws/install/lslidar_msgs/share/lslidar_msgs/hook/ld_library_path_lib.dsv'
[22.208s] INFO:colcon.colcon_core.shell:Creating environment hook '/home/pi/ros2_ws/install/lslidar_msgs/share/lslidar_msgs/hook/ld_library_path_lib.sh'
[22.216s] Level 1:colcon.colcon_core.environment:checking '/home/pi/ros2_ws/install/lslidar_msgs/bin'
[22.218s] Level 1:colcon.colcon_core.environment:checking '/home/pi/ros2_ws/install/lslidar_msgs/lib/pkgconfig/lslidar_msgs.pc'
[22.221s] Level 1:colcon.colcon_core.environment:checking '/home/pi/ros2_ws/install/lslidar_msgs/lib/python3.10/site-packages'
[22.225s] Level 1:colcon.colcon_core.environment:checking '/home/pi/ros2_ws/install/lslidar_msgs/bin'
[22.229s] INFO:colcon.colcon_core.shell:Creating package script '/home/pi/ros2_ws/install/lslidar_msgs/share/lslidar_msgs/package.ps1'
[22.237s] INFO:colcon.colcon_core.shell:Creating package descriptor '/home/pi/ros2_ws/install/lslidar_msgs/share/lslidar_msgs/package.dsv'
[22.245s] INFO:colcon.colcon_core.shell:Creating package script '/home/pi/ros2_ws/install/lslidar_msgs/share/lslidar_msgs/package.sh'
[22.257s] INFO:colcon.colcon_core.shell:Creating package script '/home/pi/ros2_ws/install/lslidar_msgs/share/lslidar_msgs/package.bash'
[22.264s] INFO:colcon.colcon_core.shell:Creating package script '/home/pi/ros2_ws/install/lslidar_msgs/share/lslidar_msgs/package.zsh'
[22.270s] Level 1:colcon.colcon_core.environment:create_file_with_runtime_dependencies(/home/pi/ros2_ws/install/lslidar_msgs/share/colcon-core/packages/lslidar_msgs)
[25.289s] DEBUG:colcon.colcon_parallel_executor.executor.parallel:closing loop
[25.291s] DEBUG:colcon.colcon_parallel_executor.executor.parallel:loop closed
[25.292s] DEBUG:colcon.colcon_parallel_executor.executor.parallel:run_until_complete finished with '2'
[25.293s] DEBUG:colcon.colcon_core.event_reactor:joining thread
[25.346s] INFO:colcon.colcon_core.plugin_system:Skipping extension 'colcon_notification.desktop_notification.notify_send': Could not find 'notify-send'
[25.347s] INFO:colcon.colcon_core.plugin_system:Skipping extension 'colcon_notification.desktop_notification.terminal_notifier': Not used on non-Darwin systems
[25.348s] INFO:colcon.colcon_core.plugin_system:Skipping extension 'colcon_notification.desktop_notification.win32': Not used on non-Windows systems
[25.348s] INFO:colcon.colcon_notification.desktop_notification:Sending desktop notification using 'notify2'
[25.355s] DEBUG:colcon.colcon_notification.desktop_notification.notify2:Failed to initialize notify2: org.freedesktop.DBus.Error.ServiceUnknown: The name org.freedesktop.Notifications was not provided by any .service files
[25.356s] DEBUG:colcon.colcon_core.event_reactor:joined thread
[25.359s] INFO:colcon.colcon_core.shell:Creating prefix script '/home/pi/ros2_ws/install/local_setup.ps1'
[25.368s] INFO:colcon.colcon_core.shell:Creating prefix util module '/home/pi/ros2_ws/install/_local_setup_util_ps1.py'
[25.383s] INFO:colcon.colcon_core.shell:Creating prefix chain script '/home/pi/ros2_ws/install/setup.ps1'
[25.399s] INFO:colcon.colcon_core.shell:Creating prefix script '/home/pi/ros2_ws/install/local_setup.sh'
[25.405s] INFO:colcon.colcon_core.shell:Creating prefix util module '/home/pi/ros2_ws/install/_local_setup_util_sh.py'
[25.411s] INFO:colcon.colcon_core.shell:Creating prefix chain script '/home/pi/ros2_ws/install/setup.sh'
[25.428s] INFO:colcon.colcon_core.shell:Creating prefix script '/home/pi/ros2_ws/install/local_setup.bash'
[25.433s] INFO:colcon.colcon_core.shell:Creating prefix chain script '/home/pi/ros2_ws/install/setup.bash'
[25.449s] INFO:colcon.colcon_core.shell:Creating prefix script '/home/pi/ros2_ws/install/local_setup.zsh'
[25.455s] INFO:colcon.colcon_core.shell:Creating prefix chain script '/home/pi/ros2_ws/install/setup.zsh'
