[0.270s] Invoking command in '/home/pi/ros2_ws/build/joy_config_pkg': CMAKE_PREFIX_PATH=${CMAKE_PREFIX_PATH}:/home/pi/ros2_ws/install/teleop_twist_keyboard:/home/pi/ros2_ws/install/serial_control:/home/pi/ros2_ws/install/serbot_controller:/home/pi/ros2_ws/install/my_car_controller:/opt/ros/humble /usr/bin/cmake --build /home/pi/ros2_ws/build/joy_config_pkg -- -j4 -l4
[3.665s] Invoked command in '/home/pi/ros2_ws/build/joy_config_pkg' returned '0': CMAKE_PREFIX_PATH=${CMAKE_PREFIX_PATH}:/home/pi/ros2_ws/install/teleop_twist_keyboard:/home/pi/ros2_ws/install/serial_control:/home/pi/ros2_ws/install/serbot_controller:/home/pi/ros2_ws/install/my_car_controller:/opt/ros/humble /usr/bin/cmake --build /home/pi/ros2_ws/build/joy_config_pkg -- -j4 -l4
[3.755s] Invoking command in '/home/pi/ros2_ws/build/joy_config_pkg': CMAKE_PREFIX_PATH=${CMAKE_PREFIX_PATH}:/home/pi/ros2_ws/install/teleop_twist_keyboard:/home/pi/ros2_ws/install/serial_control:/home/pi/ros2_ws/install/serbot_controller:/home/pi/ros2_ws/install/my_car_controller:/opt/ros/humble /usr/bin/cmake --install /home/pi/ros2_ws/build/joy_config_pkg
[6.652s] -- Install configuration: ""
[6.655s] -- Up-to-date: /home/pi/ros2_ws/install/joy_config_pkg/share/ament_index/resource_index/package_run_dependencies/joy_config_pkg
[6.657s] -- Up-to-date: /home/pi/ros2_ws/install/joy_config_pkg/share/ament_index/resource_index/parent_prefix_path/joy_config_pkg
[6.658s] -- Up-to-date: /home/pi/ros2_ws/install/joy_config_pkg/share/joy_config_pkg/environment/ament_prefix_path.sh
[6.662s] -- Up-to-date: /home/pi/ros2_ws/install/joy_config_pkg/share/joy_config_pkg/environment/ament_prefix_path.dsv
[6.664s] -- Up-to-date: /home/pi/ros2_ws/install/joy_config_pkg/share/joy_config_pkg/environment/path.sh
[6.672s] -- Up-to-date: /home/pi/ros2_ws/install/joy_config_pkg/share/joy_config_pkg/environment/path.dsv
[6.675s] -- Up-to-date: /home/pi/ros2_ws/install/joy_config_pkg/share/joy_config_pkg/local_setup.bash
[6.679s] -- Up-to-date: /home/pi/ros2_ws/install/joy_config_pkg/share/joy_config_pkg/local_setup.sh
[6.686s] -- Up-to-date: /home/pi/ros2_ws/install/joy_config_pkg/share/joy_config_pkg/local_setup.zsh
[6.690s] -- Up-to-date: /home/pi/ros2_ws/install/joy_config_pkg/share/joy_config_pkg/local_setup.dsv
[6.691s] -- Installing: /home/pi/ros2_ws/install/joy_config_pkg/share/joy_config_pkg/package.dsv
[6.692s] -- Up-to-date: /home/pi/ros2_ws/install/joy_config_pkg/share/ament_index/resource_index/packages/joy_config_pkg
[6.694s] -- Up-to-date: /home/pi/ros2_ws/install/joy_config_pkg/share/joy_config_pkg/cmake/joy_config_pkgConfig.cmake
[6.696s] -- Up-to-date: /home/pi/ros2_ws/install/joy_config_pkg/share/joy_config_pkg/cmake/joy_config_pkgConfig-version.cmake
[6.699s] -- Up-to-date: /home/pi/ros2_ws/install/joy_config_pkg/share/joy_config_pkg/package.xml
[6.701s] Invoked command in '/home/pi/ros2_ws/build/joy_config_pkg' returned '0': CMAKE_PREFIX_PATH=${CMAKE_PREFIX_PATH}:/home/pi/ros2_ws/install/teleop_twist_keyboard:/home/pi/ros2_ws/install/serial_control:/home/pi/ros2_ws/install/serbot_controller:/home/pi/ros2_ws/install/my_car_controller:/opt/ros/humble /usr/bin/cmake --install /home/pi/ros2_ws/build/joy_config_pkg
