[1.334s] DEBUG:colcon:Command line arguments: ['/usr/bin/colcon', 'build']
[1.335s] DEBUG:colcon:Parsed command line arguments: Namespace(log_base=None, log_level=None, verb_name='build', build_base='build', install_base='install', merge_install=False, symlink_install=False, test_result_base=None, continue_on_error=False, executor='parallel', parallel_workers=4, event_handlers=None, ignore_user_meta=False, metas=['./colcon.meta'], base_paths=['.'], packages_ignore=None, packages_ignore_regex=None, paths=None, packages_up_to=None, packages_up_to_regex=None, packages_above=None, packages_above_and_dependencies=None, packages_above_depth=None, packages_select_by_dep=None, packages_skip_by_dep=None, packages_skip_up_to=None, packages_select_build_failed=False, packages_skip_build_finished=False, packages_select_test_failures=False, packages_skip_test_passed=False, packages_select=None, packages_skip=None, packages_select_regex=None, packages_skip_regex=None, packages_start=None, packages_end=None, allow_overriding=[], cmake_args=None, cmake_target=None, cmake_target_skip_unavailable=False, cmake_clean_cache=False, cmake_clean_first=False, cmake_force_configure=False, ament_cmake_args=None, catkin_cmake_args=None, catkin_skip_building_tests=False, mixin_files=None, mixin=None, verb_parser=<colcon_mixin.mixin.mixin_argument.MixinArgumentDecorator object at 0xffffac058f40>, verb_extension=<colcon_core.verb.build.BuildVerb object at 0xffffac151e40>, main=<bound method BuildVerb.main of <colcon_core.verb.build.BuildVerb object at 0xffffac151e40>>, mixin_verb=('build',))
[3.701s] Level 1:colcon.colcon_core.package_discovery:discover_packages(colcon_meta) check parameters
[3.702s] Level 1:colcon.colcon_core.package_discovery:discover_packages(recursive) check parameters
[3.703s] Level 1:colcon.colcon_core.package_discovery:discover_packages(ignore) check parameters
[3.703s] Level 1:colcon.colcon_core.package_discovery:discover_packages(path) check parameters
[3.703s] Level 1:colcon.colcon_core.package_discovery:discover_packages(colcon_meta) discover
[3.704s] Level 1:colcon.colcon_core.package_discovery:discover_packages(recursive) discover
[3.704s] INFO:colcon.colcon_core.package_discovery:Crawling recursively for packages in '/home/pi/ros2_ws'
[3.705s] Level 1:colcon.colcon_core.package_identification:_identify(.) by extensions ['ignore', 'ignore_ament_install']
[3.706s] Level 1:colcon.colcon_core.package_identification:_identify(.) by extension 'ignore'
[3.707s] Level 1:colcon.colcon_core.package_identification:_identify(.) by extension 'ignore_ament_install'
[3.707s] Level 1:colcon.colcon_core.package_identification:_identify(.) by extensions ['colcon_pkg']
[3.708s] Level 1:colcon.colcon_core.package_identification:_identify(.) by extension 'colcon_pkg'
[3.708s] Level 1:colcon.colcon_core.package_identification:_identify(.) by extensions ['colcon_meta']
[3.709s] Level 1:colcon.colcon_core.package_identification:_identify(.) by extension 'colcon_meta'
[3.709s] Level 1:colcon.colcon_core.package_identification:_identify(.) by extensions ['ros']
[3.710s] Level 1:colcon.colcon_core.package_identification:_identify(.) by extension 'ros'
[3.849s] Level 1:colcon.colcon_core.package_identification:_identify(.) by extensions ['cmake', 'python']
[3.850s] Level 1:colcon.colcon_core.package_identification:_identify(.) by extension 'cmake'
[3.850s] Level 1:colcon.colcon_core.package_identification:_identify(.) by extension 'python'
[3.851s] Level 1:colcon.colcon_core.package_identification:_identify(.) by extensions ['python_setup_py']
[3.851s] Level 1:colcon.colcon_core.package_identification:_identify(.) by extension 'python_setup_py'
[3.853s] Level 1:colcon.colcon_core.package_identification:_identify(build) by extensions ['ignore', 'ignore_ament_install']
[3.855s] Level 1:colcon.colcon_core.package_identification:_identify(build) by extension 'ignore'
[3.855s] Level 1:colcon.colcon_core.package_identification:_identify(build) ignored
[3.857s] Level 1:colcon.colcon_core.package_identification:_identify(install) by extensions ['ignore', 'ignore_ament_install']
[3.858s] Level 1:colcon.colcon_core.package_identification:_identify(install) by extension 'ignore'
[3.858s] Level 1:colcon.colcon_core.package_identification:_identify(install) ignored
[3.860s] Level 1:colcon.colcon_core.package_identification:_identify(log) by extensions ['ignore', 'ignore_ament_install']
[3.861s] Level 1:colcon.colcon_core.package_identification:_identify(log) by extension 'ignore'
[3.861s] Level 1:colcon.colcon_core.package_identification:_identify(log) ignored
[3.862s] Level 1:colcon.colcon_core.package_identification:_identify(src) by extensions ['ignore', 'ignore_ament_install']
[3.863s] Level 1:colcon.colcon_core.package_identification:_identify(src) by extension 'ignore'
[3.864s] Level 1:colcon.colcon_core.package_identification:_identify(src) by extension 'ignore_ament_install'
[3.864s] Level 1:colcon.colcon_core.package_identification:_identify(src) by extensions ['colcon_pkg']
[3.865s] Level 1:colcon.colcon_core.package_identification:_identify(src) by extension 'colcon_pkg'
[3.865s] Level 1:colcon.colcon_core.package_identification:_identify(src) by extensions ['colcon_meta']
[3.866s] Level 1:colcon.colcon_core.package_identification:_identify(src) by extension 'colcon_meta'
[3.866s] Level 1:colcon.colcon_core.package_identification:_identify(src) by extensions ['ros']
[3.866s] Level 1:colcon.colcon_core.package_identification:_identify(src) by extension 'ros'
[3.867s] Level 1:colcon.colcon_core.package_identification:_identify(src) by extensions ['cmake', 'python']
[3.868s] Level 1:colcon.colcon_core.package_identification:_identify(src) by extension 'cmake'
[3.868s] Level 1:colcon.colcon_core.package_identification:_identify(src) by extension 'python'
[3.869s] Level 1:colcon.colcon_core.package_identification:_identify(src) by extensions ['python_setup_py']
[3.869s] Level 1:colcon.colcon_core.package_identification:_identify(src) by extension 'python_setup_py'
[3.871s] Level 1:colcon.colcon_core.package_identification:_identify(src/Lslidar_ROS2_driver) by extensions ['ignore', 'ignore_ament_install']
[3.872s] Level 1:colcon.colcon_core.package_identification:_identify(src/Lslidar_ROS2_driver) by extension 'ignore'
[3.873s] Level 1:colcon.colcon_core.package_identification:_identify(src/Lslidar_ROS2_driver) by extension 'ignore_ament_install'
[3.874s] Level 1:colcon.colcon_core.package_identification:_identify(src/Lslidar_ROS2_driver) by extensions ['colcon_pkg']
[3.874s] Level 1:colcon.colcon_core.package_identification:_identify(src/Lslidar_ROS2_driver) by extension 'colcon_pkg'
[3.874s] Level 1:colcon.colcon_core.package_identification:_identify(src/Lslidar_ROS2_driver) by extensions ['colcon_meta']
[3.875s] Level 1:colcon.colcon_core.package_identification:_identify(src/Lslidar_ROS2_driver) by extension 'colcon_meta'
[3.875s] Level 1:colcon.colcon_core.package_identification:_identify(src/Lslidar_ROS2_driver) by extensions ['ros']
[3.876s] Level 1:colcon.colcon_core.package_identification:_identify(src/Lslidar_ROS2_driver) by extension 'ros'
[3.877s] Level 1:colcon.colcon_core.package_identification:_identify(src/Lslidar_ROS2_driver) by extensions ['cmake', 'python']
[3.877s] Level 1:colcon.colcon_core.package_identification:_identify(src/Lslidar_ROS2_driver) by extension 'cmake'
[3.878s] Level 1:colcon.colcon_core.package_identification:_identify(src/Lslidar_ROS2_driver) by extension 'python'
[3.878s] Level 1:colcon.colcon_core.package_identification:_identify(src/Lslidar_ROS2_driver) by extensions ['python_setup_py']
[3.879s] Level 1:colcon.colcon_core.package_identification:_identify(src/Lslidar_ROS2_driver) by extension 'python_setup_py'
[3.881s] Level 1:colcon.colcon_core.package_identification:_identify(src/Lslidar_ROS2_driver/lslidar_driver) by extensions ['ignore', 'ignore_ament_install']
[3.882s] Level 1:colcon.colcon_core.package_identification:_identify(src/Lslidar_ROS2_driver/lslidar_driver) by extension 'ignore'
[3.883s] Level 1:colcon.colcon_core.package_identification:_identify(src/Lslidar_ROS2_driver/lslidar_driver) by extension 'ignore_ament_install'
[3.884s] Level 1:colcon.colcon_core.package_identification:_identify(src/Lslidar_ROS2_driver/lslidar_driver) by extensions ['colcon_pkg']
[3.884s] Level 1:colcon.colcon_core.package_identification:_identify(src/Lslidar_ROS2_driver/lslidar_driver) by extension 'colcon_pkg'
[3.885s] Level 1:colcon.colcon_core.package_identification:_identify(src/Lslidar_ROS2_driver/lslidar_driver) by extensions ['colcon_meta']
[3.885s] Level 1:colcon.colcon_core.package_identification:_identify(src/Lslidar_ROS2_driver/lslidar_driver) by extension 'colcon_meta'
[3.886s] Level 1:colcon.colcon_core.package_identification:_identify(src/Lslidar_ROS2_driver/lslidar_driver) by extensions ['ros']
[3.886s] Level 1:colcon.colcon_core.package_identification:_identify(src/Lslidar_ROS2_driver/lslidar_driver) by extension 'ros'
[3.917s] DEBUG:colcon.colcon_core.package_identification:Package 'src/Lslidar_ROS2_driver/lslidar_driver' with type 'ros.ament_cmake' and name 'lslidar_driver'
[3.919s] Level 1:colcon.colcon_core.package_identification:_identify(src/Lslidar_ROS2_driver/lslidar_msgs) by extensions ['ignore', 'ignore_ament_install']
[3.920s] Level 1:colcon.colcon_core.package_identification:_identify(src/Lslidar_ROS2_driver/lslidar_msgs) by extension 'ignore'
[3.921s] Level 1:colcon.colcon_core.package_identification:_identify(src/Lslidar_ROS2_driver/lslidar_msgs) by extension 'ignore_ament_install'
[3.922s] Level 1:colcon.colcon_core.package_identification:_identify(src/Lslidar_ROS2_driver/lslidar_msgs) by extensions ['colcon_pkg']
[3.922s] Level 1:colcon.colcon_core.package_identification:_identify(src/Lslidar_ROS2_driver/lslidar_msgs) by extension 'colcon_pkg'
[3.922s] Level 1:colcon.colcon_core.package_identification:_identify(src/Lslidar_ROS2_driver/lslidar_msgs) by extensions ['colcon_meta']
[3.923s] Level 1:colcon.colcon_core.package_identification:_identify(src/Lslidar_ROS2_driver/lslidar_msgs) by extension 'colcon_meta'
[3.923s] Level 1:colcon.colcon_core.package_identification:_identify(src/Lslidar_ROS2_driver/lslidar_msgs) by extensions ['ros']
[3.924s] Level 1:colcon.colcon_core.package_identification:_identify(src/Lslidar_ROS2_driver/lslidar_msgs) by extension 'ros'
[3.932s] DEBUG:colcon.colcon_core.package_identification:Package 'src/Lslidar_ROS2_driver/lslidar_msgs' with type 'ros.ament_cmake' and name 'lslidar_msgs'
[3.933s] Level 1:colcon.colcon_core.package_identification:_identify(src/joy_config_pkg) by extensions ['ignore', 'ignore_ament_install']
[3.934s] Level 1:colcon.colcon_core.package_identification:_identify(src/joy_config_pkg) by extension 'ignore'
[3.934s] Level 1:colcon.colcon_core.package_identification:_identify(src/joy_config_pkg) by extension 'ignore_ament_install'
[3.935s] Level 1:colcon.colcon_core.package_identification:_identify(src/joy_config_pkg) by extensions ['colcon_pkg']
[3.935s] Level 1:colcon.colcon_core.package_identification:_identify(src/joy_config_pkg) by extension 'colcon_pkg'
[3.936s] Level 1:colcon.colcon_core.package_identification:_identify(src/joy_config_pkg) by extensions ['colcon_meta']
[3.937s] Level 1:colcon.colcon_core.package_identification:_identify(src/joy_config_pkg) by extension 'colcon_meta'
[3.937s] Level 1:colcon.colcon_core.package_identification:_identify(src/joy_config_pkg) by extensions ['ros']
[3.937s] Level 1:colcon.colcon_core.package_identification:_identify(src/joy_config_pkg) by extension 'ros'
[3.938s] Level 1:colcon.colcon_core.package_identification:_identify(src/joy_config_pkg) by extensions ['cmake', 'python']
[3.939s] Level 1:colcon.colcon_core.package_identification:_identify(src/joy_config_pkg) by extension 'cmake'
[3.939s] Level 1:colcon.colcon_core.package_identification:_identify(src/joy_config_pkg) by extension 'python'
[3.940s] Level 1:colcon.colcon_core.package_identification:_identify(src/joy_config_pkg) by extensions ['python_setup_py']
[3.940s] Level 1:colcon.colcon_core.package_identification:_identify(src/joy_config_pkg) by extension 'python_setup_py'
[3.941s] Level 1:colcon.colcon_core.package_identification:_identify(src/joy_config_pkg/config) by extensions ['ignore', 'ignore_ament_install']
[3.943s] Level 1:colcon.colcon_core.package_identification:_identify(src/joy_config_pkg/config) by extension 'ignore'
[3.944s] Level 1:colcon.colcon_core.package_identification:_identify(src/joy_config_pkg/config) by extension 'ignore_ament_install'
[3.945s] Level 1:colcon.colcon_core.package_identification:_identify(src/joy_config_pkg/config) by extensions ['colcon_pkg']
[3.945s] Level 1:colcon.colcon_core.package_identification:_identify(src/joy_config_pkg/config) by extension 'colcon_pkg'
[3.946s] Level 1:colcon.colcon_core.package_identification:_identify(src/joy_config_pkg/config) by extensions ['colcon_meta']
[3.946s] Level 1:colcon.colcon_core.package_identification:_identify(src/joy_config_pkg/config) by extension 'colcon_meta'
[3.946s] Level 1:colcon.colcon_core.package_identification:_identify(src/joy_config_pkg/config) by extensions ['ros']
[3.947s] Level 1:colcon.colcon_core.package_identification:_identify(src/joy_config_pkg/config) by extension 'ros'
[3.948s] Level 1:colcon.colcon_core.package_identification:_identify(src/joy_config_pkg/config) by extensions ['cmake', 'python']
[3.948s] Level 1:colcon.colcon_core.package_identification:_identify(src/joy_config_pkg/config) by extension 'cmake'
[3.949s] Level 1:colcon.colcon_core.package_identification:_identify(src/joy_config_pkg/config) by extension 'python'
[3.949s] Level 1:colcon.colcon_core.package_identification:_identify(src/joy_config_pkg/config) by extensions ['python_setup_py']
[3.950s] Level 1:colcon.colcon_core.package_identification:_identify(src/joy_config_pkg/config) by extension 'python_setup_py'
[3.952s] Level 1:colcon.colcon_core.package_identification:_identify(src/joy_config_pkg/joy_config_pkg) by extensions ['ignore', 'ignore_ament_install']
[3.953s] Level 1:colcon.colcon_core.package_identification:_identify(src/joy_config_pkg/joy_config_pkg) by extension 'ignore'
[3.954s] Level 1:colcon.colcon_core.package_identification:_identify(src/joy_config_pkg/joy_config_pkg) by extension 'ignore_ament_install'
[3.955s] Level 1:colcon.colcon_core.package_identification:_identify(src/joy_config_pkg/joy_config_pkg) by extensions ['colcon_pkg']
[3.955s] Level 1:colcon.colcon_core.package_identification:_identify(src/joy_config_pkg/joy_config_pkg) by extension 'colcon_pkg'
[3.955s] Level 1:colcon.colcon_core.package_identification:_identify(src/joy_config_pkg/joy_config_pkg) by extensions ['colcon_meta']
[3.956s] Level 1:colcon.colcon_core.package_identification:_identify(src/joy_config_pkg/joy_config_pkg) by extension 'colcon_meta'
[3.956s] Level 1:colcon.colcon_core.package_identification:_identify(src/joy_config_pkg/joy_config_pkg) by extensions ['ros']
[3.957s] Level 1:colcon.colcon_core.package_identification:_identify(src/joy_config_pkg/joy_config_pkg) by extension 'ros'
[3.963s] DEBUG:colcon.colcon_core.package_identification:Package 'src/joy_config_pkg/joy_config_pkg' with type 'ros.ament_cmake' and name 'joy_config_pkg'
[3.965s] Level 1:colcon.colcon_core.package_identification:_identify(src/my_car_controller) by extensions ['ignore', 'ignore_ament_install']
[3.965s] Level 1:colcon.colcon_core.package_identification:_identify(src/my_car_controller) by extension 'ignore'
[3.966s] Level 1:colcon.colcon_core.package_identification:_identify(src/my_car_controller) by extension 'ignore_ament_install'
[3.967s] Level 1:colcon.colcon_core.package_identification:_identify(src/my_car_controller) by extensions ['colcon_pkg']
[3.967s] Level 1:colcon.colcon_core.package_identification:_identify(src/my_car_controller) by extension 'colcon_pkg'
[3.968s] Level 1:colcon.colcon_core.package_identification:_identify(src/my_car_controller) by extensions ['colcon_meta']
[3.968s] Level 1:colcon.colcon_core.package_identification:_identify(src/my_car_controller) by extension 'colcon_meta'
[3.969s] Level 1:colcon.colcon_core.package_identification:_identify(src/my_car_controller) by extensions ['ros']
[3.969s] Level 1:colcon.colcon_core.package_identification:_identify(src/my_car_controller) by extension 'ros'
[3.976s] DEBUG:colcon.colcon_core.package_identification:Package 'src/my_car_controller' with type 'ros.ament_python' and name 'my_car_controller'
[3.979s] Level 1:colcon.colcon_core.package_identification:_identify(src/serbot_controller) by extensions ['ignore', 'ignore_ament_install']
[3.979s] Level 1:colcon.colcon_core.package_identification:_identify(src/serbot_controller) by extension 'ignore'
[3.980s] Level 1:colcon.colcon_core.package_identification:_identify(src/serbot_controller) by extension 'ignore_ament_install'
[3.981s] Level 1:colcon.colcon_core.package_identification:_identify(src/serbot_controller) by extensions ['colcon_pkg']
[3.981s] Level 1:colcon.colcon_core.package_identification:_identify(src/serbot_controller) by extension 'colcon_pkg'
[3.982s] Level 1:colcon.colcon_core.package_identification:_identify(src/serbot_controller) by extensions ['colcon_meta']
[3.982s] Level 1:colcon.colcon_core.package_identification:_identify(src/serbot_controller) by extension 'colcon_meta'
[3.982s] Level 1:colcon.colcon_core.package_identification:_identify(src/serbot_controller) by extensions ['ros']
[3.983s] Level 1:colcon.colcon_core.package_identification:_identify(src/serbot_controller) by extension 'ros'
[3.989s] DEBUG:colcon.colcon_core.package_identification:Package 'src/serbot_controller' with type 'ros.ament_python' and name 'serbot_controller'
[3.991s] Level 1:colcon.colcon_core.package_identification:_identify(src/serbot_description) by extensions ['ignore', 'ignore_ament_install']
[3.992s] Level 1:colcon.colcon_core.package_identification:_identify(src/serbot_description) by extension 'ignore'
[3.993s] Level 1:colcon.colcon_core.package_identification:_identify(src/serbot_description) by extension 'ignore_ament_install'
[3.993s] Level 1:colcon.colcon_core.package_identification:_identify(src/serbot_description) by extensions ['colcon_pkg']
[3.994s] Level 1:colcon.colcon_core.package_identification:_identify(src/serbot_description) by extension 'colcon_pkg'
[3.994s] Level 1:colcon.colcon_core.package_identification:_identify(src/serbot_description) by extensions ['colcon_meta']
[3.995s] Level 1:colcon.colcon_core.package_identification:_identify(src/serbot_description) by extension 'colcon_meta'
[3.995s] Level 1:colcon.colcon_core.package_identification:_identify(src/serbot_description) by extensions ['ros']
[3.995s] Level 1:colcon.colcon_core.package_identification:_identify(src/serbot_description) by extension 'ros'
[4.003s] DEBUG:colcon.colcon_core.package_identification:Package 'src/serbot_description' with type 'ros.ament_cmake' and name 'serbot_description'
[4.005s] Level 1:colcon.colcon_core.package_identification:_identify(src/serial_control) by extensions ['ignore', 'ignore_ament_install']
[4.006s] Level 1:colcon.colcon_core.package_identification:_identify(src/serial_control) by extension 'ignore'
[4.007s] Level 1:colcon.colcon_core.package_identification:_identify(src/serial_control) by extension 'ignore_ament_install'
[4.007s] Level 1:colcon.colcon_core.package_identification:_identify(src/serial_control) by extensions ['colcon_pkg']
[4.008s] Level 1:colcon.colcon_core.package_identification:_identify(src/serial_control) by extension 'colcon_pkg'
[4.008s] Level 1:colcon.colcon_core.package_identification:_identify(src/serial_control) by extensions ['colcon_meta']
[4.009s] Level 1:colcon.colcon_core.package_identification:_identify(src/serial_control) by extension 'colcon_meta'
[4.009s] Level 1:colcon.colcon_core.package_identification:_identify(src/serial_control) by extensions ['ros']
[4.010s] Level 1:colcon.colcon_core.package_identification:_identify(src/serial_control) by extension 'ros'
[4.016s] DEBUG:colcon.colcon_core.package_identification:Package 'src/serial_control' with type 'ros.ament_python' and name 'serial_control'
[4.018s] Level 1:colcon.colcon_core.package_identification:_identify(src/teleop_twist_keyboard) by extensions ['ignore', 'ignore_ament_install']
[4.019s] Level 1:colcon.colcon_core.package_identification:_identify(src/teleop_twist_keyboard) by extension 'ignore'
[4.020s] Level 1:colcon.colcon_core.package_identification:_identify(src/teleop_twist_keyboard) by extension 'ignore_ament_install'
[4.021s] Level 1:colcon.colcon_core.package_identification:_identify(src/teleop_twist_keyboard) by extensions ['colcon_pkg']
[4.021s] Level 1:colcon.colcon_core.package_identification:_identify(src/teleop_twist_keyboard) by extension 'colcon_pkg'
[4.022s] Level 1:colcon.colcon_core.package_identification:_identify(src/teleop_twist_keyboard) by extensions ['colcon_meta']
[4.022s] Level 1:colcon.colcon_core.package_identification:_identify(src/teleop_twist_keyboard) by extension 'colcon_meta'
[4.023s] Level 1:colcon.colcon_core.package_identification:_identify(src/teleop_twist_keyboard) by extensions ['ros']
[4.023s] Level 1:colcon.colcon_core.package_identification:_identify(src/teleop_twist_keyboard) by extension 'ros'
[4.029s] DEBUG:colcon.colcon_core.package_identification:Package 'src/teleop_twist_keyboard' with type 'ros.ament_python' and name 'teleop_twist_keyboard'
[4.030s] Level 1:colcon.colcon_core.package_discovery:discover_packages(recursive) using defaults
[4.031s] Level 1:colcon.colcon_core.package_discovery:discover_packages(ignore) discover
[4.031s] Level 1:colcon.colcon_core.package_discovery:discover_packages(ignore) using defaults
[4.031s] Level 1:colcon.colcon_core.package_discovery:discover_packages(path) discover
[4.031s] Level 1:colcon.colcon_core.package_discovery:discover_packages(path) using defaults
[4.286s] Level 1:colcon.colcon_core.package_discovery:discover_packages(prefix_path) check parameters
[4.287s] Level 1:colcon.colcon_core.package_discovery:discover_packages(prefix_path) discover
[4.324s] DEBUG:colcon.colcon_installed_package_information.package_discovery:Found 8 installed packages in /home/pi/ros2_ws/install
[4.343s] DEBUG:colcon.colcon_installed_package_information.package_discovery:Found 187 installed packages in /opt/ros/humble
[4.356s] Level 1:colcon.colcon_core.package_discovery:discover_packages(prefix_path) using defaults
[4.756s] Level 5:colcon.colcon_core.verb:set package 'joy_config_pkg' build argument 'cmake_args' from command line to 'None'
[4.756s] Level 5:colcon.colcon_core.verb:set package 'joy_config_pkg' build argument 'cmake_target' from command line to 'None'
[4.756s] Level 5:colcon.colcon_core.verb:set package 'joy_config_pkg' build argument 'cmake_target_skip_unavailable' from command line to 'False'
[4.757s] Level 5:colcon.colcon_core.verb:set package 'joy_config_pkg' build argument 'cmake_clean_cache' from command line to 'False'
[4.757s] Level 5:colcon.colcon_core.verb:set package 'joy_config_pkg' build argument 'cmake_clean_first' from command line to 'False'
[4.757s] Level 5:colcon.colcon_core.verb:set package 'joy_config_pkg' build argument 'cmake_force_configure' from command line to 'False'
[4.758s] Level 5:colcon.colcon_core.verb:set package 'joy_config_pkg' build argument 'ament_cmake_args' from command line to 'None'
[4.758s] Level 5:colcon.colcon_core.verb:set package 'joy_config_pkg' build argument 'catkin_cmake_args' from command line to 'None'
[4.758s] Level 5:colcon.colcon_core.verb:set package 'joy_config_pkg' build argument 'catkin_skip_building_tests' from command line to 'False'
[4.759s] DEBUG:colcon.colcon_core.verb:Building package 'joy_config_pkg' with the following arguments: {'ament_cmake_args': None, 'build_base': '/home/pi/ros2_ws/build/joy_config_pkg', 'catkin_cmake_args': None, 'catkin_skip_building_tests': False, 'cmake_args': None, 'cmake_clean_cache': False, 'cmake_clean_first': False, 'cmake_force_configure': False, 'cmake_target': None, 'cmake_target_skip_unavailable': False, 'install_base': '/home/pi/ros2_ws/install/joy_config_pkg', 'merge_install': False, 'path': '/home/pi/ros2_ws/src/joy_config_pkg/joy_config_pkg', 'symlink_install': False, 'test_result_base': None}
[4.763s] Level 5:colcon.colcon_core.verb:set package 'lslidar_msgs' build argument 'cmake_args' from command line to 'None'
[4.763s] Level 5:colcon.colcon_core.verb:set package 'lslidar_msgs' build argument 'cmake_target' from command line to 'None'
[4.763s] Level 5:colcon.colcon_core.verb:set package 'lslidar_msgs' build argument 'cmake_target_skip_unavailable' from command line to 'False'
[4.764s] Level 5:colcon.colcon_core.verb:set package 'lslidar_msgs' build argument 'cmake_clean_cache' from command line to 'False'
[4.764s] Level 5:colcon.colcon_core.verb:set package 'lslidar_msgs' build argument 'cmake_clean_first' from command line to 'False'
[4.764s] Level 5:colcon.colcon_core.verb:set package 'lslidar_msgs' build argument 'cmake_force_configure' from command line to 'False'
[4.765s] Level 5:colcon.colcon_core.verb:set package 'lslidar_msgs' build argument 'ament_cmake_args' from command line to 'None'
[4.765s] Level 5:colcon.colcon_core.verb:set package 'lslidar_msgs' build argument 'catkin_cmake_args' from command line to 'None'
[4.765s] Level 5:colcon.colcon_core.verb:set package 'lslidar_msgs' build argument 'catkin_skip_building_tests' from command line to 'False'
[4.766s] DEBUG:colcon.colcon_core.verb:Building package 'lslidar_msgs' with the following arguments: {'ament_cmake_args': None, 'build_base': '/home/pi/ros2_ws/build/lslidar_msgs', 'catkin_cmake_args': None, 'catkin_skip_building_tests': False, 'cmake_args': None, 'cmake_clean_cache': False, 'cmake_clean_first': False, 'cmake_force_configure': False, 'cmake_target': None, 'cmake_target_skip_unavailable': False, 'install_base': '/home/pi/ros2_ws/install/lslidar_msgs', 'merge_install': False, 'path': '/home/pi/ros2_ws/src/Lslidar_ROS2_driver/lslidar_msgs', 'symlink_install': False, 'test_result_base': None}
[4.769s] Level 5:colcon.colcon_core.verb:set package 'my_car_controller' build argument 'cmake_args' from command line to 'None'
[4.770s] Level 5:colcon.colcon_core.verb:set package 'my_car_controller' build argument 'cmake_target' from command line to 'None'
[4.770s] Level 5:colcon.colcon_core.verb:set package 'my_car_controller' build argument 'cmake_target_skip_unavailable' from command line to 'False'
[4.770s] Level 5:colcon.colcon_core.verb:set package 'my_car_controller' build argument 'cmake_clean_cache' from command line to 'False'
[4.771s] Level 5:colcon.colcon_core.verb:set package 'my_car_controller' build argument 'cmake_clean_first' from command line to 'False'
[4.771s] Level 5:colcon.colcon_core.verb:set package 'my_car_controller' build argument 'cmake_force_configure' from command line to 'False'
[4.771s] Level 5:colcon.colcon_core.verb:set package 'my_car_controller' build argument 'ament_cmake_args' from command line to 'None'
[4.772s] Level 5:colcon.colcon_core.verb:set package 'my_car_controller' build argument 'catkin_cmake_args' from command line to 'None'
[4.772s] Level 5:colcon.colcon_core.verb:set package 'my_car_controller' build argument 'catkin_skip_building_tests' from command line to 'False'
[4.772s] DEBUG:colcon.colcon_core.verb:Building package 'my_car_controller' with the following arguments: {'ament_cmake_args': None, 'build_base': '/home/pi/ros2_ws/build/my_car_controller', 'catkin_cmake_args': None, 'catkin_skip_building_tests': False, 'cmake_args': None, 'cmake_clean_cache': False, 'cmake_clean_first': False, 'cmake_force_configure': False, 'cmake_target': None, 'cmake_target_skip_unavailable': False, 'install_base': '/home/pi/ros2_ws/install/my_car_controller', 'merge_install': False, 'path': '/home/pi/ros2_ws/src/my_car_controller', 'symlink_install': False, 'test_result_base': None}
[4.776s] Level 5:colcon.colcon_core.verb:set package 'serbot_controller' build argument 'cmake_args' from command line to 'None'
[4.776s] Level 5:colcon.colcon_core.verb:set package 'serbot_controller' build argument 'cmake_target' from command line to 'None'
[4.777s] Level 5:colcon.colcon_core.verb:set package 'serbot_controller' build argument 'cmake_target_skip_unavailable' from command line to 'False'
[4.777s] Level 5:colcon.colcon_core.verb:set package 'serbot_controller' build argument 'cmake_clean_cache' from command line to 'False'
[4.777s] Level 5:colcon.colcon_core.verb:set package 'serbot_controller' build argument 'cmake_clean_first' from command line to 'False'
[4.778s] Level 5:colcon.colcon_core.verb:set package 'serbot_controller' build argument 'cmake_force_configure' from command line to 'False'
[4.778s] Level 5:colcon.colcon_core.verb:set package 'serbot_controller' build argument 'ament_cmake_args' from command line to 'None'
[4.778s] Level 5:colcon.colcon_core.verb:set package 'serbot_controller' build argument 'catkin_cmake_args' from command line to 'None'
[4.779s] Level 5:colcon.colcon_core.verb:set package 'serbot_controller' build argument 'catkin_skip_building_tests' from command line to 'False'
[4.779s] DEBUG:colcon.colcon_core.verb:Building package 'serbot_controller' with the following arguments: {'ament_cmake_args': None, 'build_base': '/home/pi/ros2_ws/build/serbot_controller', 'catkin_cmake_args': None, 'catkin_skip_building_tests': False, 'cmake_args': None, 'cmake_clean_cache': False, 'cmake_clean_first': False, 'cmake_force_configure': False, 'cmake_target': None, 'cmake_target_skip_unavailable': False, 'install_base': '/home/pi/ros2_ws/install/serbot_controller', 'merge_install': False, 'path': '/home/pi/ros2_ws/src/serbot_controller', 'symlink_install': False, 'test_result_base': None}
[4.783s] Level 5:colcon.colcon_core.verb:set package 'serbot_description' build argument 'cmake_args' from command line to 'None'
[4.783s] Level 5:colcon.colcon_core.verb:set package 'serbot_description' build argument 'cmake_target' from command line to 'None'
[4.783s] Level 5:colcon.colcon_core.verb:set package 'serbot_description' build argument 'cmake_target_skip_unavailable' from command line to 'False'
[4.784s] Level 5:colcon.colcon_core.verb:set package 'serbot_description' build argument 'cmake_clean_cache' from command line to 'False'
[4.784s] Level 5:colcon.colcon_core.verb:set package 'serbot_description' build argument 'cmake_clean_first' from command line to 'False'
[4.784s] Level 5:colcon.colcon_core.verb:set package 'serbot_description' build argument 'cmake_force_configure' from command line to 'False'
[4.785s] Level 5:colcon.colcon_core.verb:set package 'serbot_description' build argument 'ament_cmake_args' from command line to 'None'
[4.785s] Level 5:colcon.colcon_core.verb:set package 'serbot_description' build argument 'catkin_cmake_args' from command line to 'None'
[4.785s] Level 5:colcon.colcon_core.verb:set package 'serbot_description' build argument 'catkin_skip_building_tests' from command line to 'False'
[4.786s] DEBUG:colcon.colcon_core.verb:Building package 'serbot_description' with the following arguments: {'ament_cmake_args': None, 'build_base': '/home/pi/ros2_ws/build/serbot_description', 'catkin_cmake_args': None, 'catkin_skip_building_tests': False, 'cmake_args': None, 'cmake_clean_cache': False, 'cmake_clean_first': False, 'cmake_force_configure': False, 'cmake_target': None, 'cmake_target_skip_unavailable': False, 'install_base': '/home/pi/ros2_ws/install/serbot_description', 'merge_install': False, 'path': '/home/pi/ros2_ws/src/serbot_description', 'symlink_install': False, 'test_result_base': None}
[4.789s] Level 5:colcon.colcon_core.verb:set package 'serial_control' build argument 'cmake_args' from command line to 'None'
[4.790s] Level 5:colcon.colcon_core.verb:set package 'serial_control' build argument 'cmake_target' from command line to 'None'
[4.790s] Level 5:colcon.colcon_core.verb:set package 'serial_control' build argument 'cmake_target_skip_unavailable' from command line to 'False'
[4.790s] Level 5:colcon.colcon_core.verb:set package 'serial_control' build argument 'cmake_clean_cache' from command line to 'False'
[4.791s] Level 5:colcon.colcon_core.verb:set package 'serial_control' build argument 'cmake_clean_first' from command line to 'False'
[4.791s] Level 5:colcon.colcon_core.verb:set package 'serial_control' build argument 'cmake_force_configure' from command line to 'False'
[4.791s] Level 5:colcon.colcon_core.verb:set package 'serial_control' build argument 'ament_cmake_args' from command line to 'None'
[4.792s] Level 5:colcon.colcon_core.verb:set package 'serial_control' build argument 'catkin_cmake_args' from command line to 'None'
[4.792s] Level 5:colcon.colcon_core.verb:set package 'serial_control' build argument 'catkin_skip_building_tests' from command line to 'False'
[4.792s] DEBUG:colcon.colcon_core.verb:Building package 'serial_control' with the following arguments: {'ament_cmake_args': None, 'build_base': '/home/pi/ros2_ws/build/serial_control', 'catkin_cmake_args': None, 'catkin_skip_building_tests': False, 'cmake_args': None, 'cmake_clean_cache': False, 'cmake_clean_first': False, 'cmake_force_configure': False, 'cmake_target': None, 'cmake_target_skip_unavailable': False, 'install_base': '/home/pi/ros2_ws/install/serial_control', 'merge_install': False, 'path': '/home/pi/ros2_ws/src/serial_control', 'symlink_install': False, 'test_result_base': None}
[4.796s] Level 5:colcon.colcon_core.verb:set package 'teleop_twist_keyboard' build argument 'cmake_args' from command line to 'None'
[4.797s] Level 5:colcon.colcon_core.verb:set package 'teleop_twist_keyboard' build argument 'cmake_target' from command line to 'None'
[4.797s] Level 5:colcon.colcon_core.verb:set package 'teleop_twist_keyboard' build argument 'cmake_target_skip_unavailable' from command line to 'False'
[4.797s] Level 5:colcon.colcon_core.verb:set package 'teleop_twist_keyboard' build argument 'cmake_clean_cache' from command line to 'False'
[4.797s] Level 5:colcon.colcon_core.verb:set package 'teleop_twist_keyboard' build argument 'cmake_clean_first' from command line to 'False'
[4.798s] Level 5:colcon.colcon_core.verb:set package 'teleop_twist_keyboard' build argument 'cmake_force_configure' from command line to 'False'
[4.798s] Level 5:colcon.colcon_core.verb:set package 'teleop_twist_keyboard' build argument 'ament_cmake_args' from command line to 'None'
[4.798s] Level 5:colcon.colcon_core.verb:set package 'teleop_twist_keyboard' build argument 'catkin_cmake_args' from command line to 'None'
[4.799s] Level 5:colcon.colcon_core.verb:set package 'teleop_twist_keyboard' build argument 'catkin_skip_building_tests' from command line to 'False'
[4.799s] DEBUG:colcon.colcon_core.verb:Building package 'teleop_twist_keyboard' with the following arguments: {'ament_cmake_args': None, 'build_base': '/home/pi/ros2_ws/build/teleop_twist_keyboard', 'catkin_cmake_args': None, 'catkin_skip_building_tests': False, 'cmake_args': None, 'cmake_clean_cache': False, 'cmake_clean_first': False, 'cmake_force_configure': False, 'cmake_target': None, 'cmake_target_skip_unavailable': False, 'install_base': '/home/pi/ros2_ws/install/teleop_twist_keyboard', 'merge_install': False, 'path': '/home/pi/ros2_ws/src/teleop_twist_keyboard', 'symlink_install': False, 'test_result_base': None}
[4.803s] Level 5:colcon.colcon_core.verb:set package 'lslidar_driver' build argument 'cmake_args' from command line to 'None'
[4.803s] Level 5:colcon.colcon_core.verb:set package 'lslidar_driver' build argument 'cmake_target' from command line to 'None'
[4.803s] Level 5:colcon.colcon_core.verb:set package 'lslidar_driver' build argument 'cmake_target_skip_unavailable' from command line to 'False'
[4.804s] Level 5:colcon.colcon_core.verb:set package 'lslidar_driver' build argument 'cmake_clean_cache' from command line to 'False'
[4.804s] Level 5:colcon.colcon_core.verb:set package 'lslidar_driver' build argument 'cmake_clean_first' from command line to 'False'
[4.804s] Level 5:colcon.colcon_core.verb:set package 'lslidar_driver' build argument 'cmake_force_configure' from command line to 'False'
[4.805s] Level 5:colcon.colcon_core.verb:set package 'lslidar_driver' build argument 'ament_cmake_args' from command line to 'None'
[4.805s] Level 5:colcon.colcon_core.verb:set package 'lslidar_driver' build argument 'catkin_cmake_args' from command line to 'None'
[4.805s] Level 5:colcon.colcon_core.verb:set package 'lslidar_driver' build argument 'catkin_skip_building_tests' from command line to 'False'
[4.806s] DEBUG:colcon.colcon_core.verb:Building package 'lslidar_driver' with the following arguments: {'ament_cmake_args': None, 'build_base': '/home/pi/ros2_ws/build/lslidar_driver', 'catkin_cmake_args': None, 'catkin_skip_building_tests': False, 'cmake_args': None, 'cmake_clean_cache': False, 'cmake_clean_first': False, 'cmake_force_configure': False, 'cmake_target': None, 'cmake_target_skip_unavailable': False, 'install_base': '/home/pi/ros2_ws/install/lslidar_driver', 'merge_install': False, 'path': '/home/pi/ros2_ws/src/Lslidar_ROS2_driver/lslidar_driver', 'symlink_install': False, 'test_result_base': None}
[4.807s] INFO:colcon.colcon_core.executor:Executing jobs using 'parallel' executor
[4.814s] DEBUG:colcon.colcon_parallel_executor.executor.parallel:run_until_complete
[4.817s] INFO:colcon.colcon_ros.task.ament_cmake.build:Building ROS package in '/home/pi/ros2_ws/src/Lslidar_ROS2_driver/lslidar_msgs' with build type 'ament_cmake'
[4.819s] INFO:colcon.colcon_cmake.task.cmake.build:Building CMake package in '/home/pi/ros2_ws/src/Lslidar_ROS2_driver/lslidar_msgs'
[4.861s] INFO:colcon.colcon_core.plugin_system:Skipping extension 'colcon_core.shell.bat': Not used on non-Windows systems
[4.863s] INFO:colcon.colcon_core.shell:Skip shell extension 'powershell' for command environment: Not usable outside of PowerShell
[4.864s] DEBUG:colcon.colcon_core.shell:Skip shell extension 'dsv' for command environment
[4.913s] INFO:colcon.colcon_ros.task.ament_cmake.build:Building ROS package in '/home/pi/ros2_ws/src/joy_config_pkg/joy_config_pkg' with build type 'ament_cmake'
[4.915s] INFO:colcon.colcon_cmake.task.cmake.build:Building CMake package in '/home/pi/ros2_ws/src/joy_config_pkg/joy_config_pkg'
[4.917s] INFO:colcon.colcon_core.shell:Skip shell extension 'powershell' for command environment: Not usable outside of PowerShell
[4.918s] DEBUG:colcon.colcon_core.shell:Skip shell extension 'dsv' for command environment
[4.967s] INFO:colcon.colcon_ros.task.ament_python.build:Building ROS package in '/home/pi/ros2_ws/src/my_car_controller' with build type 'ament_python'
[4.968s] Level 1:colcon.colcon_core.shell:create_environment_hook('my_car_controller', 'ament_prefix_path')
[4.971s] INFO:colcon.colcon_core.shell:Creating environment hook '/home/pi/ros2_ws/install/my_car_controller/share/my_car_controller/hook/ament_prefix_path.ps1'
[4.980s] INFO:colcon.colcon_core.shell:Creating environment descriptor '/home/pi/ros2_ws/install/my_car_controller/share/my_car_controller/hook/ament_prefix_path.dsv'
[4.987s] INFO:colcon.colcon_core.shell:Creating environment hook '/home/pi/ros2_ws/install/my_car_controller/share/my_car_controller/hook/ament_prefix_path.sh'
[4.996s] INFO:colcon.colcon_core.shell:Skip shell extension 'powershell' for command environment: Not usable outside of PowerShell
[4.997s] DEBUG:colcon.colcon_core.shell:Skip shell extension 'dsv' for command environment
[5.043s] INFO:colcon.colcon_ros.task.ament_python.build:Building ROS package in '/home/pi/ros2_ws/src/serbot_controller' with build type 'ament_python'
[5.045s] Level 1:colcon.colcon_core.shell:create_environment_hook('serbot_controller', 'ament_prefix_path')
[5.047s] INFO:colcon.colcon_core.shell:Creating environment hook '/home/pi/ros2_ws/install/serbot_controller/share/serbot_controller/hook/ament_prefix_path.ps1'
[5.053s] INFO:colcon.colcon_core.shell:Creating environment descriptor '/home/pi/ros2_ws/install/serbot_controller/share/serbot_controller/hook/ament_prefix_path.dsv'
[5.057s] INFO:colcon.colcon_core.shell:Creating environment hook '/home/pi/ros2_ws/install/serbot_controller/share/serbot_controller/hook/ament_prefix_path.sh'
[5.064s] INFO:colcon.colcon_core.shell:Skip shell extension 'powershell' for command environment: Not usable outside of PowerShell
[5.065s] DEBUG:colcon.colcon_core.shell:Skip shell extension 'dsv' for command environment
[5.152s] DEBUG:colcon.colcon_core.event_handler.log_command:Invoking command in '/home/pi/ros2_ws/build/lslidar_msgs': CMAKE_PREFIX_PATH=${CMAKE_PREFIX_PATH}:/home/pi/ros2_ws/install/teleop_twist_keyboard:/home/pi/ros2_ws/install/serial_control:/home/pi/ros2_ws/install/serbot_controller:/home/pi/ros2_ws/install/my_car_controller:/opt/ros/humble /usr/bin/cmake --build /home/pi/ros2_ws/build/lslidar_msgs -- -j4 -l4
[5.215s] DEBUG:colcon.colcon_core.event_handler.log_command:Invoking command in '/home/pi/ros2_ws/build/joy_config_pkg': CMAKE_PREFIX_PATH=${CMAKE_PREFIX_PATH}:/home/pi/ros2_ws/install/teleop_twist_keyboard:/home/pi/ros2_ws/install/serial_control:/home/pi/ros2_ws/install/serbot_controller:/home/pi/ros2_ws/install/my_car_controller:/opt/ros/humble /usr/bin/cmake --build /home/pi/ros2_ws/build/joy_config_pkg -- -j4 -l4
[8.627s] INFO:colcon.colcon_core.task.python.build:Building Python package in '/home/pi/ros2_ws/src/my_car_controller'
[8.629s] INFO:colcon.colcon_core.shell:Skip shell extension 'powershell' for command environment: Not usable outside of PowerShell
[8.630s] DEBUG:colcon.colcon_core.shell:Skip shell extension 'dsv' for command environment
[11.604s] WARNING:colcon.colcon_ros.task.ament_python.build:Package 'serbot_controller' doesn't explicitly install a marker in the package index (colcon-ros currently does it implicitly but that fallback will be removed in the future)
[11.606s] INFO:colcon.colcon_core.task.python.build:Building Python package in '/home/pi/ros2_ws/src/serbot_controller'
[11.608s] INFO:colcon.colcon_core.shell:Skip shell extension 'powershell' for command environment: Not usable outside of PowerShell
[11.608s] DEBUG:colcon.colcon_core.shell:Skip shell extension 'dsv' for command environment
[11.658s] DEBUG:colcon.colcon_core.event_handler.log_command:Invoked command in '/home/pi/ros2_ws/build/joy_config_pkg' returned '0': CMAKE_PREFIX_PATH=${CMAKE_PREFIX_PATH}:/home/pi/ros2_ws/install/teleop_twist_keyboard:/home/pi/ros2_ws/install/serial_control:/home/pi/ros2_ws/install/serbot_controller:/home/pi/ros2_ws/install/my_car_controller:/opt/ros/humble /usr/bin/cmake --build /home/pi/ros2_ws/build/joy_config_pkg -- -j4 -l4
[11.754s] DEBUG:colcon.colcon_core.event_handler.log_command:Invoking command in '/home/pi/ros2_ws/build/joy_config_pkg': CMAKE_PREFIX_PATH=${CMAKE_PREFIX_PATH}:/home/pi/ros2_ws/install/teleop_twist_keyboard:/home/pi/ros2_ws/install/serial_control:/home/pi/ros2_ws/install/serbot_controller:/home/pi/ros2_ws/install/my_car_controller:/opt/ros/humble /usr/bin/cmake --install /home/pi/ros2_ws/build/joy_config_pkg
[11.792s] DEBUG:colcon.colcon_core.event_handler.log_command:Invoked command in '/home/pi/ros2_ws/build/lslidar_msgs' returned '0': CMAKE_PREFIX_PATH=${CMAKE_PREFIX_PATH}:/home/pi/ros2_ws/install/teleop_twist_keyboard:/home/pi/ros2_ws/install/serial_control:/home/pi/ros2_ws/install/serbot_controller:/home/pi/ros2_ws/install/my_car_controller:/opt/ros/humble /usr/bin/cmake --build /home/pi/ros2_ws/build/lslidar_msgs -- -j4 -l4
[11.819s] DEBUG:colcon.colcon_core.event_handler.log_command:Invoking command in '/home/pi/ros2_ws/build/lslidar_msgs': CMAKE_PREFIX_PATH=${CMAKE_PREFIX_PATH}:/home/pi/ros2_ws/install/teleop_twist_keyboard:/home/pi/ros2_ws/install/serial_control:/home/pi/ros2_ws/install/serbot_controller:/home/pi/ros2_ws/install/my_car_controller:/opt/ros/humble /usr/bin/cmake --install /home/pi/ros2_ws/build/lslidar_msgs
[11.889s] Level 1:colcon.colcon_core.environment:create_environment_scripts_only(joy_config_pkg)
[11.892s] DEBUG:colcon.colcon_core.event_handler.log_command:Invoked command in '/home/pi/ros2_ws/build/joy_config_pkg' returned '0': CMAKE_PREFIX_PATH=${CMAKE_PREFIX_PATH}:/home/pi/ros2_ws/install/teleop_twist_keyboard:/home/pi/ros2_ws/install/serial_control:/home/pi/ros2_ws/install/serbot_controller:/home/pi/ros2_ws/install/my_car_controller:/opt/ros/humble /usr/bin/cmake --install /home/pi/ros2_ws/build/joy_config_pkg
[12.008s] Level 1:colcon.colcon_core.environment:checking '/home/pi/ros2_ws/install/joy_config_pkg' for CMake module files
[12.051s] Level 1:colcon.colcon_core.environment:checking '/home/pi/ros2_ws/install/joy_config_pkg' for CMake config files
[12.058s] Level 1:colcon.colcon_core.shell:create_environment_hook('joy_config_pkg', 'cmake_prefix_path')
[12.061s] INFO:colcon.colcon_core.shell:Creating environment hook '/home/pi/ros2_ws/install/joy_config_pkg/share/joy_config_pkg/hook/cmake_prefix_path.ps1'
[12.081s] INFO:colcon.colcon_core.shell:Creating environment descriptor '/home/pi/ros2_ws/install/joy_config_pkg/share/joy_config_pkg/hook/cmake_prefix_path.dsv'
[12.100s] INFO:colcon.colcon_core.shell:Creating environment hook '/home/pi/ros2_ws/install/joy_config_pkg/share/joy_config_pkg/hook/cmake_prefix_path.sh'
[12.117s] Level 1:colcon.colcon_core.environment:checking '/home/pi/ros2_ws/install/joy_config_pkg/bin'
[12.122s] Level 1:colcon.colcon_core.environment:checking '/home/pi/ros2_ws/install/joy_config_pkg/lib/pkgconfig/joy_config_pkg.pc'
[12.125s] Level 1:colcon.colcon_core.environment:checking '/home/pi/ros2_ws/install/joy_config_pkg/lib/python3.10/site-packages'
[12.134s] Level 1:colcon.colcon_core.environment:checking '/home/pi/ros2_ws/install/joy_config_pkg/bin'
[12.143s] INFO:colcon.colcon_core.shell:Creating package script '/home/pi/ros2_ws/install/joy_config_pkg/share/joy_config_pkg/package.ps1'
[12.178s] INFO:colcon.colcon_core.shell:Creating package descriptor '/home/pi/ros2_ws/install/joy_config_pkg/share/joy_config_pkg/package.dsv'
[12.197s] INFO:colcon.colcon_core.shell:Creating package script '/home/pi/ros2_ws/install/joy_config_pkg/share/joy_config_pkg/package.sh'
[12.223s] INFO:colcon.colcon_core.shell:Creating package script '/home/pi/ros2_ws/install/joy_config_pkg/share/joy_config_pkg/package.bash'
[12.245s] INFO:colcon.colcon_core.shell:Creating package script '/home/pi/ros2_ws/install/joy_config_pkg/share/joy_config_pkg/package.zsh'
[12.268s] Level 1:colcon.colcon_core.environment:create_file_with_runtime_dependencies(/home/pi/ros2_ws/install/joy_config_pkg/share/colcon-core/packages/joy_config_pkg)
[12.275s] Level 1:colcon.colcon_core.environment:create_environment_scripts_only(joy_config_pkg)
[12.278s] Level 1:colcon.colcon_core.environment:checking '/home/pi/ros2_ws/install/joy_config_pkg' for CMake module files
[12.287s] Level 1:colcon.colcon_core.environment:checking '/home/pi/ros2_ws/install/joy_config_pkg' for CMake config files
[12.310s] Level 1:colcon.colcon_core.shell:create_environment_hook('joy_config_pkg', 'cmake_prefix_path')
[12.313s] INFO:colcon.colcon_core.shell:Creating environment hook '/home/pi/ros2_ws/install/joy_config_pkg/share/joy_config_pkg/hook/cmake_prefix_path.ps1'
[12.329s] INFO:colcon.colcon_core.shell:Creating environment descriptor '/home/pi/ros2_ws/install/joy_config_pkg/share/joy_config_pkg/hook/cmake_prefix_path.dsv'
[12.344s] INFO:colcon.colcon_core.shell:Creating environment hook '/home/pi/ros2_ws/install/joy_config_pkg/share/joy_config_pkg/hook/cmake_prefix_path.sh'
[12.351s] Level 1:colcon.colcon_core.environment:checking '/home/pi/ros2_ws/install/joy_config_pkg/bin'
[12.353s] Level 1:colcon.colcon_core.environment:checking '/home/pi/ros2_ws/install/joy_config_pkg/lib/pkgconfig/joy_config_pkg.pc'
[12.357s] Level 1:colcon.colcon_core.environment:checking '/home/pi/ros2_ws/install/joy_config_pkg/lib/python3.10/site-packages'
[12.360s] Level 1:colcon.colcon_core.environment:checking '/home/pi/ros2_ws/install/joy_config_pkg/bin'
[12.363s] INFO:colcon.colcon_core.shell:Creating package script '/home/pi/ros2_ws/install/joy_config_pkg/share/joy_config_pkg/package.ps1'
[12.370s] INFO:colcon.colcon_core.shell:Creating package descriptor '/home/pi/ros2_ws/install/joy_config_pkg/share/joy_config_pkg/package.dsv'
[12.377s] INFO:colcon.colcon_core.shell:Creating package script '/home/pi/ros2_ws/install/joy_config_pkg/share/joy_config_pkg/package.sh'
[12.383s] INFO:colcon.colcon_core.shell:Creating package script '/home/pi/ros2_ws/install/joy_config_pkg/share/joy_config_pkg/package.bash'
[12.389s] INFO:colcon.colcon_core.shell:Creating package script '/home/pi/ros2_ws/install/joy_config_pkg/share/joy_config_pkg/package.zsh'
[12.402s] Level 1:colcon.colcon_core.environment:create_file_with_runtime_dependencies(/home/pi/ros2_ws/install/joy_config_pkg/share/colcon-core/packages/joy_config_pkg)
[12.411s] INFO:colcon.colcon_ros.task.ament_cmake.build:Building ROS package in '/home/pi/ros2_ws/src/serbot_description' with build type 'ament_cmake'
[12.414s] INFO:colcon.colcon_cmake.task.cmake.build:Building CMake package in '/home/pi/ros2_ws/src/serbot_description'
[12.417s] INFO:colcon.colcon_core.shell:Skip shell extension 'powershell' for command environment: Not usable outside of PowerShell
[12.418s] DEBUG:colcon.colcon_core.shell:Skip shell extension 'dsv' for command environment
[12.520s] DEBUG:colcon.colcon_core.event_handler.log_command:Invoking command in '/home/pi/ros2_ws/build/serbot_description': CMAKE_PREFIX_PATH=${CMAKE_PREFIX_PATH}:/home/pi/ros2_ws/install/teleop_twist_keyboard:/home/pi/ros2_ws/install/serial_control:/home/pi/ros2_ws/install/serbot_controller:/home/pi/ros2_ws/install/my_car_controller:/opt/ros/humble /usr/bin/cmake --build /home/pi/ros2_ws/build/serbot_description -- -j4 -l4
[12.931s] Level 1:colcon.colcon_core.environment:create_environment_scripts_only(lslidar_msgs)
[12.937s] Level 1:colcon.colcon_core.environment:checking '/home/pi/ros2_ws/install/lslidar_msgs' for CMake module files
[12.941s] DEBUG:colcon.colcon_core.event_handler.log_command:Invoked command in '/home/pi/ros2_ws/build/lslidar_msgs' returned '0': CMAKE_PREFIX_PATH=${CMAKE_PREFIX_PATH}:/home/pi/ros2_ws/install/teleop_twist_keyboard:/home/pi/ros2_ws/install/serial_control:/home/pi/ros2_ws/install/serbot_controller:/home/pi/ros2_ws/install/my_car_controller:/opt/ros/humble /usr/bin/cmake --install /home/pi/ros2_ws/build/lslidar_msgs
[12.955s] Level 1:colcon.colcon_core.environment:checking '/home/pi/ros2_ws/install/lslidar_msgs' for CMake config files
[12.967s] Level 1:colcon.colcon_core.shell:create_environment_hook('lslidar_msgs', 'cmake_prefix_path')
[12.970s] INFO:colcon.colcon_core.shell:Creating environment hook '/home/pi/ros2_ws/install/lslidar_msgs/share/lslidar_msgs/hook/cmake_prefix_path.ps1'
[12.975s] INFO:colcon.colcon_core.shell:Creating environment descriptor '/home/pi/ros2_ws/install/lslidar_msgs/share/lslidar_msgs/hook/cmake_prefix_path.dsv'
[12.981s] INFO:colcon.colcon_core.shell:Creating environment hook '/home/pi/ros2_ws/install/lslidar_msgs/share/lslidar_msgs/hook/cmake_prefix_path.sh'
[12.990s] Level 1:colcon.colcon_core.environment:checking '/home/pi/ros2_ws/install/lslidar_msgs/lib'
[12.994s] Level 1:colcon.colcon_core.shell:create_environment_hook('lslidar_msgs', 'ld_library_path_lib')
[12.996s] INFO:colcon.colcon_core.shell:Creating environment hook '/home/pi/ros2_ws/install/lslidar_msgs/share/lslidar_msgs/hook/ld_library_path_lib.ps1'
[13.005s] INFO:colcon.colcon_core.shell:Creating environment descriptor '/home/pi/ros2_ws/install/lslidar_msgs/share/lslidar_msgs/hook/ld_library_path_lib.dsv'
[13.011s] INFO:colcon.colcon_core.shell:Creating environment hook '/home/pi/ros2_ws/install/lslidar_msgs/share/lslidar_msgs/hook/ld_library_path_lib.sh'
[13.017s] Level 1:colcon.colcon_core.environment:checking '/home/pi/ros2_ws/install/lslidar_msgs/bin'
[13.018s] Level 1:colcon.colcon_core.environment:checking '/home/pi/ros2_ws/install/lslidar_msgs/lib/pkgconfig/lslidar_msgs.pc'
[13.021s] Level 1:colcon.colcon_core.environment:checking '/home/pi/ros2_ws/install/lslidar_msgs/lib/python3.10/site-packages'
[13.024s] Level 1:colcon.colcon_core.environment:checking '/home/pi/ros2_ws/install/lslidar_msgs/bin'
[13.028s] INFO:colcon.colcon_core.shell:Creating package script '/home/pi/ros2_ws/install/lslidar_msgs/share/lslidar_msgs/package.ps1'
[13.039s] INFO:colcon.colcon_core.shell:Creating package descriptor '/home/pi/ros2_ws/install/lslidar_msgs/share/lslidar_msgs/package.dsv'
[13.046s] INFO:colcon.colcon_core.shell:Creating package script '/home/pi/ros2_ws/install/lslidar_msgs/share/lslidar_msgs/package.sh'
[13.052s] INFO:colcon.colcon_core.shell:Creating package script '/home/pi/ros2_ws/install/lslidar_msgs/share/lslidar_msgs/package.bash'
[13.057s] INFO:colcon.colcon_core.shell:Creating package script '/home/pi/ros2_ws/install/lslidar_msgs/share/lslidar_msgs/package.zsh'
[13.062s] Level 1:colcon.colcon_core.environment:create_file_with_runtime_dependencies(/home/pi/ros2_ws/install/lslidar_msgs/share/colcon-core/packages/lslidar_msgs)
[13.070s] Level 1:colcon.colcon_core.environment:create_environment_scripts_only(lslidar_msgs)
[13.072s] Level 1:colcon.colcon_core.environment:checking '/home/pi/ros2_ws/install/lslidar_msgs' for CMake module files
[13.085s] Level 1:colcon.colcon_core.environment:checking '/home/pi/ros2_ws/install/lslidar_msgs' for CMake config files
[13.095s] Level 1:colcon.colcon_core.shell:create_environment_hook('lslidar_msgs', 'cmake_prefix_path')
[13.097s] INFO:colcon.colcon_core.shell:Creating environment hook '/home/pi/ros2_ws/install/lslidar_msgs/share/lslidar_msgs/hook/cmake_prefix_path.ps1'
[13.104s] INFO:colcon.colcon_core.shell:Creating environment descriptor '/home/pi/ros2_ws/install/lslidar_msgs/share/lslidar_msgs/hook/cmake_prefix_path.dsv'
[13.110s] INFO:colcon.colcon_core.shell:Creating environment hook '/home/pi/ros2_ws/install/lslidar_msgs/share/lslidar_msgs/hook/cmake_prefix_path.sh'
[13.117s] Level 1:colcon.colcon_core.environment:checking '/home/pi/ros2_ws/install/lslidar_msgs/lib'
[13.118s] Level 1:colcon.colcon_core.shell:create_environment_hook('lslidar_msgs', 'ld_library_path_lib')
[13.121s] INFO:colcon.colcon_core.shell:Creating environment hook '/home/pi/ros2_ws/install/lslidar_msgs/share/lslidar_msgs/hook/ld_library_path_lib.ps1'
[13.126s] INFO:colcon.colcon_core.shell:Creating environment descriptor '/home/pi/ros2_ws/install/lslidar_msgs/share/lslidar_msgs/hook/ld_library_path_lib.dsv'
[13.131s] INFO:colcon.colcon_core.shell:Creating environment hook '/home/pi/ros2_ws/install/lslidar_msgs/share/lslidar_msgs/hook/ld_library_path_lib.sh'
[13.136s] Level 1:colcon.colcon_core.environment:checking '/home/pi/ros2_ws/install/lslidar_msgs/bin'
[13.137s] Level 1:colcon.colcon_core.environment:checking '/home/pi/ros2_ws/install/lslidar_msgs/lib/pkgconfig/lslidar_msgs.pc'
[13.140s] Level 1:colcon.colcon_core.environment:checking '/home/pi/ros2_ws/install/lslidar_msgs/lib/python3.10/site-packages'
[13.142s] Level 1:colcon.colcon_core.environment:checking '/home/pi/ros2_ws/install/lslidar_msgs/bin'
[13.146s] INFO:colcon.colcon_core.shell:Creating package script '/home/pi/ros2_ws/install/lslidar_msgs/share/lslidar_msgs/package.ps1'
[13.152s] INFO:colcon.colcon_core.shell:Creating package descriptor '/home/pi/ros2_ws/install/lslidar_msgs/share/lslidar_msgs/package.dsv'
[13.159s] INFO:colcon.colcon_core.shell:Creating package script '/home/pi/ros2_ws/install/lslidar_msgs/share/lslidar_msgs/package.sh'
[13.166s] INFO:colcon.colcon_core.shell:Creating package script '/home/pi/ros2_ws/install/lslidar_msgs/share/lslidar_msgs/package.bash'
[13.172s] INFO:colcon.colcon_core.shell:Creating package script '/home/pi/ros2_ws/install/lslidar_msgs/share/lslidar_msgs/package.zsh'
[13.177s] Level 1:colcon.colcon_core.environment:create_file_with_runtime_dependencies(/home/pi/ros2_ws/install/lslidar_msgs/share/colcon-core/packages/lslidar_msgs)
[13.184s] INFO:colcon.colcon_ros.task.ament_python.build:Building ROS package in '/home/pi/ros2_ws/src/serial_control' with build type 'ament_python'
[13.185s] Level 1:colcon.colcon_core.shell:create_environment_hook('serial_control', 'ament_prefix_path')
[13.188s] INFO:colcon.colcon_core.shell:Creating environment hook '/home/pi/ros2_ws/install/serial_control/share/serial_control/hook/ament_prefix_path.ps1'
[13.195s] INFO:colcon.colcon_core.shell:Creating environment descriptor '/home/pi/ros2_ws/install/serial_control/share/serial_control/hook/ament_prefix_path.dsv'
[13.200s] INFO:colcon.colcon_core.shell:Creating environment hook '/home/pi/ros2_ws/install/serial_control/share/serial_control/hook/ament_prefix_path.sh'
[13.209s] INFO:colcon.colcon_core.shell:Skip shell extension 'powershell' for command environment: Not usable outside of PowerShell
[13.210s] DEBUG:colcon.colcon_core.shell:Skip shell extension 'dsv' for command environment
[13.273s] DEBUG:colcon.colcon_core.event_handler.log_command:Invoked command in '/home/pi/ros2_ws/build/serbot_description' returned '0': CMAKE_PREFIX_PATH=${CMAKE_PREFIX_PATH}:/home/pi/ros2_ws/install/teleop_twist_keyboard:/home/pi/ros2_ws/install/serial_control:/home/pi/ros2_ws/install/serbot_controller:/home/pi/ros2_ws/install/my_car_controller:/opt/ros/humble /usr/bin/cmake --build /home/pi/ros2_ws/build/serbot_description -- -j4 -l4
[13.300s] DEBUG:colcon.colcon_core.event_handler.log_command:Invoking command in '/home/pi/ros2_ws/build/serbot_description': CMAKE_PREFIX_PATH=${CMAKE_PREFIX_PATH}:/home/pi/ros2_ws/install/teleop_twist_keyboard:/home/pi/ros2_ws/install/serial_control:/home/pi/ros2_ws/install/serbot_controller:/home/pi/ros2_ws/install/my_car_controller:/opt/ros/humble /usr/bin/cmake --install /home/pi/ros2_ws/build/serbot_description
[16.679s] INFO:colcon.colcon_core.task.python.build:Building Python package in '/home/pi/ros2_ws/src/serial_control'
[16.681s] INFO:colcon.colcon_core.shell:Skip shell extension 'powershell' for command environment: Not usable outside of PowerShell
[16.682s] DEBUG:colcon.colcon_core.shell:Skip shell extension 'dsv' for command environment
[16.740s] Level 1:colcon.colcon_core.environment:create_environment_scripts_only(serbot_description)
[16.743s] Level 1:colcon.colcon_core.environment:checking '/home/pi/ros2_ws/install/serbot_description' for CMake module files
[16.748s] DEBUG:colcon.colcon_core.event_handler.log_command:Invoked command in '/home/pi/ros2_ws/build/serbot_description' returned '0': CMAKE_PREFIX_PATH=${CMAKE_PREFIX_PATH}:/home/pi/ros2_ws/install/teleop_twist_keyboard:/home/pi/ros2_ws/install/serial_control:/home/pi/ros2_ws/install/serbot_controller:/home/pi/ros2_ws/install/my_car_controller:/opt/ros/humble /usr/bin/cmake --install /home/pi/ros2_ws/build/serbot_description
[16.756s] Level 1:colcon.colcon_core.environment:checking '/home/pi/ros2_ws/install/serbot_description' for CMake config files
[16.759s] Level 1:colcon.colcon_core.shell:create_environment_hook('serbot_description', 'cmake_prefix_path')
[16.761s] INFO:colcon.colcon_core.shell:Creating environment hook '/home/pi/ros2_ws/install/serbot_description/share/serbot_description/hook/cmake_prefix_path.ps1'
[16.766s] INFO:colcon.colcon_core.shell:Creating environment descriptor '/home/pi/ros2_ws/install/serbot_description/share/serbot_description/hook/cmake_prefix_path.dsv'
[16.771s] INFO:colcon.colcon_core.shell:Creating environment hook '/home/pi/ros2_ws/install/serbot_description/share/serbot_description/hook/cmake_prefix_path.sh'
[16.778s] Level 1:colcon.colcon_core.environment:checking '/home/pi/ros2_ws/install/serbot_description/bin'
[16.779s] Level 1:colcon.colcon_core.environment:checking '/home/pi/ros2_ws/install/serbot_description/lib/pkgconfig/serbot_description.pc'
[16.782s] Level 1:colcon.colcon_core.environment:checking '/home/pi/ros2_ws/install/serbot_description/lib/python3.10/site-packages'
[16.786s] Level 1:colcon.colcon_core.environment:checking '/home/pi/ros2_ws/install/serbot_description/bin'
[16.790s] INFO:colcon.colcon_core.shell:Creating package script '/home/pi/ros2_ws/install/serbot_description/share/serbot_description/package.ps1'
[16.796s] INFO:colcon.colcon_core.shell:Creating package descriptor '/home/pi/ros2_ws/install/serbot_description/share/serbot_description/package.dsv'
[16.802s] INFO:colcon.colcon_core.shell:Creating package script '/home/pi/ros2_ws/install/serbot_description/share/serbot_description/package.sh'
[16.807s] INFO:colcon.colcon_core.shell:Creating package script '/home/pi/ros2_ws/install/serbot_description/share/serbot_description/package.bash'
[16.812s] INFO:colcon.colcon_core.shell:Creating package script '/home/pi/ros2_ws/install/serbot_description/share/serbot_description/package.zsh'
[16.817s] Level 1:colcon.colcon_core.environment:create_file_with_runtime_dependencies(/home/pi/ros2_ws/install/serbot_description/share/colcon-core/packages/serbot_description)
[16.824s] Level 1:colcon.colcon_core.environment:create_environment_scripts_only(serbot_description)
[16.826s] Level 1:colcon.colcon_core.environment:checking '/home/pi/ros2_ws/install/serbot_description' for CMake module files
[16.834s] Level 1:colcon.colcon_core.environment:checking '/home/pi/ros2_ws/install/serbot_description' for CMake config files
[16.837s] Level 1:colcon.colcon_core.shell:create_environment_hook('serbot_description', 'cmake_prefix_path')
[16.840s] INFO:colcon.colcon_core.shell:Creating environment hook '/home/pi/ros2_ws/install/serbot_description/share/serbot_description/hook/cmake_prefix_path.ps1'
[16.845s] INFO:colcon.colcon_core.shell:Creating environment descriptor '/home/pi/ros2_ws/install/serbot_description/share/serbot_description/hook/cmake_prefix_path.dsv'
[16.849s] INFO:colcon.colcon_core.shell:Creating environment hook '/home/pi/ros2_ws/install/serbot_description/share/serbot_description/hook/cmake_prefix_path.sh'
[16.857s] Level 1:colcon.colcon_core.environment:checking '/home/pi/ros2_ws/install/serbot_description/bin'
[16.858s] Level 1:colcon.colcon_core.environment:checking '/home/pi/ros2_ws/install/serbot_description/lib/pkgconfig/serbot_description.pc'
[16.861s] Level 1:colcon.colcon_core.environment:checking '/home/pi/ros2_ws/install/serbot_description/lib/python3.10/site-packages'
[16.863s] Level 1:colcon.colcon_core.environment:checking '/home/pi/ros2_ws/install/serbot_description/bin'
[16.867s] INFO:colcon.colcon_core.shell:Creating package script '/home/pi/ros2_ws/install/serbot_description/share/serbot_description/package.ps1'
[16.873s] INFO:colcon.colcon_core.shell:Creating package descriptor '/home/pi/ros2_ws/install/serbot_description/share/serbot_description/package.dsv'
[16.879s] INFO:colcon.colcon_core.shell:Creating package script '/home/pi/ros2_ws/install/serbot_description/share/serbot_description/package.sh'
[16.885s] INFO:colcon.colcon_core.shell:Creating package script '/home/pi/ros2_ws/install/serbot_description/share/serbot_description/package.bash'
[16.891s] INFO:colcon.colcon_core.shell:Creating package script '/home/pi/ros2_ws/install/serbot_description/share/serbot_description/package.zsh'
[16.897s] Level 1:colcon.colcon_core.environment:create_file_with_runtime_dependencies(/home/pi/ros2_ws/install/serbot_description/share/colcon-core/packages/serbot_description)
[16.905s] INFO:colcon.colcon_ros.task.ament_python.build:Building ROS package in '/home/pi/ros2_ws/src/teleop_twist_keyboard' with build type 'ament_python'
[16.906s] Level 1:colcon.colcon_core.shell:create_environment_hook('teleop_twist_keyboard', 'ament_prefix_path')
[16.909s] INFO:colcon.colcon_core.shell:Creating environment hook '/home/pi/ros2_ws/install/teleop_twist_keyboard/share/teleop_twist_keyboard/hook/ament_prefix_path.ps1'
[16.917s] INFO:colcon.colcon_core.shell:Creating environment descriptor '/home/pi/ros2_ws/install/teleop_twist_keyboard/share/teleop_twist_keyboard/hook/ament_prefix_path.dsv'
[16.922s] INFO:colcon.colcon_core.shell:Creating environment hook '/home/pi/ros2_ws/install/teleop_twist_keyboard/share/teleop_twist_keyboard/hook/ament_prefix_path.sh'
[16.929s] INFO:colcon.colcon_core.shell:Skip shell extension 'powershell' for command environment: Not usable outside of PowerShell
[16.929s] DEBUG:colcon.colcon_core.shell:Skip shell extension 'dsv' for command environment
[20.099s] INFO:colcon.colcon_core.task.python.build:Building Python package in '/home/pi/ros2_ws/src/teleop_twist_keyboard'
[20.102s] INFO:colcon.colcon_core.shell:Skip shell extension 'powershell' for command environment: Not usable outside of PowerShell
[20.102s] DEBUG:colcon.colcon_core.shell:Skip shell extension 'dsv' for command environment
[20.182s] DEBUG:colcon.colcon_core.event_handler.log_command:Invoking command in '/home/pi/ros2_ws/src/my_car_controller': PYTHONPATH=/home/pi/ros2_ws/build/my_car_controller/prefix_override:/usr/lib/python3/dist-packages/colcon_core/task/python/colcon_distutils_commands:/home/pi/ros2_ws/install/my_car_controller/lib/python3.10/site-packages:${PYTHONPATH} /usr/bin/python3 -W ignore:setup.py install is deprecated -W ignore:easy_install command is deprecated setup.py egg_info --egg-base ../../build/my_car_controller build --build-base /home/pi/ros2_ws/build/my_car_controller/build install --record /home/pi/ros2_ws/build/my_car_controller/install.log --single-version-externally-managed install_data
[20.220s] DEBUG:colcon.colcon_core.event_handler.log_command:Invoking command in '/home/pi/ros2_ws/src/serbot_controller': PYTHONPATH=/home/pi/ros2_ws/build/serbot_controller/prefix_override:/usr/lib/python3/dist-packages/colcon_core/task/python/colcon_distutils_commands:/home/pi/ros2_ws/install/serbot_controller/lib/python3.10/site-packages:${PYTHONPATH} /usr/bin/python3 -W ignore:setup.py install is deprecated -W ignore:easy_install command is deprecated setup.py egg_info --egg-base ../../build/serbot_controller build --build-base /home/pi/ros2_ws/build/serbot_controller/build install --record /home/pi/ros2_ws/build/serbot_controller/install.log --single-version-externally-managed install_data
[21.372s] DEBUG:colcon.colcon_core.event_handler.log_command:Invoking command in '/home/pi/ros2_ws/src/serial_control': PYTHONPATH=/home/pi/ros2_ws/build/serial_control/prefix_override:/usr/lib/python3/dist-packages/colcon_core/task/python/colcon_distutils_commands:/home/pi/ros2_ws/install/serial_control/lib/python3.10/site-packages:${PYTHONPATH} /usr/bin/python3 -W ignore:setup.py install is deprecated -W ignore:easy_install command is deprecated setup.py egg_info --egg-base ../../build/serial_control build --build-base /home/pi/ros2_ws/build/serial_control/build install --record /home/pi/ros2_ws/build/serial_control/install.log --single-version-externally-managed install_data
[24.206s] Level 1:colcon.colcon_core.environment:checking '/home/pi/ros2_ws/install/my_car_controller' for CMake module files
[24.211s] DEBUG:colcon.colcon_core.event_handler.log_command:Invoked command in '/home/pi/ros2_ws/src/my_car_controller' returned '0': PYTHONPATH=/home/pi/ros2_ws/build/my_car_controller/prefix_override:/usr/lib/python3/dist-packages/colcon_core/task/python/colcon_distutils_commands:/home/pi/ros2_ws/install/my_car_controller/lib/python3.10/site-packages:${PYTHONPATH} /usr/bin/python3 -W ignore:setup.py install is deprecated -W ignore:easy_install command is deprecated setup.py egg_info --egg-base ../../build/my_car_controller build --build-base /home/pi/ros2_ws/build/my_car_controller/build install --record /home/pi/ros2_ws/build/my_car_controller/install.log --single-version-externally-managed install_data
[24.222s] Level 1:colcon.colcon_core.environment:checking '/home/pi/ros2_ws/install/my_car_controller' for CMake config files
[24.234s] Level 1:colcon.colcon_core.environment:checking '/home/pi/ros2_ws/install/my_car_controller/lib'
[24.236s] Level 1:colcon.colcon_core.environment:checking '/home/pi/ros2_ws/install/my_car_controller/bin'
[24.237s] Level 1:colcon.colcon_core.environment:checking '/home/pi/ros2_ws/install/my_car_controller/lib/pkgconfig/my_car_controller.pc'
[24.241s] Level 1:colcon.colcon_core.environment:checking '/home/pi/ros2_ws/install/my_car_controller/lib/python3.10/site-packages'
[24.245s] Level 1:colcon.colcon_core.shell:create_environment_hook('my_car_controller', 'pythonpath')
[24.248s] INFO:colcon.colcon_core.shell:Creating environment hook '/home/pi/ros2_ws/install/my_car_controller/share/my_car_controller/hook/pythonpath.ps1'
[24.256s] INFO:colcon.colcon_core.shell:Creating environment descriptor '/home/pi/ros2_ws/install/my_car_controller/share/my_car_controller/hook/pythonpath.dsv'
[24.262s] INFO:colcon.colcon_core.shell:Creating environment hook '/home/pi/ros2_ws/install/my_car_controller/share/my_car_controller/hook/pythonpath.sh'
[24.270s] Level 1:colcon.colcon_core.environment:checking '/home/pi/ros2_ws/install/my_car_controller/bin'
[24.271s] Level 1:colcon.colcon_core.environment:create_environment_scripts_only(my_car_controller)
[24.276s] INFO:colcon.colcon_core.shell:Creating package script '/home/pi/ros2_ws/install/my_car_controller/share/my_car_controller/package.ps1'
[24.282s] INFO:colcon.colcon_core.shell:Creating package descriptor '/home/pi/ros2_ws/install/my_car_controller/share/my_car_controller/package.dsv'
[24.288s] INFO:colcon.colcon_core.shell:Creating package script '/home/pi/ros2_ws/install/my_car_controller/share/my_car_controller/package.sh'
[24.293s] INFO:colcon.colcon_core.shell:Creating package script '/home/pi/ros2_ws/install/my_car_controller/share/my_car_controller/package.bash'
[24.298s] INFO:colcon.colcon_core.shell:Creating package script '/home/pi/ros2_ws/install/my_car_controller/share/my_car_controller/package.zsh'
[24.303s] Level 1:colcon.colcon_core.environment:create_file_with_runtime_dependencies(/home/pi/ros2_ws/install/my_car_controller/share/colcon-core/packages/my_car_controller)
[24.310s] INFO:colcon.colcon_ros.task.ament_cmake.build:Building ROS package in '/home/pi/ros2_ws/src/Lslidar_ROS2_driver/lslidar_driver' with build type 'ament_cmake'
[24.311s] INFO:colcon.colcon_cmake.task.cmake.build:Building CMake package in '/home/pi/ros2_ws/src/Lslidar_ROS2_driver/lslidar_driver'
[24.314s] INFO:colcon.colcon_core.shell:Skip shell extension 'powershell' for command environment: Not usable outside of PowerShell
[24.314s] DEBUG:colcon.colcon_core.shell:Skip shell extension 'dsv' for command environment
[24.383s] Level 1:colcon.colcon_core.environment:checking '/home/pi/ros2_ws/install/serbot_controller' for CMake module files
[24.391s] DEBUG:colcon.colcon_core.event_handler.log_command:Invoked command in '/home/pi/ros2_ws/src/serbot_controller' returned '0': PYTHONPATH=/home/pi/ros2_ws/build/serbot_controller/prefix_override:/usr/lib/python3/dist-packages/colcon_core/task/python/colcon_distutils_commands:/home/pi/ros2_ws/install/serbot_controller/lib/python3.10/site-packages:${PYTHONPATH} /usr/bin/python3 -W ignore:setup.py install is deprecated -W ignore:easy_install command is deprecated setup.py egg_info --egg-base ../../build/serbot_controller build --build-base /home/pi/ros2_ws/build/serbot_controller/build install --record /home/pi/ros2_ws/build/serbot_controller/install.log --single-version-externally-managed install_data
[24.396s] Level 1:colcon.colcon_core.environment:checking '/home/pi/ros2_ws/install/serbot_controller' for CMake config files
[24.407s] Level 1:colcon.colcon_core.environment:checking '/home/pi/ros2_ws/install/serbot_controller/lib'
[24.408s] Level 1:colcon.colcon_core.environment:checking '/home/pi/ros2_ws/install/serbot_controller/bin'
[24.409s] Level 1:colcon.colcon_core.environment:checking '/home/pi/ros2_ws/install/serbot_controller/lib/pkgconfig/serbot_controller.pc'
[24.412s] Level 1:colcon.colcon_core.environment:checking '/home/pi/ros2_ws/install/serbot_controller/lib/python3.10/site-packages'
[24.413s] Level 1:colcon.colcon_core.shell:create_environment_hook('serbot_controller', 'pythonpath')
[24.416s] INFO:colcon.colcon_core.shell:Creating environment hook '/home/pi/ros2_ws/install/serbot_controller/share/serbot_controller/hook/pythonpath.ps1'
[24.421s] INFO:colcon.colcon_core.shell:Creating environment descriptor '/home/pi/ros2_ws/install/serbot_controller/share/serbot_controller/hook/pythonpath.dsv'
[24.426s] INFO:colcon.colcon_core.shell:Creating environment hook '/home/pi/ros2_ws/install/serbot_controller/share/serbot_controller/hook/pythonpath.sh'
[24.433s] Level 1:colcon.colcon_core.environment:checking '/home/pi/ros2_ws/install/serbot_controller/bin'
[24.434s] Level 1:colcon.colcon_core.environment:create_environment_scripts_only(serbot_controller)
[24.438s] INFO:colcon.colcon_core.shell:Creating package script '/home/pi/ros2_ws/install/serbot_controller/share/serbot_controller/package.ps1'
[24.446s] INFO:colcon.colcon_core.shell:Creating package descriptor '/home/pi/ros2_ws/install/serbot_controller/share/serbot_controller/package.dsv'
[24.454s] INFO:colcon.colcon_core.shell:Creating package script '/home/pi/ros2_ws/install/serbot_controller/share/serbot_controller/package.sh'
[24.460s] INFO:colcon.colcon_core.shell:Creating package script '/home/pi/ros2_ws/install/serbot_controller/share/serbot_controller/package.bash'
[24.465s] INFO:colcon.colcon_core.shell:Creating package script '/home/pi/ros2_ws/install/serbot_controller/share/serbot_controller/package.zsh'
[24.470s] Level 1:colcon.colcon_core.environment:create_file_with_runtime_dependencies(/home/pi/ros2_ws/install/serbot_controller/share/colcon-core/packages/serbot_controller)
[24.526s] DEBUG:colcon.colcon_core.event_handler.log_command:Invoking command in '/home/pi/ros2_ws/build/lslidar_driver': CMAKE_PREFIX_PATH=/home/pi/ros2_ws/install/lslidar_msgs:/home/pi/ros2_ws/install/serbot_description:/home/pi/ros2_ws/install/lslidar_driver:/home/pi/ros2_ws/install/joy_config_pkg:/home/pi/ros2_ws/install/teleop_twist_keyboard:/home/pi/ros2_ws/install/serial_control:/home/pi/ros2_ws/install/serbot_controller:/home/pi/ros2_ws/install/my_car_controller:/opt/ros/humble /usr/bin/cmake --build /home/pi/ros2_ws/build/lslidar_driver -- -j4 -l4
[25.050s] DEBUG:colcon.colcon_core.event_handler.log_command:Invoking command in '/home/pi/ros2_ws/src/teleop_twist_keyboard': PYTHONPATH=/home/pi/ros2_ws/build/teleop_twist_keyboard/prefix_override:/usr/lib/python3/dist-packages/colcon_core/task/python/colcon_distutils_commands:/home/pi/ros2_ws/install/teleop_twist_keyboard/lib/python3.10/site-packages:${PYTHONPATH} /usr/bin/python3 -W ignore:setup.py install is deprecated -W ignore:easy_install command is deprecated setup.py egg_info --egg-base ../../build/teleop_twist_keyboard build --build-base /home/pi/ros2_ws/build/teleop_twist_keyboard/build install --record /home/pi/ros2_ws/build/teleop_twist_keyboard/install.log --single-version-externally-managed install_data
[25.473s] Level 1:colcon.colcon_core.environment:checking '/home/pi/ros2_ws/install/serial_control' for CMake module files
[25.478s] DEBUG:colcon.colcon_core.event_handler.log_command:Invoked command in '/home/pi/ros2_ws/src/serial_control' returned '0': PYTHONPATH=/home/pi/ros2_ws/build/serial_control/prefix_override:/usr/lib/python3/dist-packages/colcon_core/task/python/colcon_distutils_commands:/home/pi/ros2_ws/install/serial_control/lib/python3.10/site-packages:${PYTHONPATH} /usr/bin/python3 -W ignore:setup.py install is deprecated -W ignore:easy_install command is deprecated setup.py egg_info --egg-base ../../build/serial_control build --build-base /home/pi/ros2_ws/build/serial_control/build install --record /home/pi/ros2_ws/build/serial_control/install.log --single-version-externally-managed install_data
[25.484s] Level 1:colcon.colcon_core.environment:checking '/home/pi/ros2_ws/install/serial_control' for CMake config files
[25.494s] Level 1:colcon.colcon_core.environment:checking '/home/pi/ros2_ws/install/serial_control/lib'
[25.495s] Level 1:colcon.colcon_core.environment:checking '/home/pi/ros2_ws/install/serial_control/bin'
[25.496s] Level 1:colcon.colcon_core.environment:checking '/home/pi/ros2_ws/install/serial_control/lib/pkgconfig/serial_control.pc'
[25.499s] Level 1:colcon.colcon_core.environment:checking '/home/pi/ros2_ws/install/serial_control/lib/python3.10/site-packages'
[25.500s] Level 1:colcon.colcon_core.shell:create_environment_hook('serial_control', 'pythonpath')
[25.502s] INFO:colcon.colcon_core.shell:Creating environment hook '/home/pi/ros2_ws/install/serial_control/share/serial_control/hook/pythonpath.ps1'
[25.507s] INFO:colcon.colcon_core.shell:Creating environment descriptor '/home/pi/ros2_ws/install/serial_control/share/serial_control/hook/pythonpath.dsv'
[25.512s] INFO:colcon.colcon_core.shell:Creating environment hook '/home/pi/ros2_ws/install/serial_control/share/serial_control/hook/pythonpath.sh'
[25.519s] Level 1:colcon.colcon_core.environment:checking '/home/pi/ros2_ws/install/serial_control/bin'
[25.519s] Level 1:colcon.colcon_core.environment:create_environment_scripts_only(serial_control)
[25.523s] INFO:colcon.colcon_core.shell:Creating package script '/home/pi/ros2_ws/install/serial_control/share/serial_control/package.ps1'
[25.529s] INFO:colcon.colcon_core.shell:Creating package descriptor '/home/pi/ros2_ws/install/serial_control/share/serial_control/package.dsv'
[25.535s] INFO:colcon.colcon_core.shell:Creating package script '/home/pi/ros2_ws/install/serial_control/share/serial_control/package.sh'
[25.540s] INFO:colcon.colcon_core.shell:Creating package script '/home/pi/ros2_ws/install/serial_control/share/serial_control/package.bash'
[25.545s] INFO:colcon.colcon_core.shell:Creating package script '/home/pi/ros2_ws/install/serial_control/share/serial_control/package.zsh'
[25.549s] Level 1:colcon.colcon_core.environment:create_file_with_runtime_dependencies(/home/pi/ros2_ws/install/serial_control/share/colcon-core/packages/serial_control)
[26.230s] DEBUG:colcon.colcon_core.event_handler.log_command:Invoked command in '/home/pi/ros2_ws/build/lslidar_driver' returned '0': CMAKE_PREFIX_PATH=/home/pi/ros2_ws/install/lslidar_msgs:/home/pi/ros2_ws/install/serbot_description:/home/pi/ros2_ws/install/lslidar_driver:/home/pi/ros2_ws/install/joy_config_pkg:/home/pi/ros2_ws/install/teleop_twist_keyboard:/home/pi/ros2_ws/install/serial_control:/home/pi/ros2_ws/install/serbot_controller:/home/pi/ros2_ws/install/my_car_controller:/opt/ros/humble /usr/bin/cmake --build /home/pi/ros2_ws/build/lslidar_driver -- -j4 -l4
[26.255s] DEBUG:colcon.colcon_core.event_handler.log_command:Invoking command in '/home/pi/ros2_ws/build/lslidar_driver': CMAKE_PREFIX_PATH=/home/pi/ros2_ws/install/lslidar_msgs:/home/pi/ros2_ws/install/serbot_description:/home/pi/ros2_ws/install/lslidar_driver:/home/pi/ros2_ws/install/joy_config_pkg:/home/pi/ros2_ws/install/teleop_twist_keyboard:/home/pi/ros2_ws/install/serial_control:/home/pi/ros2_ws/install/serbot_controller:/home/pi/ros2_ws/install/my_car_controller:/opt/ros/humble /usr/bin/cmake --install /home/pi/ros2_ws/build/lslidar_driver
[26.502s] Level 1:colcon.colcon_core.environment:create_environment_scripts_only(lslidar_driver)
[26.505s] Level 1:colcon.colcon_core.environment:checking '/home/pi/ros2_ws/install/lslidar_driver' for CMake module files
[26.509s] DEBUG:colcon.colcon_core.event_handler.log_command:Invoked command in '/home/pi/ros2_ws/build/lslidar_driver' returned '0': CMAKE_PREFIX_PATH=/home/pi/ros2_ws/install/lslidar_msgs:/home/pi/ros2_ws/install/serbot_description:/home/pi/ros2_ws/install/lslidar_driver:/home/pi/ros2_ws/install/joy_config_pkg:/home/pi/ros2_ws/install/teleop_twist_keyboard:/home/pi/ros2_ws/install/serial_control:/home/pi/ros2_ws/install/serbot_controller:/home/pi/ros2_ws/install/my_car_controller:/opt/ros/humble /usr/bin/cmake --install /home/pi/ros2_ws/build/lslidar_driver
[26.516s] Level 1:colcon.colcon_core.environment:checking '/home/pi/ros2_ws/install/lslidar_driver' for CMake config files
[26.521s] Level 1:colcon.colcon_core.shell:create_environment_hook('lslidar_driver', 'cmake_prefix_path')
[26.523s] INFO:colcon.colcon_core.shell:Creating environment hook '/home/pi/ros2_ws/install/lslidar_driver/share/lslidar_driver/hook/cmake_prefix_path.ps1'
[26.528s] INFO:colcon.colcon_core.shell:Creating environment descriptor '/home/pi/ros2_ws/install/lslidar_driver/share/lslidar_driver/hook/cmake_prefix_path.dsv'
[26.533s] INFO:colcon.colcon_core.shell:Creating environment hook '/home/pi/ros2_ws/install/lslidar_driver/share/lslidar_driver/hook/cmake_prefix_path.sh'
[26.540s] Level 1:colcon.colcon_core.environment:checking '/home/pi/ros2_ws/install/lslidar_driver/lib'
[26.541s] Level 1:colcon.colcon_core.environment:checking '/home/pi/ros2_ws/install/lslidar_driver/bin'
[26.542s] Level 1:colcon.colcon_core.environment:checking '/home/pi/ros2_ws/install/lslidar_driver/lib/pkgconfig/lslidar_driver.pc'
[26.544s] Level 1:colcon.colcon_core.environment:checking '/home/pi/ros2_ws/install/lslidar_driver/lib/python3.10/site-packages'
[26.546s] Level 1:colcon.colcon_core.environment:checking '/home/pi/ros2_ws/install/lslidar_driver/bin'
[26.549s] INFO:colcon.colcon_core.shell:Creating package script '/home/pi/ros2_ws/install/lslidar_driver/share/lslidar_driver/package.ps1'
[26.554s] INFO:colcon.colcon_core.shell:Creating package descriptor '/home/pi/ros2_ws/install/lslidar_driver/share/lslidar_driver/package.dsv'
[26.559s] INFO:colcon.colcon_core.shell:Creating package script '/home/pi/ros2_ws/install/lslidar_driver/share/lslidar_driver/package.sh'
[26.564s] INFO:colcon.colcon_core.shell:Creating package script '/home/pi/ros2_ws/install/lslidar_driver/share/lslidar_driver/package.bash'
[26.569s] INFO:colcon.colcon_core.shell:Creating package script '/home/pi/ros2_ws/install/lslidar_driver/share/lslidar_driver/package.zsh'
[26.575s] Level 1:colcon.colcon_core.environment:create_file_with_runtime_dependencies(/home/pi/ros2_ws/install/lslidar_driver/share/colcon-core/packages/lslidar_driver)
[26.582s] Level 1:colcon.colcon_core.environment:create_environment_scripts_only(lslidar_driver)
[26.585s] Level 1:colcon.colcon_core.environment:checking '/home/pi/ros2_ws/install/lslidar_driver' for CMake module files
[26.593s] Level 1:colcon.colcon_core.environment:checking '/home/pi/ros2_ws/install/lslidar_driver' for CMake config files
[26.598s] Level 1:colcon.colcon_core.shell:create_environment_hook('lslidar_driver', 'cmake_prefix_path')
[26.600s] INFO:colcon.colcon_core.shell:Creating environment hook '/home/pi/ros2_ws/install/lslidar_driver/share/lslidar_driver/hook/cmake_prefix_path.ps1'
[26.605s] INFO:colcon.colcon_core.shell:Creating environment descriptor '/home/pi/ros2_ws/install/lslidar_driver/share/lslidar_driver/hook/cmake_prefix_path.dsv'
[26.610s] INFO:colcon.colcon_core.shell:Creating environment hook '/home/pi/ros2_ws/install/lslidar_driver/share/lslidar_driver/hook/cmake_prefix_path.sh'
[26.617s] Level 1:colcon.colcon_core.environment:checking '/home/pi/ros2_ws/install/lslidar_driver/lib'
[26.618s] Level 1:colcon.colcon_core.environment:checking '/home/pi/ros2_ws/install/lslidar_driver/bin'
[26.619s] Level 1:colcon.colcon_core.environment:checking '/home/pi/ros2_ws/install/lslidar_driver/lib/pkgconfig/lslidar_driver.pc'
[26.621s] Level 1:colcon.colcon_core.environment:checking '/home/pi/ros2_ws/install/lslidar_driver/lib/python3.10/site-packages'
[26.623s] Level 1:colcon.colcon_core.environment:checking '/home/pi/ros2_ws/install/lslidar_driver/bin'
[26.627s] INFO:colcon.colcon_core.shell:Creating package script '/home/pi/ros2_ws/install/lslidar_driver/share/lslidar_driver/package.ps1'
[26.633s] INFO:colcon.colcon_core.shell:Creating package descriptor '/home/pi/ros2_ws/install/lslidar_driver/share/lslidar_driver/package.dsv'
[26.639s] INFO:colcon.colcon_core.shell:Creating package script '/home/pi/ros2_ws/install/lslidar_driver/share/lslidar_driver/package.sh'
[26.645s] INFO:colcon.colcon_core.shell:Creating package script '/home/pi/ros2_ws/install/lslidar_driver/share/lslidar_driver/package.bash'
[26.650s] INFO:colcon.colcon_core.shell:Creating package script '/home/pi/ros2_ws/install/lslidar_driver/share/lslidar_driver/package.zsh'
[26.655s] Level 1:colcon.colcon_core.environment:create_file_with_runtime_dependencies(/home/pi/ros2_ws/install/lslidar_driver/share/colcon-core/packages/lslidar_driver)
[28.357s] Level 1:colcon.colcon_core.environment:checking '/home/pi/ros2_ws/install/teleop_twist_keyboard' for CMake module files
[28.362s] DEBUG:colcon.colcon_core.event_handler.log_command:Invoked command in '/home/pi/ros2_ws/src/teleop_twist_keyboard' returned '0': PYTHONPATH=/home/pi/ros2_ws/build/teleop_twist_keyboard/prefix_override:/usr/lib/python3/dist-packages/colcon_core/task/python/colcon_distutils_commands:/home/pi/ros2_ws/install/teleop_twist_keyboard/lib/python3.10/site-packages:${PYTHONPATH} /usr/bin/python3 -W ignore:setup.py install is deprecated -W ignore:easy_install command is deprecated setup.py egg_info --egg-base ../../build/teleop_twist_keyboard build --build-base /home/pi/ros2_ws/build/teleop_twist_keyboard/build install --record /home/pi/ros2_ws/build/teleop_twist_keyboard/install.log --single-version-externally-managed install_data
[28.367s] Level 1:colcon.colcon_core.environment:checking '/home/pi/ros2_ws/install/teleop_twist_keyboard' for CMake config files
[28.376s] Level 1:colcon.colcon_core.environment:checking '/home/pi/ros2_ws/install/teleop_twist_keyboard/lib'
[28.377s] Level 1:colcon.colcon_core.environment:checking '/home/pi/ros2_ws/install/teleop_twist_keyboard/bin'
[28.378s] Level 1:colcon.colcon_core.environment:checking '/home/pi/ros2_ws/install/teleop_twist_keyboard/lib/pkgconfig/teleop_twist_keyboard.pc'
[28.380s] Level 1:colcon.colcon_core.environment:checking '/home/pi/ros2_ws/install/teleop_twist_keyboard/lib/python3.10/site-packages'
[28.381s] Level 1:colcon.colcon_core.shell:create_environment_hook('teleop_twist_keyboard', 'pythonpath')
[28.383s] INFO:colcon.colcon_core.shell:Creating environment hook '/home/pi/ros2_ws/install/teleop_twist_keyboard/share/teleop_twist_keyboard/hook/pythonpath.ps1'
[28.387s] INFO:colcon.colcon_core.shell:Creating environment descriptor '/home/pi/ros2_ws/install/teleop_twist_keyboard/share/teleop_twist_keyboard/hook/pythonpath.dsv'
[28.393s] INFO:colcon.colcon_core.shell:Creating environment hook '/home/pi/ros2_ws/install/teleop_twist_keyboard/share/teleop_twist_keyboard/hook/pythonpath.sh'
[28.400s] Level 1:colcon.colcon_core.environment:checking '/home/pi/ros2_ws/install/teleop_twist_keyboard/bin'
[28.401s] Level 1:colcon.colcon_core.environment:create_environment_scripts_only(teleop_twist_keyboard)
[28.404s] INFO:colcon.colcon_core.shell:Creating package script '/home/pi/ros2_ws/install/teleop_twist_keyboard/share/teleop_twist_keyboard/package.ps1'
[28.409s] INFO:colcon.colcon_core.shell:Creating package descriptor '/home/pi/ros2_ws/install/teleop_twist_keyboard/share/teleop_twist_keyboard/package.dsv'
[28.415s] INFO:colcon.colcon_core.shell:Creating package script '/home/pi/ros2_ws/install/teleop_twist_keyboard/share/teleop_twist_keyboard/package.sh'
[28.420s] INFO:colcon.colcon_core.shell:Creating package script '/home/pi/ros2_ws/install/teleop_twist_keyboard/share/teleop_twist_keyboard/package.bash'
[28.425s] INFO:colcon.colcon_core.shell:Creating package script '/home/pi/ros2_ws/install/teleop_twist_keyboard/share/teleop_twist_keyboard/package.zsh'
[28.429s] Level 1:colcon.colcon_core.environment:create_file_with_runtime_dependencies(/home/pi/ros2_ws/install/teleop_twist_keyboard/share/colcon-core/packages/teleop_twist_keyboard)
[28.432s] DEBUG:colcon.colcon_parallel_executor.executor.parallel:closing loop
[28.435s] DEBUG:colcon.colcon_parallel_executor.executor.parallel:loop closed
[28.436s] DEBUG:colcon.colcon_parallel_executor.executor.parallel:run_until_complete finished with '0'
[28.437s] DEBUG:colcon.colcon_core.event_reactor:joining thread
[28.498s] INFO:colcon.colcon_core.plugin_system:Skipping extension 'colcon_notification.desktop_notification.notify_send': Could not find 'notify-send'
[28.499s] INFO:colcon.colcon_core.plugin_system:Skipping extension 'colcon_notification.desktop_notification.terminal_notifier': Not used on non-Darwin systems
[28.499s] INFO:colcon.colcon_core.plugin_system:Skipping extension 'colcon_notification.desktop_notification.win32': Not used on non-Windows systems
[28.500s] INFO:colcon.colcon_notification.desktop_notification:Sending desktop notification using 'notify2'
[28.507s] DEBUG:colcon.colcon_notification.desktop_notification.notify2:Failed to initialize notify2: org.freedesktop.DBus.Error.ServiceUnknown: The name org.freedesktop.Notifications was not provided by any .service files
[28.508s] DEBUG:colcon.colcon_core.event_reactor:joined thread
[28.510s] INFO:colcon.colcon_core.shell:Creating prefix script '/home/pi/ros2_ws/install/local_setup.ps1'
[28.521s] INFO:colcon.colcon_core.shell:Creating prefix util module '/home/pi/ros2_ws/install/_local_setup_util_ps1.py'
[28.538s] INFO:colcon.colcon_core.shell:Creating prefix chain script '/home/pi/ros2_ws/install/setup.ps1'
[28.555s] INFO:colcon.colcon_core.shell:Creating prefix script '/home/pi/ros2_ws/install/local_setup.sh'
[28.564s] INFO:colcon.colcon_core.shell:Creating prefix util module '/home/pi/ros2_ws/install/_local_setup_util_sh.py'
[28.570s] INFO:colcon.colcon_core.shell:Creating prefix chain script '/home/pi/ros2_ws/install/setup.sh'
[28.590s] INFO:colcon.colcon_core.shell:Creating prefix script '/home/pi/ros2_ws/install/local_setup.bash'
[28.597s] INFO:colcon.colcon_core.shell:Creating prefix chain script '/home/pi/ros2_ws/install/setup.bash'
[28.614s] INFO:colcon.colcon_core.shell:Creating prefix script '/home/pi/ros2_ws/install/local_setup.zsh'
[28.620s] INFO:colcon.colcon_core.shell:Creating prefix chain script '/home/pi/ros2_ws/install/setup.zsh'
