[13.016s] Invoking command in '/home/pi/ros2_ws/src/serbot_controller': PYTHONPATH=/home/pi/ros2_ws/build/serbot_controller/prefix_override:/usr/lib/python3/dist-packages/colcon_core/task/python/colcon_distutils_commands:/home/pi/ros2_ws/install/serbot_controller/lib/python3.10/site-packages:${PYTHONPATH} /usr/bin/python3 -W ignore:setup.py install is deprecated -W ignore:easy_install command is deprecated setup.py egg_info --egg-base ../../build/serbot_controller build --build-base /home/pi/ros2_ws/build/serbot_controller/build install --record /home/pi/ros2_ws/build/serbot_controller/install.log --single-version-externally-managed install_data
[16.333s] running egg_info
[16.346s] writing ../../build/serbot_controller/serbot_controller.egg-info/PKG-INFO
[16.351s] writing dependency_links to ../../build/serbot_controller/serbot_controller.egg-info/dependency_links.txt
[16.355s] writing entry points to ../../build/serbot_controller/serbot_controller.egg-info/entry_points.txt
[16.360s] writing requirements to ../../build/serbot_controller/serbot_controller.egg-info/requires.txt
[16.364s] writing top-level names to ../../build/serbot_controller/serbot_controller.egg-info/top_level.txt
[16.387s] reading manifest file '../../build/serbot_controller/serbot_controller.egg-info/SOURCES.txt'
[16.398s] writing manifest file '../../build/serbot_controller/serbot_controller.egg-info/SOURCES.txt'
[16.402s] running build
[16.404s] running build_py
[16.411s] running install
[16.418s] running install_lib
[16.435s] running install_data
[16.439s] running install_egg_info
[16.461s] removing '/home/pi/ros2_ws/install/serbot_controller/lib/python3.10/site-packages/serbot_controller-0.0.1-py3.10.egg-info' (and everything under it)
[16.468s] Copying ../../build/serbot_controller/serbot_controller.egg-info to /home/pi/ros2_ws/install/serbot_controller/lib/python3.10/site-packages/serbot_controller-0.0.1-py3.10.egg-info
[16.489s] running install_scripts
[16.779s] Installing serbot_controller script to /home/pi/ros2_ws/install/serbot_controller/lib/serbot_controller
[16.788s] writing list of installed files to '/home/pi/ros2_ws/build/serbot_controller/install.log'
[17.068s] Invoked command in '/home/pi/ros2_ws/src/serbot_controller' returned '0': PYTHONPATH=/home/pi/ros2_ws/build/serbot_controller/prefix_override:/usr/lib/python3/dist-packages/colcon_core/task/python/colcon_distutils_commands:/home/pi/ros2_ws/install/serbot_controller/lib/python3.10/site-packages:${PYTHONPATH} /usr/bin/python3 -W ignore:setup.py install is deprecated -W ignore:easy_install command is deprecated setup.py egg_info --egg-base ../../build/serbot_controller build --build-base /home/pi/ros2_ws/build/serbot_controller/build install --record /home/pi/ros2_ws/build/serbot_controller/install.log --single-version-externally-managed install_data
