[0.107s] Invoking command in '/home/pi/ros2_ws/build/serbot_description': CMAKE_PREFIX_PATH=${CMAKE_PREFIX_PATH}:/home/pi/ros2_ws/install/teleop_twist_keyboard:/home/pi/ros2_ws/install/serial_control:/home/pi/ros2_ws/install/serbot_controller:/home/pi/ros2_ws/install/my_car_controller:/opt/ros/humble /usr/bin/cmake --build /home/pi/ros2_ws/build/serbot_description -- -j4 -l4
[0.860s] Invoked command in '/home/pi/ros2_ws/build/serbot_description' returned '0': CMAKE_PREFIX_PATH=${CMAKE_PREFIX_PATH}:/home/pi/ros2_ws/install/teleop_twist_keyboard:/home/pi/ros2_ws/install/serial_control:/home/pi/ros2_ws/install/serbot_controller:/home/pi/ros2_ws/install/my_car_controller:/opt/ros/humble /usr/bin/cmake --build /home/pi/ros2_ws/build/serbot_description -- -j4 -l4
[0.881s] Invoking command in '/home/pi/ros2_ws/build/serbot_description': CMAKE_PREFIX_PATH=${CMAKE_PREFIX_PATH}:/home/pi/ros2_ws/install/teleop_twist_keyboard:/home/pi/ros2_ws/install/serial_control:/home/pi/ros2_ws/install/serbot_controller:/home/pi/ros2_ws/install/my_car_controller:/opt/ros/humble /usr/bin/cmake --install /home/pi/ros2_ws/build/serbot_description
[0.967s] -- Install configuration: ""
[0.969s] -- Up-to-date: /home/pi/ros2_ws/install/serbot_description/share/serbot_description/urdf
[0.971s] -- Up-to-date: /home/pi/ros2_ws/install/serbot_description/share/serbot_description/urdf/serbot.urdf
[0.973s] -- Up-to-date: /home/pi/ros2_ws/install/serbot_description/share/serbot_description/urdf/serbot2.urdf
[0.974s] -- Up-to-date: /home/pi/ros2_ws/install/serbot_description/share/serbot_description/urdf/serbot3.urdf
[0.976s] -- Up-to-date: /home/pi/ros2_ws/install/serbot_description/share/serbot_description/launch
[0.978s] -- Up-to-date: /home/pi/ros2_ws/install/serbot_description/share/serbot_description/launch/display.launch.py
[0.980s] -- Up-to-date: /home/pi/ros2_ws/install/serbot_description/share/ament_index/resource_index/package_run_dependencies/serbot_description
[0.985s] -- Up-to-date: /home/pi/ros2_ws/install/serbot_description/share/ament_index/resource_index/parent_prefix_path/serbot_description
[0.987s] -- Up-to-date: /home/pi/ros2_ws/install/serbot_description/share/serbot_description/environment/ament_prefix_path.sh
[0.991s] -- Up-to-date: /home/pi/ros2_ws/install/serbot_description/share/serbot_description/environment/ament_prefix_path.dsv
[0.994s] -- Up-to-date: /home/pi/ros2_ws/install/serbot_description/share/serbot_description/environment/path.sh
[0.996s] -- Up-to-date: /home/pi/ros2_ws/install/serbot_description/share/serbot_description/environment/path.dsv
[0.997s] -- Up-to-date: /home/pi/ros2_ws/install/serbot_description/share/serbot_description/local_setup.bash
[0.998s] -- Up-to-date: /home/pi/ros2_ws/install/serbot_description/share/serbot_description/local_setup.sh
[1.000s] -- Up-to-date: /home/pi/ros2_ws/install/serbot_description/share/serbot_description/local_setup.zsh
[1.001s] -- Up-to-date: /home/pi/ros2_ws/install/serbot_description/share/serbot_description/local_setup.dsv
[1.003s] -- Installing: /home/pi/ros2_ws/install/serbot_description/share/serbot_description/package.dsv
[1.004s] -- Up-to-date: /home/pi/ros2_ws/install/serbot_description/share/ament_index/resource_index/packages/serbot_description
[1.006s] -- Up-to-date: /home/pi/ros2_ws/install/serbot_description/share/serbot_description/cmake/serbot_descriptionConfig.cmake
[1.007s] -- Up-to-date: /home/pi/ros2_ws/install/serbot_description/share/serbot_description/cmake/serbot_descriptionConfig-version.cmake
[1.009s] -- Up-to-date: /home/pi/ros2_ws/install/serbot_description/share/serbot_description/package.xml
[4.335s] Invoked command in '/home/pi/ros2_ws/build/serbot_description' returned '0': CMAKE_PREFIX_PATH=${CMAKE_PREFIX_PATH}:/home/pi/ros2_ws/install/teleop_twist_keyboard:/home/pi/ros2_ws/install/serial_control:/home/pi/ros2_ws/install/serbot_controller:/home/pi/ros2_ws/install/my_car_controller:/opt/ros/humble /usr/bin/cmake --install /home/pi/ros2_ws/build/serbot_description
