[15.155s] Invoking command in '/home/pi/ros2_ws/src/my_car_controller': PYTHONPATH=/home/pi/ros2_ws/build/my_car_controller/prefix_override:/usr/lib/python3/dist-packages/colcon_core/task/python/colcon_distutils_commands:/home/pi/ros2_ws/install/my_car_controller/lib/python3.10/site-packages:${PYTHONPATH} /usr/bin/python3 -W ignore:setup.py install is deprecated -W ignore:easy_install command is deprecated setup.py egg_info --egg-base ../../build/my_car_controller build --build-base /home/pi/ros2_ws/build/my_car_controller/build install --record /home/pi/ros2_ws/build/my_car_controller/install.log --single-version-externally-managed install_data
[18.400s] running egg_info
[18.410s] writing ../../build/my_car_controller/my_car_controller.egg-info/PKG-INFO
[18.416s] writing dependency_links to ../../build/my_car_controller/my_car_controller.egg-info/dependency_links.txt
[18.421s] writing entry points to ../../build/my_car_controller/my_car_controller.egg-info/entry_points.txt
[18.426s] writing requirements to ../../build/my_car_controller/my_car_controller.egg-info/requires.txt
[18.431s] writing top-level names to ../../build/my_car_controller/my_car_controller.egg-info/top_level.txt
[18.455s] reading manifest file '../../build/my_car_controller/my_car_controller.egg-info/SOURCES.txt'
[18.471s] writing manifest file '../../build/my_car_controller/my_car_controller.egg-info/SOURCES.txt'
[18.475s] running build
[18.478s] running build_py
[18.488s] copying my_car_controller/serial_bridge_3.py -> /home/pi/ros2_ws/build/my_car_controller/build/lib/my_car_controller
[18.495s] running install
[18.501s] running install_lib
[18.514s] copying /home/pi/ros2_ws/build/my_car_controller/build/lib/my_car_controller/serial_bridge_3.py -> /home/pi/ros2_ws/install/my_car_controller/lib/python3.10/site-packages/my_car_controller
[18.526s] byte-compiling /home/pi/ros2_ws/install/my_car_controller/lib/python3.10/site-packages/my_car_controller/serial_bridge_3.py to serial_bridge_3.cpython-310.pyc
[18.537s] running install_data
[18.541s] running install_egg_info
[18.566s] removing '/home/pi/ros2_ws/install/my_car_controller/lib/python3.10/site-packages/my_car_controller-0.0.0-py3.10.egg-info' (and everything under it)
[18.574s] Copying ../../build/my_car_controller/my_car_controller.egg-info to /home/pi/ros2_ws/install/my_car_controller/lib/python3.10/site-packages/my_car_controller-0.0.0-py3.10.egg-info
[18.597s] running install_scripts
[18.874s] Installing serial_bridge script to /home/pi/ros2_ws/install/my_car_controller/lib/my_car_controller
[18.877s] Installing serial_bridge_2 script to /home/pi/ros2_ws/install/my_car_controller/lib/my_car_controller
[18.882s] writing list of installed files to '/home/pi/ros2_ws/build/my_car_controller/install.log'
[19.217s] Invoked command in '/home/pi/ros2_ws/src/my_car_controller' returned '0': PYTHONPATH=/home/pi/ros2_ws/build/my_car_controller/prefix_override:/usr/lib/python3/dist-packages/colcon_core/task/python/colcon_distutils_commands:/home/pi/ros2_ws/install/my_car_controller/lib/python3.10/site-packages:${PYTHONPATH} /usr/bin/python3 -W ignore:setup.py install is deprecated -W ignore:easy_install command is deprecated setup.py egg_info --egg-base ../../build/my_car_controller build --build-base /home/pi/ros2_ws/build/my_car_controller/build install --record /home/pi/ros2_ws/build/my_car_controller/install.log --single-version-externally-managed install_data
