[0.112s] Invoking command in '/home/pi/ros2_ws/build/serbot_description': CMAKE_PREFIX_PATH=${CMAKE_PREFIX_PATH}:/home/pi/ros2_ws/install/teleop_twist_keyboard:/home/pi/ros2_ws/install/serial_control:/home/pi/ros2_ws/install/serbot_controller:/home/pi/ros2_ws/install/my_car_controller:/opt/ros/humble /usr/bin/cmake --build /home/pi/ros2_ws/build/serbot_description -- -j4 -l4
[0.578s] Invoked command in '/home/pi/ros2_ws/build/serbot_description' returned '0': CMAKE_PREFIX_PATH=${CMAKE_PREFIX_PATH}:/home/pi/ros2_ws/install/teleop_twist_keyboard:/home/pi/ros2_ws/install/serial_control:/home/pi/ros2_ws/install/serbot_controller:/home/pi/ros2_ws/install/my_car_controller:/opt/ros/humble /usr/bin/cmake --build /home/pi/ros2_ws/build/serbot_description -- -j4 -l4
[0.593s] Invoking command in '/home/pi/ros2_ws/build/serbot_description': CMAKE_PREFIX_PATH=${CMAKE_PREFIX_PATH}:/home/pi/ros2_ws/install/teleop_twist_keyboard:/home/pi/ros2_ws/install/serial_control:/home/pi/ros2_ws/install/serbot_controller:/home/pi/ros2_ws/install/my_car_controller:/opt/ros/humble /usr/bin/cmake --install /home/pi/ros2_ws/build/serbot_description
[0.693s] -- Install configuration: ""
[0.696s] -- Up-to-date: /home/pi/ros2_ws/install/serbot_description/share/serbot_description/urdf
[0.702s] -- Up-to-date: /home/pi/ros2_ws/install/serbot_description/share/serbot_description/urdf/serbot.urdf
[0.705s] -- Up-to-date: /home/pi/ros2_ws/install/serbot_description/share/serbot_description/urdf/serbot2.urdf
[0.708s] -- Up-to-date: /home/pi/ros2_ws/install/serbot_description/share/serbot_description/urdf/serbot3.urdf
[0.710s] -- Up-to-date: /home/pi/ros2_ws/install/serbot_description/share/serbot_description/launch
[0.715s] -- Up-to-date: /home/pi/ros2_ws/install/serbot_description/share/serbot_description/launch/display.launch.py
[0.719s] -- Up-to-date: /home/pi/ros2_ws/install/serbot_description/share/ament_index/resource_index/package_run_dependencies/serbot_description
[0.723s] -- Up-to-date: /home/pi/ros2_ws/install/serbot_description/share/ament_index/resource_index/parent_prefix_path/serbot_description
[0.727s] -- Up-to-date: /home/pi/ros2_ws/install/serbot_description/share/serbot_description/environment/ament_prefix_path.sh
[0.730s] -- Up-to-date: /home/pi/ros2_ws/install/serbot_description/share/serbot_description/environment/ament_prefix_path.dsv
[0.736s] -- Up-to-date: /home/pi/ros2_ws/install/serbot_description/share/serbot_description/environment/path.sh
[0.740s] -- Up-to-date: /home/pi/ros2_ws/install/serbot_description/share/serbot_description/environment/path.dsv
[0.743s] -- Up-to-date: /home/pi/ros2_ws/install/serbot_description/share/serbot_description/local_setup.bash
[0.746s] -- Up-to-date: /home/pi/ros2_ws/install/serbot_description/share/serbot_description/local_setup.sh
[0.750s] -- Up-to-date: /home/pi/ros2_ws/install/serbot_description/share/serbot_description/local_setup.zsh
[0.753s] -- Up-to-date: /home/pi/ros2_ws/install/serbot_description/share/serbot_description/local_setup.dsv
[0.757s] -- Installing: /home/pi/ros2_ws/install/serbot_description/share/serbot_description/package.dsv
[0.765s] -- Up-to-date: /home/pi/ros2_ws/install/serbot_description/share/ament_index/resource_index/packages/serbot_description
[0.770s] -- Up-to-date: /home/pi/ros2_ws/install/serbot_description/share/serbot_description/cmake/serbot_descriptionConfig.cmake
[0.773s] -- Up-to-date: /home/pi/ros2_ws/install/serbot_description/share/serbot_description/cmake/serbot_descriptionConfig-version.cmake
[0.776s] -- Up-to-date: /home/pi/ros2_ws/install/serbot_description/share/serbot_description/package.xml
[0.799s] Invoked command in '/home/pi/ros2_ws/build/serbot_description' returned '0': CMAKE_PREFIX_PATH=${CMAKE_PREFIX_PATH}:/home/pi/ros2_ws/install/teleop_twist_keyboard:/home/pi/ros2_ws/install/serial_control:/home/pi/ros2_ws/install/serbot_controller:/home/pi/ros2_ws/install/my_car_controller:/opt/ros/humble /usr/bin/cmake --install /home/pi/ros2_ws/build/serbot_description
