running egg_info
writing ../../build/my_car_controller/my_car_controller.egg-info/PKG-INFO
writing dependency_links to ../../build/my_car_controller/my_car_controller.egg-info/dependency_links.txt
writing entry points to ../../build/my_car_controller/my_car_controller.egg-info/entry_points.txt
writing requirements to ../../build/my_car_controller/my_car_controller.egg-info/requires.txt
writing top-level names to ../../build/my_car_controller/my_car_controller.egg-info/top_level.txt
reading manifest file '../../build/my_car_controller/my_car_controller.egg-info/SOURCES.txt'
writing manifest file '../../build/my_car_controller/my_car_controller.egg-info/SOURCES.txt'
running build
running build_py
copying my_car_controller/serial_bridge_2.py -> /home/pi/ros2_ws/build/my_car_controller/build/lib/my_car_controller
running install
running install_lib
copying /home/pi/ros2_ws/build/my_car_controller/build/lib/my_car_controller/serial_bridge_2.py -> /home/pi/ros2_ws/install/my_car_controller/lib/python3.10/site-packages/my_car_controller
byte-compiling /home/pi/ros2_ws/install/my_car_controller/lib/python3.10/site-packages/my_car_controller/serial_bridge_2.py to serial_bridge_2.cpython-310.pyc
running install_data
running install_egg_info
removing '/home/pi/ros2_ws/install/my_car_controller/lib/python3.10/site-packages/my_car_controller-0.0.0-py3.10.egg-info' (and everything under it)
Copying ../../build/my_car_controller/my_car_controller.egg-info to /home/pi/ros2_ws/install/my_car_controller/lib/python3.10/site-packages/my_car_controller-0.0.0-py3.10.egg-info
running install_scripts
Installing serial_bridge script to /home/pi/ros2_ws/install/my_car_controller/lib/my_car_controller
Installing serial_bridge_2 script to /home/pi/ros2_ws/install/my_car_controller/lib/my_car_controller
writing list of installed files to '/home/pi/ros2_ws/build/my_car_controller/install.log'
