[15.587s] Invoking command in '/home/pi/ros2_ws/src/serbot_controller': PYTHONPATH=/home/pi/ros2_ws/build/serbot_controller/prefix_override:/usr/lib/python3/dist-packages/colcon_core/task/python/colcon_distutils_commands:/home/pi/ros2_ws/install/serbot_controller/lib/python3.10/site-packages:${PYTHONPATH} /usr/bin/python3 -W ignore:setup.py install is deprecated -W ignore:easy_install command is deprecated setup.py egg_info --egg-base ../../build/serbot_controller build --build-base /home/pi/ros2_ws/build/serbot_controller/build install --record /home/pi/ros2_ws/build/serbot_controller/install.log --single-version-externally-managed install_data
[19.460s] running egg_info
[19.473s] writing ../../build/serbot_controller/serbot_controller.egg-info/PKG-INFO
[19.478s] writing dependency_links to ../../build/serbot_controller/serbot_controller.egg-info/dependency_links.txt
[19.481s] writing entry points to ../../build/serbot_controller/serbot_controller.egg-info/entry_points.txt
[19.484s] writing requirements to ../../build/serbot_controller/serbot_controller.egg-info/requires.txt
[19.486s] writing top-level names to ../../build/serbot_controller/serbot_controller.egg-info/top_level.txt
[19.518s] reading manifest file '../../build/serbot_controller/serbot_controller.egg-info/SOURCES.txt'
[19.531s] writing manifest file '../../build/serbot_controller/serbot_controller.egg-info/SOURCES.txt'
[19.534s] running build
[19.537s] running build_py
[19.549s] running install
[19.554s] running install_lib
[19.579s] running install_data
[19.582s] running install_egg_info
[19.616s] removing '/home/pi/ros2_ws/install/serbot_controller/lib/python3.10/site-packages/serbot_controller-0.0.1-py3.10.egg-info' (and everything under it)
[19.623s] Copying ../../build/serbot_controller/serbot_controller.egg-info to /home/pi/ros2_ws/install/serbot_controller/lib/python3.10/site-packages/serbot_controller-0.0.1-py3.10.egg-info
[19.651s] running install_scripts
[20.024s] Installing serbot_controller script to /home/pi/ros2_ws/install/serbot_controller/lib/serbot_controller
[20.040s] writing list of installed files to '/home/pi/ros2_ws/build/serbot_controller/install.log'
[20.685s] Invoked command in '/home/pi/ros2_ws/src/serbot_controller' returned '0': PYTHONPATH=/home/pi/ros2_ws/build/serbot_controller/prefix_override:/usr/lib/python3/dist-packages/colcon_core/task/python/colcon_distutils_commands:/home/pi/ros2_ws/install/serbot_controller/lib/python3.10/site-packages:${PYTHONPATH} /usr/bin/python3 -W ignore:setup.py install is deprecated -W ignore:easy_install command is deprecated setup.py egg_info --egg-base ../../build/serbot_controller build --build-base /home/pi/ros2_ws/build/serbot_controller/build install --record /home/pi/ros2_ws/build/serbot_controller/install.log --single-version-externally-managed install_data
