[8.178s] Invoking command in '/home/pi/ros2_ws/src/serial_control': PYTHONPATH=/home/pi/ros2_ws/build/serial_control/prefix_override:/usr/lib/python3/dist-packages/colcon_core/task/python/colcon_distutils_commands:/home/pi/ros2_ws/install/serial_control/lib/python3.10/site-packages:${PYTHONPATH} /usr/bin/python3 -W ignore:setup.py install is deprecated -W ignore:easy_install command is deprecated setup.py egg_info --egg-base ../../build/serial_control build --build-base /home/pi/ros2_ws/build/serial_control/build install --record /home/pi/ros2_ws/build/serial_control/install.log --single-version-externally-managed install_data
[11.658s] running egg_info
[11.667s] writing ../../build/serial_control/serial_control.egg-info/PKG-INFO
[11.672s] writing dependency_links to ../../build/serial_control/serial_control.egg-info/dependency_links.txt
[11.677s] writing entry points to ../../build/serial_control/serial_control.egg-info/entry_points.txt
[11.680s] writing requirements to ../../build/serial_control/serial_control.egg-info/requires.txt
[11.682s] writing top-level names to ../../build/serial_control/serial_control.egg-info/top_level.txt
[11.708s] reading manifest file '../../build/serial_control/serial_control.egg-info/SOURCES.txt'
[11.721s] writing manifest file '../../build/serial_control/serial_control.egg-info/SOURCES.txt'
[11.723s] running build
[11.725s] running build_py
[11.740s] running install
[11.742s] running install_lib
[11.768s] running install_data
[11.770s] running install_egg_info
[11.790s] removing '/home/pi/ros2_ws/install/serial_control/lib/python3.10/site-packages/serial_control-0.0.0-py3.10.egg-info' (and everything under it)
[11.796s] Copying ../../build/serial_control/serial_control.egg-info to /home/pi/ros2_ws/install/serial_control/lib/python3.10/site-packages/serial_control-0.0.0-py3.10.egg-info
[11.819s] running install_scripts
[12.042s] Installing serial_node script to /home/pi/ros2_ws/install/serial_control/lib/serial_control
[12.047s] writing list of installed files to '/home/pi/ros2_ws/build/serial_control/install.log'
[12.284s] Invoked command in '/home/pi/ros2_ws/src/serial_control' returned '0': PYTHONPATH=/home/pi/ros2_ws/build/serial_control/prefix_override:/usr/lib/python3/dist-packages/colcon_core/task/python/colcon_distutils_commands:/home/pi/ros2_ws/install/serial_control/lib/python3.10/site-packages:${PYTHONPATH} /usr/bin/python3 -W ignore:setup.py install is deprecated -W ignore:easy_install command is deprecated setup.py egg_info --egg-base ../../build/serial_control build --build-base /home/pi/ros2_ws/build/serial_control/build install --record /home/pi/ros2_ws/build/serial_control/install.log --single-version-externally-managed install_data
