[8.660s] Invoking command in '/home/pi/ros2_ws/src/serial_control': PYTHONPATH=/home/pi/ros2_ws/build/serial_control/prefix_override:/usr/lib/python3/dist-packages/colcon_core/task/python/colcon_distutils_commands:/home/pi/ros2_ws/install/serial_control/lib/python3.10/site-packages:${PYTHONPATH} /usr/bin/python3 -W ignore:setup.py install is deprecated -W ignore:easy_install command is deprecated setup.py egg_info --egg-base ../../build/serial_control build --build-base /home/pi/ros2_ws/build/serial_control/build install --record /home/pi/ros2_ws/build/serial_control/install.log --single-version-externally-managed install_data
[12.205s] running egg_info
[12.210s] writing ../../build/serial_control/serial_control.egg-info/PKG-INFO
[12.213s] writing dependency_links to ../../build/serial_control/serial_control.egg-info/dependency_links.txt
[12.215s] writing entry points to ../../build/serial_control/serial_control.egg-info/entry_points.txt
[12.218s] writing requirements to ../../build/serial_control/serial_control.egg-info/requires.txt
[12.219s] writing top-level names to ../../build/serial_control/serial_control.egg-info/top_level.txt
[12.244s] reading manifest file '../../build/serial_control/serial_control.egg-info/SOURCES.txt'
[12.265s] writing manifest file '../../build/serial_control/serial_control.egg-info/SOURCES.txt'
[12.266s] running build
[12.267s] running build_py
[12.301s] running install
[12.305s] running install_lib
[12.333s] running install_data
[12.341s] running install_egg_info
[12.361s] removing '/home/pi/ros2_ws/install/serial_control/lib/python3.10/site-packages/serial_control-0.0.0-py3.10.egg-info' (and everything under it)
[12.367s] Copying ../../build/serial_control/serial_control.egg-info to /home/pi/ros2_ws/install/serial_control/lib/python3.10/site-packages/serial_control-0.0.0-py3.10.egg-info
[12.393s] running install_scripts
[12.643s] Installing serial_node script to /home/pi/ros2_ws/install/serial_control/lib/serial_control
[12.658s] writing list of installed files to '/home/pi/ros2_ws/build/serial_control/install.log'
[12.916s] Invoked command in '/home/pi/ros2_ws/src/serial_control' returned '0': PYTHONPATH=/home/pi/ros2_ws/build/serial_control/prefix_override:/usr/lib/python3/dist-packages/colcon_core/task/python/colcon_distutils_commands:/home/pi/ros2_ws/install/serial_control/lib/python3.10/site-packages:${PYTHONPATH} /usr/bin/python3 -W ignore:setup.py install is deprecated -W ignore:easy_install command is deprecated setup.py egg_info --egg-base ../../build/serial_control build --build-base /home/pi/ros2_ws/build/serial_control/build install --record /home/pi/ros2_ws/build/serial_control/install.log --single-version-externally-managed install_data
