[0.136s] Invoking command in '/home/pi/ros2_ws/build/lslidar_driver': CMAKE_PREFIX_PATH=/home/pi/ros2_ws/install/lslidar_msgs:/home/pi/ros2_ws/install/serbot_description:/home/pi/ros2_ws/install/joy_config_pkg:/home/pi/ros2_ws/install/teleop_twist_keyboard:/home/pi/ros2_ws/install/serial_control:/home/pi/ros2_ws/install/serbot_controller:/home/pi/ros2_ws/install/my_car_controller:/opt/ros/humble /usr/bin/cmake /home/pi/ros2_ws/src/Lslidar_ROS2_driver/lslidar_driver -DCMAKE_INSTALL_PREFIX=/home/pi/ros2_ws/install/lslidar_driver
[0.331s] -- Found Boost: /usr/lib/aarch64-linux-gnu/cmake/Boost-1.74.0/BoostConfig.cmake (found version "1.74.0") found components: thread 
[0.339s] -- Found rclcpp: 16.0.12 (/opt/ros/humble/share/rclcpp/cmake)
[2.397s] -- Found rosidl_generator_c: 3.1.6 (/opt/ros/humble/share/rosidl_generator_c/cmake)
[2.429s] -- Found rosidl_adapter: 3.1.6 (/opt/ros/humble/share/rosidl_adapter/cmake)
[2.499s] -- Found rosidl_generator_cpp: 3.1.6 (/opt/ros/humble/share/rosidl_generator_cpp/cmake)
[2.618s] -- Using all available rosidl_typesupport_c: rosidl_typesupport_fastrtps_c;rosidl_typesupport_introspection_c
[2.769s] -- Using all available rosidl_typesupport_cpp: rosidl_typesupport_fastrtps_cpp;rosidl_typesupport_introspection_cpp
[3.158s] -- Found rmw_implementation_cmake: 6.1.2 (/opt/ros/humble/share/rmw_implementation_cmake/cmake)
[3.177s] -- Found rmw_fastrtps_cpp: 6.2.7 (/opt/ros/humble/share/rmw_fastrtps_cpp/cmake)
[5.391s] -- Using RMW implementation 'rmw_fastrtps_cpp' as default
[6.012s] -- Eigen found (include: /usr/include/eigen3, version: 3.4.0)
[6.099s] -- Found Boost: /usr/lib/aarch64-linux-gnu/cmake/Boost-1.74.0/BoostConfig.cmake (found suitable version "1.74.0", minimum required is "1.65.0") found components: system filesystem date_time iostreams serialization 
[6.576s] -- FLANN found (include: /usr/include, lib: /usr/lib/aarch64-linux-gnu/libflann_cpp.so)
[9.638s] -- OpenNI found (version: 1.5.4.0, include: /usr/include/ni, lib: /usr/lib/libOpenNI.so;libusb::libusb)
[9.693s] -- OpenNI2 found (version: 2.2.0.33, include: /usr/include/openni2, lib: /usr/lib/aarch64-linux-gnu/libOpenNI2.so;libusb::libusb)
[9.695s] [0m** WARNING ** io features related to pcap will be disabled[0m
[11.307s] -- Eigen found (include: /usr/include/eigen3, version: 3.4.0)
[11.363s] -- OpenNI found (version: 1.5.4.0, include: /usr/include/ni, lib: /usr/lib/libOpenNI.so;libusb::libusb)
[11.419s] -- OpenNI2 found (version: 2.2.0.33, include: /usr/include/openni2, lib: /usr/lib/aarch64-linux-gnu/libOpenNI2.so;libusb::libusb)
[12.952s] -- Found Qhull version 8.0.2
[14.530s] -- OpenNI found (version: 1.5.4.0, include: /usr/include/ni, lib: /usr/lib/libOpenNI.so;libusb::libusb)
[16.059s] -- looking for PCL_COMMON
[16.062s] -- looking for PCL_KDTREE
[16.065s] -- looking for PCL_OCTREE
[16.068s] -- looking for PCL_SEARCH
[16.072s] -- looking for PCL_SAMPLE_CONSENSUS
[16.076s] -- looking for PCL_FILTERS
[16.079s] -- looking for PCL_2D
[16.082s] -- looking for PCL_GEOMETRY
[16.085s] -- looking for PCL_IO
[16.090s] -- looking for PCL_FEATURES
[16.094s] -- looking for PCL_ML
[16.097s] -- looking for PCL_SEGMENTATION
[16.101s] -- looking for PCL_VISUALIZATION
[16.106s] -- looking for PCL_SURFACE
[16.110s] -- looking for PCL_REGISTRATION
[16.114s] -- looking for PCL_KEYPOINTS
[16.118s] -- looking for PCL_TRACKING
[16.122s] -- looking for PCL_RECOGNITION
[16.126s] -- looking for PCL_STEREO
[16.130s] -- looking for PCL_APPS
[16.138s] -- looking for PCL_IN_HAND_SCANNER
[16.140s] -- looking for PCL_MODELER
[16.143s] -- looking for PCL_POINT_CLOUD_EDITOR
[16.146s] -- looking for PCL_OUTOFCORE
[16.150s] -- looking for PCL_PEOPLE
[16.215s] -- Found diagnostic_updater: 4.0.3 (/opt/ros/humble/share/diagnostic_updater/cmake)
[16.542s] -- Found lslidar_msgs: 1.2.0 (/home/pi/ros2_ws/install/lslidar_msgs/share/lslidar_msgs/cmake)
[16.768s] -- Found pluginlib: 5.1.0 (/opt/ros/humble/share/pluginlib/cmake)
[17.926s] [31mCMake Error at CMakeLists.txt:28 (find_package):
[17.927s]   By not providing "Findpcl_conversions.cmake" in CMAKE_MODULE_PATH this
[17.928s]   project has asked CMake to find a package configuration file provided by
[17.929s]   "pcl_conversions", but CMake did not find one.
[17.930s] 
[17.931s]   Could not find a package configuration file provided by "pcl_conversions"
[17.932s]   with any of the following names:
[17.932s] 
[17.933s]     pcl_conversionsConfig.cmake
[17.934s]     pcl_conversions-config.cmake
[17.935s] 
[17.936s]   Add the installation prefix of "pcl_conversions" to CMAKE_PREFIX_PATH or
[17.937s]   set "pcl_conversions_DIR" to a directory containing one of the above files.
[17.938s]   If "pcl_conversions" provides a separate development package or SDK, be
[17.939s]   sure it has been installed.
[17.940s] 
[17.940s] [0m
[17.942s] -- Configuring incomplete, errors occurred!
[17.943s] See also "/home/pi/ros2_ws/build/lslidar_driver/CMakeFiles/CMakeOutput.log".
[18.042s] Invoked command in '/home/pi/ros2_ws/build/lslidar_driver' returned '1': CMAKE_PREFIX_PATH=/home/pi/ros2_ws/install/lslidar_msgs:/home/pi/ros2_ws/install/serbot_description:/home/pi/ros2_ws/install/joy_config_pkg:/home/pi/ros2_ws/install/teleop_twist_keyboard:/home/pi/ros2_ws/install/serial_control:/home/pi/ros2_ws/install/serbot_controller:/home/pi/ros2_ws/install/my_car_controller:/opt/ros/humble /usr/bin/cmake /home/pi/ros2_ws/src/Lslidar_ROS2_driver/lslidar_driver -DCMAKE_INSTALL_PREFIX=/home/pi/ros2_ws/install/lslidar_driver
