[0.294s] Invoking command in '/home/pi/ros2_ws/build/lslidar_msgs': CMAKE_PREFIX_PATH=${CMAKE_PREFIX_PATH}:/home/pi/ros2_ws/install/teleop_twist_keyboard:/home/pi/ros2_ws/install/serial_control:/home/pi/ros2_ws/install/serbot_controller:/home/pi/ros2_ws/install/my_car_controller:/opt/ros/humble /usr/bin/cmake --build /home/pi/ros2_ws/build/lslidar_msgs -- -j4 -l4
[3.411s] -- Found ament_cmake: 1.3.11 (/opt/ros/humble/share/ament_cmake/cmake)
[3.412s] -- Found std_msgs: 4.8.0 (/opt/ros/humble/share/std_msgs/cmake)
[3.415s] -- Found rosidl_generator_c: 3.1.6 (/opt/ros/humble/share/rosidl_generator_c/cmake)
[3.416s] -- Found rosidl_adapter: 3.1.6 (/opt/ros/humble/share/rosidl_adapter/cmake)
[3.418s] -- Found rosidl_generator_cpp: 3.1.6 (/opt/ros/humble/share/rosidl_generator_cpp/cmake)
[3.423s] -- Using all available rosidl_typesupport_c: rosidl_typesupport_fastrtps_c;rosidl_typesupport_introspection_c
[3.426s] -- Using all available rosidl_typesupport_cpp: rosidl_typesupport_fastrtps_cpp;rosidl_typesupport_introspection_cpp
[3.430s] -- Found sensor_msgs: 4.8.0 (/opt/ros/humble/share/sensor_msgs/cmake)
[3.682s] -- Found rosidl_default_generators: 1.2.0 (/opt/ros/humble/share/rosidl_default_generators/cmake)
[3.787s] -- Found ament_lint_auto: 0.12.12 (/opt/ros/humble/share/ament_lint_auto/cmake)
[7.413s] -- Found ament_cmake_ros: 0.10.0 (/opt/ros/humble/share/ament_cmake_ros/cmake)
[12.626s] -- Using all available rosidl_typesupport_c: rosidl_typesupport_fastrtps_c;rosidl_typesupport_introspection_c
[14.567s] -- Using all available rosidl_typesupport_cpp: rosidl_typesupport_fastrtps_cpp;rosidl_typesupport_introspection_cpp
[14.874s] -- Found python_cmake_module: 0.10.0 (/opt/ros/humble/share/python_cmake_module/cmake)
[15.190s] -- Using PYTHON_EXECUTABLE: /usr/bin/python3
[15.192s] -- Using PYTHON_INCLUDE_DIRS: /usr/include/python3.10
[15.193s] -- Using PYTHON_LIBRARIES: /usr/lib/aarch64-linux-gnu/libpython3.10.so
[15.643s] -- Added test 'copyright' to check source files copyright and LICENSE
[15.688s] -- Added test 'lint_cmake' to check CMake code style
[15.713s] -- Added test 'xmllint' to check XML markup files
[15.828s] -- Configuring done
[16.899s] -- Generating done
[17.069s] -- Build files have been written to: /home/pi/ros2_ws/build/lslidar_msgs
[17.413s] [35m[1mConsolidate compiler generated dependencies of target lslidar_msgs__rosidl_generator_c[0m
[17.627s] [  1%] Built target lslidar_msgs__cpp
[17.654s] [ 12%] Built target lslidar_msgs__rosidl_generator_c
[17.722s] [ 12%] Built target ament_cmake_python_copy_lslidar_msgs
[17.875s] [35m[1mConsolidate compiler generated dependencies of target lslidar_msgs__rosidl_typesupport_introspection_c[0m
[17.884s] [35m[1mConsolidate compiler generated dependencies of target lslidar_msgs__rosidl_typesupport_cpp[0m
[17.911s] [35m[1mConsolidate compiler generated dependencies of target lslidar_msgs__rosidl_typesupport_c[0m
[17.956s] [35m[1mConsolidate compiler generated dependencies of target lslidar_msgs__rosidl_typesupport_fastrtps_cpp[0m
[18.138s] [ 23%] Built target lslidar_msgs__rosidl_typesupport_c
[18.194s] [ 34%] Built target lslidar_msgs__rosidl_typesupport_introspection_c
[18.218s] [ 46%] Built target lslidar_msgs__rosidl_typesupport_cpp
[18.302s] [35m[1mConsolidate compiler generated dependencies of target lslidar_msgs__rosidl_typesupport_introspection_cpp[0m
[18.312s] [ 57%] Built target lslidar_msgs__rosidl_typesupport_fastrtps_cpp
[18.460s] [35m[1mConsolidate compiler generated dependencies of target lslidar_msgs__rosidl_typesupport_fastrtps_c[0m
[18.571s] [ 68%] Built target lslidar_msgs__rosidl_typesupport_introspection_cpp
[18.695s] [ 79%] Built target lslidar_msgs__rosidl_typesupport_fastrtps_c
[18.923s] [ 79%] Built target lslidar_msgs
[19.156s] [ 80%] Built target lslidar_msgs__py
[19.292s] [35m[1mConsolidate compiler generated dependencies of target lslidar_msgs__rosidl_generator_py[0m
[19.528s] [ 90%] Built target lslidar_msgs__rosidl_generator_py
[19.739s] [35m[1mConsolidate compiler generated dependencies of target lslidar_msgs__rosidl_typesupport_introspection_c__pyext[0m
[19.766s] [35m[1mConsolidate compiler generated dependencies of target lslidar_msgs__rosidl_typesupport_fastrtps_c__pyext[0m
[19.792s] [35m[1mConsolidate compiler generated dependencies of target lslidar_msgs__rosidl_typesupport_c__pyext[0m
[20.031s] [ 93%] Built target lslidar_msgs__rosidl_typesupport_introspection_c__pyext
[20.098s] [ 96%] Built target lslidar_msgs__rosidl_typesupport_c__pyext
[20.122s] [100%] Built target lslidar_msgs__rosidl_typesupport_fastrtps_c__pyext
[21.746s] running egg_info
[21.752s] writing lslidar_msgs.egg-info/PKG-INFO
[21.755s] writing dependency_links to lslidar_msgs.egg-info/dependency_links.txt
[21.758s] writing top-level names to lslidar_msgs.egg-info/top_level.txt
[21.782s] reading manifest file 'lslidar_msgs.egg-info/SOURCES.txt'
[21.790s] writing manifest file 'lslidar_msgs.egg-info/SOURCES.txt'
[22.044s] [100%] Built target ament_cmake_python_build_lslidar_msgs_egg
[22.156s] Invoked command in '/home/pi/ros2_ws/build/lslidar_msgs' returned '0': CMAKE_PREFIX_PATH=${CMAKE_PREFIX_PATH}:/home/pi/ros2_ws/install/teleop_twist_keyboard:/home/pi/ros2_ws/install/serial_control:/home/pi/ros2_ws/install/serbot_controller:/home/pi/ros2_ws/install/my_car_controller:/opt/ros/humble /usr/bin/cmake --build /home/pi/ros2_ws/build/lslidar_msgs -- -j4 -l4
[22.171s] Invoking command in '/home/pi/ros2_ws/build/lslidar_msgs': CMAKE_PREFIX_PATH=${CMAKE_PREFIX_PATH}:/home/pi/ros2_ws/install/teleop_twist_keyboard:/home/pi/ros2_ws/install/serial_control:/home/pi/ros2_ws/install/serbot_controller:/home/pi/ros2_ws/install/my_car_controller:/opt/ros/humble /usr/bin/cmake --install /home/pi/ros2_ws/build/lslidar_msgs
[22.246s] -- Install configuration: ""
[22.249s] -- Up-to-date: /home/pi/ros2_ws/install/lslidar_msgs/share/ament_index/resource_index/rosidl_interfaces/lslidar_msgs
[22.252s] -- Up-to-date: /home/pi/ros2_ws/install/lslidar_msgs/include/lslidar_msgs/lslidar_msgs
[22.254s] -- Up-to-date: /home/pi/ros2_ws/install/lslidar_msgs/include/lslidar_msgs/lslidar_msgs/msg
[22.255s] -- Up-to-date: /home/pi/ros2_ws/install/lslidar_msgs/include/lslidar_msgs/lslidar_msgs/msg/lslidar_point.h
[22.257s] -- Up-to-date: /home/pi/ros2_ws/install/lslidar_msgs/include/lslidar_msgs/lslidar_msgs/msg/lslidar_scan.h
[22.258s] -- Up-to-date: /home/pi/ros2_ws/install/lslidar_msgs/include/lslidar_msgs/lslidar_msgs/msg/lslidar_sweep.h
[22.259s] -- Up-to-date: /home/pi/ros2_ws/install/lslidar_msgs/include/lslidar_msgs/lslidar_msgs/msg/rosidl_generator_c__visibility_control.h
[22.260s] -- Up-to-date: /home/pi/ros2_ws/install/lslidar_msgs/include/lslidar_msgs/lslidar_msgs/msg/lslidar_packet.h
[22.262s] -- Up-to-date: /home/pi/ros2_ws/install/lslidar_msgs/include/lslidar_msgs/lslidar_msgs/msg/detail
[22.263s] -- Up-to-date: /home/pi/ros2_ws/install/lslidar_msgs/include/lslidar_msgs/lslidar_msgs/msg/detail/lslidar_sweep__functions.h
[22.264s] -- Up-to-date: /home/pi/ros2_ws/install/lslidar_msgs/include/lslidar_msgs/lslidar_msgs/msg/detail/lslidar_point__type_support.h
[22.266s] -- Up-to-date: /home/pi/ros2_ws/install/lslidar_msgs/include/lslidar_msgs/lslidar_msgs/msg/detail/lslidar_scan__struct.h
[22.267s] -- Up-to-date: /home/pi/ros2_ws/install/lslidar_msgs/include/lslidar_msgs/lslidar_msgs/msg/detail/lslidar_difop__type_support.h
[22.268s] -- Up-to-date: /home/pi/ros2_ws/install/lslidar_msgs/include/lslidar_msgs/lslidar_msgs/msg/detail/lslidar_difop__functions.c
[22.270s] -- Up-to-date: /home/pi/ros2_ws/install/lslidar_msgs/include/lslidar_msgs/lslidar_msgs/msg/detail/lslidar_packet__struct.h
[22.271s] -- Up-to-date: /home/pi/ros2_ws/install/lslidar_msgs/include/lslidar_msgs/lslidar_msgs/msg/detail/lslidar_sweep__functions.c
[22.272s] -- Up-to-date: /home/pi/ros2_ws/install/lslidar_msgs/include/lslidar_msgs/lslidar_msgs/msg/detail/lslidar_scan__type_support.h
[22.274s] -- Up-to-date: /home/pi/ros2_ws/install/lslidar_msgs/include/lslidar_msgs/lslidar_msgs/msg/detail/lslidar_point__functions.h
[22.275s] -- Up-to-date: /home/pi/ros2_ws/install/lslidar_msgs/include/lslidar_msgs/lslidar_msgs/msg/detail/lslidar_packet__type_support.h
[22.276s] -- Up-to-date: /home/pi/ros2_ws/install/lslidar_msgs/include/lslidar_msgs/lslidar_msgs/msg/detail/lslidar_scan__functions.h
[22.278s] -- Up-to-date: /home/pi/ros2_ws/install/lslidar_msgs/include/lslidar_msgs/lslidar_msgs/msg/detail/lslidar_point__functions.c
[22.279s] -- Up-to-date: /home/pi/ros2_ws/install/lslidar_msgs/include/lslidar_msgs/lslidar_msgs/msg/detail/lslidar_packet__functions.c
[22.280s] -- Up-to-date: /home/pi/ros2_ws/install/lslidar_msgs/include/lslidar_msgs/lslidar_msgs/msg/detail/lslidar_difop__functions.h
[22.282s] -- Up-to-date: /home/pi/ros2_ws/install/lslidar_msgs/include/lslidar_msgs/lslidar_msgs/msg/detail/lslidar_packet__functions.h
[22.283s] -- Up-to-date: /home/pi/ros2_ws/install/lslidar_msgs/include/lslidar_msgs/lslidar_msgs/msg/detail/lslidar_sweep__struct.h
[22.284s] -- Up-to-date: /home/pi/ros2_ws/install/lslidar_msgs/include/lslidar_msgs/lslidar_msgs/msg/detail/lslidar_sweep__type_support.h
[22.284s] -- Up-to-date: /home/pi/ros2_ws/install/lslidar_msgs/include/lslidar_msgs/lslidar_msgs/msg/detail/lslidar_point__struct.h
[22.286s] -- Up-to-date: /home/pi/ros2_ws/install/lslidar_msgs/include/lslidar_msgs/lslidar_msgs/msg/detail/lslidar_difop__struct.h
[22.287s] -- Up-to-date: /home/pi/ros2_ws/install/lslidar_msgs/include/lslidar_msgs/lslidar_msgs/msg/detail/lslidar_scan__functions.c
[22.288s] -- Up-to-date: /home/pi/ros2_ws/install/lslidar_msgs/include/lslidar_msgs/lslidar_msgs/msg/lslidar_difop.h
[22.289s] -- Up-to-date: /home/pi/ros2_ws/install/lslidar_msgs/share/lslidar_msgs/environment/library_path.sh
[22.290s] -- Installing: /home/pi/ros2_ws/install/lslidar_msgs/share/lslidar_msgs/environment/library_path.dsv
[22.292s] -- Up-to-date: /home/pi/ros2_ws/install/lslidar_msgs/lib/liblslidar_msgs__rosidl_generator_c.so
[22.296s] -- Up-to-date: /home/pi/ros2_ws/install/lslidar_msgs/include/lslidar_msgs/lslidar_msgs
[22.297s] -- Up-to-date: /home/pi/ros2_ws/install/lslidar_msgs/include/lslidar_msgs/lslidar_msgs/msg
[22.299s] -- Up-to-date: /home/pi/ros2_ws/install/lslidar_msgs/include/lslidar_msgs/lslidar_msgs/msg/rosidl_typesupport_fastrtps_c__visibility_control.h
[22.300s] -- Up-to-date: /home/pi/ros2_ws/install/lslidar_msgs/include/lslidar_msgs/lslidar_msgs/msg/detail
[22.301s] -- Up-to-date: /home/pi/ros2_ws/install/lslidar_msgs/include/lslidar_msgs/lslidar_msgs/msg/detail/lslidar_point__rosidl_typesupport_fastrtps_c.h
[22.303s] -- Up-to-date: /home/pi/ros2_ws/install/lslidar_msgs/include/lslidar_msgs/lslidar_msgs/msg/detail/lslidar_difop__rosidl_typesupport_fastrtps_c.h
[22.304s] -- Up-to-date: /home/pi/ros2_ws/install/lslidar_msgs/include/lslidar_msgs/lslidar_msgs/msg/detail/lslidar_packet__rosidl_typesupport_fastrtps_c.h
[22.305s] -- Up-to-date: /home/pi/ros2_ws/install/lslidar_msgs/include/lslidar_msgs/lslidar_msgs/msg/detail/lslidar_scan__rosidl_typesupport_fastrtps_c.h
[22.306s] -- Up-to-date: /home/pi/ros2_ws/install/lslidar_msgs/include/lslidar_msgs/lslidar_msgs/msg/detail/lslidar_sweep__rosidl_typesupport_fastrtps_c.h
[22.312s] -- Up-to-date: /home/pi/ros2_ws/install/lslidar_msgs/lib/liblslidar_msgs__rosidl_typesupport_fastrtps_c.so
[22.316s] -- Up-to-date: /home/pi/ros2_ws/install/lslidar_msgs/include/lslidar_msgs/lslidar_msgs
[22.317s] -- Up-to-date: /home/pi/ros2_ws/install/lslidar_msgs/include/lslidar_msgs/lslidar_msgs/msg
[22.318s] -- Up-to-date: /home/pi/ros2_ws/install/lslidar_msgs/include/lslidar_msgs/lslidar_msgs/msg/lslidar_packet.hpp
[22.319s] -- Up-to-date: /home/pi/ros2_ws/install/lslidar_msgs/include/lslidar_msgs/lslidar_msgs/msg/lslidar_sweep.hpp
[22.321s] -- Up-to-date: /home/pi/ros2_ws/install/lslidar_msgs/include/lslidar_msgs/lslidar_msgs/msg/lslidar_difop.hpp
[22.322s] -- Up-to-date: /home/pi/ros2_ws/install/lslidar_msgs/include/lslidar_msgs/lslidar_msgs/msg/lslidar_point.hpp
[22.323s] -- Up-to-date: /home/pi/ros2_ws/install/lslidar_msgs/include/lslidar_msgs/lslidar_msgs/msg/lslidar_scan.hpp
[22.324s] -- Up-to-date: /home/pi/ros2_ws/install/lslidar_msgs/include/lslidar_msgs/lslidar_msgs/msg/detail
[22.326s] -- Up-to-date: /home/pi/ros2_ws/install/lslidar_msgs/include/lslidar_msgs/lslidar_msgs/msg/detail/lslidar_sweep__struct.hpp
[22.327s] -- Up-to-date: /home/pi/ros2_ws/install/lslidar_msgs/include/lslidar_msgs/lslidar_msgs/msg/detail/lslidar_scan__builder.hpp
[22.328s] -- Up-to-date: /home/pi/ros2_ws/install/lslidar_msgs/include/lslidar_msgs/lslidar_msgs/msg/detail/lslidar_point__type_support.hpp
[22.330s] -- Up-to-date: /home/pi/ros2_ws/install/lslidar_msgs/include/lslidar_msgs/lslidar_msgs/msg/detail/lslidar_sweep__builder.hpp
[22.331s] -- Up-to-date: /home/pi/ros2_ws/install/lslidar_msgs/include/lslidar_msgs/lslidar_msgs/msg/detail/lslidar_packet__struct.hpp
[22.332s] -- Up-to-date: /home/pi/ros2_ws/install/lslidar_msgs/include/lslidar_msgs/lslidar_msgs/msg/detail/lslidar_difop__struct.hpp
[22.334s] -- Up-to-date: /home/pi/ros2_ws/install/lslidar_msgs/include/lslidar_msgs/lslidar_msgs/msg/detail/lslidar_point__traits.hpp
[22.335s] -- Up-to-date: /home/pi/ros2_ws/install/lslidar_msgs/include/lslidar_msgs/lslidar_msgs/msg/detail/lslidar_sweep__traits.hpp
[22.336s] -- Up-to-date: /home/pi/ros2_ws/install/lslidar_msgs/include/lslidar_msgs/lslidar_msgs/msg/detail/lslidar_point__builder.hpp
[22.337s] -- Up-to-date: /home/pi/ros2_ws/install/lslidar_msgs/include/lslidar_msgs/lslidar_msgs/msg/detail/lslidar_difop__builder.hpp
[22.339s] -- Up-to-date: /home/pi/ros2_ws/install/lslidar_msgs/include/lslidar_msgs/lslidar_msgs/msg/detail/lslidar_scan__struct.hpp
[22.340s] -- Up-to-date: /home/pi/ros2_ws/install/lslidar_msgs/include/lslidar_msgs/lslidar_msgs/msg/detail/lslidar_packet__traits.hpp
[22.341s] -- Up-to-date: /home/pi/ros2_ws/install/lslidar_msgs/include/lslidar_msgs/lslidar_msgs/msg/detail/lslidar_difop__type_support.hpp
[22.343s] -- Up-to-date: /home/pi/ros2_ws/install/lslidar_msgs/include/lslidar_msgs/lslidar_msgs/msg/detail/lslidar_sweep__type_support.hpp
[22.344s] -- Up-to-date: /home/pi/ros2_ws/install/lslidar_msgs/include/lslidar_msgs/lslidar_msgs/msg/detail/lslidar_scan__traits.hpp
[22.345s] -- Up-to-date: /home/pi/ros2_ws/install/lslidar_msgs/include/lslidar_msgs/lslidar_msgs/msg/detail/lslidar_difop__traits.hpp
[22.346s] -- Up-to-date: /home/pi/ros2_ws/install/lslidar_msgs/include/lslidar_msgs/lslidar_msgs/msg/detail/lslidar_point__struct.hpp
[22.348s] -- Up-to-date: /home/pi/ros2_ws/install/lslidar_msgs/include/lslidar_msgs/lslidar_msgs/msg/detail/lslidar_packet__type_support.hpp
[22.349s] -- Up-to-date: /home/pi/ros2_ws/install/lslidar_msgs/include/lslidar_msgs/lslidar_msgs/msg/detail/lslidar_scan__type_support.hpp
[22.350s] -- Up-to-date: /home/pi/ros2_ws/install/lslidar_msgs/include/lslidar_msgs/lslidar_msgs/msg/detail/lslidar_packet__builder.hpp
[22.353s] -- Up-to-date: /home/pi/ros2_ws/install/lslidar_msgs/include/lslidar_msgs/lslidar_msgs/msg/rosidl_generator_cpp__visibility_control.hpp
[22.354s] -- Up-to-date: /home/pi/ros2_ws/install/lslidar_msgs/include/lslidar_msgs/lslidar_msgs
[22.355s] -- Up-to-date: /home/pi/ros2_ws/install/lslidar_msgs/include/lslidar_msgs/lslidar_msgs/msg
[22.356s] -- Up-to-date: /home/pi/ros2_ws/install/lslidar_msgs/include/lslidar_msgs/lslidar_msgs/msg/rosidl_typesupport_fastrtps_cpp__visibility_control.h
[22.357s] -- Up-to-date: /home/pi/ros2_ws/install/lslidar_msgs/include/lslidar_msgs/lslidar_msgs/msg/detail
[22.359s] -- Up-to-date: /home/pi/ros2_ws/install/lslidar_msgs/include/lslidar_msgs/lslidar_msgs/msg/detail/dds_fastrtps
[22.360s] -- Up-to-date: /home/pi/ros2_ws/install/lslidar_msgs/include/lslidar_msgs/lslidar_msgs/msg/detail/lslidar_packet__rosidl_typesupport_fastrtps_cpp.hpp
[22.361s] -- Up-to-date: /home/pi/ros2_ws/install/lslidar_msgs/include/lslidar_msgs/lslidar_msgs/msg/detail/lslidar_sweep__rosidl_typesupport_fastrtps_cpp.hpp
[22.362s] -- Up-to-date: /home/pi/ros2_ws/install/lslidar_msgs/include/lslidar_msgs/lslidar_msgs/msg/detail/lslidar_scan__rosidl_typesupport_fastrtps_cpp.hpp
[22.363s] -- Up-to-date: /home/pi/ros2_ws/install/lslidar_msgs/include/lslidar_msgs/lslidar_msgs/msg/detail/lslidar_difop__rosidl_typesupport_fastrtps_cpp.hpp
[22.364s] -- Up-to-date: /home/pi/ros2_ws/install/lslidar_msgs/include/lslidar_msgs/lslidar_msgs/msg/detail/lslidar_point__rosidl_typesupport_fastrtps_cpp.hpp
[22.365s] -- Up-to-date: /home/pi/ros2_ws/install/lslidar_msgs/lib/liblslidar_msgs__rosidl_typesupport_fastrtps_cpp.so
[22.367s] -- Up-to-date: /home/pi/ros2_ws/install/lslidar_msgs/include/lslidar_msgs/lslidar_msgs
[22.368s] -- Up-to-date: /home/pi/ros2_ws/install/lslidar_msgs/include/lslidar_msgs/lslidar_msgs/msg
[22.369s] -- Up-to-date: /home/pi/ros2_ws/install/lslidar_msgs/include/lslidar_msgs/lslidar_msgs/msg/detail
[22.371s] -- Up-to-date: /home/pi/ros2_ws/install/lslidar_msgs/include/lslidar_msgs/lslidar_msgs/msg/detail/lslidar_sweep__rosidl_typesupport_introspection_c.h
[22.372s] -- Up-to-date: /home/pi/ros2_ws/install/lslidar_msgs/include/lslidar_msgs/lslidar_msgs/msg/detail/lslidar_difop__rosidl_typesupport_introspection_c.h
[22.373s] -- Up-to-date: /home/pi/ros2_ws/install/lslidar_msgs/include/lslidar_msgs/lslidar_msgs/msg/detail/lslidar_scan__type_support.c
[22.375s] -- Up-to-date: /home/pi/ros2_ws/install/lslidar_msgs/include/lslidar_msgs/lslidar_msgs/msg/detail/lslidar_point__rosidl_typesupport_introspection_c.h
[22.376s] -- Up-to-date: /home/pi/ros2_ws/install/lslidar_msgs/include/lslidar_msgs/lslidar_msgs/msg/detail/lslidar_scan__rosidl_typesupport_introspection_c.h
[22.377s] -- Up-to-date: /home/pi/ros2_ws/install/lslidar_msgs/include/lslidar_msgs/lslidar_msgs/msg/detail/lslidar_packet__rosidl_typesupport_introspection_c.h
[22.378s] -- Up-to-date: /home/pi/ros2_ws/install/lslidar_msgs/include/lslidar_msgs/lslidar_msgs/msg/detail/lslidar_difop__type_support.c
[22.379s] -- Up-to-date: /home/pi/ros2_ws/install/lslidar_msgs/include/lslidar_msgs/lslidar_msgs/msg/detail/lslidar_packet__type_support.c
[22.380s] -- Up-to-date: /home/pi/ros2_ws/install/lslidar_msgs/include/lslidar_msgs/lslidar_msgs/msg/detail/lslidar_point__type_support.c
[22.381s] -- Up-to-date: /home/pi/ros2_ws/install/lslidar_msgs/include/lslidar_msgs/lslidar_msgs/msg/detail/lslidar_sweep__type_support.c
[22.382s] -- Up-to-date: /home/pi/ros2_ws/install/lslidar_msgs/include/lslidar_msgs/lslidar_msgs/msg/rosidl_typesupport_introspection_c__visibility_control.h
[22.383s] -- Up-to-date: /home/pi/ros2_ws/install/lslidar_msgs/lib/liblslidar_msgs__rosidl_typesupport_introspection_c.so
[22.391s] -- Up-to-date: /home/pi/ros2_ws/install/lslidar_msgs/lib/liblslidar_msgs__rosidl_typesupport_c.so
[22.395s] -- Up-to-date: /home/pi/ros2_ws/install/lslidar_msgs/include/lslidar_msgs/lslidar_msgs
[22.396s] -- Up-to-date: /home/pi/ros2_ws/install/lslidar_msgs/include/lslidar_msgs/lslidar_msgs/msg
[22.397s] -- Up-to-date: /home/pi/ros2_ws/install/lslidar_msgs/include/lslidar_msgs/lslidar_msgs/msg/detail
[22.399s] -- Up-to-date: /home/pi/ros2_ws/install/lslidar_msgs/include/lslidar_msgs/lslidar_msgs/msg/detail/lslidar_point__type_support.cpp
[22.400s] -- Up-to-date: /home/pi/ros2_ws/install/lslidar_msgs/include/lslidar_msgs/lslidar_msgs/msg/detail/lslidar_packet__rosidl_typesupport_introspection_cpp.hpp
[22.401s] -- Up-to-date: /home/pi/ros2_ws/install/lslidar_msgs/include/lslidar_msgs/lslidar_msgs/msg/detail/lslidar_packet__type_support.cpp
[22.403s] -- Up-to-date: /home/pi/ros2_ws/install/lslidar_msgs/include/lslidar_msgs/lslidar_msgs/msg/detail/lslidar_sweep__type_support.cpp
[22.404s] -- Up-to-date: /home/pi/ros2_ws/install/lslidar_msgs/include/lslidar_msgs/lslidar_msgs/msg/detail/lslidar_scan__rosidl_typesupport_introspection_cpp.hpp
[22.405s] -- Up-to-date: /home/pi/ros2_ws/install/lslidar_msgs/include/lslidar_msgs/lslidar_msgs/msg/detail/lslidar_difop__type_support.cpp
[22.406s] -- Up-to-date: /home/pi/ros2_ws/install/lslidar_msgs/include/lslidar_msgs/lslidar_msgs/msg/detail/lslidar_difop__rosidl_typesupport_introspection_cpp.hpp
[22.407s] -- Up-to-date: /home/pi/ros2_ws/install/lslidar_msgs/include/lslidar_msgs/lslidar_msgs/msg/detail/lslidar_sweep__rosidl_typesupport_introspection_cpp.hpp
[22.408s] -- Up-to-date: /home/pi/ros2_ws/install/lslidar_msgs/include/lslidar_msgs/lslidar_msgs/msg/detail/lslidar_scan__type_support.cpp
[22.410s] -- Up-to-date: /home/pi/ros2_ws/install/lslidar_msgs/include/lslidar_msgs/lslidar_msgs/msg/detail/lslidar_point__rosidl_typesupport_introspection_cpp.hpp
[22.414s] -- Up-to-date: /home/pi/ros2_ws/install/lslidar_msgs/lib/liblslidar_msgs__rosidl_typesupport_introspection_cpp.so
[22.423s] -- Up-to-date: /home/pi/ros2_ws/install/lslidar_msgs/lib/liblslidar_msgs__rosidl_typesupport_cpp.so
[22.427s] -- Up-to-date: /home/pi/ros2_ws/install/lslidar_msgs/share/lslidar_msgs/environment/pythonpath.sh
[22.428s] -- Installing: /home/pi/ros2_ws/install/lslidar_msgs/share/lslidar_msgs/environment/pythonpath.dsv
[22.431s] -- Up-to-date: /home/pi/ros2_ws/install/lslidar_msgs/local/lib/python3.10/dist-packages/lslidar_msgs-1.2.0-py3.10.egg-info
[22.432s] -- Installing: /home/pi/ros2_ws/install/lslidar_msgs/local/lib/python3.10/dist-packages/lslidar_msgs-1.2.0-py3.10.egg-info/PKG-INFO
[22.436s] -- Installing: /home/pi/ros2_ws/install/lslidar_msgs/local/lib/python3.10/dist-packages/lslidar_msgs-1.2.0-py3.10.egg-info/top_level.txt
[22.439s] -- Installing: /home/pi/ros2_ws/install/lslidar_msgs/local/lib/python3.10/dist-packages/lslidar_msgs-1.2.0-py3.10.egg-info/SOURCES.txt
[22.443s] -- Installing: /home/pi/ros2_ws/install/lslidar_msgs/local/lib/python3.10/dist-packages/lslidar_msgs-1.2.0-py3.10.egg-info/dependency_links.txt
[22.447s] -- Up-to-date: /home/pi/ros2_ws/install/lslidar_msgs/local/lib/python3.10/dist-packages/lslidar_msgs
[22.449s] -- Up-to-date: /home/pi/ros2_ws/install/lslidar_msgs/local/lib/python3.10/dist-packages/lslidar_msgs/_lslidar_msgs_s.ep.rosidl_typesupport_introspection_c.c
[22.451s] -- Up-to-date: /home/pi/ros2_ws/install/lslidar_msgs/local/lib/python3.10/dist-packages/lslidar_msgs/_lslidar_msgs_s.ep.rosidl_typesupport_c.c
[22.454s] -- Installing: /home/pi/ros2_ws/install/lslidar_msgs/local/lib/python3.10/dist-packages/lslidar_msgs/__init__.py
[22.455s] -- Up-to-date: /home/pi/ros2_ws/install/lslidar_msgs/local/lib/python3.10/dist-packages/lslidar_msgs/lslidar_msgs_s__rosidl_typesupport_fastrtps_c.cpython-310-aarch64-linux-gnu.so
[22.457s] -- Up-to-date: /home/pi/ros2_ws/install/lslidar_msgs/local/lib/python3.10/dist-packages/lslidar_msgs/liblslidar_msgs__rosidl_generator_py.so
[22.458s] -- Up-to-date: /home/pi/ros2_ws/install/lslidar_msgs/local/lib/python3.10/dist-packages/lslidar_msgs/lslidar_msgs_s__rosidl_typesupport_c.cpython-310-aarch64-linux-gnu.so
[22.459s] -- Up-to-date: /home/pi/ros2_ws/install/lslidar_msgs/local/lib/python3.10/dist-packages/lslidar_msgs/msg
[22.460s] -- Up-to-date: /home/pi/ros2_ws/install/lslidar_msgs/local/lib/python3.10/dist-packages/lslidar_msgs/msg/__init__.py
[22.462s] -- Up-to-date: /home/pi/ros2_ws/install/lslidar_msgs/local/lib/python3.10/dist-packages/lslidar_msgs/msg/_lslidar_scan.py
[22.463s] -- Up-to-date: /home/pi/ros2_ws/install/lslidar_msgs/local/lib/python3.10/dist-packages/lslidar_msgs/msg/_lslidar_scan_s.c
[22.464s] -- Up-to-date: /home/pi/ros2_ws/install/lslidar_msgs/local/lib/python3.10/dist-packages/lslidar_msgs/msg/_lslidar_packet_s.c
[22.466s] -- Up-to-date: /home/pi/ros2_ws/install/lslidar_msgs/local/lib/python3.10/dist-packages/lslidar_msgs/msg/_lslidar_difop.py
[22.467s] -- Up-to-date: /home/pi/ros2_ws/install/lslidar_msgs/local/lib/python3.10/dist-packages/lslidar_msgs/msg/_lslidar_sweep.py
[22.468s] -- Up-to-date: /home/pi/ros2_ws/install/lslidar_msgs/local/lib/python3.10/dist-packages/lslidar_msgs/msg/_lslidar_point_s.c
[22.470s] -- Up-to-date: /home/pi/ros2_ws/install/lslidar_msgs/local/lib/python3.10/dist-packages/lslidar_msgs/msg/_lslidar_packet.py
[22.471s] -- Up-to-date: /home/pi/ros2_ws/install/lslidar_msgs/local/lib/python3.10/dist-packages/lslidar_msgs/msg/_lslidar_point.py
[22.472s] -- Up-to-date: /home/pi/ros2_ws/install/lslidar_msgs/local/lib/python3.10/dist-packages/lslidar_msgs/msg/_lslidar_difop_s.c
[22.473s] -- Up-to-date: /home/pi/ros2_ws/install/lslidar_msgs/local/lib/python3.10/dist-packages/lslidar_msgs/msg/_lslidar_sweep_s.c
[22.474s] -- Up-to-date: /home/pi/ros2_ws/install/lslidar_msgs/local/lib/python3.10/dist-packages/lslidar_msgs/lslidar_msgs_s__rosidl_typesupport_introspection_c.cpython-310-aarch64-linux-gnu.so
[22.475s] -- Up-to-date: /home/pi/ros2_ws/install/lslidar_msgs/local/lib/python3.10/dist-packages/lslidar_msgs/_lslidar_msgs_s.ep.rosidl_typesupport_fastrtps_c.c
[22.899s] Listing '/home/pi/ros2_ws/install/lslidar_msgs/local/lib/python3.10/dist-packages/lslidar_msgs'...
[22.901s] Compiling '/home/pi/ros2_ws/install/lslidar_msgs/local/lib/python3.10/dist-packages/lslidar_msgs/__init__.py'...
[22.902s] Listing '/home/pi/ros2_ws/install/lslidar_msgs/local/lib/python3.10/dist-packages/lslidar_msgs/msg'...
[22.953s] -- Up-to-date: /home/pi/ros2_ws/install/lslidar_msgs/local/lib/python3.10/dist-packages/lslidar_msgs/lslidar_msgs_s__rosidl_typesupport_fastrtps_c.cpython-310-aarch64-linux-gnu.so
[22.962s] -- Up-to-date: /home/pi/ros2_ws/install/lslidar_msgs/local/lib/python3.10/dist-packages/lslidar_msgs/lslidar_msgs_s__rosidl_typesupport_introspection_c.cpython-310-aarch64-linux-gnu.so
[22.970s] -- Up-to-date: /home/pi/ros2_ws/install/lslidar_msgs/local/lib/python3.10/dist-packages/lslidar_msgs/lslidar_msgs_s__rosidl_typesupport_c.cpython-310-aarch64-linux-gnu.so
[22.980s] -- Up-to-date: /home/pi/ros2_ws/install/lslidar_msgs/lib/liblslidar_msgs__rosidl_generator_py.so
[22.984s] -- Up-to-date: /home/pi/ros2_ws/install/lslidar_msgs/share/lslidar_msgs/msg/LslidarDifop.idl
[22.986s] -- Up-to-date: /home/pi/ros2_ws/install/lslidar_msgs/share/lslidar_msgs/msg/LslidarPacket.idl
[22.987s] -- Up-to-date: /home/pi/ros2_ws/install/lslidar_msgs/share/lslidar_msgs/msg/LslidarPoint.idl
[22.989s] -- Up-to-date: /home/pi/ros2_ws/install/lslidar_msgs/share/lslidar_msgs/msg/LslidarScan.idl
[22.990s] -- Up-to-date: /home/pi/ros2_ws/install/lslidar_msgs/share/lslidar_msgs/msg/LslidarSweep.idl
[22.991s] -- Installing: /home/pi/ros2_ws/install/lslidar_msgs/share/lslidar_msgs/msg/LslidarDifop.msg
[22.994s] -- Installing: /home/pi/ros2_ws/install/lslidar_msgs/share/lslidar_msgs/msg/LslidarPacket.msg
[22.997s] -- Installing: /home/pi/ros2_ws/install/lslidar_msgs/share/lslidar_msgs/msg/LslidarPoint.msg
[23.000s] -- Installing: /home/pi/ros2_ws/install/lslidar_msgs/share/lslidar_msgs/msg/LslidarScan.msg
[23.004s] -- Installing: /home/pi/ros2_ws/install/lslidar_msgs/share/lslidar_msgs/msg/LslidarSweep.msg
[23.007s] -- Up-to-date: /home/pi/ros2_ws/install/lslidar_msgs/share/ament_index/resource_index/package_run_dependencies/lslidar_msgs
[23.009s] -- Installing: /home/pi/ros2_ws/install/lslidar_msgs/share/ament_index/resource_index/parent_prefix_path/lslidar_msgs
[23.013s] -- Up-to-date: /home/pi/ros2_ws/install/lslidar_msgs/share/lslidar_msgs/environment/ament_prefix_path.sh
[23.015s] -- Installing: /home/pi/ros2_ws/install/lslidar_msgs/share/lslidar_msgs/environment/ament_prefix_path.dsv
[23.018s] -- Up-to-date: /home/pi/ros2_ws/install/lslidar_msgs/share/lslidar_msgs/environment/path.sh
[23.019s] -- Installing: /home/pi/ros2_ws/install/lslidar_msgs/share/lslidar_msgs/environment/path.dsv
[23.023s] -- Up-to-date: /home/pi/ros2_ws/install/lslidar_msgs/share/lslidar_msgs/local_setup.bash
[23.024s] -- Up-to-date: /home/pi/ros2_ws/install/lslidar_msgs/share/lslidar_msgs/local_setup.sh
[23.026s] -- Up-to-date: /home/pi/ros2_ws/install/lslidar_msgs/share/lslidar_msgs/local_setup.zsh
[23.027s] -- Installing: /home/pi/ros2_ws/install/lslidar_msgs/share/lslidar_msgs/local_setup.dsv
[23.029s] -- Installing: /home/pi/ros2_ws/install/lslidar_msgs/share/lslidar_msgs/package.dsv
[23.034s] -- Up-to-date: /home/pi/ros2_ws/install/lslidar_msgs/share/ament_index/resource_index/packages/lslidar_msgs
[23.038s] -- Up-to-date: /home/pi/ros2_ws/install/lslidar_msgs/share/lslidar_msgs/cmake/export_lslidar_msgs__rosidl_generator_cExport.cmake
[23.040s] -- Up-to-date: /home/pi/ros2_ws/install/lslidar_msgs/share/lslidar_msgs/cmake/export_lslidar_msgs__rosidl_generator_cExport-noconfig.cmake
[23.043s] -- Up-to-date: /home/pi/ros2_ws/install/lslidar_msgs/share/lslidar_msgs/cmake/export_lslidar_msgs__rosidl_typesupport_fastrtps_cExport.cmake
[23.045s] -- Up-to-date: /home/pi/ros2_ws/install/lslidar_msgs/share/lslidar_msgs/cmake/export_lslidar_msgs__rosidl_typesupport_fastrtps_cExport-noconfig.cmake
[23.048s] -- Up-to-date: /home/pi/ros2_ws/install/lslidar_msgs/share/lslidar_msgs/cmake/export_lslidar_msgs__rosidl_generator_cppExport.cmake
[23.051s] -- Up-to-date: /home/pi/ros2_ws/install/lslidar_msgs/share/lslidar_msgs/cmake/export_lslidar_msgs__rosidl_typesupport_fastrtps_cppExport.cmake
[23.053s] -- Up-to-date: /home/pi/ros2_ws/install/lslidar_msgs/share/lslidar_msgs/cmake/export_lslidar_msgs__rosidl_typesupport_fastrtps_cppExport-noconfig.cmake
[23.056s] -- Up-to-date: /home/pi/ros2_ws/install/lslidar_msgs/share/lslidar_msgs/cmake/lslidar_msgs__rosidl_typesupport_introspection_cExport.cmake
[23.059s] -- Up-to-date: /home/pi/ros2_ws/install/lslidar_msgs/share/lslidar_msgs/cmake/lslidar_msgs__rosidl_typesupport_introspection_cExport-noconfig.cmake
[23.062s] -- Up-to-date: /home/pi/ros2_ws/install/lslidar_msgs/share/lslidar_msgs/cmake/lslidar_msgs__rosidl_typesupport_cExport.cmake
[23.064s] -- Up-to-date: /home/pi/ros2_ws/install/lslidar_msgs/share/lslidar_msgs/cmake/lslidar_msgs__rosidl_typesupport_cExport-noconfig.cmake
[23.067s] -- Up-to-date: /home/pi/ros2_ws/install/lslidar_msgs/share/lslidar_msgs/cmake/lslidar_msgs__rosidl_typesupport_introspection_cppExport.cmake
[23.068s] -- Up-to-date: /home/pi/ros2_ws/install/lslidar_msgs/share/lslidar_msgs/cmake/lslidar_msgs__rosidl_typesupport_introspection_cppExport-noconfig.cmake
[23.072s] -- Up-to-date: /home/pi/ros2_ws/install/lslidar_msgs/share/lslidar_msgs/cmake/lslidar_msgs__rosidl_typesupport_cppExport.cmake
[23.073s] -- Up-to-date: /home/pi/ros2_ws/install/lslidar_msgs/share/lslidar_msgs/cmake/lslidar_msgs__rosidl_typesupport_cppExport-noconfig.cmake
[23.077s] -- Up-to-date: /home/pi/ros2_ws/install/lslidar_msgs/share/lslidar_msgs/cmake/export_lslidar_msgs__rosidl_generator_pyExport.cmake
[23.078s] -- Up-to-date: /home/pi/ros2_ws/install/lslidar_msgs/share/lslidar_msgs/cmake/export_lslidar_msgs__rosidl_generator_pyExport-noconfig.cmake
[23.080s] -- Up-to-date: /home/pi/ros2_ws/install/lslidar_msgs/share/lslidar_msgs/cmake/rosidl_cmake-extras.cmake
[23.081s] -- Up-to-date: /home/pi/ros2_ws/install/lslidar_msgs/share/lslidar_msgs/cmake/ament_cmake_export_dependencies-extras.cmake
[23.082s] -- Up-to-date: /home/pi/ros2_ws/install/lslidar_msgs/share/lslidar_msgs/cmake/ament_cmake_export_include_directories-extras.cmake
[23.084s] -- Up-to-date: /home/pi/ros2_ws/install/lslidar_msgs/share/lslidar_msgs/cmake/ament_cmake_export_libraries-extras.cmake
[23.085s] -- Up-to-date: /home/pi/ros2_ws/install/lslidar_msgs/share/lslidar_msgs/cmake/ament_cmake_export_targets-extras.cmake
[23.087s] -- Up-to-date: /home/pi/ros2_ws/install/lslidar_msgs/share/lslidar_msgs/cmake/rosidl_cmake_export_typesupport_targets-extras.cmake
[23.088s] -- Up-to-date: /home/pi/ros2_ws/install/lslidar_msgs/share/lslidar_msgs/cmake/rosidl_cmake_export_typesupport_libraries-extras.cmake
[23.089s] -- Up-to-date: /home/pi/ros2_ws/install/lslidar_msgs/share/lslidar_msgs/cmake/lslidar_msgsConfig.cmake
[23.090s] -- Up-to-date: /home/pi/ros2_ws/install/lslidar_msgs/share/lslidar_msgs/cmake/lslidar_msgsConfig-version.cmake
[23.091s] -- Installing: /home/pi/ros2_ws/install/lslidar_msgs/share/lslidar_msgs/package.xml
[23.112s] Invoked command in '/home/pi/ros2_ws/build/lslidar_msgs' returned '0': CMAKE_PREFIX_PATH=${CMAKE_PREFIX_PATH}:/home/pi/ros2_ws/install/teleop_twist_keyboard:/home/pi/ros2_ws/install/serial_control:/home/pi/ros2_ws/install/serbot_controller:/home/pi/ros2_ws/install/my_car_controller:/opt/ros/humble /usr/bin/cmake --install /home/pi/ros2_ws/build/lslidar_msgs
