[11.910s] Invoking command in '/home/pi/ros2_ws/src/serial_control': PYTHONPATH=/home/pi/ros2_ws/build/serial_control/prefix_override:/usr/lib/python3/dist-packages/colcon_core/task/python/colcon_distutils_commands:/home/pi/ros2_ws/install/serial_control/lib/python3.10/site-packages:${PYTHONPATH} /usr/bin/python3 -W ignore:setup.py install is deprecated -W ignore:easy_install command is deprecated setup.py egg_info --egg-base ../../build/serial_control build --build-base /home/pi/ros2_ws/build/serial_control/build install --record /home/pi/ros2_ws/build/serial_control/install.log --single-version-externally-managed install_data
[14.899s] running egg_info
[14.905s] writing ../../build/serial_control/serial_control.egg-info/PKG-INFO
[14.909s] writing dependency_links to ../../build/serial_control/serial_control.egg-info/dependency_links.txt
[14.912s] writing entry points to ../../build/serial_control/serial_control.egg-info/entry_points.txt
[14.914s] writing requirements to ../../build/serial_control/serial_control.egg-info/requires.txt
[14.916s] writing top-level names to ../../build/serial_control/serial_control.egg-info/top_level.txt
[14.937s] reading manifest file '../../build/serial_control/serial_control.egg-info/SOURCES.txt'
[14.950s] writing manifest file '../../build/serial_control/serial_control.egg-info/SOURCES.txt'
[14.952s] running build
[14.953s] running build_py
[14.960s] running install
[14.962s] running install_lib
[14.980s] running install_data
[14.982s] running install_egg_info
[15.002s] removing '/home/pi/ros2_ws/install/serial_control/lib/python3.10/site-packages/serial_control-0.0.0-py3.10.egg-info' (and everything under it)
[15.007s] Copying ../../build/serial_control/serial_control.egg-info to /home/pi/ros2_ws/install/serial_control/lib/python3.10/site-packages/serial_control-0.0.0-py3.10.egg-info
[15.023s] running install_scripts
[15.277s] Installing serial_node script to /home/pi/ros2_ws/install/serial_control/lib/serial_control
[15.284s] writing list of installed files to '/home/pi/ros2_ws/build/serial_control/install.log'
[15.501s] Invoked command in '/home/pi/ros2_ws/src/serial_control' returned '0': PYTHONPATH=/home/pi/ros2_ws/build/serial_control/prefix_override:/usr/lib/python3/dist-packages/colcon_core/task/python/colcon_distutils_commands:/home/pi/ros2_ws/install/serial_control/lib/python3.10/site-packages:${PYTHONPATH} /usr/bin/python3 -W ignore:setup.py install is deprecated -W ignore:easy_install command is deprecated setup.py egg_info --egg-base ../../build/serial_control build --build-base /home/pi/ros2_ws/build/serial_control/build install --record /home/pi/ros2_ws/build/serial_control/install.log --single-version-externally-managed install_data
