[0.108s] Invoking command in '/home/pi/ros2_ws/build/serbot_description': CMAKE_PREFIX_PATH=${CMAKE_PREFIX_PATH}:/home/pi/ros2_ws/install/teleop_twist_keyboard:/home/pi/ros2_ws/install/serial_control:/home/pi/ros2_ws/install/serbot_controller:/home/pi/ros2_ws/install/my_car_controller:/opt/ros/humble /usr/bin/cmake /home/pi/ros2_ws/src/serbot_description -DAMENT_CMAKE_SYMLINK_INSTALL=1 -DCMAKE_INSTALL_PREFIX=/home/pi/ros2_ws/install/serbot_description
[0.312s] -- Found ament_cmake: 1.3.11 (/opt/ros/humble/share/ament_cmake/cmake)
[2.348s] -- Override CMake install command with custom implementation using symlinks instead of copying resources
[2.529s] -- Found ament_lint_auto: 0.12.12 (/opt/ros/humble/share/ament_lint_auto/cmake)
[3.610s] -- Added test 'flake8' to check Python code syntax and style conventions
[3.620s] -- Added test 'lint_cmake' to check CMake code style
[3.626s] -- Added test 'pep257' to check Python code against some of the docstring style conventions in PEP 257
[3.652s] -- Added test 'xmllint' to check XML markup files
[3.674s] -- Configuring done
[3.759s] -- Generating done
[3.790s] -- Build files have been written to: /home/pi/ros2_ws/build/serbot_description
[3.815s] Invoked command in '/home/pi/ros2_ws/build/serbot_description' returned '0': CMAKE_PREFIX_PATH=${CMAKE_PREFIX_PATH}:/home/pi/ros2_ws/install/teleop_twist_keyboard:/home/pi/ros2_ws/install/serial_control:/home/pi/ros2_ws/install/serbot_controller:/home/pi/ros2_ws/install/my_car_controller:/opt/ros/humble /usr/bin/cmake /home/pi/ros2_ws/src/serbot_description -DAMENT_CMAKE_SYMLINK_INSTALL=1 -DCMAKE_INSTALL_PREFIX=/home/pi/ros2_ws/install/serbot_description
[3.832s] Invoking command in '/home/pi/ros2_ws/build/serbot_description': CMAKE_PREFIX_PATH=${CMAKE_PREFIX_PATH}:/home/pi/ros2_ws/install/teleop_twist_keyboard:/home/pi/ros2_ws/install/serial_control:/home/pi/ros2_ws/install/serbot_controller:/home/pi/ros2_ws/install/my_car_controller:/opt/ros/humble /usr/bin/cmake --build /home/pi/ros2_ws/build/serbot_description -- -j4 -l4
[4.278s] Invoked command in '/home/pi/ros2_ws/build/serbot_description' returned '0': CMAKE_PREFIX_PATH=${CMAKE_PREFIX_PATH}:/home/pi/ros2_ws/install/teleop_twist_keyboard:/home/pi/ros2_ws/install/serial_control:/home/pi/ros2_ws/install/serbot_controller:/home/pi/ros2_ws/install/my_car_controller:/opt/ros/humble /usr/bin/cmake --build /home/pi/ros2_ws/build/serbot_description -- -j4 -l4
[4.282s] Invoking command in '/home/pi/ros2_ws/build/serbot_description': CMAKE_PREFIX_PATH=${CMAKE_PREFIX_PATH}:/home/pi/ros2_ws/install/teleop_twist_keyboard:/home/pi/ros2_ws/install/serial_control:/home/pi/ros2_ws/install/serbot_controller:/home/pi/ros2_ws/install/my_car_controller:/opt/ros/humble /usr/bin/cmake --install /home/pi/ros2_ws/build/serbot_description
[4.375s] -- Install configuration: ""
[4.382s] -- Execute custom install script
[4.389s] -- Symlinking: /home/pi/ros2_ws/install/serbot_description/share/serbot_description/urdf/serbot.urdf
[4.486s] -- Symlinking: /home/pi/ros2_ws/install/serbot_description/share/serbot_description/urdf/serbot2.urdf
[4.582s] -- Symlinking: /home/pi/ros2_ws/install/serbot_description/share/serbot_description/urdf/serbot3.urdf
[4.684s] -- Symlinking: /home/pi/ros2_ws/install/serbot_description/share/serbot_description/launch/display.launch.py
[4.791s] -- Symlinking: /home/pi/ros2_ws/install/serbot_description/share/ament_index/resource_index/package_run_dependencies/serbot_description
[4.887s] -- Symlinking: /home/pi/ros2_ws/install/serbot_description/share/ament_index/resource_index/parent_prefix_path/serbot_description
[4.986s] -- Symlinking: /home/pi/ros2_ws/install/serbot_description/share/serbot_description/environment/ament_prefix_path.sh
[5.093s] -- Symlinking: /home/pi/ros2_ws/install/serbot_description/share/serbot_description/environment/ament_prefix_path.dsv
[5.185s] -- Symlinking: /home/pi/ros2_ws/install/serbot_description/share/serbot_description/environment/path.sh
[5.274s] -- Symlinking: /home/pi/ros2_ws/install/serbot_description/share/serbot_description/environment/path.dsv
[5.365s] -- Symlinking: /home/pi/ros2_ws/install/serbot_description/share/serbot_description/local_setup.bash
[5.468s] -- Symlinking: /home/pi/ros2_ws/install/serbot_description/share/serbot_description/local_setup.sh
[5.562s] -- Symlinking: /home/pi/ros2_ws/install/serbot_description/share/serbot_description/local_setup.zsh
[5.658s] -- Symlinking: /home/pi/ros2_ws/install/serbot_description/share/serbot_description/local_setup.dsv
[5.749s] -- Symlinking: /home/pi/ros2_ws/install/serbot_description/share/serbot_description/package.dsv
[5.852s] -- Symlinking: /home/pi/ros2_ws/install/serbot_description/share/ament_index/resource_index/packages/serbot_description
[5.951s] -- Symlinking: /home/pi/ros2_ws/install/serbot_description/share/serbot_description/cmake/serbot_descriptionConfig.cmake
[6.046s] -- Symlinking: /home/pi/ros2_ws/install/serbot_description/share/serbot_description/cmake/serbot_descriptionConfig-version.cmake
[6.140s] -- Symlinking: /home/pi/ros2_ws/install/serbot_description/share/serbot_description/package.xml
[6.293s] Invoked command in '/home/pi/ros2_ws/build/serbot_description' returned '0': CMAKE_PREFIX_PATH=${CMAKE_PREFIX_PATH}:/home/pi/ros2_ws/install/teleop_twist_keyboard:/home/pi/ros2_ws/install/serial_control:/home/pi/ros2_ws/install/serbot_controller:/home/pi/ros2_ws/install/my_car_controller:/opt/ros/humble /usr/bin/cmake --install /home/pi/ros2_ws/build/serbot_description
