[0.292s] Invoking command in '/home/pi/ros2_ws/build/lslidar_msgs': CMAKE_PREFIX_PATH=${CMAKE_PREFIX_PATH}:/home/pi/ros2_ws/install/teleop_twist_keyboard:/home/pi/ros2_ws/install/serial_control:/home/pi/ros2_ws/install/serbot_controller:/home/pi/ros2_ws/install/my_car_controller:/opt/ros/humble /usr/bin/cmake --build /home/pi/ros2_ws/build/lslidar_msgs -- -j4 -l4
[3.710s] [  1%] Built target lslidar_msgs__cpp
[3.711s] [ 12%] Built target lslidar_msgs__rosidl_generator_c
[3.712s] [ 12%] Built target ament_cmake_python_copy_lslidar_msgs
[3.714s] [ 23%] Built target lslidar_msgs__rosidl_typesupport_fastrtps_cpp
[3.715s] [ 46%] Built target lslidar_msgs__rosidl_typesupport_cpp
[3.716s] [ 46%] Built target lslidar_msgs__rosidl_typesupport_introspection_cpp
[3.720s] [ 57%] Built target lslidar_msgs__rosidl_typesupport_fastrtps_c
[3.721s] [ 68%] Built target lslidar_msgs__rosidl_typesupport_introspection_c
[3.722s] [ 79%] Built target lslidar_msgs__rosidl_typesupport_c
[3.723s] [ 79%] Built target lslidar_msgs
[3.724s] [ 80%] Built target lslidar_msgs__py
[3.725s] [ 90%] Built target lslidar_msgs__rosidl_generator_py
[3.726s] [ 93%] Built target lslidar_msgs__rosidl_typesupport_fastrtps_c__pyext
[3.726s] [ 96%] Built target lslidar_msgs__rosidl_typesupport_introspection_c__pyext
[3.727s] [100%] Built target lslidar_msgs__rosidl_typesupport_c__pyext
[4.365s] running egg_info
[4.371s] writing lslidar_msgs.egg-info/PKG-INFO
[4.373s] writing dependency_links to lslidar_msgs.egg-info/dependency_links.txt
[4.377s] writing top-level names to lslidar_msgs.egg-info/top_level.txt
[4.401s] reading manifest file 'lslidar_msgs.egg-info/SOURCES.txt'
[4.409s] writing manifest file 'lslidar_msgs.egg-info/SOURCES.txt'
[4.668s] [100%] Built target ament_cmake_python_build_lslidar_msgs_egg
[6.974s] Invoked command in '/home/pi/ros2_ws/build/lslidar_msgs' returned '0': CMAKE_PREFIX_PATH=${CMAKE_PREFIX_PATH}:/home/pi/ros2_ws/install/teleop_twist_keyboard:/home/pi/ros2_ws/install/serial_control:/home/pi/ros2_ws/install/serbot_controller:/home/pi/ros2_ws/install/my_car_controller:/opt/ros/humble /usr/bin/cmake --build /home/pi/ros2_ws/build/lslidar_msgs -- -j4 -l4
[6.987s] Invoking command in '/home/pi/ros2_ws/build/lslidar_msgs': CMAKE_PREFIX_PATH=${CMAKE_PREFIX_PATH}:/home/pi/ros2_ws/install/teleop_twist_keyboard:/home/pi/ros2_ws/install/serial_control:/home/pi/ros2_ws/install/serbot_controller:/home/pi/ros2_ws/install/my_car_controller:/opt/ros/humble /usr/bin/cmake --install /home/pi/ros2_ws/build/lslidar_msgs
[7.082s] -- Install configuration: ""
[7.084s] -- Up-to-date: /home/pi/ros2_ws/install/lslidar_msgs/share/ament_index/resource_index/rosidl_interfaces/lslidar_msgs
[7.087s] -- Up-to-date: /home/pi/ros2_ws/install/lslidar_msgs/include/lslidar_msgs/lslidar_msgs
[7.088s] -- Up-to-date: /home/pi/ros2_ws/install/lslidar_msgs/include/lslidar_msgs/lslidar_msgs/msg
[7.097s] -- Up-to-date: /home/pi/ros2_ws/install/lslidar_msgs/include/lslidar_msgs/lslidar_msgs/msg/lslidar_point.h
[7.099s] -- Up-to-date: /home/pi/ros2_ws/install/lslidar_msgs/include/lslidar_msgs/lslidar_msgs/msg/lslidar_scan.h
[7.100s] -- Up-to-date: /home/pi/ros2_ws/install/lslidar_msgs/include/lslidar_msgs/lslidar_msgs/msg/lslidar_sweep.h
[7.108s] -- Up-to-date: /home/pi/ros2_ws/install/lslidar_msgs/include/lslidar_msgs/lslidar_msgs/msg/rosidl_generator_c__visibility_control.h
[7.111s] -- Up-to-date: /home/pi/ros2_ws/install/lslidar_msgs/include/lslidar_msgs/lslidar_msgs/msg/lslidar_packet.h
[7.121s] -- Up-to-date: /home/pi/ros2_ws/install/lslidar_msgs/include/lslidar_msgs/lslidar_msgs/msg/detail
[7.122s] -- Up-to-date: /home/pi/ros2_ws/install/lslidar_msgs/include/lslidar_msgs/lslidar_msgs/msg/detail/lslidar_sweep__functions.h
[7.129s] -- Up-to-date: /home/pi/ros2_ws/install/lslidar_msgs/include/lslidar_msgs/lslidar_msgs/msg/detail/lslidar_point__type_support.h
[7.134s] -- Up-to-date: /home/pi/ros2_ws/install/lslidar_msgs/include/lslidar_msgs/lslidar_msgs/msg/detail/lslidar_scan__struct.h
[7.165s] -- Up-to-date: /home/pi/ros2_ws/install/lslidar_msgs/include/lslidar_msgs/lslidar_msgs/msg/detail/lslidar_difop__type_support.h
[7.167s] -- Up-to-date: /home/pi/ros2_ws/install/lslidar_msgs/include/lslidar_msgs/lslidar_msgs/msg/detail/lslidar_difop__functions.c
[7.169s] -- Up-to-date: /home/pi/ros2_ws/install/lslidar_msgs/include/lslidar_msgs/lslidar_msgs/msg/detail/lslidar_packet__struct.h
[7.172s] -- Up-to-date: /home/pi/ros2_ws/install/lslidar_msgs/include/lslidar_msgs/lslidar_msgs/msg/detail/lslidar_sweep__functions.c
[7.175s] -- Up-to-date: /home/pi/ros2_ws/install/lslidar_msgs/include/lslidar_msgs/lslidar_msgs/msg/detail/lslidar_scan__type_support.h
[7.177s] -- Up-to-date: /home/pi/ros2_ws/install/lslidar_msgs/include/lslidar_msgs/lslidar_msgs/msg/detail/lslidar_point__functions.h
[7.179s] -- Up-to-date: /home/pi/ros2_ws/install/lslidar_msgs/include/lslidar_msgs/lslidar_msgs/msg/detail/lslidar_packet__type_support.h
[7.181s] -- Up-to-date: /home/pi/ros2_ws/install/lslidar_msgs/include/lslidar_msgs/lslidar_msgs/msg/detail/lslidar_scan__functions.h
[7.184s] -- Up-to-date: /home/pi/ros2_ws/install/lslidar_msgs/include/lslidar_msgs/lslidar_msgs/msg/detail/lslidar_point__functions.c
[7.187s] -- Up-to-date: /home/pi/ros2_ws/install/lslidar_msgs/include/lslidar_msgs/lslidar_msgs/msg/detail/lslidar_packet__functions.c
[7.188s] -- Up-to-date: /home/pi/ros2_ws/install/lslidar_msgs/include/lslidar_msgs/lslidar_msgs/msg/detail/lslidar_difop__functions.h
[7.190s] -- Up-to-date: /home/pi/ros2_ws/install/lslidar_msgs/include/lslidar_msgs/lslidar_msgs/msg/detail/lslidar_packet__functions.h
[7.191s] -- Up-to-date: /home/pi/ros2_ws/install/lslidar_msgs/include/lslidar_msgs/lslidar_msgs/msg/detail/lslidar_sweep__struct.h
[7.192s] -- Up-to-date: /home/pi/ros2_ws/install/lslidar_msgs/include/lslidar_msgs/lslidar_msgs/msg/detail/lslidar_sweep__type_support.h
[7.194s] -- Up-to-date: /home/pi/ros2_ws/install/lslidar_msgs/include/lslidar_msgs/lslidar_msgs/msg/detail/lslidar_point__struct.h
[7.196s] -- Up-to-date: /home/pi/ros2_ws/install/lslidar_msgs/include/lslidar_msgs/lslidar_msgs/msg/detail/lslidar_difop__struct.h
[7.198s] -- Up-to-date: /home/pi/ros2_ws/install/lslidar_msgs/include/lslidar_msgs/lslidar_msgs/msg/detail/lslidar_scan__functions.c
[7.199s] -- Up-to-date: /home/pi/ros2_ws/install/lslidar_msgs/include/lslidar_msgs/lslidar_msgs/msg/lslidar_difop.h
[7.201s] -- Up-to-date: /home/pi/ros2_ws/install/lslidar_msgs/share/lslidar_msgs/environment/library_path.sh
[7.202s] -- Up-to-date: /home/pi/ros2_ws/install/lslidar_msgs/share/lslidar_msgs/environment/library_path.dsv
[7.204s] -- Up-to-date: /home/pi/ros2_ws/install/lslidar_msgs/lib/liblslidar_msgs__rosidl_generator_c.so
[7.205s] -- Up-to-date: /home/pi/ros2_ws/install/lslidar_msgs/include/lslidar_msgs/lslidar_msgs
[7.207s] -- Up-to-date: /home/pi/ros2_ws/install/lslidar_msgs/include/lslidar_msgs/lslidar_msgs/msg
[7.210s] -- Up-to-date: /home/pi/ros2_ws/install/lslidar_msgs/include/lslidar_msgs/lslidar_msgs/msg/rosidl_typesupport_fastrtps_c__visibility_control.h
[7.213s] -- Up-to-date: /home/pi/ros2_ws/install/lslidar_msgs/include/lslidar_msgs/lslidar_msgs/msg/detail
[7.214s] -- Up-to-date: /home/pi/ros2_ws/install/lslidar_msgs/include/lslidar_msgs/lslidar_msgs/msg/detail/lslidar_point__rosidl_typesupport_fastrtps_c.h
[7.215s] -- Up-to-date: /home/pi/ros2_ws/install/lslidar_msgs/include/lslidar_msgs/lslidar_msgs/msg/detail/lslidar_difop__rosidl_typesupport_fastrtps_c.h
[7.217s] -- Up-to-date: /home/pi/ros2_ws/install/lslidar_msgs/include/lslidar_msgs/lslidar_msgs/msg/detail/lslidar_packet__rosidl_typesupport_fastrtps_c.h
[7.218s] -- Up-to-date: /home/pi/ros2_ws/install/lslidar_msgs/include/lslidar_msgs/lslidar_msgs/msg/detail/lslidar_scan__rosidl_typesupport_fastrtps_c.h
[7.219s] -- Up-to-date: /home/pi/ros2_ws/install/lslidar_msgs/include/lslidar_msgs/lslidar_msgs/msg/detail/lslidar_sweep__rosidl_typesupport_fastrtps_c.h
[7.220s] -- Up-to-date: /home/pi/ros2_ws/install/lslidar_msgs/lib/liblslidar_msgs__rosidl_typesupport_fastrtps_c.so
[7.223s] -- Up-to-date: /home/pi/ros2_ws/install/lslidar_msgs/include/lslidar_msgs/lslidar_msgs
[7.229s] -- Up-to-date: /home/pi/ros2_ws/install/lslidar_msgs/include/lslidar_msgs/lslidar_msgs/msg
[7.232s] -- Up-to-date: /home/pi/ros2_ws/install/lslidar_msgs/include/lslidar_msgs/lslidar_msgs/msg/lslidar_packet.hpp
[7.235s] -- Up-to-date: /home/pi/ros2_ws/install/lslidar_msgs/include/lslidar_msgs/lslidar_msgs/msg/lslidar_sweep.hpp
[7.239s] -- Up-to-date: /home/pi/ros2_ws/install/lslidar_msgs/include/lslidar_msgs/lslidar_msgs/msg/lslidar_difop.hpp
[7.241s] -- Up-to-date: /home/pi/ros2_ws/install/lslidar_msgs/include/lslidar_msgs/lslidar_msgs/msg/lslidar_point.hpp
[7.242s] -- Up-to-date: /home/pi/ros2_ws/install/lslidar_msgs/include/lslidar_msgs/lslidar_msgs/msg/lslidar_scan.hpp
[7.244s] -- Up-to-date: /home/pi/ros2_ws/install/lslidar_msgs/include/lslidar_msgs/lslidar_msgs/msg/detail
[7.245s] -- Up-to-date: /home/pi/ros2_ws/install/lslidar_msgs/include/lslidar_msgs/lslidar_msgs/msg/detail/lslidar_sweep__struct.hpp
[7.255s] -- Up-to-date: /home/pi/ros2_ws/install/lslidar_msgs/include/lslidar_msgs/lslidar_msgs/msg/detail/lslidar_scan__builder.hpp
[7.257s] -- Up-to-date: /home/pi/ros2_ws/install/lslidar_msgs/include/lslidar_msgs/lslidar_msgs/msg/detail/lslidar_point__type_support.hpp
[7.258s] -- Up-to-date: /home/pi/ros2_ws/install/lslidar_msgs/include/lslidar_msgs/lslidar_msgs/msg/detail/lslidar_sweep__builder.hpp
[7.259s] -- Up-to-date: /home/pi/ros2_ws/install/lslidar_msgs/include/lslidar_msgs/lslidar_msgs/msg/detail/lslidar_packet__struct.hpp
[7.261s] -- Up-to-date: /home/pi/ros2_ws/install/lslidar_msgs/include/lslidar_msgs/lslidar_msgs/msg/detail/lslidar_difop__struct.hpp
[7.262s] -- Up-to-date: /home/pi/ros2_ws/install/lslidar_msgs/include/lslidar_msgs/lslidar_msgs/msg/detail/lslidar_point__traits.hpp
[7.263s] -- Up-to-date: /home/pi/ros2_ws/install/lslidar_msgs/include/lslidar_msgs/lslidar_msgs/msg/detail/lslidar_sweep__traits.hpp
[7.266s] -- Up-to-date: /home/pi/ros2_ws/install/lslidar_msgs/include/lslidar_msgs/lslidar_msgs/msg/detail/lslidar_point__builder.hpp
[7.267s] -- Up-to-date: /home/pi/ros2_ws/install/lslidar_msgs/include/lslidar_msgs/lslidar_msgs/msg/detail/lslidar_difop__builder.hpp
[7.269s] -- Up-to-date: /home/pi/ros2_ws/install/lslidar_msgs/include/lslidar_msgs/lslidar_msgs/msg/detail/lslidar_scan__struct.hpp
[7.270s] -- Up-to-date: /home/pi/ros2_ws/install/lslidar_msgs/include/lslidar_msgs/lslidar_msgs/msg/detail/lslidar_packet__traits.hpp
[7.271s] -- Up-to-date: /home/pi/ros2_ws/install/lslidar_msgs/include/lslidar_msgs/lslidar_msgs/msg/detail/lslidar_difop__type_support.hpp
[7.273s] -- Up-to-date: /home/pi/ros2_ws/install/lslidar_msgs/include/lslidar_msgs/lslidar_msgs/msg/detail/lslidar_sweep__type_support.hpp
[7.275s] -- Up-to-date: /home/pi/ros2_ws/install/lslidar_msgs/include/lslidar_msgs/lslidar_msgs/msg/detail/lslidar_scan__traits.hpp
[7.278s] -- Up-to-date: /home/pi/ros2_ws/install/lslidar_msgs/include/lslidar_msgs/lslidar_msgs/msg/detail/lslidar_difop__traits.hpp
[7.283s] -- Up-to-date: /home/pi/ros2_ws/install/lslidar_msgs/include/lslidar_msgs/lslidar_msgs/msg/detail/lslidar_point__struct.hpp
[7.286s] -- Up-to-date: /home/pi/ros2_ws/install/lslidar_msgs/include/lslidar_msgs/lslidar_msgs/msg/detail/lslidar_packet__type_support.hpp
[7.289s] -- Up-to-date: /home/pi/ros2_ws/install/lslidar_msgs/include/lslidar_msgs/lslidar_msgs/msg/detail/lslidar_scan__type_support.hpp
[7.291s] -- Up-to-date: /home/pi/ros2_ws/install/lslidar_msgs/include/lslidar_msgs/lslidar_msgs/msg/detail/lslidar_packet__builder.hpp
[7.294s] -- Up-to-date: /home/pi/ros2_ws/install/lslidar_msgs/include/lslidar_msgs/lslidar_msgs/msg/rosidl_generator_cpp__visibility_control.hpp
[7.295s] -- Up-to-date: /home/pi/ros2_ws/install/lslidar_msgs/include/lslidar_msgs/lslidar_msgs
[7.296s] -- Up-to-date: /home/pi/ros2_ws/install/lslidar_msgs/include/lslidar_msgs/lslidar_msgs/msg
[7.298s] -- Up-to-date: /home/pi/ros2_ws/install/lslidar_msgs/include/lslidar_msgs/lslidar_msgs/msg/rosidl_typesupport_fastrtps_cpp__visibility_control.h
[7.300s] -- Up-to-date: /home/pi/ros2_ws/install/lslidar_msgs/include/lslidar_msgs/lslidar_msgs/msg/detail
[7.303s] -- Up-to-date: /home/pi/ros2_ws/install/lslidar_msgs/include/lslidar_msgs/lslidar_msgs/msg/detail/dds_fastrtps
[7.304s] -- Up-to-date: /home/pi/ros2_ws/install/lslidar_msgs/include/lslidar_msgs/lslidar_msgs/msg/detail/lslidar_packet__rosidl_typesupport_fastrtps_cpp.hpp
[7.305s] -- Up-to-date: /home/pi/ros2_ws/install/lslidar_msgs/include/lslidar_msgs/lslidar_msgs/msg/detail/lslidar_sweep__rosidl_typesupport_fastrtps_cpp.hpp
[7.306s] -- Up-to-date: /home/pi/ros2_ws/install/lslidar_msgs/include/lslidar_msgs/lslidar_msgs/msg/detail/lslidar_scan__rosidl_typesupport_fastrtps_cpp.hpp
[7.308s] -- Up-to-date: /home/pi/ros2_ws/install/lslidar_msgs/include/lslidar_msgs/lslidar_msgs/msg/detail/lslidar_difop__rosidl_typesupport_fastrtps_cpp.hpp
[7.309s] -- Up-to-date: /home/pi/ros2_ws/install/lslidar_msgs/include/lslidar_msgs/lslidar_msgs/msg/detail/lslidar_point__rosidl_typesupport_fastrtps_cpp.hpp
[7.310s] -- Up-to-date: /home/pi/ros2_ws/install/lslidar_msgs/lib/liblslidar_msgs__rosidl_typesupport_fastrtps_cpp.so
[7.311s] -- Up-to-date: /home/pi/ros2_ws/install/lslidar_msgs/include/lslidar_msgs/lslidar_msgs
[7.313s] -- Up-to-date: /home/pi/ros2_ws/install/lslidar_msgs/include/lslidar_msgs/lslidar_msgs/msg
[7.315s] -- Up-to-date: /home/pi/ros2_ws/install/lslidar_msgs/include/lslidar_msgs/lslidar_msgs/msg/detail
[7.316s] -- Up-to-date: /home/pi/ros2_ws/install/lslidar_msgs/include/lslidar_msgs/lslidar_msgs/msg/detail/lslidar_sweep__rosidl_typesupport_introspection_c.h
[7.317s] -- Up-to-date: /home/pi/ros2_ws/install/lslidar_msgs/include/lslidar_msgs/lslidar_msgs/msg/detail/lslidar_difop__rosidl_typesupport_introspection_c.h
[7.318s] -- Up-to-date: /home/pi/ros2_ws/install/lslidar_msgs/include/lslidar_msgs/lslidar_msgs/msg/detail/lslidar_scan__type_support.c
[7.320s] -- Up-to-date: /home/pi/ros2_ws/install/lslidar_msgs/include/lslidar_msgs/lslidar_msgs/msg/detail/lslidar_point__rosidl_typesupport_introspection_c.h
[7.321s] -- Up-to-date: /home/pi/ros2_ws/install/lslidar_msgs/include/lslidar_msgs/lslidar_msgs/msg/detail/lslidar_scan__rosidl_typesupport_introspection_c.h
[7.322s] -- Up-to-date: /home/pi/ros2_ws/install/lslidar_msgs/include/lslidar_msgs/lslidar_msgs/msg/detail/lslidar_packet__rosidl_typesupport_introspection_c.h
[7.323s] -- Up-to-date: /home/pi/ros2_ws/install/lslidar_msgs/include/lslidar_msgs/lslidar_msgs/msg/detail/lslidar_difop__type_support.c
[7.328s] -- Up-to-date: /home/pi/ros2_ws/install/lslidar_msgs/include/lslidar_msgs/lslidar_msgs/msg/detail/lslidar_packet__type_support.c
[7.331s] -- Up-to-date: /home/pi/ros2_ws/install/lslidar_msgs/include/lslidar_msgs/lslidar_msgs/msg/detail/lslidar_point__type_support.c
[7.332s] -- Up-to-date: /home/pi/ros2_ws/install/lslidar_msgs/include/lslidar_msgs/lslidar_msgs/msg/detail/lslidar_sweep__type_support.c
[7.333s] -- Up-to-date: /home/pi/ros2_ws/install/lslidar_msgs/include/lslidar_msgs/lslidar_msgs/msg/rosidl_typesupport_introspection_c__visibility_control.h
[7.335s] -- Up-to-date: /home/pi/ros2_ws/install/lslidar_msgs/lib/liblslidar_msgs__rosidl_typesupport_introspection_c.so
[7.336s] -- Up-to-date: /home/pi/ros2_ws/install/lslidar_msgs/lib/liblslidar_msgs__rosidl_typesupport_c.so
[7.337s] -- Up-to-date: /home/pi/ros2_ws/install/lslidar_msgs/include/lslidar_msgs/lslidar_msgs
[7.338s] -- Up-to-date: /home/pi/ros2_ws/install/lslidar_msgs/include/lslidar_msgs/lslidar_msgs/msg
[7.339s] -- Up-to-date: /home/pi/ros2_ws/install/lslidar_msgs/include/lslidar_msgs/lslidar_msgs/msg/detail
[7.341s] -- Up-to-date: /home/pi/ros2_ws/install/lslidar_msgs/include/lslidar_msgs/lslidar_msgs/msg/detail/lslidar_point__type_support.cpp
[7.342s] -- Up-to-date: /home/pi/ros2_ws/install/lslidar_msgs/include/lslidar_msgs/lslidar_msgs/msg/detail/lslidar_packet__rosidl_typesupport_introspection_cpp.hpp
[7.343s] -- Up-to-date: /home/pi/ros2_ws/install/lslidar_msgs/include/lslidar_msgs/lslidar_msgs/msg/detail/lslidar_packet__type_support.cpp
[7.344s] -- Up-to-date: /home/pi/ros2_ws/install/lslidar_msgs/include/lslidar_msgs/lslidar_msgs/msg/detail/lslidar_sweep__type_support.cpp
[7.345s] -- Up-to-date: /home/pi/ros2_ws/install/lslidar_msgs/include/lslidar_msgs/lslidar_msgs/msg/detail/lslidar_scan__rosidl_typesupport_introspection_cpp.hpp
[7.346s] -- Up-to-date: /home/pi/ros2_ws/install/lslidar_msgs/include/lslidar_msgs/lslidar_msgs/msg/detail/lslidar_difop__type_support.cpp
[7.347s] -- Up-to-date: /home/pi/ros2_ws/install/lslidar_msgs/include/lslidar_msgs/lslidar_msgs/msg/detail/lslidar_difop__rosidl_typesupport_introspection_cpp.hpp
[7.348s] -- Up-to-date: /home/pi/ros2_ws/install/lslidar_msgs/include/lslidar_msgs/lslidar_msgs/msg/detail/lslidar_sweep__rosidl_typesupport_introspection_cpp.hpp
[7.350s] -- Up-to-date: /home/pi/ros2_ws/install/lslidar_msgs/include/lslidar_msgs/lslidar_msgs/msg/detail/lslidar_scan__type_support.cpp
[7.350s] -- Up-to-date: /home/pi/ros2_ws/install/lslidar_msgs/include/lslidar_msgs/lslidar_msgs/msg/detail/lslidar_point__rosidl_typesupport_introspection_cpp.hpp
[7.351s] -- Up-to-date: /home/pi/ros2_ws/install/lslidar_msgs/lib/liblslidar_msgs__rosidl_typesupport_introspection_cpp.so
[7.352s] -- Up-to-date: /home/pi/ros2_ws/install/lslidar_msgs/lib/liblslidar_msgs__rosidl_typesupport_cpp.so
[7.354s] -- Up-to-date: /home/pi/ros2_ws/install/lslidar_msgs/share/lslidar_msgs/environment/pythonpath.sh
[7.355s] -- Up-to-date: /home/pi/ros2_ws/install/lslidar_msgs/share/lslidar_msgs/environment/pythonpath.dsv
[7.356s] -- Up-to-date: /home/pi/ros2_ws/install/lslidar_msgs/local/lib/python3.10/dist-packages/lslidar_msgs-1.2.0-py3.10.egg-info
[7.357s] -- Installing: /home/pi/ros2_ws/install/lslidar_msgs/local/lib/python3.10/dist-packages/lslidar_msgs-1.2.0-py3.10.egg-info/PKG-INFO
[7.358s] -- Installing: /home/pi/ros2_ws/install/lslidar_msgs/local/lib/python3.10/dist-packages/lslidar_msgs-1.2.0-py3.10.egg-info/top_level.txt
[7.359s] -- Installing: /home/pi/ros2_ws/install/lslidar_msgs/local/lib/python3.10/dist-packages/lslidar_msgs-1.2.0-py3.10.egg-info/SOURCES.txt
[7.360s] -- Installing: /home/pi/ros2_ws/install/lslidar_msgs/local/lib/python3.10/dist-packages/lslidar_msgs-1.2.0-py3.10.egg-info/dependency_links.txt
[7.361s] -- Up-to-date: /home/pi/ros2_ws/install/lslidar_msgs/local/lib/python3.10/dist-packages/lslidar_msgs
[7.362s] -- Up-to-date: /home/pi/ros2_ws/install/lslidar_msgs/local/lib/python3.10/dist-packages/lslidar_msgs/_lslidar_msgs_s.ep.rosidl_typesupport_introspection_c.c
[7.363s] -- Up-to-date: /home/pi/ros2_ws/install/lslidar_msgs/local/lib/python3.10/dist-packages/lslidar_msgs/_lslidar_msgs_s.ep.rosidl_typesupport_c.c
[7.364s] -- Up-to-date: /home/pi/ros2_ws/install/lslidar_msgs/local/lib/python3.10/dist-packages/lslidar_msgs/__init__.py
[7.365s] -- Up-to-date: /home/pi/ros2_ws/install/lslidar_msgs/local/lib/python3.10/dist-packages/lslidar_msgs/lslidar_msgs_s__rosidl_typesupport_fastrtps_c.cpython-310-aarch64-linux-gnu.so
[7.366s] -- Up-to-date: /home/pi/ros2_ws/install/lslidar_msgs/local/lib/python3.10/dist-packages/lslidar_msgs/liblslidar_msgs__rosidl_generator_py.so
[7.367s] -- Up-to-date: /home/pi/ros2_ws/install/lslidar_msgs/local/lib/python3.10/dist-packages/lslidar_msgs/lslidar_msgs_s__rosidl_typesupport_c.cpython-310-aarch64-linux-gnu.so
[7.368s] -- Up-to-date: /home/pi/ros2_ws/install/lslidar_msgs/local/lib/python3.10/dist-packages/lslidar_msgs/msg
[7.370s] -- Up-to-date: /home/pi/ros2_ws/install/lslidar_msgs/local/lib/python3.10/dist-packages/lslidar_msgs/msg/__init__.py
[7.372s] -- Up-to-date: /home/pi/ros2_ws/install/lslidar_msgs/local/lib/python3.10/dist-packages/lslidar_msgs/msg/_lslidar_scan.py
[7.373s] -- Up-to-date: /home/pi/ros2_ws/install/lslidar_msgs/local/lib/python3.10/dist-packages/lslidar_msgs/msg/_lslidar_scan_s.c
[7.375s] -- Up-to-date: /home/pi/ros2_ws/install/lslidar_msgs/local/lib/python3.10/dist-packages/lslidar_msgs/msg/_lslidar_packet_s.c
[7.376s] -- Up-to-date: /home/pi/ros2_ws/install/lslidar_msgs/local/lib/python3.10/dist-packages/lslidar_msgs/msg/_lslidar_difop.py
[7.377s] -- Up-to-date: /home/pi/ros2_ws/install/lslidar_msgs/local/lib/python3.10/dist-packages/lslidar_msgs/msg/_lslidar_sweep.py
[7.378s] -- Up-to-date: /home/pi/ros2_ws/install/lslidar_msgs/local/lib/python3.10/dist-packages/lslidar_msgs/msg/_lslidar_point_s.c
[7.379s] -- Up-to-date: /home/pi/ros2_ws/install/lslidar_msgs/local/lib/python3.10/dist-packages/lslidar_msgs/msg/_lslidar_packet.py
[7.380s] -- Up-to-date: /home/pi/ros2_ws/install/lslidar_msgs/local/lib/python3.10/dist-packages/lslidar_msgs/msg/_lslidar_point.py
[7.381s] -- Up-to-date: /home/pi/ros2_ws/install/lslidar_msgs/local/lib/python3.10/dist-packages/lslidar_msgs/msg/_lslidar_difop_s.c
[7.382s] -- Up-to-date: /home/pi/ros2_ws/install/lslidar_msgs/local/lib/python3.10/dist-packages/lslidar_msgs/msg/_lslidar_sweep_s.c
[7.383s] -- Up-to-date: /home/pi/ros2_ws/install/lslidar_msgs/local/lib/python3.10/dist-packages/lslidar_msgs/lslidar_msgs_s__rosidl_typesupport_introspection_c.cpython-310-aarch64-linux-gnu.so
[7.384s] -- Up-to-date: /home/pi/ros2_ws/install/lslidar_msgs/local/lib/python3.10/dist-packages/lslidar_msgs/_lslidar_msgs_s.ep.rosidl_typesupport_fastrtps_c.c
[7.783s] Listing '/home/pi/ros2_ws/install/lslidar_msgs/local/lib/python3.10/dist-packages/lslidar_msgs'...
[7.785s] Listing '/home/pi/ros2_ws/install/lslidar_msgs/local/lib/python3.10/dist-packages/lslidar_msgs/msg'...
[7.833s] -- Up-to-date: /home/pi/ros2_ws/install/lslidar_msgs/local/lib/python3.10/dist-packages/lslidar_msgs/lslidar_msgs_s__rosidl_typesupport_fastrtps_c.cpython-310-aarch64-linux-gnu.so
[7.839s] -- Up-to-date: /home/pi/ros2_ws/install/lslidar_msgs/local/lib/python3.10/dist-packages/lslidar_msgs/lslidar_msgs_s__rosidl_typesupport_introspection_c.cpython-310-aarch64-linux-gnu.so
[7.848s] -- Up-to-date: /home/pi/ros2_ws/install/lslidar_msgs/local/lib/python3.10/dist-packages/lslidar_msgs/lslidar_msgs_s__rosidl_typesupport_c.cpython-310-aarch64-linux-gnu.so
[7.854s] -- Up-to-date: /home/pi/ros2_ws/install/lslidar_msgs/lib/liblslidar_msgs__rosidl_generator_py.so
[7.859s] -- Up-to-date: /home/pi/ros2_ws/install/lslidar_msgs/share/lslidar_msgs/msg/LslidarDifop.idl
[7.861s] -- Up-to-date: /home/pi/ros2_ws/install/lslidar_msgs/share/lslidar_msgs/msg/LslidarPacket.idl
[7.867s] -- Up-to-date: /home/pi/ros2_ws/install/lslidar_msgs/share/lslidar_msgs/msg/LslidarPoint.idl
[7.869s] -- Up-to-date: /home/pi/ros2_ws/install/lslidar_msgs/share/lslidar_msgs/msg/LslidarScan.idl
[7.874s] -- Up-to-date: /home/pi/ros2_ws/install/lslidar_msgs/share/lslidar_msgs/msg/LslidarSweep.idl
[7.879s] -- Up-to-date: /home/pi/ros2_ws/install/lslidar_msgs/share/lslidar_msgs/msg/LslidarDifop.msg
[7.885s] -- Up-to-date: /home/pi/ros2_ws/install/lslidar_msgs/share/lslidar_msgs/msg/LslidarPacket.msg
[7.888s] -- Up-to-date: /home/pi/ros2_ws/install/lslidar_msgs/share/lslidar_msgs/msg/LslidarPoint.msg
[7.895s] -- Up-to-date: /home/pi/ros2_ws/install/lslidar_msgs/share/lslidar_msgs/msg/LslidarScan.msg
[7.896s] -- Up-to-date: /home/pi/ros2_ws/install/lslidar_msgs/share/lslidar_msgs/msg/LslidarSweep.msg
[7.898s] -- Up-to-date: /home/pi/ros2_ws/install/lslidar_msgs/share/ament_index/resource_index/package_run_dependencies/lslidar_msgs
[7.902s] -- Up-to-date: /home/pi/ros2_ws/install/lslidar_msgs/share/ament_index/resource_index/parent_prefix_path/lslidar_msgs
[7.904s] -- Up-to-date: /home/pi/ros2_ws/install/lslidar_msgs/share/lslidar_msgs/environment/ament_prefix_path.sh
[7.923s] -- Up-to-date: /home/pi/ros2_ws/install/lslidar_msgs/share/lslidar_msgs/environment/ament_prefix_path.dsv
[7.924s] -- Up-to-date: /home/pi/ros2_ws/install/lslidar_msgs/share/lslidar_msgs/environment/path.sh
[7.926s] -- Up-to-date: /home/pi/ros2_ws/install/lslidar_msgs/share/lslidar_msgs/environment/path.dsv
[7.928s] -- Up-to-date: /home/pi/ros2_ws/install/lslidar_msgs/share/lslidar_msgs/local_setup.bash
[7.933s] -- Up-to-date: /home/pi/ros2_ws/install/lslidar_msgs/share/lslidar_msgs/local_setup.sh
[7.940s] -- Up-to-date: /home/pi/ros2_ws/install/lslidar_msgs/share/lslidar_msgs/local_setup.zsh
[7.944s] -- Up-to-date: /home/pi/ros2_ws/install/lslidar_msgs/share/lslidar_msgs/local_setup.dsv
[7.946s] -- Installing: /home/pi/ros2_ws/install/lslidar_msgs/share/lslidar_msgs/package.dsv
[7.947s] -- Up-to-date: /home/pi/ros2_ws/install/lslidar_msgs/share/ament_index/resource_index/packages/lslidar_msgs
[7.948s] -- Up-to-date: /home/pi/ros2_ws/install/lslidar_msgs/share/lslidar_msgs/cmake/export_lslidar_msgs__rosidl_generator_cExport.cmake
[7.950s] -- Up-to-date: /home/pi/ros2_ws/install/lslidar_msgs/share/lslidar_msgs/cmake/export_lslidar_msgs__rosidl_generator_cExport-noconfig.cmake
[7.951s] -- Up-to-date: /home/pi/ros2_ws/install/lslidar_msgs/share/lslidar_msgs/cmake/export_lslidar_msgs__rosidl_typesupport_fastrtps_cExport.cmake
[7.958s] -- Up-to-date: /home/pi/ros2_ws/install/lslidar_msgs/share/lslidar_msgs/cmake/export_lslidar_msgs__rosidl_typesupport_fastrtps_cExport-noconfig.cmake
[7.960s] -- Up-to-date: /home/pi/ros2_ws/install/lslidar_msgs/share/lslidar_msgs/cmake/export_lslidar_msgs__rosidl_generator_cppExport.cmake
[7.964s] -- Up-to-date: /home/pi/ros2_ws/install/lslidar_msgs/share/lslidar_msgs/cmake/export_lslidar_msgs__rosidl_typesupport_fastrtps_cppExport.cmake
[7.968s] -- Up-to-date: /home/pi/ros2_ws/install/lslidar_msgs/share/lslidar_msgs/cmake/export_lslidar_msgs__rosidl_typesupport_fastrtps_cppExport-noconfig.cmake
[7.970s] -- Up-to-date: /home/pi/ros2_ws/install/lslidar_msgs/share/lslidar_msgs/cmake/lslidar_msgs__rosidl_typesupport_introspection_cExport.cmake
[7.971s] -- Up-to-date: /home/pi/ros2_ws/install/lslidar_msgs/share/lslidar_msgs/cmake/lslidar_msgs__rosidl_typesupport_introspection_cExport-noconfig.cmake
[7.974s] -- Up-to-date: /home/pi/ros2_ws/install/lslidar_msgs/share/lslidar_msgs/cmake/lslidar_msgs__rosidl_typesupport_cExport.cmake
[7.975s] -- Up-to-date: /home/pi/ros2_ws/install/lslidar_msgs/share/lslidar_msgs/cmake/lslidar_msgs__rosidl_typesupport_cExport-noconfig.cmake
[7.978s] -- Up-to-date: /home/pi/ros2_ws/install/lslidar_msgs/share/lslidar_msgs/cmake/lslidar_msgs__rosidl_typesupport_introspection_cppExport.cmake
[7.980s] -- Up-to-date: /home/pi/ros2_ws/install/lslidar_msgs/share/lslidar_msgs/cmake/lslidar_msgs__rosidl_typesupport_introspection_cppExport-noconfig.cmake
[7.982s] -- Up-to-date: /home/pi/ros2_ws/install/lslidar_msgs/share/lslidar_msgs/cmake/lslidar_msgs__rosidl_typesupport_cppExport.cmake
[7.984s] -- Up-to-date: /home/pi/ros2_ws/install/lslidar_msgs/share/lslidar_msgs/cmake/lslidar_msgs__rosidl_typesupport_cppExport-noconfig.cmake
[7.987s] -- Up-to-date: /home/pi/ros2_ws/install/lslidar_msgs/share/lslidar_msgs/cmake/export_lslidar_msgs__rosidl_generator_pyExport.cmake
[7.989s] -- Up-to-date: /home/pi/ros2_ws/install/lslidar_msgs/share/lslidar_msgs/cmake/export_lslidar_msgs__rosidl_generator_pyExport-noconfig.cmake
[7.990s] -- Up-to-date: /home/pi/ros2_ws/install/lslidar_msgs/share/lslidar_msgs/cmake/rosidl_cmake-extras.cmake
[7.992s] -- Up-to-date: /home/pi/ros2_ws/install/lslidar_msgs/share/lslidar_msgs/cmake/ament_cmake_export_dependencies-extras.cmake
[7.995s] -- Up-to-date: /home/pi/ros2_ws/install/lslidar_msgs/share/lslidar_msgs/cmake/ament_cmake_export_include_directories-extras.cmake
[7.997s] -- Up-to-date: /home/pi/ros2_ws/install/lslidar_msgs/share/lslidar_msgs/cmake/ament_cmake_export_libraries-extras.cmake
[8.004s] -- Up-to-date: /home/pi/ros2_ws/install/lslidar_msgs/share/lslidar_msgs/cmake/ament_cmake_export_targets-extras.cmake
[8.012s] -- Up-to-date: /home/pi/ros2_ws/install/lslidar_msgs/share/lslidar_msgs/cmake/rosidl_cmake_export_typesupport_targets-extras.cmake
[8.014s] -- Up-to-date: /home/pi/ros2_ws/install/lslidar_msgs/share/lslidar_msgs/cmake/rosidl_cmake_export_typesupport_libraries-extras.cmake
[8.018s] -- Up-to-date: /home/pi/ros2_ws/install/lslidar_msgs/share/lslidar_msgs/cmake/lslidar_msgsConfig.cmake
[8.020s] -- Up-to-date: /home/pi/ros2_ws/install/lslidar_msgs/share/lslidar_msgs/cmake/lslidar_msgsConfig-version.cmake
[8.022s] -- Up-to-date: /home/pi/ros2_ws/install/lslidar_msgs/share/lslidar_msgs/package.xml
[8.145s] Invoked command in '/home/pi/ros2_ws/build/lslidar_msgs' returned '0': CMAKE_PREFIX_PATH=${CMAKE_PREFIX_PATH}:/home/pi/ros2_ws/install/teleop_twist_keyboard:/home/pi/ros2_ws/install/serial_control:/home/pi/ros2_ws/install/serbot_controller:/home/pi/ros2_ws/install/my_car_controller:/opt/ros/humble /usr/bin/cmake --install /home/pi/ros2_ws/build/lslidar_msgs
