[0.110s] Invoking command in '/home/pi/ros2_ws/build/serbot_description': CMAKE_PREFIX_PATH=${CMAKE_PREFIX_PATH}:/home/pi/ros2_ws/install/teleop_twist_keyboard:/home/pi/ros2_ws/install/serial_control:/home/pi/ros2_ws/install/serbot_controller:/home/pi/ros2_ws/install/my_car_controller:/opt/ros/humble /usr/bin/cmake --build /home/pi/ros2_ws/build/serbot_description -- -j4 -l4
[0.816s] Invoked command in '/home/pi/ros2_ws/build/serbot_description' returned '0': CMAKE_PREFIX_PATH=${CMAKE_PREFIX_PATH}:/home/pi/ros2_ws/install/teleop_twist_keyboard:/home/pi/ros2_ws/install/serial_control:/home/pi/ros2_ws/install/serbot_controller:/home/pi/ros2_ws/install/my_car_controller:/opt/ros/humble /usr/bin/cmake --build /home/pi/ros2_ws/build/serbot_description -- -j4 -l4
[0.825s] Invoking command in '/home/pi/ros2_ws/build/serbot_description': CMAKE_PREFIX_PATH=${CMAKE_PREFIX_PATH}:/home/pi/ros2_ws/install/teleop_twist_keyboard:/home/pi/ros2_ws/install/serial_control:/home/pi/ros2_ws/install/serbot_controller:/home/pi/ros2_ws/install/my_car_controller:/opt/ros/humble /usr/bin/cmake --install /home/pi/ros2_ws/build/serbot_description
[0.951s] -- Install configuration: ""
[0.953s] -- Up-to-date: /home/pi/ros2_ws/install/serbot_description/share/serbot_description/urdf
[0.955s] -- Up-to-date: /home/pi/ros2_ws/install/serbot_description/share/serbot_description/urdf/serbot.urdf
[0.957s] -- Up-to-date: /home/pi/ros2_ws/install/serbot_description/share/serbot_description/urdf/serbot2.urdf
[0.960s] -- Up-to-date: /home/pi/ros2_ws/install/serbot_description/share/serbot_description/urdf/serbot3.urdf
[0.963s] -- Up-to-date: /home/pi/ros2_ws/install/serbot_description/share/serbot_description/launch
[0.966s] -- Up-to-date: /home/pi/ros2_ws/install/serbot_description/share/serbot_description/launch/display.launch.py
[0.969s] -- Up-to-date: /home/pi/ros2_ws/install/serbot_description/share/ament_index/resource_index/package_run_dependencies/serbot_description
[0.972s] -- Up-to-date: /home/pi/ros2_ws/install/serbot_description/share/ament_index/resource_index/parent_prefix_path/serbot_description
[0.977s] -- Up-to-date: /home/pi/ros2_ws/install/serbot_description/share/serbot_description/environment/ament_prefix_path.sh
[0.980s] -- Up-to-date: /home/pi/ros2_ws/install/serbot_description/share/serbot_description/environment/ament_prefix_path.dsv
[0.985s] -- Up-to-date: /home/pi/ros2_ws/install/serbot_description/share/serbot_description/environment/path.sh
[0.988s] -- Up-to-date: /home/pi/ros2_ws/install/serbot_description/share/serbot_description/environment/path.dsv
[0.991s] -- Up-to-date: /home/pi/ros2_ws/install/serbot_description/share/serbot_description/local_setup.bash
[0.996s] -- Up-to-date: /home/pi/ros2_ws/install/serbot_description/share/serbot_description/local_setup.sh
[1.000s] -- Up-to-date: /home/pi/ros2_ws/install/serbot_description/share/serbot_description/local_setup.zsh
[1.002s] -- Up-to-date: /home/pi/ros2_ws/install/serbot_description/share/serbot_description/local_setup.dsv
[1.004s] -- Installing: /home/pi/ros2_ws/install/serbot_description/share/serbot_description/package.dsv
[1.005s] -- Up-to-date: /home/pi/ros2_ws/install/serbot_description/share/ament_index/resource_index/packages/serbot_description
[1.008s] -- Up-to-date: /home/pi/ros2_ws/install/serbot_description/share/serbot_description/cmake/serbot_descriptionConfig.cmake
[1.010s] -- Up-to-date: /home/pi/ros2_ws/install/serbot_description/share/serbot_description/cmake/serbot_descriptionConfig-version.cmake
[1.011s] -- Up-to-date: /home/pi/ros2_ws/install/serbot_description/share/serbot_description/package.xml
[4.622s] Invoked command in '/home/pi/ros2_ws/build/serbot_description' returned '0': CMAKE_PREFIX_PATH=${CMAKE_PREFIX_PATH}:/home/pi/ros2_ws/install/teleop_twist_keyboard:/home/pi/ros2_ws/install/serial_control:/home/pi/ros2_ws/install/serbot_controller:/home/pi/ros2_ws/install/my_car_controller:/opt/ros/humble /usr/bin/cmake --install /home/pi/ros2_ws/build/serbot_description
