[0.136s] Invoking command in '/home/pi/ros2_ws/build/lslidar_driver': CMAKE_PREFIX_PATH=/home/pi/ros2_ws/install/lslidar_msgs:/home/pi/ros2_ws/install/serbot_description:/home/pi/ros2_ws/install/lslidar_driver:/home/pi/ros2_ws/install/joy_config_pkg:/home/pi/ros2_ws/install/teleop_twist_keyboard:/home/pi/ros2_ws/install/serial_control:/home/pi/ros2_ws/install/serbot_controller:/home/pi/ros2_ws/install/my_car_controller:/opt/ros/humble /usr/bin/cmake --build /home/pi/ros2_ws/build/lslidar_driver -- -j4 -l4
[1.089s] [100%] Built target lslidar_driver_node
[1.215s] Invoked command in '/home/pi/ros2_ws/build/lslidar_driver' returned '0': CMAKE_PREFIX_PATH=/home/pi/ros2_ws/install/lslidar_msgs:/home/pi/ros2_ws/install/serbot_description:/home/pi/ros2_ws/install/lslidar_driver:/home/pi/ros2_ws/install/joy_config_pkg:/home/pi/ros2_ws/install/teleop_twist_keyboard:/home/pi/ros2_ws/install/serial_control:/home/pi/ros2_ws/install/serbot_controller:/home/pi/ros2_ws/install/my_car_controller:/opt/ros/humble /usr/bin/cmake --build /home/pi/ros2_ws/build/lslidar_driver -- -j4 -l4
[1.219s] Invoking command in '/home/pi/ros2_ws/build/lslidar_driver': CMAKE_PREFIX_PATH=/home/pi/ros2_ws/install/lslidar_msgs:/home/pi/ros2_ws/install/serbot_description:/home/pi/ros2_ws/install/lslidar_driver:/home/pi/ros2_ws/install/joy_config_pkg:/home/pi/ros2_ws/install/teleop_twist_keyboard:/home/pi/ros2_ws/install/serial_control:/home/pi/ros2_ws/install/serbot_controller:/home/pi/ros2_ws/install/my_car_controller:/opt/ros/humble /usr/bin/cmake --install /home/pi/ros2_ws/build/lslidar_driver
[1.299s] -- Install configuration: ""
[1.301s] -- Up-to-date: /home/pi/ros2_ws/install/lslidar_driver/share/lslidar_driver/launch
[1.303s] -- Up-to-date: /home/pi/ros2_ws/install/lslidar_driver/share/lslidar_driver/launch/lslidar_double_launch.py
[1.306s] -- Up-to-date: /home/pi/ros2_ws/install/lslidar_driver/share/lslidar_driver/launch/lslidar_launch.py
[1.307s] -- Up-to-date: /home/pi/ros2_ws/install/lslidar_driver/share/lslidar_driver/params
[1.308s] -- Up-to-date: /home/pi/ros2_ws/install/lslidar_driver/share/lslidar_driver/params/lsx10_1.yaml
[1.309s] -- Up-to-date: /home/pi/ros2_ws/install/lslidar_driver/share/lslidar_driver/params/lsx10.yaml
[1.311s] -- Up-to-date: /home/pi/ros2_ws/install/lslidar_driver/share/lslidar_driver/params/lsx10_2.yaml
[1.312s] -- Up-to-date: /home/pi/ros2_ws/install/lslidar_driver/share/lslidar_driver/rviz
[1.313s] -- Up-to-date: /home/pi/ros2_ws/install/lslidar_driver/share/lslidar_driver/rviz/lslidar.rviz
[1.322s] -- Up-to-date: /home/pi/ros2_ws/install/lslidar_driver/lib/lslidar_driver/lslidar_driver_node
[1.324s] -- Up-to-date: /home/pi/ros2_ws/install/lslidar_driver/share/ament_index/resource_index/package_run_dependencies/lslidar_driver
[1.327s] -- Up-to-date: /home/pi/ros2_ws/install/lslidar_driver/share/ament_index/resource_index/parent_prefix_path/lslidar_driver
[1.328s] -- Up-to-date: /home/pi/ros2_ws/install/lslidar_driver/share/lslidar_driver/environment/ament_prefix_path.sh
[1.329s] -- Up-to-date: /home/pi/ros2_ws/install/lslidar_driver/share/lslidar_driver/environment/ament_prefix_path.dsv
[1.333s] -- Up-to-date: /home/pi/ros2_ws/install/lslidar_driver/share/lslidar_driver/environment/path.sh
[1.336s] -- Up-to-date: /home/pi/ros2_ws/install/lslidar_driver/share/lslidar_driver/environment/path.dsv
[1.338s] -- Up-to-date: /home/pi/ros2_ws/install/lslidar_driver/share/lslidar_driver/local_setup.bash
[1.340s] -- Up-to-date: /home/pi/ros2_ws/install/lslidar_driver/share/lslidar_driver/local_setup.sh
[1.341s] -- Up-to-date: /home/pi/ros2_ws/install/lslidar_driver/share/lslidar_driver/local_setup.zsh
[1.344s] -- Up-to-date: /home/pi/ros2_ws/install/lslidar_driver/share/lslidar_driver/local_setup.dsv
[1.345s] -- Installing: /home/pi/ros2_ws/install/lslidar_driver/share/lslidar_driver/package.dsv
[1.350s] -- Up-to-date: /home/pi/ros2_ws/install/lslidar_driver/share/ament_index/resource_index/packages/lslidar_driver
[1.361s] -- Up-to-date: /home/pi/ros2_ws/install/lslidar_driver/share/lslidar_driver/cmake/ament_cmake_export_dependencies-extras.cmake
[1.364s] -- Up-to-date: /home/pi/ros2_ws/install/lslidar_driver/share/lslidar_driver/cmake/ament_cmake_export_include_directories-extras.cmake
[1.366s] -- Up-to-date: /home/pi/ros2_ws/install/lslidar_driver/share/lslidar_driver/cmake/lslidar_driverConfig.cmake
[1.368s] -- Up-to-date: /home/pi/ros2_ws/install/lslidar_driver/share/lslidar_driver/cmake/lslidar_driverConfig-version.cmake
[1.371s] -- Up-to-date: /home/pi/ros2_ws/install/lslidar_driver/share/lslidar_driver/package.xml
[1.373s] Invoked command in '/home/pi/ros2_ws/build/lslidar_driver' returned '0': CMAKE_PREFIX_PATH=/home/pi/ros2_ws/install/lslidar_msgs:/home/pi/ros2_ws/install/serbot_description:/home/pi/ros2_ws/install/lslidar_driver:/home/pi/ros2_ws/install/joy_config_pkg:/home/pi/ros2_ws/install/teleop_twist_keyboard:/home/pi/ros2_ws/install/serial_control:/home/pi/ros2_ws/install/serbot_controller:/home/pi/ros2_ws/install/my_car_controller:/opt/ros/humble /usr/bin/cmake --install /home/pi/ros2_ws/build/lslidar_driver
