[14.856s] Invoking command in '/home/pi/ros2_ws/src/my_car_controller': PYTHONPATH=/home/pi/ros2_ws/build/my_car_controller/prefix_override:/usr/lib/python3/dist-packages/colcon_core/task/python/colcon_distutils_commands:/home/pi/ros2_ws/install/my_car_controller/lib/python3.10/site-packages:${PYTHONPATH} /usr/bin/python3 -W ignore:setup.py install is deprecated -W ignore:easy_install command is deprecated setup.py egg_info --egg-base ../../build/my_car_controller build --build-base /home/pi/ros2_ws/build/my_car_controller/build install --record /home/pi/ros2_ws/build/my_car_controller/install.log --single-version-externally-managed install_data
[18.100s] running egg_info
[18.107s] writing ../../build/my_car_controller/my_car_controller.egg-info/PKG-INFO
[18.117s] writing dependency_links to ../../build/my_car_controller/my_car_controller.egg-info/dependency_links.txt
[18.120s] writing entry points to ../../build/my_car_controller/my_car_controller.egg-info/entry_points.txt
[18.127s] writing requirements to ../../build/my_car_controller/my_car_controller.egg-info/requires.txt
[18.128s] writing top-level names to ../../build/my_car_controller/my_car_controller.egg-info/top_level.txt
[18.156s] reading manifest file '../../build/my_car_controller/my_car_controller.egg-info/SOURCES.txt'
[18.188s] writing manifest file '../../build/my_car_controller/my_car_controller.egg-info/SOURCES.txt'
[18.192s] running build
[18.194s] running build_py
[18.210s] running install
[18.216s] running install_lib
[18.240s] running install_data
[18.245s] running install_egg_info
[18.278s] removing '/home/pi/ros2_ws/install/my_car_controller/lib/python3.10/site-packages/my_car_controller-0.0.0-py3.10.egg-info' (and everything under it)
[18.286s] Copying ../../build/my_car_controller/my_car_controller.egg-info to /home/pi/ros2_ws/install/my_car_controller/lib/python3.10/site-packages/my_car_controller-0.0.0-py3.10.egg-info
[18.310s] running install_scripts
[18.576s] Installing serial_bridge script to /home/pi/ros2_ws/install/my_car_controller/lib/my_car_controller
[18.578s] Installing serial_bridge_2 script to /home/pi/ros2_ws/install/my_car_controller/lib/my_car_controller
[18.583s] writing list of installed files to '/home/pi/ros2_ws/build/my_car_controller/install.log'
[18.997s] Invoked command in '/home/pi/ros2_ws/src/my_car_controller' returned '0': PYTHONPATH=/home/pi/ros2_ws/build/my_car_controller/prefix_override:/usr/lib/python3/dist-packages/colcon_core/task/python/colcon_distutils_commands:/home/pi/ros2_ws/install/my_car_controller/lib/python3.10/site-packages:${PYTHONPATH} /usr/bin/python3 -W ignore:setup.py install is deprecated -W ignore:easy_install command is deprecated setup.py egg_info --egg-base ../../build/my_car_controller build --build-base /home/pi/ros2_ws/build/my_car_controller/build install --record /home/pi/ros2_ws/build/my_car_controller/install.log --single-version-externally-managed install_data
