[0.294s] Invoking command in '/home/pi/ros2_ws/build/lslidar_msgs': CMAKE_PREFIX_PATH=${CMAKE_PREFIX_PATH}:/home/pi/ros2_ws/install/teleop_twist_keyboard:/home/pi/ros2_ws/install/serial_control:/home/pi/ros2_ws/install/serbot_controller:/home/pi/ros2_ws/install/my_car_controller:/opt/ros/humble /usr/bin/cmake --build /home/pi/ros2_ws/build/lslidar_msgs -- -j4 -l4
[3.677s] [  1%] Built target lslidar_msgs__cpp
[3.679s] [ 12%] Built target lslidar_msgs__rosidl_generator_c
[3.682s] [ 12%] Built target ament_cmake_python_copy_lslidar_msgs
[3.686s] [ 23%] Built target lslidar_msgs__rosidl_typesupport_fastrtps_cpp
[3.689s] [ 34%] Built target lslidar_msgs__rosidl_typesupport_cpp
[3.690s] [ 46%] Built target lslidar_msgs__rosidl_typesupport_introspection_cpp
[3.693s] [ 57%] Built target lslidar_msgs__rosidl_typesupport_fastrtps_c
[3.697s] [ 68%] Built target lslidar_msgs__rosidl_typesupport_c
[3.698s] [ 79%] Built target lslidar_msgs__rosidl_typesupport_introspection_c
[3.699s] [ 79%] Built target lslidar_msgs
[3.701s] [ 80%] Built target lslidar_msgs__py
[3.702s] [ 90%] Built target lslidar_msgs__rosidl_generator_py
[3.703s] [ 93%] Built target lslidar_msgs__rosidl_typesupport_introspection_c__pyext
[3.705s] [ 96%] Built target lslidar_msgs__rosidl_typesupport_fastrtps_c__pyext
[3.712s] [100%] Built target lslidar_msgs__rosidl_typesupport_c__pyext
[4.427s] running egg_info
[4.434s] writing lslidar_msgs.egg-info/PKG-INFO
[4.437s] writing dependency_links to lslidar_msgs.egg-info/dependency_links.txt
[4.439s] writing top-level names to lslidar_msgs.egg-info/top_level.txt
[4.463s] reading manifest file 'lslidar_msgs.egg-info/SOURCES.txt'
[4.471s] writing manifest file 'lslidar_msgs.egg-info/SOURCES.txt'
[4.728s] [100%] Built target ament_cmake_python_build_lslidar_msgs_egg
[6.740s] Invoked command in '/home/pi/ros2_ws/build/lslidar_msgs' returned '0': CMAKE_PREFIX_PATH=${CMAKE_PREFIX_PATH}:/home/pi/ros2_ws/install/teleop_twist_keyboard:/home/pi/ros2_ws/install/serial_control:/home/pi/ros2_ws/install/serbot_controller:/home/pi/ros2_ws/install/my_car_controller:/opt/ros/humble /usr/bin/cmake --build /home/pi/ros2_ws/build/lslidar_msgs -- -j4 -l4
[6.751s] Invoking command in '/home/pi/ros2_ws/build/lslidar_msgs': CMAKE_PREFIX_PATH=${CMAKE_PREFIX_PATH}:/home/pi/ros2_ws/install/teleop_twist_keyboard:/home/pi/ros2_ws/install/serial_control:/home/pi/ros2_ws/install/serbot_controller:/home/pi/ros2_ws/install/my_car_controller:/opt/ros/humble /usr/bin/cmake --install /home/pi/ros2_ws/build/lslidar_msgs
[6.984s] -- Install configuration: ""
[6.986s] -- Up-to-date: /home/pi/ros2_ws/install/lslidar_msgs/share/ament_index/resource_index/rosidl_interfaces/lslidar_msgs
[6.987s] -- Up-to-date: /home/pi/ros2_ws/install/lslidar_msgs/include/lslidar_msgs/lslidar_msgs
[6.989s] -- Up-to-date: /home/pi/ros2_ws/install/lslidar_msgs/include/lslidar_msgs/lslidar_msgs/msg
[6.991s] -- Up-to-date: /home/pi/ros2_ws/install/lslidar_msgs/include/lslidar_msgs/lslidar_msgs/msg/lslidar_point.h
[6.993s] -- Up-to-date: /home/pi/ros2_ws/install/lslidar_msgs/include/lslidar_msgs/lslidar_msgs/msg/lslidar_scan.h
[6.994s] -- Up-to-date: /home/pi/ros2_ws/install/lslidar_msgs/include/lslidar_msgs/lslidar_msgs/msg/lslidar_sweep.h
[6.997s] -- Up-to-date: /home/pi/ros2_ws/install/lslidar_msgs/include/lslidar_msgs/lslidar_msgs/msg/rosidl_generator_c__visibility_control.h
[6.999s] -- Up-to-date: /home/pi/ros2_ws/install/lslidar_msgs/include/lslidar_msgs/lslidar_msgs/msg/lslidar_packet.h
[7.002s] -- Up-to-date: /home/pi/ros2_ws/install/lslidar_msgs/include/lslidar_msgs/lslidar_msgs/msg/detail
[7.004s] -- Up-to-date: /home/pi/ros2_ws/install/lslidar_msgs/include/lslidar_msgs/lslidar_msgs/msg/detail/lslidar_sweep__functions.h
[7.007s] -- Up-to-date: /home/pi/ros2_ws/install/lslidar_msgs/include/lslidar_msgs/lslidar_msgs/msg/detail/lslidar_point__type_support.h
[7.009s] -- Up-to-date: /home/pi/ros2_ws/install/lslidar_msgs/include/lslidar_msgs/lslidar_msgs/msg/detail/lslidar_scan__struct.h
[7.013s] -- Up-to-date: /home/pi/ros2_ws/install/lslidar_msgs/include/lslidar_msgs/lslidar_msgs/msg/detail/lslidar_difop__type_support.h
[7.015s] -- Up-to-date: /home/pi/ros2_ws/install/lslidar_msgs/include/lslidar_msgs/lslidar_msgs/msg/detail/lslidar_difop__functions.c
[7.016s] -- Up-to-date: /home/pi/ros2_ws/install/lslidar_msgs/include/lslidar_msgs/lslidar_msgs/msg/detail/lslidar_packet__struct.h
[7.018s] -- Up-to-date: /home/pi/ros2_ws/install/lslidar_msgs/include/lslidar_msgs/lslidar_msgs/msg/detail/lslidar_sweep__functions.c
[7.020s] -- Up-to-date: /home/pi/ros2_ws/install/lslidar_msgs/include/lslidar_msgs/lslidar_msgs/msg/detail/lslidar_scan__type_support.h
[7.022s] -- Up-to-date: /home/pi/ros2_ws/install/lslidar_msgs/include/lslidar_msgs/lslidar_msgs/msg/detail/lslidar_point__functions.h
[7.024s] -- Up-to-date: /home/pi/ros2_ws/install/lslidar_msgs/include/lslidar_msgs/lslidar_msgs/msg/detail/lslidar_packet__type_support.h
[7.026s] -- Up-to-date: /home/pi/ros2_ws/install/lslidar_msgs/include/lslidar_msgs/lslidar_msgs/msg/detail/lslidar_scan__functions.h
[7.033s] -- Up-to-date: /home/pi/ros2_ws/install/lslidar_msgs/include/lslidar_msgs/lslidar_msgs/msg/detail/lslidar_point__functions.c
[7.034s] -- Up-to-date: /home/pi/ros2_ws/install/lslidar_msgs/include/lslidar_msgs/lslidar_msgs/msg/detail/lslidar_packet__functions.c
[7.035s] -- Up-to-date: /home/pi/ros2_ws/install/lslidar_msgs/include/lslidar_msgs/lslidar_msgs/msg/detail/lslidar_difop__functions.h
[7.036s] -- Up-to-date: /home/pi/ros2_ws/install/lslidar_msgs/include/lslidar_msgs/lslidar_msgs/msg/detail/lslidar_packet__functions.h
[7.038s] -- Up-to-date: /home/pi/ros2_ws/install/lslidar_msgs/include/lslidar_msgs/lslidar_msgs/msg/detail/lslidar_sweep__struct.h
[7.040s] -- Up-to-date: /home/pi/ros2_ws/install/lslidar_msgs/include/lslidar_msgs/lslidar_msgs/msg/detail/lslidar_sweep__type_support.h
[7.041s] -- Up-to-date: /home/pi/ros2_ws/install/lslidar_msgs/include/lslidar_msgs/lslidar_msgs/msg/detail/lslidar_point__struct.h
[7.042s] -- Up-to-date: /home/pi/ros2_ws/install/lslidar_msgs/include/lslidar_msgs/lslidar_msgs/msg/detail/lslidar_difop__struct.h
[7.046s] -- Up-to-date: /home/pi/ros2_ws/install/lslidar_msgs/include/lslidar_msgs/lslidar_msgs/msg/detail/lslidar_scan__functions.c
[7.048s] -- Up-to-date: /home/pi/ros2_ws/install/lslidar_msgs/include/lslidar_msgs/lslidar_msgs/msg/lslidar_difop.h
[7.050s] -- Up-to-date: /home/pi/ros2_ws/install/lslidar_msgs/share/lslidar_msgs/environment/library_path.sh
[7.051s] -- Up-to-date: /home/pi/ros2_ws/install/lslidar_msgs/share/lslidar_msgs/environment/library_path.dsv
[7.053s] -- Up-to-date: /home/pi/ros2_ws/install/lslidar_msgs/lib/liblslidar_msgs__rosidl_generator_c.so
[7.055s] -- Up-to-date: /home/pi/ros2_ws/install/lslidar_msgs/include/lslidar_msgs/lslidar_msgs
[7.056s] -- Up-to-date: /home/pi/ros2_ws/install/lslidar_msgs/include/lslidar_msgs/lslidar_msgs/msg
[7.058s] -- Up-to-date: /home/pi/ros2_ws/install/lslidar_msgs/include/lslidar_msgs/lslidar_msgs/msg/rosidl_typesupport_fastrtps_c__visibility_control.h
[7.060s] -- Up-to-date: /home/pi/ros2_ws/install/lslidar_msgs/include/lslidar_msgs/lslidar_msgs/msg/detail
[7.062s] -- Up-to-date: /home/pi/ros2_ws/install/lslidar_msgs/include/lslidar_msgs/lslidar_msgs/msg/detail/lslidar_point__rosidl_typesupport_fastrtps_c.h
[7.063s] -- Up-to-date: /home/pi/ros2_ws/install/lslidar_msgs/include/lslidar_msgs/lslidar_msgs/msg/detail/lslidar_difop__rosidl_typesupport_fastrtps_c.h
[7.065s] -- Up-to-date: /home/pi/ros2_ws/install/lslidar_msgs/include/lslidar_msgs/lslidar_msgs/msg/detail/lslidar_packet__rosidl_typesupport_fastrtps_c.h
[7.067s] -- Up-to-date: /home/pi/ros2_ws/install/lslidar_msgs/include/lslidar_msgs/lslidar_msgs/msg/detail/lslidar_scan__rosidl_typesupport_fastrtps_c.h
[7.069s] -- Up-to-date: /home/pi/ros2_ws/install/lslidar_msgs/include/lslidar_msgs/lslidar_msgs/msg/detail/lslidar_sweep__rosidl_typesupport_fastrtps_c.h
[7.071s] -- Up-to-date: /home/pi/ros2_ws/install/lslidar_msgs/lib/liblslidar_msgs__rosidl_typesupport_fastrtps_c.so
[7.072s] -- Up-to-date: /home/pi/ros2_ws/install/lslidar_msgs/include/lslidar_msgs/lslidar_msgs
[7.073s] -- Up-to-date: /home/pi/ros2_ws/install/lslidar_msgs/include/lslidar_msgs/lslidar_msgs/msg
[7.075s] -- Up-to-date: /home/pi/ros2_ws/install/lslidar_msgs/include/lslidar_msgs/lslidar_msgs/msg/lslidar_packet.hpp
[7.076s] -- Up-to-date: /home/pi/ros2_ws/install/lslidar_msgs/include/lslidar_msgs/lslidar_msgs/msg/lslidar_sweep.hpp
[7.077s] -- Up-to-date: /home/pi/ros2_ws/install/lslidar_msgs/include/lslidar_msgs/lslidar_msgs/msg/lslidar_difop.hpp
[7.079s] -- Up-to-date: /home/pi/ros2_ws/install/lslidar_msgs/include/lslidar_msgs/lslidar_msgs/msg/lslidar_point.hpp
[7.080s] -- Up-to-date: /home/pi/ros2_ws/install/lslidar_msgs/include/lslidar_msgs/lslidar_msgs/msg/lslidar_scan.hpp
[7.081s] -- Up-to-date: /home/pi/ros2_ws/install/lslidar_msgs/include/lslidar_msgs/lslidar_msgs/msg/detail
[7.083s] -- Up-to-date: /home/pi/ros2_ws/install/lslidar_msgs/include/lslidar_msgs/lslidar_msgs/msg/detail/lslidar_sweep__struct.hpp
[7.084s] -- Up-to-date: /home/pi/ros2_ws/install/lslidar_msgs/include/lslidar_msgs/lslidar_msgs/msg/detail/lslidar_scan__builder.hpp
[7.086s] -- Up-to-date: /home/pi/ros2_ws/install/lslidar_msgs/include/lslidar_msgs/lslidar_msgs/msg/detail/lslidar_point__type_support.hpp
[7.087s] -- Up-to-date: /home/pi/ros2_ws/install/lslidar_msgs/include/lslidar_msgs/lslidar_msgs/msg/detail/lslidar_sweep__builder.hpp
[7.089s] -- Up-to-date: /home/pi/ros2_ws/install/lslidar_msgs/include/lslidar_msgs/lslidar_msgs/msg/detail/lslidar_packet__struct.hpp
[7.092s] -- Up-to-date: /home/pi/ros2_ws/install/lslidar_msgs/include/lslidar_msgs/lslidar_msgs/msg/detail/lslidar_difop__struct.hpp
[7.095s] -- Up-to-date: /home/pi/ros2_ws/install/lslidar_msgs/include/lslidar_msgs/lslidar_msgs/msg/detail/lslidar_point__traits.hpp
[7.097s] -- Up-to-date: /home/pi/ros2_ws/install/lslidar_msgs/include/lslidar_msgs/lslidar_msgs/msg/detail/lslidar_sweep__traits.hpp
[7.104s] -- Up-to-date: /home/pi/ros2_ws/install/lslidar_msgs/include/lslidar_msgs/lslidar_msgs/msg/detail/lslidar_point__builder.hpp
[7.106s] -- Up-to-date: /home/pi/ros2_ws/install/lslidar_msgs/include/lslidar_msgs/lslidar_msgs/msg/detail/lslidar_difop__builder.hpp
[7.107s] -- Up-to-date: /home/pi/ros2_ws/install/lslidar_msgs/include/lslidar_msgs/lslidar_msgs/msg/detail/lslidar_scan__struct.hpp
[7.108s] -- Up-to-date: /home/pi/ros2_ws/install/lslidar_msgs/include/lslidar_msgs/lslidar_msgs/msg/detail/lslidar_packet__traits.hpp
[7.109s] -- Up-to-date: /home/pi/ros2_ws/install/lslidar_msgs/include/lslidar_msgs/lslidar_msgs/msg/detail/lslidar_difop__type_support.hpp
[7.111s] -- Up-to-date: /home/pi/ros2_ws/install/lslidar_msgs/include/lslidar_msgs/lslidar_msgs/msg/detail/lslidar_sweep__type_support.hpp
[7.112s] -- Up-to-date: /home/pi/ros2_ws/install/lslidar_msgs/include/lslidar_msgs/lslidar_msgs/msg/detail/lslidar_scan__traits.hpp
[7.113s] -- Up-to-date: /home/pi/ros2_ws/install/lslidar_msgs/include/lslidar_msgs/lslidar_msgs/msg/detail/lslidar_difop__traits.hpp
[7.115s] -- Up-to-date: /home/pi/ros2_ws/install/lslidar_msgs/include/lslidar_msgs/lslidar_msgs/msg/detail/lslidar_point__struct.hpp
[7.116s] -- Up-to-date: /home/pi/ros2_ws/install/lslidar_msgs/include/lslidar_msgs/lslidar_msgs/msg/detail/lslidar_packet__type_support.hpp
[7.117s] -- Up-to-date: /home/pi/ros2_ws/install/lslidar_msgs/include/lslidar_msgs/lslidar_msgs/msg/detail/lslidar_scan__type_support.hpp
[7.118s] -- Up-to-date: /home/pi/ros2_ws/install/lslidar_msgs/include/lslidar_msgs/lslidar_msgs/msg/detail/lslidar_packet__builder.hpp
[7.120s] -- Up-to-date: /home/pi/ros2_ws/install/lslidar_msgs/include/lslidar_msgs/lslidar_msgs/msg/rosidl_generator_cpp__visibility_control.hpp
[7.121s] -- Up-to-date: /home/pi/ros2_ws/install/lslidar_msgs/include/lslidar_msgs/lslidar_msgs
[7.122s] -- Up-to-date: /home/pi/ros2_ws/install/lslidar_msgs/include/lslidar_msgs/lslidar_msgs/msg
[7.123s] -- Up-to-date: /home/pi/ros2_ws/install/lslidar_msgs/include/lslidar_msgs/lslidar_msgs/msg/rosidl_typesupport_fastrtps_cpp__visibility_control.h
[7.124s] -- Up-to-date: /home/pi/ros2_ws/install/lslidar_msgs/include/lslidar_msgs/lslidar_msgs/msg/detail
[7.129s] -- Up-to-date: /home/pi/ros2_ws/install/lslidar_msgs/include/lslidar_msgs/lslidar_msgs/msg/detail/dds_fastrtps
[7.134s] -- Up-to-date: /home/pi/ros2_ws/install/lslidar_msgs/include/lslidar_msgs/lslidar_msgs/msg/detail/lslidar_packet__rosidl_typesupport_fastrtps_cpp.hpp
[7.148s] -- Up-to-date: /home/pi/ros2_ws/install/lslidar_msgs/include/lslidar_msgs/lslidar_msgs/msg/detail/lslidar_sweep__rosidl_typesupport_fastrtps_cpp.hpp
[7.152s] -- Up-to-date: /home/pi/ros2_ws/install/lslidar_msgs/include/lslidar_msgs/lslidar_msgs/msg/detail/lslidar_scan__rosidl_typesupport_fastrtps_cpp.hpp
[7.155s] -- Up-to-date: /home/pi/ros2_ws/install/lslidar_msgs/include/lslidar_msgs/lslidar_msgs/msg/detail/lslidar_difop__rosidl_typesupport_fastrtps_cpp.hpp
[7.162s] -- Up-to-date: /home/pi/ros2_ws/install/lslidar_msgs/include/lslidar_msgs/lslidar_msgs/msg/detail/lslidar_point__rosidl_typesupport_fastrtps_cpp.hpp
[7.163s] -- Up-to-date: /home/pi/ros2_ws/install/lslidar_msgs/lib/liblslidar_msgs__rosidl_typesupport_fastrtps_cpp.so
[7.164s] -- Up-to-date: /home/pi/ros2_ws/install/lslidar_msgs/include/lslidar_msgs/lslidar_msgs
[7.165s] -- Up-to-date: /home/pi/ros2_ws/install/lslidar_msgs/include/lslidar_msgs/lslidar_msgs/msg
[7.167s] -- Up-to-date: /home/pi/ros2_ws/install/lslidar_msgs/include/lslidar_msgs/lslidar_msgs/msg/detail
[7.168s] -- Up-to-date: /home/pi/ros2_ws/install/lslidar_msgs/include/lslidar_msgs/lslidar_msgs/msg/detail/lslidar_sweep__rosidl_typesupport_introspection_c.h
[7.169s] -- Up-to-date: /home/pi/ros2_ws/install/lslidar_msgs/include/lslidar_msgs/lslidar_msgs/msg/detail/lslidar_difop__rosidl_typesupport_introspection_c.h
[7.171s] -- Up-to-date: /home/pi/ros2_ws/install/lslidar_msgs/include/lslidar_msgs/lslidar_msgs/msg/detail/lslidar_scan__type_support.c
[7.172s] -- Up-to-date: /home/pi/ros2_ws/install/lslidar_msgs/include/lslidar_msgs/lslidar_msgs/msg/detail/lslidar_point__rosidl_typesupport_introspection_c.h
[7.173s] -- Up-to-date: /home/pi/ros2_ws/install/lslidar_msgs/include/lslidar_msgs/lslidar_msgs/msg/detail/lslidar_scan__rosidl_typesupport_introspection_c.h
[7.176s] -- Up-to-date: /home/pi/ros2_ws/install/lslidar_msgs/include/lslidar_msgs/lslidar_msgs/msg/detail/lslidar_packet__rosidl_typesupport_introspection_c.h
[7.177s] -- Up-to-date: /home/pi/ros2_ws/install/lslidar_msgs/include/lslidar_msgs/lslidar_msgs/msg/detail/lslidar_difop__type_support.c
[7.179s] -- Up-to-date: /home/pi/ros2_ws/install/lslidar_msgs/include/lslidar_msgs/lslidar_msgs/msg/detail/lslidar_packet__type_support.c
[7.180s] -- Up-to-date: /home/pi/ros2_ws/install/lslidar_msgs/include/lslidar_msgs/lslidar_msgs/msg/detail/lslidar_point__type_support.c
[7.181s] -- Up-to-date: /home/pi/ros2_ws/install/lslidar_msgs/include/lslidar_msgs/lslidar_msgs/msg/detail/lslidar_sweep__type_support.c
[7.183s] -- Up-to-date: /home/pi/ros2_ws/install/lslidar_msgs/include/lslidar_msgs/lslidar_msgs/msg/rosidl_typesupport_introspection_c__visibility_control.h
[7.184s] -- Up-to-date: /home/pi/ros2_ws/install/lslidar_msgs/lib/liblslidar_msgs__rosidl_typesupport_introspection_c.so
[7.185s] -- Up-to-date: /home/pi/ros2_ws/install/lslidar_msgs/lib/liblslidar_msgs__rosidl_typesupport_c.so
[7.186s] -- Up-to-date: /home/pi/ros2_ws/install/lslidar_msgs/include/lslidar_msgs/lslidar_msgs
[7.187s] -- Up-to-date: /home/pi/ros2_ws/install/lslidar_msgs/include/lslidar_msgs/lslidar_msgs/msg
[7.188s] -- Up-to-date: /home/pi/ros2_ws/install/lslidar_msgs/include/lslidar_msgs/lslidar_msgs/msg/detail
[7.189s] -- Up-to-date: /home/pi/ros2_ws/install/lslidar_msgs/include/lslidar_msgs/lslidar_msgs/msg/detail/lslidar_point__type_support.cpp
[7.212s] -- Up-to-date: /home/pi/ros2_ws/install/lslidar_msgs/include/lslidar_msgs/lslidar_msgs/msg/detail/lslidar_packet__rosidl_typesupport_introspection_cpp.hpp
[7.214s] -- Up-to-date: /home/pi/ros2_ws/install/lslidar_msgs/include/lslidar_msgs/lslidar_msgs/msg/detail/lslidar_packet__type_support.cpp
[7.216s] -- Up-to-date: /home/pi/ros2_ws/install/lslidar_msgs/include/lslidar_msgs/lslidar_msgs/msg/detail/lslidar_sweep__type_support.cpp
[7.218s] -- Up-to-date: /home/pi/ros2_ws/install/lslidar_msgs/include/lslidar_msgs/lslidar_msgs/msg/detail/lslidar_scan__rosidl_typesupport_introspection_cpp.hpp
[7.220s] -- Up-to-date: /home/pi/ros2_ws/install/lslidar_msgs/include/lslidar_msgs/lslidar_msgs/msg/detail/lslidar_difop__type_support.cpp
[7.221s] -- Up-to-date: /home/pi/ros2_ws/install/lslidar_msgs/include/lslidar_msgs/lslidar_msgs/msg/detail/lslidar_difop__rosidl_typesupport_introspection_cpp.hpp
[7.236s] -- Up-to-date: /home/pi/ros2_ws/install/lslidar_msgs/include/lslidar_msgs/lslidar_msgs/msg/detail/lslidar_sweep__rosidl_typesupport_introspection_cpp.hpp
[7.238s] -- Up-to-date: /home/pi/ros2_ws/install/lslidar_msgs/include/lslidar_msgs/lslidar_msgs/msg/detail/lslidar_scan__type_support.cpp
[7.239s] -- Up-to-date: /home/pi/ros2_ws/install/lslidar_msgs/include/lslidar_msgs/lslidar_msgs/msg/detail/lslidar_point__rosidl_typesupport_introspection_cpp.hpp
[7.240s] -- Up-to-date: /home/pi/ros2_ws/install/lslidar_msgs/lib/liblslidar_msgs__rosidl_typesupport_introspection_cpp.so
[7.241s] -- Up-to-date: /home/pi/ros2_ws/install/lslidar_msgs/lib/liblslidar_msgs__rosidl_typesupport_cpp.so
[7.243s] -- Up-to-date: /home/pi/ros2_ws/install/lslidar_msgs/share/lslidar_msgs/environment/pythonpath.sh
[7.244s] -- Up-to-date: /home/pi/ros2_ws/install/lslidar_msgs/share/lslidar_msgs/environment/pythonpath.dsv
[7.245s] -- Up-to-date: /home/pi/ros2_ws/install/lslidar_msgs/local/lib/python3.10/dist-packages/lslidar_msgs-1.2.0-py3.10.egg-info
[7.246s] -- Installing: /home/pi/ros2_ws/install/lslidar_msgs/local/lib/python3.10/dist-packages/lslidar_msgs-1.2.0-py3.10.egg-info/PKG-INFO
[7.247s] -- Installing: /home/pi/ros2_ws/install/lslidar_msgs/local/lib/python3.10/dist-packages/lslidar_msgs-1.2.0-py3.10.egg-info/top_level.txt
[7.249s] -- Installing: /home/pi/ros2_ws/install/lslidar_msgs/local/lib/python3.10/dist-packages/lslidar_msgs-1.2.0-py3.10.egg-info/SOURCES.txt
[7.250s] -- Installing: /home/pi/ros2_ws/install/lslidar_msgs/local/lib/python3.10/dist-packages/lslidar_msgs-1.2.0-py3.10.egg-info/dependency_links.txt
[7.251s] -- Up-to-date: /home/pi/ros2_ws/install/lslidar_msgs/local/lib/python3.10/dist-packages/lslidar_msgs
[7.252s] -- Up-to-date: /home/pi/ros2_ws/install/lslidar_msgs/local/lib/python3.10/dist-packages/lslidar_msgs/_lslidar_msgs_s.ep.rosidl_typesupport_introspection_c.c
[7.253s] -- Up-to-date: /home/pi/ros2_ws/install/lslidar_msgs/local/lib/python3.10/dist-packages/lslidar_msgs/_lslidar_msgs_s.ep.rosidl_typesupport_c.c
[7.274s] -- Up-to-date: /home/pi/ros2_ws/install/lslidar_msgs/local/lib/python3.10/dist-packages/lslidar_msgs/__init__.py
[7.276s] -- Up-to-date: /home/pi/ros2_ws/install/lslidar_msgs/local/lib/python3.10/dist-packages/lslidar_msgs/lslidar_msgs_s__rosidl_typesupport_fastrtps_c.cpython-310-aarch64-linux-gnu.so
[7.277s] -- Up-to-date: /home/pi/ros2_ws/install/lslidar_msgs/local/lib/python3.10/dist-packages/lslidar_msgs/liblslidar_msgs__rosidl_generator_py.so
[7.287s] -- Up-to-date: /home/pi/ros2_ws/install/lslidar_msgs/local/lib/python3.10/dist-packages/lslidar_msgs/lslidar_msgs_s__rosidl_typesupport_c.cpython-310-aarch64-linux-gnu.so
[7.289s] -- Up-to-date: /home/pi/ros2_ws/install/lslidar_msgs/local/lib/python3.10/dist-packages/lslidar_msgs/msg
[7.290s] -- Up-to-date: /home/pi/ros2_ws/install/lslidar_msgs/local/lib/python3.10/dist-packages/lslidar_msgs/msg/__init__.py
[7.292s] -- Up-to-date: /home/pi/ros2_ws/install/lslidar_msgs/local/lib/python3.10/dist-packages/lslidar_msgs/msg/_lslidar_scan.py
[7.293s] -- Up-to-date: /home/pi/ros2_ws/install/lslidar_msgs/local/lib/python3.10/dist-packages/lslidar_msgs/msg/_lslidar_scan_s.c
[7.294s] -- Up-to-date: /home/pi/ros2_ws/install/lslidar_msgs/local/lib/python3.10/dist-packages/lslidar_msgs/msg/_lslidar_packet_s.c
[7.295s] -- Up-to-date: /home/pi/ros2_ws/install/lslidar_msgs/local/lib/python3.10/dist-packages/lslidar_msgs/msg/_lslidar_difop.py
[7.297s] -- Up-to-date: /home/pi/ros2_ws/install/lslidar_msgs/local/lib/python3.10/dist-packages/lslidar_msgs/msg/_lslidar_sweep.py
[7.306s] -- Up-to-date: /home/pi/ros2_ws/install/lslidar_msgs/local/lib/python3.10/dist-packages/lslidar_msgs/msg/_lslidar_point_s.c
[7.308s] -- Up-to-date: /home/pi/ros2_ws/install/lslidar_msgs/local/lib/python3.10/dist-packages/lslidar_msgs/msg/_lslidar_packet.py
[7.309s] -- Up-to-date: /home/pi/ros2_ws/install/lslidar_msgs/local/lib/python3.10/dist-packages/lslidar_msgs/msg/_lslidar_point.py
[7.311s] -- Up-to-date: /home/pi/ros2_ws/install/lslidar_msgs/local/lib/python3.10/dist-packages/lslidar_msgs/msg/_lslidar_difop_s.c
[7.312s] -- Up-to-date: /home/pi/ros2_ws/install/lslidar_msgs/local/lib/python3.10/dist-packages/lslidar_msgs/msg/_lslidar_sweep_s.c
[7.313s] -- Up-to-date: /home/pi/ros2_ws/install/lslidar_msgs/local/lib/python3.10/dist-packages/lslidar_msgs/lslidar_msgs_s__rosidl_typesupport_introspection_c.cpython-310-aarch64-linux-gnu.so
[7.319s] -- Up-to-date: /home/pi/ros2_ws/install/lslidar_msgs/local/lib/python3.10/dist-packages/lslidar_msgs/_lslidar_msgs_s.ep.rosidl_typesupport_fastrtps_c.c
[7.524s] Listing '/home/pi/ros2_ws/install/lslidar_msgs/local/lib/python3.10/dist-packages/lslidar_msgs'...
[7.525s] Listing '/home/pi/ros2_ws/install/lslidar_msgs/local/lib/python3.10/dist-packages/lslidar_msgs/msg'...
[7.589s] -- Up-to-date: /home/pi/ros2_ws/install/lslidar_msgs/local/lib/python3.10/dist-packages/lslidar_msgs/lslidar_msgs_s__rosidl_typesupport_fastrtps_c.cpython-310-aarch64-linux-gnu.so
[7.598s] -- Up-to-date: /home/pi/ros2_ws/install/lslidar_msgs/local/lib/python3.10/dist-packages/lslidar_msgs/lslidar_msgs_s__rosidl_typesupport_introspection_c.cpython-310-aarch64-linux-gnu.so
[7.607s] -- Up-to-date: /home/pi/ros2_ws/install/lslidar_msgs/local/lib/python3.10/dist-packages/lslidar_msgs/lslidar_msgs_s__rosidl_typesupport_c.cpython-310-aarch64-linux-gnu.so
[7.617s] -- Up-to-date: /home/pi/ros2_ws/install/lslidar_msgs/lib/liblslidar_msgs__rosidl_generator_py.so
[7.623s] -- Up-to-date: /home/pi/ros2_ws/install/lslidar_msgs/share/lslidar_msgs/msg/LslidarDifop.idl
[7.627s] -- Up-to-date: /home/pi/ros2_ws/install/lslidar_msgs/share/lslidar_msgs/msg/LslidarPacket.idl
[7.630s] -- Up-to-date: /home/pi/ros2_ws/install/lslidar_msgs/share/lslidar_msgs/msg/LslidarPoint.idl
[7.633s] -- Up-to-date: /home/pi/ros2_ws/install/lslidar_msgs/share/lslidar_msgs/msg/LslidarScan.idl
[7.637s] -- Up-to-date: /home/pi/ros2_ws/install/lslidar_msgs/share/lslidar_msgs/msg/LslidarSweep.idl
[7.640s] -- Up-to-date: /home/pi/ros2_ws/install/lslidar_msgs/share/lslidar_msgs/msg/LslidarDifop.msg
[7.643s] -- Up-to-date: /home/pi/ros2_ws/install/lslidar_msgs/share/lslidar_msgs/msg/LslidarPacket.msg
[7.649s] -- Up-to-date: /home/pi/ros2_ws/install/lslidar_msgs/share/lslidar_msgs/msg/LslidarPoint.msg
[7.652s] -- Up-to-date: /home/pi/ros2_ws/install/lslidar_msgs/share/lslidar_msgs/msg/LslidarScan.msg
[7.656s] -- Up-to-date: /home/pi/ros2_ws/install/lslidar_msgs/share/lslidar_msgs/msg/LslidarSweep.msg
[7.676s] -- Up-to-date: /home/pi/ros2_ws/install/lslidar_msgs/share/ament_index/resource_index/package_run_dependencies/lslidar_msgs
[7.678s] -- Up-to-date: /home/pi/ros2_ws/install/lslidar_msgs/share/ament_index/resource_index/parent_prefix_path/lslidar_msgs
[7.679s] -- Up-to-date: /home/pi/ros2_ws/install/lslidar_msgs/share/lslidar_msgs/environment/ament_prefix_path.sh
[7.698s] -- Up-to-date: /home/pi/ros2_ws/install/lslidar_msgs/share/lslidar_msgs/environment/ament_prefix_path.dsv
[7.699s] -- Up-to-date: /home/pi/ros2_ws/install/lslidar_msgs/share/lslidar_msgs/environment/path.sh
[7.700s] -- Up-to-date: /home/pi/ros2_ws/install/lslidar_msgs/share/lslidar_msgs/environment/path.dsv
[7.701s] -- Up-to-date: /home/pi/ros2_ws/install/lslidar_msgs/share/lslidar_msgs/local_setup.bash
[7.703s] -- Up-to-date: /home/pi/ros2_ws/install/lslidar_msgs/share/lslidar_msgs/local_setup.sh
[7.705s] -- Up-to-date: /home/pi/ros2_ws/install/lslidar_msgs/share/lslidar_msgs/local_setup.zsh
[7.706s] -- Up-to-date: /home/pi/ros2_ws/install/lslidar_msgs/share/lslidar_msgs/local_setup.dsv
[7.707s] -- Installing: /home/pi/ros2_ws/install/lslidar_msgs/share/lslidar_msgs/package.dsv
[7.713s] -- Up-to-date: /home/pi/ros2_ws/install/lslidar_msgs/share/ament_index/resource_index/packages/lslidar_msgs
[7.718s] -- Up-to-date: /home/pi/ros2_ws/install/lslidar_msgs/share/lslidar_msgs/cmake/export_lslidar_msgs__rosidl_generator_cExport.cmake
[7.730s] -- Up-to-date: /home/pi/ros2_ws/install/lslidar_msgs/share/lslidar_msgs/cmake/export_lslidar_msgs__rosidl_generator_cExport-noconfig.cmake
[7.731s] -- Up-to-date: /home/pi/ros2_ws/install/lslidar_msgs/share/lslidar_msgs/cmake/export_lslidar_msgs__rosidl_typesupport_fastrtps_cExport.cmake
[7.733s] -- Up-to-date: /home/pi/ros2_ws/install/lslidar_msgs/share/lslidar_msgs/cmake/export_lslidar_msgs__rosidl_typesupport_fastrtps_cExport-noconfig.cmake
[7.734s] -- Up-to-date: /home/pi/ros2_ws/install/lslidar_msgs/share/lslidar_msgs/cmake/export_lslidar_msgs__rosidl_generator_cppExport.cmake
[7.735s] -- Up-to-date: /home/pi/ros2_ws/install/lslidar_msgs/share/lslidar_msgs/cmake/export_lslidar_msgs__rosidl_typesupport_fastrtps_cppExport.cmake
[7.736s] -- Up-to-date: /home/pi/ros2_ws/install/lslidar_msgs/share/lslidar_msgs/cmake/export_lslidar_msgs__rosidl_typesupport_fastrtps_cppExport-noconfig.cmake
[7.737s] -- Up-to-date: /home/pi/ros2_ws/install/lslidar_msgs/share/lslidar_msgs/cmake/lslidar_msgs__rosidl_typesupport_introspection_cExport.cmake
[7.739s] -- Up-to-date: /home/pi/ros2_ws/install/lslidar_msgs/share/lslidar_msgs/cmake/lslidar_msgs__rosidl_typesupport_introspection_cExport-noconfig.cmake
[7.741s] -- Up-to-date: /home/pi/ros2_ws/install/lslidar_msgs/share/lslidar_msgs/cmake/lslidar_msgs__rosidl_typesupport_cExport.cmake
[7.747s] -- Up-to-date: /home/pi/ros2_ws/install/lslidar_msgs/share/lslidar_msgs/cmake/lslidar_msgs__rosidl_typesupport_cExport-noconfig.cmake
[7.763s] -- Up-to-date: /home/pi/ros2_ws/install/lslidar_msgs/share/lslidar_msgs/cmake/lslidar_msgs__rosidl_typesupport_introspection_cppExport.cmake
[7.765s] -- Up-to-date: /home/pi/ros2_ws/install/lslidar_msgs/share/lslidar_msgs/cmake/lslidar_msgs__rosidl_typesupport_introspection_cppExport-noconfig.cmake
[7.766s] -- Up-to-date: /home/pi/ros2_ws/install/lslidar_msgs/share/lslidar_msgs/cmake/lslidar_msgs__rosidl_typesupport_cppExport.cmake
[7.768s] -- Up-to-date: /home/pi/ros2_ws/install/lslidar_msgs/share/lslidar_msgs/cmake/lslidar_msgs__rosidl_typesupport_cppExport-noconfig.cmake
[7.769s] -- Up-to-date: /home/pi/ros2_ws/install/lslidar_msgs/share/lslidar_msgs/cmake/export_lslidar_msgs__rosidl_generator_pyExport.cmake
[7.770s] -- Up-to-date: /home/pi/ros2_ws/install/lslidar_msgs/share/lslidar_msgs/cmake/export_lslidar_msgs__rosidl_generator_pyExport-noconfig.cmake
[7.772s] -- Up-to-date: /home/pi/ros2_ws/install/lslidar_msgs/share/lslidar_msgs/cmake/rosidl_cmake-extras.cmake
[7.773s] -- Up-to-date: /home/pi/ros2_ws/install/lslidar_msgs/share/lslidar_msgs/cmake/ament_cmake_export_dependencies-extras.cmake
[7.775s] -- Up-to-date: /home/pi/ros2_ws/install/lslidar_msgs/share/lslidar_msgs/cmake/ament_cmake_export_include_directories-extras.cmake
[7.776s] -- Up-to-date: /home/pi/ros2_ws/install/lslidar_msgs/share/lslidar_msgs/cmake/ament_cmake_export_libraries-extras.cmake
[7.778s] -- Up-to-date: /home/pi/ros2_ws/install/lslidar_msgs/share/lslidar_msgs/cmake/ament_cmake_export_targets-extras.cmake
[7.779s] -- Up-to-date: /home/pi/ros2_ws/install/lslidar_msgs/share/lslidar_msgs/cmake/rosidl_cmake_export_typesupport_targets-extras.cmake
[7.780s] -- Up-to-date: /home/pi/ros2_ws/install/lslidar_msgs/share/lslidar_msgs/cmake/rosidl_cmake_export_typesupport_libraries-extras.cmake
[7.781s] -- Up-to-date: /home/pi/ros2_ws/install/lslidar_msgs/share/lslidar_msgs/cmake/lslidar_msgsConfig.cmake
[7.799s] -- Up-to-date: /home/pi/ros2_ws/install/lslidar_msgs/share/lslidar_msgs/cmake/lslidar_msgsConfig-version.cmake
[7.800s] -- Up-to-date: /home/pi/ros2_ws/install/lslidar_msgs/share/lslidar_msgs/package.xml
[7.802s] Invoked command in '/home/pi/ros2_ws/build/lslidar_msgs' returned '0': CMAKE_PREFIX_PATH=${CMAKE_PREFIX_PATH}:/home/pi/ros2_ws/install/teleop_twist_keyboard:/home/pi/ros2_ws/install/serial_control:/home/pi/ros2_ws/install/serbot_controller:/home/pi/ros2_ws/install/my_car_controller:/opt/ros/humble /usr/bin/cmake --install /home/pi/ros2_ws/build/lslidar_msgs
