[0.103s] Invoking command in '/home/pi/ros2_ws/build/serbot_description': CMAKE_PREFIX_PATH=${CMAKE_PREFIX_PATH}:/home/pi/ros2_ws/install/teleop_twist_keyboard:/home/pi/ros2_ws/install/serial_control:/home/pi/ros2_ws/install/serbot_controller:/home/pi/ros2_ws/install/my_car_controller:/opt/ros/humble /usr/bin/cmake /home/pi/ros2_ws/src/serbot_description -DCMAKE_INSTALL_PREFIX=/home/pi/ros2_ws/install/serbot_description
[0.256s] -- Found ament_cmake: 1.3.11 (/opt/ros/humble/share/ament_cmake/cmake)
[2.127s] -- Override CMake install command with custom implementation using symlinks instead of copying resources
[2.234s] -- Found ament_lint_auto: 0.12.12 (/opt/ros/humble/share/ament_lint_auto/cmake)
[3.229s] -- Added test 'flake8' to check Python code syntax and style conventions
[3.237s] -- Added test 'lint_cmake' to check CMake code style
[3.243s] -- Added test 'pep257' to check Python code against some of the docstring style conventions in PEP 257
[3.267s] -- Added test 'xmllint' to check XML markup files
[3.283s] -- Configuring done
[3.339s] -- Generating done
[3.367s] -- Build files have been written to: /home/pi/ros2_ws/build/serbot_description
[3.406s] Invoked command in '/home/pi/ros2_ws/build/serbot_description' returned '0': CMAKE_PREFIX_PATH=${CMAKE_PREFIX_PATH}:/home/pi/ros2_ws/install/teleop_twist_keyboard:/home/pi/ros2_ws/install/serial_control:/home/pi/ros2_ws/install/serbot_controller:/home/pi/ros2_ws/install/my_car_controller:/opt/ros/humble /usr/bin/cmake /home/pi/ros2_ws/src/serbot_description -DCMAKE_INSTALL_PREFIX=/home/pi/ros2_ws/install/serbot_description
[3.409s] Invoking command in '/home/pi/ros2_ws/build/serbot_description': CMAKE_PREFIX_PATH=${CMAKE_PREFIX_PATH}:/home/pi/ros2_ws/install/teleop_twist_keyboard:/home/pi/ros2_ws/install/serial_control:/home/pi/ros2_ws/install/serbot_controller:/home/pi/ros2_ws/install/my_car_controller:/opt/ros/humble /usr/bin/cmake --build /home/pi/ros2_ws/build/serbot_description -- -j4 -l4
[3.815s] Invoked command in '/home/pi/ros2_ws/build/serbot_description' returned '0': CMAKE_PREFIX_PATH=${CMAKE_PREFIX_PATH}:/home/pi/ros2_ws/install/teleop_twist_keyboard:/home/pi/ros2_ws/install/serial_control:/home/pi/ros2_ws/install/serbot_controller:/home/pi/ros2_ws/install/my_car_controller:/opt/ros/humble /usr/bin/cmake --build /home/pi/ros2_ws/build/serbot_description -- -j4 -l4
[3.831s] Invoking command in '/home/pi/ros2_ws/build/serbot_description': CMAKE_PREFIX_PATH=${CMAKE_PREFIX_PATH}:/home/pi/ros2_ws/install/teleop_twist_keyboard:/home/pi/ros2_ws/install/serial_control:/home/pi/ros2_ws/install/serbot_controller:/home/pi/ros2_ws/install/my_car_controller:/opt/ros/humble /usr/bin/cmake --install /home/pi/ros2_ws/build/serbot_description
[3.927s] -- Install configuration: ""
[3.935s] -- Execute custom install script
[3.944s] -- Up-to-date symlink: /home/pi/ros2_ws/install/serbot_description/share/serbot_description/urdf/serbot.urdf
[3.949s] -- Up-to-date symlink: /home/pi/ros2_ws/install/serbot_description/share/serbot_description/urdf/serbot2.urdf
[3.953s] -- Up-to-date symlink: /home/pi/ros2_ws/install/serbot_description/share/serbot_description/urdf/serbot3.urdf
[3.960s] -- Up-to-date symlink: /home/pi/ros2_ws/install/serbot_description/share/serbot_description/launch/display.launch.py
[3.966s] -- Up-to-date symlink: /home/pi/ros2_ws/install/serbot_description/share/ament_index/resource_index/package_run_dependencies/serbot_description
[3.972s] -- Up-to-date symlink: /home/pi/ros2_ws/install/serbot_description/share/ament_index/resource_index/parent_prefix_path/serbot_description
[3.979s] -- Up-to-date symlink: /home/pi/ros2_ws/install/serbot_description/share/serbot_description/environment/ament_prefix_path.sh
[3.984s] -- Up-to-date symlink: /home/pi/ros2_ws/install/serbot_description/share/serbot_description/environment/ament_prefix_path.dsv
[3.990s] -- Up-to-date symlink: /home/pi/ros2_ws/install/serbot_description/share/serbot_description/environment/path.sh
[3.995s] -- Up-to-date symlink: /home/pi/ros2_ws/install/serbot_description/share/serbot_description/environment/path.dsv
[4.000s] -- Up-to-date symlink: /home/pi/ros2_ws/install/serbot_description/share/serbot_description/local_setup.bash
[4.006s] -- Up-to-date symlink: /home/pi/ros2_ws/install/serbot_description/share/serbot_description/local_setup.sh
[4.011s] -- Up-to-date symlink: /home/pi/ros2_ws/install/serbot_description/share/serbot_description/local_setup.zsh
[4.016s] -- Up-to-date symlink: /home/pi/ros2_ws/install/serbot_description/share/serbot_description/local_setup.dsv
[4.020s] -- Symlinking: /home/pi/ros2_ws/install/serbot_description/share/serbot_description/package.dsv
[4.136s] -- Up-to-date symlink: /home/pi/ros2_ws/install/serbot_description/share/ament_index/resource_index/packages/serbot_description
[4.143s] -- Up-to-date symlink: /home/pi/ros2_ws/install/serbot_description/share/serbot_description/cmake/serbot_descriptionConfig.cmake
[4.150s] -- Up-to-date symlink: /home/pi/ros2_ws/install/serbot_description/share/serbot_description/cmake/serbot_descriptionConfig-version.cmake
[4.157s] -- Up-to-date symlink: /home/pi/ros2_ws/install/serbot_description/share/serbot_description/package.xml
[4.188s] Invoked command in '/home/pi/ros2_ws/build/serbot_description' returned '0': CMAKE_PREFIX_PATH=${CMAKE_PREFIX_PATH}:/home/pi/ros2_ws/install/teleop_twist_keyboard:/home/pi/ros2_ws/install/serial_control:/home/pi/ros2_ws/install/serbot_controller:/home/pi/ros2_ws/install/my_car_controller:/opt/ros/humble /usr/bin/cmake --install /home/pi/ros2_ws/build/serbot_description
