[0.095s] Invoking command in '/home/pi/ros2_ws/build/serbot_description': CMAKE_PREFIX_PATH=${CMAKE_PREFIX_PATH}:/home/pi/ros2_ws/install/serial_control:/home/pi/ros2_ws/install/serbot_controller:/home/pi/ros2_ws/install/teleop_twist_keyboard:/home/pi/ros2_ws/install/my_car_controller:/opt/ros/humble /usr/bin/cmake --build /home/pi/ros2_ws/build/serbot_description -- -j4 -l4
[0.508s] Invoked command in '/home/pi/ros2_ws/build/serbot_description' returned '0': CMAKE_PREFIX_PATH=${CMAKE_PREFIX_PATH}:/home/pi/ros2_ws/install/serial_control:/home/pi/ros2_ws/install/serbot_controller:/home/pi/ros2_ws/install/teleop_twist_keyboard:/home/pi/ros2_ws/install/my_car_controller:/opt/ros/humble /usr/bin/cmake --build /home/pi/ros2_ws/build/serbot_description -- -j4 -l4
[0.514s] Invoking command in '/home/pi/ros2_ws/build/serbot_description': CMAKE_PREFIX_PATH=${CMAKE_PREFIX_PATH}:/home/pi/ros2_ws/install/serial_control:/home/pi/ros2_ws/install/serbot_controller:/home/pi/ros2_ws/install/teleop_twist_keyboard:/home/pi/ros2_ws/install/my_car_controller:/opt/ros/humble /usr/bin/cmake --install /home/pi/ros2_ws/build/serbot_description
[0.597s] -- Install configuration: ""
[0.600s] -- Up-to-date: /home/pi/ros2_ws/install/serbot_description/share/serbot_description/urdf
[0.603s] -- Up-to-date: /home/pi/ros2_ws/install/serbot_description/share/serbot_description/urdf/serbot.urdf
[0.606s] -- Up-to-date: /home/pi/ros2_ws/install/serbot_description/share/serbot_description/urdf/serbot2.urdf
[0.608s] -- Up-to-date: /home/pi/ros2_ws/install/serbot_description/share/serbot_description/urdf/serbot3.urdf
[0.614s] -- Up-to-date: /home/pi/ros2_ws/install/serbot_description/share/serbot_description/launch
[0.617s] -- Up-to-date: /home/pi/ros2_ws/install/serbot_description/share/serbot_description/launch/display.launch.py
[0.620s] -- Up-to-date: /home/pi/ros2_ws/install/serbot_description/share/ament_index/resource_index/package_run_dependencies/serbot_description
[0.623s] -- Up-to-date: /home/pi/ros2_ws/install/serbot_description/share/ament_index/resource_index/parent_prefix_path/serbot_description
[0.626s] -- Up-to-date: /home/pi/ros2_ws/install/serbot_description/share/serbot_description/environment/ament_prefix_path.sh
[0.629s] -- Up-to-date: /home/pi/ros2_ws/install/serbot_description/share/serbot_description/environment/ament_prefix_path.dsv
[0.631s] -- Up-to-date: /home/pi/ros2_ws/install/serbot_description/share/serbot_description/environment/path.sh
[0.634s] -- Up-to-date: /home/pi/ros2_ws/install/serbot_description/share/serbot_description/environment/path.dsv
[0.637s] -- Up-to-date: /home/pi/ros2_ws/install/serbot_description/share/serbot_description/local_setup.bash
[0.640s] -- Up-to-date: /home/pi/ros2_ws/install/serbot_description/share/serbot_description/local_setup.sh
[0.643s] -- Up-to-date: /home/pi/ros2_ws/install/serbot_description/share/serbot_description/local_setup.zsh
[0.646s] -- Up-to-date: /home/pi/ros2_ws/install/serbot_description/share/serbot_description/local_setup.dsv
[0.649s] -- Installing: /home/pi/ros2_ws/install/serbot_description/share/serbot_description/package.dsv
[0.654s] -- Up-to-date: /home/pi/ros2_ws/install/serbot_description/share/ament_index/resource_index/packages/serbot_description
[0.657s] -- Up-to-date: /home/pi/ros2_ws/install/serbot_description/share/serbot_description/cmake/serbot_descriptionConfig.cmake
[0.660s] -- Up-to-date: /home/pi/ros2_ws/install/serbot_description/share/serbot_description/cmake/serbot_descriptionConfig-version.cmake
[0.662s] -- Up-to-date: /home/pi/ros2_ws/install/serbot_description/share/serbot_description/package.xml
[0.678s] Invoked command in '/home/pi/ros2_ws/build/serbot_description' returned '0': CMAKE_PREFIX_PATH=${CMAKE_PREFIX_PATH}:/home/pi/ros2_ws/install/serial_control:/home/pi/ros2_ws/install/serbot_controller:/home/pi/ros2_ws/install/teleop_twist_keyboard:/home/pi/ros2_ws/install/my_car_controller:/opt/ros/humble /usr/bin/cmake --install /home/pi/ros2_ws/build/serbot_description
