[1.205s] DEBUG:colcon:Command line arguments: ['/usr/bin/colcon', 'build']
[1.206s] DEBUG:colcon:Parsed command line arguments: Namespace(log_base=None, log_level=None, verb_name='build', build_base='build', install_base='install', merge_install=False, symlink_install=False, test_result_base=None, continue_on_error=False, executor='parallel', parallel_workers=4, event_handlers=None, ignore_user_meta=False, metas=['./colcon.meta'], base_paths=['.'], packages_ignore=None, packages_ignore_regex=None, paths=None, packages_up_to=None, packages_up_to_regex=None, packages_above=None, packages_above_and_dependencies=None, packages_above_depth=None, packages_select_by_dep=None, packages_skip_by_dep=None, packages_skip_up_to=None, packages_select_build_failed=False, packages_skip_build_finished=False, packages_select_test_failures=False, packages_skip_test_passed=False, packages_select=None, packages_skip=None, packages_select_regex=None, packages_skip_regex=None, packages_start=None, packages_end=None, allow_overriding=[], cmake_args=None, cmake_target=None, cmake_target_skip_unavailable=False, cmake_clean_cache=False, cmake_clean_first=False, cmake_force_configure=False, ament_cmake_args=None, catkin_cmake_args=None, catkin_skip_building_tests=False, mixin_files=None, mixin=None, verb_parser=<colcon_mixin.mixin.mixin_argument.MixinArgumentDecorator object at 0xffffb99013c0>, verb_extension=<colcon_core.verb.build.BuildVerb object at 0xffffb99fa2c0>, main=<bound method BuildVerb.main of <colcon_core.verb.build.BuildVerb object at 0xffffb99fa2c0>>, mixin_verb=('build',))
[3.550s] Level 1:colcon.colcon_core.package_discovery:discover_packages(colcon_meta) check parameters
[3.551s] Level 1:colcon.colcon_core.package_discovery:discover_packages(recursive) check parameters
[3.551s] Level 1:colcon.colcon_core.package_discovery:discover_packages(ignore) check parameters
[3.552s] Level 1:colcon.colcon_core.package_discovery:discover_packages(path) check parameters
[3.552s] Level 1:colcon.colcon_core.package_discovery:discover_packages(colcon_meta) discover
[3.552s] Level 1:colcon.colcon_core.package_discovery:discover_packages(recursive) discover
[3.553s] INFO:colcon.colcon_core.package_discovery:Crawling recursively for packages in '/home/pi/ros2_ws'
[3.554s] Level 1:colcon.colcon_core.package_identification:_identify(.) by extensions ['ignore', 'ignore_ament_install']
[3.555s] Level 1:colcon.colcon_core.package_identification:_identify(.) by extension 'ignore'
[3.556s] Level 1:colcon.colcon_core.package_identification:_identify(.) by extension 'ignore_ament_install'
[3.556s] Level 1:colcon.colcon_core.package_identification:_identify(.) by extensions ['colcon_pkg']
[3.557s] Level 1:colcon.colcon_core.package_identification:_identify(.) by extension 'colcon_pkg'
[3.557s] Level 1:colcon.colcon_core.package_identification:_identify(.) by extensions ['colcon_meta']
[3.558s] Level 1:colcon.colcon_core.package_identification:_identify(.) by extension 'colcon_meta'
[3.558s] Level 1:colcon.colcon_core.package_identification:_identify(.) by extensions ['ros']
[3.558s] Level 1:colcon.colcon_core.package_identification:_identify(.) by extension 'ros'
[3.698s] Level 1:colcon.colcon_core.package_identification:_identify(.) by extensions ['cmake', 'python']
[3.698s] Level 1:colcon.colcon_core.package_identification:_identify(.) by extension 'cmake'
[3.699s] Level 1:colcon.colcon_core.package_identification:_identify(.) by extension 'python'
[3.699s] Level 1:colcon.colcon_core.package_identification:_identify(.) by extensions ['python_setup_py']
[3.700s] Level 1:colcon.colcon_core.package_identification:_identify(.) by extension 'python_setup_py'
[3.701s] Level 1:colcon.colcon_core.package_identification:_identify(build) by extensions ['ignore', 'ignore_ament_install']
[3.703s] Level 1:colcon.colcon_core.package_identification:_identify(build) by extension 'ignore'
[3.704s] Level 1:colcon.colcon_core.package_identification:_identify(build) ignored
[3.705s] Level 1:colcon.colcon_core.package_identification:_identify(install) by extensions ['ignore', 'ignore_ament_install']
[3.706s] Level 1:colcon.colcon_core.package_identification:_identify(install) by extension 'ignore'
[3.707s] Level 1:colcon.colcon_core.package_identification:_identify(install) ignored
[3.709s] Level 1:colcon.colcon_core.package_identification:_identify(log) by extensions ['ignore', 'ignore_ament_install']
[3.710s] Level 1:colcon.colcon_core.package_identification:_identify(log) by extension 'ignore'
[3.711s] Level 1:colcon.colcon_core.package_identification:_identify(log) ignored
[3.712s] Level 1:colcon.colcon_core.package_identification:_identify(src) by extensions ['ignore', 'ignore_ament_install']
[3.712s] Level 1:colcon.colcon_core.package_identification:_identify(src) by extension 'ignore'
[3.713s] Level 1:colcon.colcon_core.package_identification:_identify(src) by extension 'ignore_ament_install'
[3.714s] Level 1:colcon.colcon_core.package_identification:_identify(src) by extensions ['colcon_pkg']
[3.714s] Level 1:colcon.colcon_core.package_identification:_identify(src) by extension 'colcon_pkg'
[3.715s] Level 1:colcon.colcon_core.package_identification:_identify(src) by extensions ['colcon_meta']
[3.715s] Level 1:colcon.colcon_core.package_identification:_identify(src) by extension 'colcon_meta'
[3.715s] Level 1:colcon.colcon_core.package_identification:_identify(src) by extensions ['ros']
[3.716s] Level 1:colcon.colcon_core.package_identification:_identify(src) by extension 'ros'
[3.717s] Level 1:colcon.colcon_core.package_identification:_identify(src) by extensions ['cmake', 'python']
[3.717s] Level 1:colcon.colcon_core.package_identification:_identify(src) by extension 'cmake'
[3.718s] Level 1:colcon.colcon_core.package_identification:_identify(src) by extension 'python'
[3.718s] Level 1:colcon.colcon_core.package_identification:_identify(src) by extensions ['python_setup_py']
[3.718s] Level 1:colcon.colcon_core.package_identification:_identify(src) by extension 'python_setup_py'
[3.721s] Level 1:colcon.colcon_core.package_identification:_identify(src/Lslidar_ROS2_driver) by extensions ['ignore', 'ignore_ament_install']
[3.722s] Level 1:colcon.colcon_core.package_identification:_identify(src/Lslidar_ROS2_driver) by extension 'ignore'
[3.723s] Level 1:colcon.colcon_core.package_identification:_identify(src/Lslidar_ROS2_driver) by extension 'ignore_ament_install'
[3.723s] Level 1:colcon.colcon_core.package_identification:_identify(src/Lslidar_ROS2_driver) by extensions ['colcon_pkg']
[3.724s] Level 1:colcon.colcon_core.package_identification:_identify(src/Lslidar_ROS2_driver) by extension 'colcon_pkg'
[3.724s] Level 1:colcon.colcon_core.package_identification:_identify(src/Lslidar_ROS2_driver) by extensions ['colcon_meta']
[3.724s] Level 1:colcon.colcon_core.package_identification:_identify(src/Lslidar_ROS2_driver) by extension 'colcon_meta'
[3.725s] Level 1:colcon.colcon_core.package_identification:_identify(src/Lslidar_ROS2_driver) by extensions ['ros']
[3.725s] Level 1:colcon.colcon_core.package_identification:_identify(src/Lslidar_ROS2_driver) by extension 'ros'
[3.727s] Level 1:colcon.colcon_core.package_identification:_identify(src/Lslidar_ROS2_driver) by extensions ['cmake', 'python']
[3.727s] Level 1:colcon.colcon_core.package_identification:_identify(src/Lslidar_ROS2_driver) by extension 'cmake'
[3.727s] Level 1:colcon.colcon_core.package_identification:_identify(src/Lslidar_ROS2_driver) by extension 'python'
[3.728s] Level 1:colcon.colcon_core.package_identification:_identify(src/Lslidar_ROS2_driver) by extensions ['python_setup_py']
[3.728s] Level 1:colcon.colcon_core.package_identification:_identify(src/Lslidar_ROS2_driver) by extension 'python_setup_py'
[3.731s] Level 1:colcon.colcon_core.package_identification:_identify(src/Lslidar_ROS2_driver/lslidar_driver) by extensions ['ignore', 'ignore_ament_install']
[3.732s] Level 1:colcon.colcon_core.package_identification:_identify(src/Lslidar_ROS2_driver/lslidar_driver) by extension 'ignore'
[3.732s] Level 1:colcon.colcon_core.package_identification:_identify(src/Lslidar_ROS2_driver/lslidar_driver) by extension 'ignore_ament_install'
[3.733s] Level 1:colcon.colcon_core.package_identification:_identify(src/Lslidar_ROS2_driver/lslidar_driver) by extensions ['colcon_pkg']
[3.733s] Level 1:colcon.colcon_core.package_identification:_identify(src/Lslidar_ROS2_driver/lslidar_driver) by extension 'colcon_pkg'
[3.734s] Level 1:colcon.colcon_core.package_identification:_identify(src/Lslidar_ROS2_driver/lslidar_driver) by extensions ['colcon_meta']
[3.734s] Level 1:colcon.colcon_core.package_identification:_identify(src/Lslidar_ROS2_driver/lslidar_driver) by extension 'colcon_meta'
[3.735s] Level 1:colcon.colcon_core.package_identification:_identify(src/Lslidar_ROS2_driver/lslidar_driver) by extensions ['ros']
[3.735s] Level 1:colcon.colcon_core.package_identification:_identify(src/Lslidar_ROS2_driver/lslidar_driver) by extension 'ros'
[3.765s] DEBUG:colcon.colcon_core.package_identification:Package 'src/Lslidar_ROS2_driver/lslidar_driver' with type 'ros.ament_cmake' and name 'lslidar_driver'
[3.768s] Level 1:colcon.colcon_core.package_identification:_identify(src/Lslidar_ROS2_driver/lslidar_msgs) by extensions ['ignore', 'ignore_ament_install']
[3.769s] Level 1:colcon.colcon_core.package_identification:_identify(src/Lslidar_ROS2_driver/lslidar_msgs) by extension 'ignore'
[3.769s] Level 1:colcon.colcon_core.package_identification:_identify(src/Lslidar_ROS2_driver/lslidar_msgs) by extension 'ignore_ament_install'
[3.770s] Level 1:colcon.colcon_core.package_identification:_identify(src/Lslidar_ROS2_driver/lslidar_msgs) by extensions ['colcon_pkg']
[3.771s] Level 1:colcon.colcon_core.package_identification:_identify(src/Lslidar_ROS2_driver/lslidar_msgs) by extension 'colcon_pkg'
[3.771s] Level 1:colcon.colcon_core.package_identification:_identify(src/Lslidar_ROS2_driver/lslidar_msgs) by extensions ['colcon_meta']
[3.772s] Level 1:colcon.colcon_core.package_identification:_identify(src/Lslidar_ROS2_driver/lslidar_msgs) by extension 'colcon_meta'
[3.772s] Level 1:colcon.colcon_core.package_identification:_identify(src/Lslidar_ROS2_driver/lslidar_msgs) by extensions ['ros']
[3.773s] Level 1:colcon.colcon_core.package_identification:_identify(src/Lslidar_ROS2_driver/lslidar_msgs) by extension 'ros'
[3.780s] DEBUG:colcon.colcon_core.package_identification:Package 'src/Lslidar_ROS2_driver/lslidar_msgs' with type 'ros.ament_cmake' and name 'lslidar_msgs'
[3.781s] Level 1:colcon.colcon_core.package_identification:_identify(src/joy_config_pkg) by extensions ['ignore', 'ignore_ament_install']
[3.782s] Level 1:colcon.colcon_core.package_identification:_identify(src/joy_config_pkg) by extension 'ignore'
[3.783s] Level 1:colcon.colcon_core.package_identification:_identify(src/joy_config_pkg) by extension 'ignore_ament_install'
[3.784s] Level 1:colcon.colcon_core.package_identification:_identify(src/joy_config_pkg) by extensions ['colcon_pkg']
[3.784s] Level 1:colcon.colcon_core.package_identification:_identify(src/joy_config_pkg) by extension 'colcon_pkg'
[3.785s] Level 1:colcon.colcon_core.package_identification:_identify(src/joy_config_pkg) by extensions ['colcon_meta']
[3.785s] Level 1:colcon.colcon_core.package_identification:_identify(src/joy_config_pkg) by extension 'colcon_meta'
[3.785s] Level 1:colcon.colcon_core.package_identification:_identify(src/joy_config_pkg) by extensions ['ros']
[3.786s] Level 1:colcon.colcon_core.package_identification:_identify(src/joy_config_pkg) by extension 'ros'
[3.787s] Level 1:colcon.colcon_core.package_identification:_identify(src/joy_config_pkg) by extensions ['cmake', 'python']
[3.787s] Level 1:colcon.colcon_core.package_identification:_identify(src/joy_config_pkg) by extension 'cmake'
[3.788s] Level 1:colcon.colcon_core.package_identification:_identify(src/joy_config_pkg) by extension 'python'
[3.788s] Level 1:colcon.colcon_core.package_identification:_identify(src/joy_config_pkg) by extensions ['python_setup_py']
[3.789s] Level 1:colcon.colcon_core.package_identification:_identify(src/joy_config_pkg) by extension 'python_setup_py'
[3.790s] Level 1:colcon.colcon_core.package_identification:_identify(src/joy_config_pkg/config) by extensions ['ignore', 'ignore_ament_install']
[3.792s] Level 1:colcon.colcon_core.package_identification:_identify(src/joy_config_pkg/config) by extension 'ignore'
[3.792s] Level 1:colcon.colcon_core.package_identification:_identify(src/joy_config_pkg/config) by extension 'ignore_ament_install'
[3.793s] Level 1:colcon.colcon_core.package_identification:_identify(src/joy_config_pkg/config) by extensions ['colcon_pkg']
[3.793s] Level 1:colcon.colcon_core.package_identification:_identify(src/joy_config_pkg/config) by extension 'colcon_pkg'
[3.794s] Level 1:colcon.colcon_core.package_identification:_identify(src/joy_config_pkg/config) by extensions ['colcon_meta']
[3.794s] Level 1:colcon.colcon_core.package_identification:_identify(src/joy_config_pkg/config) by extension 'colcon_meta'
[3.795s] Level 1:colcon.colcon_core.package_identification:_identify(src/joy_config_pkg/config) by extensions ['ros']
[3.795s] Level 1:colcon.colcon_core.package_identification:_identify(src/joy_config_pkg/config) by extension 'ros'
[3.797s] Level 1:colcon.colcon_core.package_identification:_identify(src/joy_config_pkg/config) by extensions ['cmake', 'python']
[3.797s] Level 1:colcon.colcon_core.package_identification:_identify(src/joy_config_pkg/config) by extension 'cmake'
[3.798s] Level 1:colcon.colcon_core.package_identification:_identify(src/joy_config_pkg/config) by extension 'python'
[3.798s] Level 1:colcon.colcon_core.package_identification:_identify(src/joy_config_pkg/config) by extensions ['python_setup_py']
[3.798s] Level 1:colcon.colcon_core.package_identification:_identify(src/joy_config_pkg/config) by extension 'python_setup_py'
[3.801s] Level 1:colcon.colcon_core.package_identification:_identify(src/joy_config_pkg/joy_config_pkg) by extensions ['ignore', 'ignore_ament_install']
[3.802s] Level 1:colcon.colcon_core.package_identification:_identify(src/joy_config_pkg/joy_config_pkg) by extension 'ignore'
[3.802s] Level 1:colcon.colcon_core.package_identification:_identify(src/joy_config_pkg/joy_config_pkg) by extension 'ignore_ament_install'
[3.803s] Level 1:colcon.colcon_core.package_identification:_identify(src/joy_config_pkg/joy_config_pkg) by extensions ['colcon_pkg']
[3.803s] Level 1:colcon.colcon_core.package_identification:_identify(src/joy_config_pkg/joy_config_pkg) by extension 'colcon_pkg'
[3.804s] Level 1:colcon.colcon_core.package_identification:_identify(src/joy_config_pkg/joy_config_pkg) by extensions ['colcon_meta']
[3.804s] Level 1:colcon.colcon_core.package_identification:_identify(src/joy_config_pkg/joy_config_pkg) by extension 'colcon_meta'
[3.805s] Level 1:colcon.colcon_core.package_identification:_identify(src/joy_config_pkg/joy_config_pkg) by extensions ['ros']
[3.805s] Level 1:colcon.colcon_core.package_identification:_identify(src/joy_config_pkg/joy_config_pkg) by extension 'ros'
[3.812s] DEBUG:colcon.colcon_core.package_identification:Package 'src/joy_config_pkg/joy_config_pkg' with type 'ros.ament_cmake' and name 'joy_config_pkg'
[3.813s] Level 1:colcon.colcon_core.package_identification:_identify(src/my_car_controller) by extensions ['ignore', 'ignore_ament_install']
[3.814s] Level 1:colcon.colcon_core.package_identification:_identify(src/my_car_controller) by extension 'ignore'
[3.814s] Level 1:colcon.colcon_core.package_identification:_identify(src/my_car_controller) by extension 'ignore_ament_install'
[3.815s] Level 1:colcon.colcon_core.package_identification:_identify(src/my_car_controller) by extensions ['colcon_pkg']
[3.815s] Level 1:colcon.colcon_core.package_identification:_identify(src/my_car_controller) by extension 'colcon_pkg'
[3.816s] Level 1:colcon.colcon_core.package_identification:_identify(src/my_car_controller) by extensions ['colcon_meta']
[3.816s] Level 1:colcon.colcon_core.package_identification:_identify(src/my_car_controller) by extension 'colcon_meta'
[3.817s] Level 1:colcon.colcon_core.package_identification:_identify(src/my_car_controller) by extensions ['ros']
[3.817s] Level 1:colcon.colcon_core.package_identification:_identify(src/my_car_controller) by extension 'ros'
[3.824s] DEBUG:colcon.colcon_core.package_identification:Package 'src/my_car_controller' with type 'ros.ament_python' and name 'my_car_controller'
[3.827s] Level 1:colcon.colcon_core.package_identification:_identify(src/serbot_controller) by extensions ['ignore', 'ignore_ament_install']
[3.828s] Level 1:colcon.colcon_core.package_identification:_identify(src/serbot_controller) by extension 'ignore'
[3.828s] Level 1:colcon.colcon_core.package_identification:_identify(src/serbot_controller) by extension 'ignore_ament_install'
[3.829s] Level 1:colcon.colcon_core.package_identification:_identify(src/serbot_controller) by extensions ['colcon_pkg']
[3.829s] Level 1:colcon.colcon_core.package_identification:_identify(src/serbot_controller) by extension 'colcon_pkg'
[3.830s] Level 1:colcon.colcon_core.package_identification:_identify(src/serbot_controller) by extensions ['colcon_meta']
[3.830s] Level 1:colcon.colcon_core.package_identification:_identify(src/serbot_controller) by extension 'colcon_meta'
[3.831s] Level 1:colcon.colcon_core.package_identification:_identify(src/serbot_controller) by extensions ['ros']
[3.831s] Level 1:colcon.colcon_core.package_identification:_identify(src/serbot_controller) by extension 'ros'
[3.837s] DEBUG:colcon.colcon_core.package_identification:Package 'src/serbot_controller' with type 'ros.ament_python' and name 'serbot_controller'
[3.839s] Level 1:colcon.colcon_core.package_identification:_identify(src/serbot_description) by extensions ['ignore', 'ignore_ament_install']
[3.840s] Level 1:colcon.colcon_core.package_identification:_identify(src/serbot_description) by extension 'ignore'
[3.841s] Level 1:colcon.colcon_core.package_identification:_identify(src/serbot_description) by extension 'ignore_ament_install'
[3.842s] Level 1:colcon.colcon_core.package_identification:_identify(src/serbot_description) by extensions ['colcon_pkg']
[3.842s] Level 1:colcon.colcon_core.package_identification:_identify(src/serbot_description) by extension 'colcon_pkg'
[3.843s] Level 1:colcon.colcon_core.package_identification:_identify(src/serbot_description) by extensions ['colcon_meta']
[3.843s] Level 1:colcon.colcon_core.package_identification:_identify(src/serbot_description) by extension 'colcon_meta'
[3.844s] Level 1:colcon.colcon_core.package_identification:_identify(src/serbot_description) by extensions ['ros']
[3.844s] Level 1:colcon.colcon_core.package_identification:_identify(src/serbot_description) by extension 'ros'
[3.851s] DEBUG:colcon.colcon_core.package_identification:Package 'src/serbot_description' with type 'ros.ament_cmake' and name 'serbot_description'
[3.853s] Level 1:colcon.colcon_core.package_identification:_identify(src/serial_control) by extensions ['ignore', 'ignore_ament_install']
[3.854s] Level 1:colcon.colcon_core.package_identification:_identify(src/serial_control) by extension 'ignore'
[3.855s] Level 1:colcon.colcon_core.package_identification:_identify(src/serial_control) by extension 'ignore_ament_install'
[3.856s] Level 1:colcon.colcon_core.package_identification:_identify(src/serial_control) by extensions ['colcon_pkg']
[3.856s] Level 1:colcon.colcon_core.package_identification:_identify(src/serial_control) by extension 'colcon_pkg'
[3.856s] Level 1:colcon.colcon_core.package_identification:_identify(src/serial_control) by extensions ['colcon_meta']
[3.857s] Level 1:colcon.colcon_core.package_identification:_identify(src/serial_control) by extension 'colcon_meta'
[3.857s] Level 1:colcon.colcon_core.package_identification:_identify(src/serial_control) by extensions ['ros']
[3.858s] Level 1:colcon.colcon_core.package_identification:_identify(src/serial_control) by extension 'ros'
[3.864s] DEBUG:colcon.colcon_core.package_identification:Package 'src/serial_control' with type 'ros.ament_python' and name 'serial_control'
[3.866s] Level 1:colcon.colcon_core.package_identification:_identify(src/teleop_twist_keyboard) by extensions ['ignore', 'ignore_ament_install']
[3.867s] Level 1:colcon.colcon_core.package_identification:_identify(src/teleop_twist_keyboard) by extension 'ignore'
[3.868s] Level 1:colcon.colcon_core.package_identification:_identify(src/teleop_twist_keyboard) by extension 'ignore_ament_install'
[3.869s] Level 1:colcon.colcon_core.package_identification:_identify(src/teleop_twist_keyboard) by extensions ['colcon_pkg']
[3.869s] Level 1:colcon.colcon_core.package_identification:_identify(src/teleop_twist_keyboard) by extension 'colcon_pkg'
[3.870s] Level 1:colcon.colcon_core.package_identification:_identify(src/teleop_twist_keyboard) by extensions ['colcon_meta']
[3.870s] Level 1:colcon.colcon_core.package_identification:_identify(src/teleop_twist_keyboard) by extension 'colcon_meta'
[3.871s] Level 1:colcon.colcon_core.package_identification:_identify(src/teleop_twist_keyboard) by extensions ['ros']
[3.871s] Level 1:colcon.colcon_core.package_identification:_identify(src/teleop_twist_keyboard) by extension 'ros'
[3.877s] DEBUG:colcon.colcon_core.package_identification:Package 'src/teleop_twist_keyboard' with type 'ros.ament_python' and name 'teleop_twist_keyboard'
[3.878s] Level 1:colcon.colcon_core.package_discovery:discover_packages(recursive) using defaults
[3.879s] Level 1:colcon.colcon_core.package_discovery:discover_packages(ignore) discover
[3.879s] Level 1:colcon.colcon_core.package_discovery:discover_packages(ignore) using defaults
[3.879s] Level 1:colcon.colcon_core.package_discovery:discover_packages(path) discover
[3.880s] Level 1:colcon.colcon_core.package_discovery:discover_packages(path) using defaults
[4.156s] Level 1:colcon.colcon_core.package_discovery:discover_packages(prefix_path) check parameters
[4.157s] Level 1:colcon.colcon_core.package_discovery:discover_packages(prefix_path) discover
[4.194s] DEBUG:colcon.colcon_installed_package_information.package_discovery:Found 8 installed packages in /home/pi/ros2_ws/install
[4.213s] DEBUG:colcon.colcon_installed_package_information.package_discovery:Found 187 installed packages in /opt/ros/humble
[4.226s] Level 1:colcon.colcon_core.package_discovery:discover_packages(prefix_path) using defaults
[4.636s] Level 5:colcon.colcon_core.verb:set package 'joy_config_pkg' build argument 'cmake_args' from command line to 'None'
[4.636s] Level 5:colcon.colcon_core.verb:set package 'joy_config_pkg' build argument 'cmake_target' from command line to 'None'
[4.637s] Level 5:colcon.colcon_core.verb:set package 'joy_config_pkg' build argument 'cmake_target_skip_unavailable' from command line to 'False'
[4.637s] Level 5:colcon.colcon_core.verb:set package 'joy_config_pkg' build argument 'cmake_clean_cache' from command line to 'False'
[4.637s] Level 5:colcon.colcon_core.verb:set package 'joy_config_pkg' build argument 'cmake_clean_first' from command line to 'False'
[4.638s] Level 5:colcon.colcon_core.verb:set package 'joy_config_pkg' build argument 'cmake_force_configure' from command line to 'False'
[4.638s] Level 5:colcon.colcon_core.verb:set package 'joy_config_pkg' build argument 'ament_cmake_args' from command line to 'None'
[4.638s] Level 5:colcon.colcon_core.verb:set package 'joy_config_pkg' build argument 'catkin_cmake_args' from command line to 'None'
[4.638s] Level 5:colcon.colcon_core.verb:set package 'joy_config_pkg' build argument 'catkin_skip_building_tests' from command line to 'False'
[4.639s] DEBUG:colcon.colcon_core.verb:Building package 'joy_config_pkg' with the following arguments: {'ament_cmake_args': None, 'build_base': '/home/pi/ros2_ws/build/joy_config_pkg', 'catkin_cmake_args': None, 'catkin_skip_building_tests': False, 'cmake_args': None, 'cmake_clean_cache': False, 'cmake_clean_first': False, 'cmake_force_configure': False, 'cmake_target': None, 'cmake_target_skip_unavailable': False, 'install_base': '/home/pi/ros2_ws/install/joy_config_pkg', 'merge_install': False, 'path': '/home/pi/ros2_ws/src/joy_config_pkg/joy_config_pkg', 'symlink_install': False, 'test_result_base': None}
[4.643s] Level 5:colcon.colcon_core.verb:set package 'lslidar_msgs' build argument 'cmake_args' from command line to 'None'
[4.643s] Level 5:colcon.colcon_core.verb:set package 'lslidar_msgs' build argument 'cmake_target' from command line to 'None'
[4.644s] Level 5:colcon.colcon_core.verb:set package 'lslidar_msgs' build argument 'cmake_target_skip_unavailable' from command line to 'False'
[4.644s] Level 5:colcon.colcon_core.verb:set package 'lslidar_msgs' build argument 'cmake_clean_cache' from command line to 'False'
[4.644s] Level 5:colcon.colcon_core.verb:set package 'lslidar_msgs' build argument 'cmake_clean_first' from command line to 'False'
[4.645s] Level 5:colcon.colcon_core.verb:set package 'lslidar_msgs' build argument 'cmake_force_configure' from command line to 'False'
[4.645s] Level 5:colcon.colcon_core.verb:set package 'lslidar_msgs' build argument 'ament_cmake_args' from command line to 'None'
[4.645s] Level 5:colcon.colcon_core.verb:set package 'lslidar_msgs' build argument 'catkin_cmake_args' from command line to 'None'
[4.645s] Level 5:colcon.colcon_core.verb:set package 'lslidar_msgs' build argument 'catkin_skip_building_tests' from command line to 'False'
[4.646s] DEBUG:colcon.colcon_core.verb:Building package 'lslidar_msgs' with the following arguments: {'ament_cmake_args': None, 'build_base': '/home/pi/ros2_ws/build/lslidar_msgs', 'catkin_cmake_args': None, 'catkin_skip_building_tests': False, 'cmake_args': None, 'cmake_clean_cache': False, 'cmake_clean_first': False, 'cmake_force_configure': False, 'cmake_target': None, 'cmake_target_skip_unavailable': False, 'install_base': '/home/pi/ros2_ws/install/lslidar_msgs', 'merge_install': False, 'path': '/home/pi/ros2_ws/src/Lslidar_ROS2_driver/lslidar_msgs', 'symlink_install': False, 'test_result_base': None}
[4.650s] Level 5:colcon.colcon_core.verb:set package 'my_car_controller' build argument 'cmake_args' from command line to 'None'
[4.650s] Level 5:colcon.colcon_core.verb:set package 'my_car_controller' build argument 'cmake_target' from command line to 'None'
[4.650s] Level 5:colcon.colcon_core.verb:set package 'my_car_controller' build argument 'cmake_target_skip_unavailable' from command line to 'False'
[4.651s] Level 5:colcon.colcon_core.verb:set package 'my_car_controller' build argument 'cmake_clean_cache' from command line to 'False'
[4.651s] Level 5:colcon.colcon_core.verb:set package 'my_car_controller' build argument 'cmake_clean_first' from command line to 'False'
[4.651s] Level 5:colcon.colcon_core.verb:set package 'my_car_controller' build argument 'cmake_force_configure' from command line to 'False'
[4.651s] Level 5:colcon.colcon_core.verb:set package 'my_car_controller' build argument 'ament_cmake_args' from command line to 'None'
[4.652s] Level 5:colcon.colcon_core.verb:set package 'my_car_controller' build argument 'catkin_cmake_args' from command line to 'None'
[4.652s] Level 5:colcon.colcon_core.verb:set package 'my_car_controller' build argument 'catkin_skip_building_tests' from command line to 'False'
[4.652s] DEBUG:colcon.colcon_core.verb:Building package 'my_car_controller' with the following arguments: {'ament_cmake_args': None, 'build_base': '/home/pi/ros2_ws/build/my_car_controller', 'catkin_cmake_args': None, 'catkin_skip_building_tests': False, 'cmake_args': None, 'cmake_clean_cache': False, 'cmake_clean_first': False, 'cmake_force_configure': False, 'cmake_target': None, 'cmake_target_skip_unavailable': False, 'install_base': '/home/pi/ros2_ws/install/my_car_controller', 'merge_install': False, 'path': '/home/pi/ros2_ws/src/my_car_controller', 'symlink_install': False, 'test_result_base': None}
[4.656s] Level 5:colcon.colcon_core.verb:set package 'serbot_controller' build argument 'cmake_args' from command line to 'None'
[4.657s] Level 5:colcon.colcon_core.verb:set package 'serbot_controller' build argument 'cmake_target' from command line to 'None'
[4.657s] Level 5:colcon.colcon_core.verb:set package 'serbot_controller' build argument 'cmake_target_skip_unavailable' from command line to 'False'
[4.657s] Level 5:colcon.colcon_core.verb:set package 'serbot_controller' build argument 'cmake_clean_cache' from command line to 'False'
[4.658s] Level 5:colcon.colcon_core.verb:set package 'serbot_controller' build argument 'cmake_clean_first' from command line to 'False'
[4.658s] Level 5:colcon.colcon_core.verb:set package 'serbot_controller' build argument 'cmake_force_configure' from command line to 'False'
[4.658s] Level 5:colcon.colcon_core.verb:set package 'serbot_controller' build argument 'ament_cmake_args' from command line to 'None'
[4.659s] Level 5:colcon.colcon_core.verb:set package 'serbot_controller' build argument 'catkin_cmake_args' from command line to 'None'
[4.659s] Level 5:colcon.colcon_core.verb:set package 'serbot_controller' build argument 'catkin_skip_building_tests' from command line to 'False'
[4.659s] DEBUG:colcon.colcon_core.verb:Building package 'serbot_controller' with the following arguments: {'ament_cmake_args': None, 'build_base': '/home/pi/ros2_ws/build/serbot_controller', 'catkin_cmake_args': None, 'catkin_skip_building_tests': False, 'cmake_args': None, 'cmake_clean_cache': False, 'cmake_clean_first': False, 'cmake_force_configure': False, 'cmake_target': None, 'cmake_target_skip_unavailable': False, 'install_base': '/home/pi/ros2_ws/install/serbot_controller', 'merge_install': False, 'path': '/home/pi/ros2_ws/src/serbot_controller', 'symlink_install': False, 'test_result_base': None}
[4.663s] Level 5:colcon.colcon_core.verb:set package 'serbot_description' build argument 'cmake_args' from command line to 'None'
[4.663s] Level 5:colcon.colcon_core.verb:set package 'serbot_description' build argument 'cmake_target' from command line to 'None'
[4.664s] Level 5:colcon.colcon_core.verb:set package 'serbot_description' build argument 'cmake_target_skip_unavailable' from command line to 'False'
[4.664s] Level 5:colcon.colcon_core.verb:set package 'serbot_description' build argument 'cmake_clean_cache' from command line to 'False'
[4.664s] Level 5:colcon.colcon_core.verb:set package 'serbot_description' build argument 'cmake_clean_first' from command line to 'False'
[4.664s] Level 5:colcon.colcon_core.verb:set package 'serbot_description' build argument 'cmake_force_configure' from command line to 'False'
[4.665s] Level 5:colcon.colcon_core.verb:set package 'serbot_description' build argument 'ament_cmake_args' from command line to 'None'
[4.665s] Level 5:colcon.colcon_core.verb:set package 'serbot_description' build argument 'catkin_cmake_args' from command line to 'None'
[4.665s] Level 5:colcon.colcon_core.verb:set package 'serbot_description' build argument 'catkin_skip_building_tests' from command line to 'False'
[4.666s] DEBUG:colcon.colcon_core.verb:Building package 'serbot_description' with the following arguments: {'ament_cmake_args': None, 'build_base': '/home/pi/ros2_ws/build/serbot_description', 'catkin_cmake_args': None, 'catkin_skip_building_tests': False, 'cmake_args': None, 'cmake_clean_cache': False, 'cmake_clean_first': False, 'cmake_force_configure': False, 'cmake_target': None, 'cmake_target_skip_unavailable': False, 'install_base': '/home/pi/ros2_ws/install/serbot_description', 'merge_install': False, 'path': '/home/pi/ros2_ws/src/serbot_description', 'symlink_install': False, 'test_result_base': None}
[4.669s] Level 5:colcon.colcon_core.verb:set package 'serial_control' build argument 'cmake_args' from command line to 'None'
[4.670s] Level 5:colcon.colcon_core.verb:set package 'serial_control' build argument 'cmake_target' from command line to 'None'
[4.670s] Level 5:colcon.colcon_core.verb:set package 'serial_control' build argument 'cmake_target_skip_unavailable' from command line to 'False'
[4.670s] Level 5:colcon.colcon_core.verb:set package 'serial_control' build argument 'cmake_clean_cache' from command line to 'False'
[4.671s] Level 5:colcon.colcon_core.verb:set package 'serial_control' build argument 'cmake_clean_first' from command line to 'False'
[4.671s] Level 5:colcon.colcon_core.verb:set package 'serial_control' build argument 'cmake_force_configure' from command line to 'False'
[4.671s] Level 5:colcon.colcon_core.verb:set package 'serial_control' build argument 'ament_cmake_args' from command line to 'None'
[4.672s] Level 5:colcon.colcon_core.verb:set package 'serial_control' build argument 'catkin_cmake_args' from command line to 'None'
[4.672s] Level 5:colcon.colcon_core.verb:set package 'serial_control' build argument 'catkin_skip_building_tests' from command line to 'False'
[4.672s] DEBUG:colcon.colcon_core.verb:Building package 'serial_control' with the following arguments: {'ament_cmake_args': None, 'build_base': '/home/pi/ros2_ws/build/serial_control', 'catkin_cmake_args': None, 'catkin_skip_building_tests': False, 'cmake_args': None, 'cmake_clean_cache': False, 'cmake_clean_first': False, 'cmake_force_configure': False, 'cmake_target': None, 'cmake_target_skip_unavailable': False, 'install_base': '/home/pi/ros2_ws/install/serial_control', 'merge_install': False, 'path': '/home/pi/ros2_ws/src/serial_control', 'symlink_install': False, 'test_result_base': None}
[4.676s] Level 5:colcon.colcon_core.verb:set package 'teleop_twist_keyboard' build argument 'cmake_args' from command line to 'None'
[4.677s] Level 5:colcon.colcon_core.verb:set package 'teleop_twist_keyboard' build argument 'cmake_target' from command line to 'None'
[4.677s] Level 5:colcon.colcon_core.verb:set package 'teleop_twist_keyboard' build argument 'cmake_target_skip_unavailable' from command line to 'False'
[4.677s] Level 5:colcon.colcon_core.verb:set package 'teleop_twist_keyboard' build argument 'cmake_clean_cache' from command line to 'False'
[4.677s] Level 5:colcon.colcon_core.verb:set package 'teleop_twist_keyboard' build argument 'cmake_clean_first' from command line to 'False'
[4.678s] Level 5:colcon.colcon_core.verb:set package 'teleop_twist_keyboard' build argument 'cmake_force_configure' from command line to 'False'
[4.678s] Level 5:colcon.colcon_core.verb:set package 'teleop_twist_keyboard' build argument 'ament_cmake_args' from command line to 'None'
[4.678s] Level 5:colcon.colcon_core.verb:set package 'teleop_twist_keyboard' build argument 'catkin_cmake_args' from command line to 'None'
[4.679s] Level 5:colcon.colcon_core.verb:set package 'teleop_twist_keyboard' build argument 'catkin_skip_building_tests' from command line to 'False'
[4.679s] DEBUG:colcon.colcon_core.verb:Building package 'teleop_twist_keyboard' with the following arguments: {'ament_cmake_args': None, 'build_base': '/home/pi/ros2_ws/build/teleop_twist_keyboard', 'catkin_cmake_args': None, 'catkin_skip_building_tests': False, 'cmake_args': None, 'cmake_clean_cache': False, 'cmake_clean_first': False, 'cmake_force_configure': False, 'cmake_target': None, 'cmake_target_skip_unavailable': False, 'install_base': '/home/pi/ros2_ws/install/teleop_twist_keyboard', 'merge_install': False, 'path': '/home/pi/ros2_ws/src/teleop_twist_keyboard', 'symlink_install': False, 'test_result_base': None}
[4.683s] Level 5:colcon.colcon_core.verb:set package 'lslidar_driver' build argument 'cmake_args' from command line to 'None'
[4.683s] Level 5:colcon.colcon_core.verb:set package 'lslidar_driver' build argument 'cmake_target' from command line to 'None'
[4.683s] Level 5:colcon.colcon_core.verb:set package 'lslidar_driver' build argument 'cmake_target_skip_unavailable' from command line to 'False'
[4.684s] Level 5:colcon.colcon_core.verb:set package 'lslidar_driver' build argument 'cmake_clean_cache' from command line to 'False'
[4.684s] Level 5:colcon.colcon_core.verb:set package 'lslidar_driver' build argument 'cmake_clean_first' from command line to 'False'
[4.684s] Level 5:colcon.colcon_core.verb:set package 'lslidar_driver' build argument 'cmake_force_configure' from command line to 'False'
[4.685s] Level 5:colcon.colcon_core.verb:set package 'lslidar_driver' build argument 'ament_cmake_args' from command line to 'None'
[4.685s] Level 5:colcon.colcon_core.verb:set package 'lslidar_driver' build argument 'catkin_cmake_args' from command line to 'None'
[4.685s] Level 5:colcon.colcon_core.verb:set package 'lslidar_driver' build argument 'catkin_skip_building_tests' from command line to 'False'
[4.686s] DEBUG:colcon.colcon_core.verb:Building package 'lslidar_driver' with the following arguments: {'ament_cmake_args': None, 'build_base': '/home/pi/ros2_ws/build/lslidar_driver', 'catkin_cmake_args': None, 'catkin_skip_building_tests': False, 'cmake_args': None, 'cmake_clean_cache': False, 'cmake_clean_first': False, 'cmake_force_configure': False, 'cmake_target': None, 'cmake_target_skip_unavailable': False, 'install_base': '/home/pi/ros2_ws/install/lslidar_driver', 'merge_install': False, 'path': '/home/pi/ros2_ws/src/Lslidar_ROS2_driver/lslidar_driver', 'symlink_install': False, 'test_result_base': None}
[4.687s] INFO:colcon.colcon_core.executor:Executing jobs using 'parallel' executor
[4.694s] DEBUG:colcon.colcon_parallel_executor.executor.parallel:run_until_complete
[4.697s] INFO:colcon.colcon_ros.task.ament_cmake.build:Building ROS package in '/home/pi/ros2_ws/src/Lslidar_ROS2_driver/lslidar_msgs' with build type 'ament_cmake'
[4.698s] INFO:colcon.colcon_cmake.task.cmake.build:Building CMake package in '/home/pi/ros2_ws/src/Lslidar_ROS2_driver/lslidar_msgs'
[4.740s] INFO:colcon.colcon_core.plugin_system:Skipping extension 'colcon_core.shell.bat': Not used on non-Windows systems
[4.743s] INFO:colcon.colcon_core.shell:Skip shell extension 'powershell' for command environment: Not usable outside of PowerShell
[4.743s] DEBUG:colcon.colcon_core.shell:Skip shell extension 'dsv' for command environment
[4.794s] INFO:colcon.colcon_ros.task.ament_cmake.build:Building ROS package in '/home/pi/ros2_ws/src/joy_config_pkg/joy_config_pkg' with build type 'ament_cmake'
[4.795s] INFO:colcon.colcon_cmake.task.cmake.build:Building CMake package in '/home/pi/ros2_ws/src/joy_config_pkg/joy_config_pkg'
[4.798s] INFO:colcon.colcon_core.shell:Skip shell extension 'powershell' for command environment: Not usable outside of PowerShell
[4.799s] DEBUG:colcon.colcon_core.shell:Skip shell extension 'dsv' for command environment
[4.844s] INFO:colcon.colcon_ros.task.ament_python.build:Building ROS package in '/home/pi/ros2_ws/src/my_car_controller' with build type 'ament_python'
[4.846s] Level 1:colcon.colcon_core.shell:create_environment_hook('my_car_controller', 'ament_prefix_path')
[4.848s] INFO:colcon.colcon_core.shell:Creating environment hook '/home/pi/ros2_ws/install/my_car_controller/share/my_car_controller/hook/ament_prefix_path.ps1'
[4.857s] INFO:colcon.colcon_core.shell:Creating environment descriptor '/home/pi/ros2_ws/install/my_car_controller/share/my_car_controller/hook/ament_prefix_path.dsv'
[4.864s] INFO:colcon.colcon_core.shell:Creating environment hook '/home/pi/ros2_ws/install/my_car_controller/share/my_car_controller/hook/ament_prefix_path.sh'
[4.873s] INFO:colcon.colcon_core.shell:Skip shell extension 'powershell' for command environment: Not usable outside of PowerShell
[4.874s] DEBUG:colcon.colcon_core.shell:Skip shell extension 'dsv' for command environment
[4.918s] INFO:colcon.colcon_ros.task.ament_python.build:Building ROS package in '/home/pi/ros2_ws/src/serbot_controller' with build type 'ament_python'
[4.920s] Level 1:colcon.colcon_core.shell:create_environment_hook('serbot_controller', 'ament_prefix_path')
[4.922s] INFO:colcon.colcon_core.shell:Creating environment hook '/home/pi/ros2_ws/install/serbot_controller/share/serbot_controller/hook/ament_prefix_path.ps1'
[4.928s] INFO:colcon.colcon_core.shell:Creating environment descriptor '/home/pi/ros2_ws/install/serbot_controller/share/serbot_controller/hook/ament_prefix_path.dsv'
[4.932s] INFO:colcon.colcon_core.shell:Creating environment hook '/home/pi/ros2_ws/install/serbot_controller/share/serbot_controller/hook/ament_prefix_path.sh'
[4.939s] INFO:colcon.colcon_core.shell:Skip shell extension 'powershell' for command environment: Not usable outside of PowerShell
[4.940s] DEBUG:colcon.colcon_core.shell:Skip shell extension 'dsv' for command environment
[5.024s] DEBUG:colcon.colcon_core.event_handler.log_command:Invoking command in '/home/pi/ros2_ws/build/lslidar_msgs': CMAKE_PREFIX_PATH=${CMAKE_PREFIX_PATH}:/home/pi/ros2_ws/install/teleop_twist_keyboard:/home/pi/ros2_ws/install/serial_control:/home/pi/ros2_ws/install/serbot_controller:/home/pi/ros2_ws/install/my_car_controller:/home/pi/ros2_ws/install/joy_config_pkg:/opt/ros/humble /usr/bin/cmake --build /home/pi/ros2_ws/build/lslidar_msgs -- -j4 -l4
[5.080s] DEBUG:colcon.colcon_core.event_handler.log_command:Invoking command in '/home/pi/ros2_ws/build/joy_config_pkg': CMAKE_PREFIX_PATH=${CMAKE_PREFIX_PATH}:/home/pi/ros2_ws/install/teleop_twist_keyboard:/home/pi/ros2_ws/install/serial_control:/home/pi/ros2_ws/install/serbot_controller:/home/pi/ros2_ws/install/my_car_controller:/home/pi/ros2_ws/install/joy_config_pkg:/opt/ros/humble /usr/bin/cmake --build /home/pi/ros2_ws/build/joy_config_pkg -- -j4 -l4
[7.980s] INFO:colcon.colcon_core.task.python.build:Building Python package in '/home/pi/ros2_ws/src/my_car_controller'
[7.982s] INFO:colcon.colcon_core.shell:Skip shell extension 'powershell' for command environment: Not usable outside of PowerShell
[7.983s] DEBUG:colcon.colcon_core.shell:Skip shell extension 'dsv' for command environment
[10.816s] WARNING:colcon.colcon_ros.task.ament_python.build:Package 'serbot_controller' doesn't explicitly install a marker in the package index (colcon-ros currently does it implicitly but that fallback will be removed in the future)
[10.818s] INFO:colcon.colcon_core.task.python.build:Building Python package in '/home/pi/ros2_ws/src/serbot_controller'
[10.820s] INFO:colcon.colcon_core.shell:Skip shell extension 'powershell' for command environment: Not usable outside of PowerShell
[10.821s] DEBUG:colcon.colcon_core.shell:Skip shell extension 'dsv' for command environment
[10.869s] DEBUG:colcon.colcon_core.event_handler.log_command:Invoked command in '/home/pi/ros2_ws/build/joy_config_pkg' returned '0': CMAKE_PREFIX_PATH=${CMAKE_PREFIX_PATH}:/home/pi/ros2_ws/install/teleop_twist_keyboard:/home/pi/ros2_ws/install/serial_control:/home/pi/ros2_ws/install/serbot_controller:/home/pi/ros2_ws/install/my_car_controller:/home/pi/ros2_ws/install/joy_config_pkg:/opt/ros/humble /usr/bin/cmake --build /home/pi/ros2_ws/build/joy_config_pkg -- -j4 -l4
[10.964s] DEBUG:colcon.colcon_core.event_handler.log_command:Invoking command in '/home/pi/ros2_ws/build/joy_config_pkg': CMAKE_PREFIX_PATH=${CMAKE_PREFIX_PATH}:/home/pi/ros2_ws/install/teleop_twist_keyboard:/home/pi/ros2_ws/install/serial_control:/home/pi/ros2_ws/install/serbot_controller:/home/pi/ros2_ws/install/my_car_controller:/home/pi/ros2_ws/install/joy_config_pkg:/opt/ros/humble /usr/bin/cmake --install /home/pi/ros2_ws/build/joy_config_pkg
[10.969s] DEBUG:colcon.colcon_core.event_handler.log_command:Invoked command in '/home/pi/ros2_ws/build/lslidar_msgs' returned '2': CMAKE_PREFIX_PATH=${CMAKE_PREFIX_PATH}:/home/pi/ros2_ws/install/teleop_twist_keyboard:/home/pi/ros2_ws/install/serial_control:/home/pi/ros2_ws/install/serbot_controller:/home/pi/ros2_ws/install/my_car_controller:/home/pi/ros2_ws/install/joy_config_pkg:/opt/ros/humble /usr/bin/cmake --build /home/pi/ros2_ws/build/lslidar_msgs -- -j4 -l4
[10.979s] Level 1:colcon.colcon_core.environment:create_environment_scripts_only(lslidar_msgs)
[11.037s] Level 1:colcon.colcon_core.environment:checking '/home/pi/ros2_ws/install/lslidar_msgs' for CMake module files
[11.051s] Level 1:colcon.colcon_core.environment:checking '/home/pi/ros2_ws/install/lslidar_msgs' for CMake config files
[11.063s] Level 1:colcon.colcon_core.shell:create_environment_hook('lslidar_msgs', 'cmake_prefix_path')
[11.066s] INFO:colcon.colcon_core.shell:Creating environment hook '/home/pi/ros2_ws/install/lslidar_msgs/share/lslidar_msgs/hook/cmake_prefix_path.ps1'
[11.071s] INFO:colcon.colcon_core.shell:Creating environment descriptor '/home/pi/ros2_ws/install/lslidar_msgs/share/lslidar_msgs/hook/cmake_prefix_path.dsv'
[11.075s] INFO:colcon.colcon_core.shell:Creating environment hook '/home/pi/ros2_ws/install/lslidar_msgs/share/lslidar_msgs/hook/cmake_prefix_path.sh'
[11.082s] Level 1:colcon.colcon_core.environment:checking '/home/pi/ros2_ws/install/lslidar_msgs/lib'
[11.084s] Level 1:colcon.colcon_core.shell:create_environment_hook('lslidar_msgs', 'ld_library_path_lib')
[11.087s] INFO:colcon.colcon_core.shell:Creating environment hook '/home/pi/ros2_ws/install/lslidar_msgs/share/lslidar_msgs/hook/ld_library_path_lib.ps1'
[11.093s] INFO:colcon.colcon_core.shell:Creating environment descriptor '/home/pi/ros2_ws/install/lslidar_msgs/share/lslidar_msgs/hook/ld_library_path_lib.dsv'
[11.099s] INFO:colcon.colcon_core.shell:Creating environment hook '/home/pi/ros2_ws/install/lslidar_msgs/share/lslidar_msgs/hook/ld_library_path_lib.sh'
[11.104s] Level 1:colcon.colcon_core.environment:checking '/home/pi/ros2_ws/install/lslidar_msgs/bin'
[11.105s] Level 1:colcon.colcon_core.environment:checking '/home/pi/ros2_ws/install/lslidar_msgs/lib/pkgconfig/lslidar_msgs.pc'
[11.107s] Level 1:colcon.colcon_core.environment:checking '/home/pi/ros2_ws/install/lslidar_msgs/lib/python3.10/site-packages'
[11.110s] Level 1:colcon.colcon_core.environment:checking '/home/pi/ros2_ws/install/lslidar_msgs/bin'
[11.113s] INFO:colcon.colcon_core.shell:Creating package script '/home/pi/ros2_ws/install/lslidar_msgs/share/lslidar_msgs/package.ps1'
[11.123s] INFO:colcon.colcon_core.shell:Creating package descriptor '/home/pi/ros2_ws/install/lslidar_msgs/share/lslidar_msgs/package.dsv'
[11.132s] INFO:colcon.colcon_core.shell:Creating package script '/home/pi/ros2_ws/install/lslidar_msgs/share/lslidar_msgs/package.sh'
[11.141s] INFO:colcon.colcon_core.shell:Creating package script '/home/pi/ros2_ws/install/lslidar_msgs/share/lslidar_msgs/package.bash'
[11.154s] INFO:colcon.colcon_core.shell:Creating package script '/home/pi/ros2_ws/install/lslidar_msgs/share/lslidar_msgs/package.zsh'
[11.167s] Level 1:colcon.colcon_core.environment:create_file_with_runtime_dependencies(/home/pi/ros2_ws/install/lslidar_msgs/share/colcon-core/packages/lslidar_msgs)
[11.240s] DEBUG:colcon.colcon_parallel_executor.executor.parallel:closing loop
[11.241s] DEBUG:colcon.colcon_parallel_executor.executor.parallel:loop closed
[11.242s] DEBUG:colcon.colcon_parallel_executor.executor.parallel:run_until_complete finished with '2'
[11.243s] DEBUG:colcon.colcon_core.event_reactor:joining thread
[11.356s] INFO:colcon.colcon_core.plugin_system:Skipping extension 'colcon_notification.desktop_notification.notify_send': Could not find 'notify-send'
[11.357s] INFO:colcon.colcon_core.plugin_system:Skipping extension 'colcon_notification.desktop_notification.terminal_notifier': Not used on non-Darwin systems
[11.357s] INFO:colcon.colcon_core.plugin_system:Skipping extension 'colcon_notification.desktop_notification.win32': Not used on non-Windows systems
[11.358s] INFO:colcon.colcon_notification.desktop_notification:Sending desktop notification using 'notify2'
[11.364s] DEBUG:colcon.colcon_notification.desktop_notification.notify2:Failed to initialize notify2: org.freedesktop.DBus.Error.ServiceUnknown: The name org.freedesktop.Notifications was not provided by any .service files
[11.365s] DEBUG:colcon.colcon_core.event_reactor:joined thread
[11.368s] INFO:colcon.colcon_core.shell:Creating prefix script '/home/pi/ros2_ws/install/local_setup.ps1'
[11.379s] INFO:colcon.colcon_core.shell:Creating prefix util module '/home/pi/ros2_ws/install/_local_setup_util_ps1.py'
[11.396s] INFO:colcon.colcon_core.shell:Creating prefix chain script '/home/pi/ros2_ws/install/setup.ps1'
[11.414s] INFO:colcon.colcon_core.shell:Creating prefix script '/home/pi/ros2_ws/install/local_setup.sh'
[11.423s] INFO:colcon.colcon_core.shell:Creating prefix util module '/home/pi/ros2_ws/install/_local_setup_util_sh.py'
[11.430s] INFO:colcon.colcon_core.shell:Creating prefix chain script '/home/pi/ros2_ws/install/setup.sh'
[11.448s] INFO:colcon.colcon_core.shell:Creating prefix script '/home/pi/ros2_ws/install/local_setup.bash'
[11.455s] INFO:colcon.colcon_core.shell:Creating prefix chain script '/home/pi/ros2_ws/install/setup.bash'
[11.473s] INFO:colcon.colcon_core.shell:Creating prefix script '/home/pi/ros2_ws/install/local_setup.zsh'
[11.479s] INFO:colcon.colcon_core.shell:Creating prefix chain script '/home/pi/ros2_ws/install/setup.zsh'
