[14.428s] Invoking command in '/home/pi/ros2_ws/src/serbot_controller': PYTHONPATH=/home/pi/ros2_ws/build/serbot_controller/prefix_override:/usr/lib/python3/dist-packages/colcon_core/task/python/colcon_distutils_commands:/home/pi/ros2_ws/install/serbot_controller/lib/python3.10/site-packages:${PYTHONPATH} /usr/bin/python3 -W ignore:setup.py install is deprecated -W ignore:easy_install command is deprecated setup.py egg_info --egg-base ../../build/serbot_controller build --build-base /home/pi/ros2_ws/build/serbot_controller/build install --record /home/pi/ros2_ws/build/serbot_controller/install.log --single-version-externally-managed install_data
[17.718s] running egg_info
[17.730s] writing ../../build/serbot_controller/serbot_controller.egg-info/PKG-INFO
[17.736s] writing dependency_links to ../../build/serbot_controller/serbot_controller.egg-info/dependency_links.txt
[17.738s] writing entry points to ../../build/serbot_controller/serbot_controller.egg-info/entry_points.txt
[17.740s] writing requirements to ../../build/serbot_controller/serbot_controller.egg-info/requires.txt
[17.742s] writing top-level names to ../../build/serbot_controller/serbot_controller.egg-info/top_level.txt
[17.764s] reading manifest file '../../build/serbot_controller/serbot_controller.egg-info/SOURCES.txt'
[17.776s] writing manifest file '../../build/serbot_controller/serbot_controller.egg-info/SOURCES.txt'
[17.778s] running build
[17.779s] running build_py
[17.784s] running install
[17.787s] running install_lib
[17.803s] running install_data
[17.805s] running install_egg_info
[17.826s] removing '/home/pi/ros2_ws/install/serbot_controller/lib/python3.10/site-packages/serbot_controller-0.0.1-py3.10.egg-info' (and everything under it)
[17.831s] Copying ../../build/serbot_controller/serbot_controller.egg-info to /home/pi/ros2_ws/install/serbot_controller/lib/python3.10/site-packages/serbot_controller-0.0.1-py3.10.egg-info
[17.853s] running install_scripts
[18.119s] Installing serbot_controller script to /home/pi/ros2_ws/install/serbot_controller/lib/serbot_controller
[18.124s] writing list of installed files to '/home/pi/ros2_ws/build/serbot_controller/install.log'
[18.487s] Invoked command in '/home/pi/ros2_ws/src/serbot_controller' returned '0': PYTHONPATH=/home/pi/ros2_ws/build/serbot_controller/prefix_override:/usr/lib/python3/dist-packages/colcon_core/task/python/colcon_distutils_commands:/home/pi/ros2_ws/install/serbot_controller/lib/python3.10/site-packages:${PYTHONPATH} /usr/bin/python3 -W ignore:setup.py install is deprecated -W ignore:easy_install command is deprecated setup.py egg_info --egg-base ../../build/serbot_controller build --build-base /home/pi/ros2_ws/build/serbot_controller/build install --record /home/pi/ros2_ws/build/serbot_controller/install.log --single-version-externally-managed install_data
