-- Found ament_cmake: 1.3.11 (/opt/ros/humble/share/ament_cmake/cmake)
-- Override CMake install command with custom implementation using symlinks instead of copying resources
-- Found ament_lint_auto: 0.12.12 (/opt/ros/humble/share/ament_lint_auto/cmake)
-- Added test 'lint_cmake' to check CMake code style
-- Added test 'xmllint' to check XML markup files
-- Configuring done
-- Generating done
-- Build files have been written to: /home/pi/ros2_ws/build/joy_config_pkg
-- Install configuration: ""
-- Execute custom install script
-- Symlinking: /home/pi/ros2_ws/install/joy_config_pkg/share/ament_index/resource_index/package_run_dependencies/joy_config_pkg
-- Symlinking: /home/pi/ros2_ws/install/joy_config_pkg/share/ament_index/resource_index/parent_prefix_path/joy_config_pkg
-- Symlinking: /home/pi/ros2_ws/install/joy_config_pkg/share/joy_config_pkg/environment/ament_prefix_path.sh
-- Symlinking: /home/pi/ros2_ws/install/joy_config_pkg/share/joy_config_pkg/environment/ament_prefix_path.dsv
-- Symlinking: /home/pi/ros2_ws/install/joy_config_pkg/share/joy_config_pkg/environment/path.sh
-- Symlinking: /home/pi/ros2_ws/install/joy_config_pkg/share/joy_config_pkg/environment/path.dsv
-- Symlinking: /home/pi/ros2_ws/install/joy_config_pkg/share/joy_config_pkg/local_setup.bash
-- Symlinking: /home/pi/ros2_ws/install/joy_config_pkg/share/joy_config_pkg/local_setup.sh
-- Symlinking: /home/pi/ros2_ws/install/joy_config_pkg/share/joy_config_pkg/local_setup.zsh
-- Symlinking: /home/pi/ros2_ws/install/joy_config_pkg/share/joy_config_pkg/local_setup.dsv
-- Symlinking: /home/pi/ros2_ws/install/joy_config_pkg/share/joy_config_pkg/package.dsv
-- Symlinking: /home/pi/ros2_ws/install/joy_config_pkg/share/ament_index/resource_index/packages/joy_config_pkg
-- Symlinking: /home/pi/ros2_ws/install/joy_config_pkg/share/joy_config_pkg/cmake/joy_config_pkgConfig.cmake
-- Symlinking: /home/pi/ros2_ws/install/joy_config_pkg/share/joy_config_pkg/cmake/joy_config_pkgConfig-version.cmake
-- Symlinking: /home/pi/ros2_ws/install/joy_config_pkg/share/joy_config_pkg/package.xml
