[15.123s] Invoking command in '/home/pi/ros2_ws/src/my_car_controller': PYTHONPATH=/home/pi/ros2_ws/build/my_car_controller/prefix_override:/usr/lib/python3/dist-packages/colcon_core/task/python/colcon_distutils_commands:/home/pi/ros2_ws/install/my_car_controller/lib/python3.10/site-packages:${PYTHONPATH} /usr/bin/python3 -W ignore:setup.py install is deprecated -W ignore:easy_install command is deprecated setup.py egg_info --egg-base ../../build/my_car_controller build --build-base /home/pi/ros2_ws/build/my_car_controller/build install --record /home/pi/ros2_ws/build/my_car_controller/install.log --single-version-externally-managed install_data
[18.489s] running egg_info
[18.496s] writing ../../build/my_car_controller/my_car_controller.egg-info/PKG-INFO
[18.500s] writing dependency_links to ../../build/my_car_controller/my_car_controller.egg-info/dependency_links.txt
[18.502s] writing entry points to ../../build/my_car_controller/my_car_controller.egg-info/entry_points.txt
[18.505s] writing requirements to ../../build/my_car_controller/my_car_controller.egg-info/requires.txt
[18.507s] writing top-level names to ../../build/my_car_controller/my_car_controller.egg-info/top_level.txt
[18.537s] reading manifest file '../../build/my_car_controller/my_car_controller.egg-info/SOURCES.txt'
[18.551s] writing manifest file '../../build/my_car_controller/my_car_controller.egg-info/SOURCES.txt'
[18.553s] running build
[18.554s] running build_py
[18.561s] running install
[18.565s] running install_lib
[18.582s] running install_data
[18.587s] running install_egg_info
[18.606s] removing '/home/pi/ros2_ws/install/my_car_controller/lib/python3.10/site-packages/my_car_controller-0.0.0-py3.10.egg-info' (and everything under it)
[18.612s] Copying ../../build/my_car_controller/my_car_controller.egg-info to /home/pi/ros2_ws/install/my_car_controller/lib/python3.10/site-packages/my_car_controller-0.0.0-py3.10.egg-info
[18.632s] running install_scripts
[18.883s] Installing serial_bridge script to /home/pi/ros2_ws/install/my_car_controller/lib/my_car_controller
[18.885s] Installing serial_bridge_2 script to /home/pi/ros2_ws/install/my_car_controller/lib/my_car_controller
[18.890s] writing list of installed files to '/home/pi/ros2_ws/build/my_car_controller/install.log'
[19.325s] Invoked command in '/home/pi/ros2_ws/src/my_car_controller' returned '0': PYTHONPATH=/home/pi/ros2_ws/build/my_car_controller/prefix_override:/usr/lib/python3/dist-packages/colcon_core/task/python/colcon_distutils_commands:/home/pi/ros2_ws/install/my_car_controller/lib/python3.10/site-packages:${PYTHONPATH} /usr/bin/python3 -W ignore:setup.py install is deprecated -W ignore:easy_install command is deprecated setup.py egg_info --egg-base ../../build/my_car_controller build --build-base /home/pi/ros2_ws/build/my_car_controller/build install --record /home/pi/ros2_ws/build/my_car_controller/install.log --single-version-externally-managed install_data
