[11.329s] Invoking command in '/home/pi/ros2_ws/src/serial_control': PYTHONPATH=/home/pi/ros2_ws/build/serial_control/prefix_override:/usr/lib/python3/dist-packages/colcon_core/task/python/colcon_distutils_commands:/home/pi/ros2_ws/install/serial_control/lib/python3.10/site-packages:${PYTHONPATH} /usr/bin/python3 -W ignore:setup.py install is deprecated -W ignore:easy_install command is deprecated setup.py egg_info --egg-base ../../build/serial_control build --build-base /home/pi/ros2_ws/build/serial_control/build install --record /home/pi/ros2_ws/build/serial_control/install.log --single-version-externally-managed install_data
[14.165s] running egg_info
[14.171s] writing ../../build/serial_control/serial_control.egg-info/PKG-INFO
[14.173s] writing dependency_links to ../../build/serial_control/serial_control.egg-info/dependency_links.txt
[14.175s] writing entry points to ../../build/serial_control/serial_control.egg-info/entry_points.txt
[14.177s] writing requirements to ../../build/serial_control/serial_control.egg-info/requires.txt
[14.179s] writing top-level names to ../../build/serial_control/serial_control.egg-info/top_level.txt
[14.210s] reading manifest file '../../build/serial_control/serial_control.egg-info/SOURCES.txt'
[14.219s] writing manifest file '../../build/serial_control/serial_control.egg-info/SOURCES.txt'
[14.220s] running build
[14.221s] running build_py
[14.226s] running install
[14.230s] running install_lib
[14.247s] running install_data
[14.251s] running install_egg_info
[14.267s] removing '/home/pi/ros2_ws/install/serial_control/lib/python3.10/site-packages/serial_control-0.0.0-py3.10.egg-info' (and everything under it)
[14.271s] Copying ../../build/serial_control/serial_control.egg-info to /home/pi/ros2_ws/install/serial_control/lib/python3.10/site-packages/serial_control-0.0.0-py3.10.egg-info
[14.288s] running install_scripts
[14.504s] Installing serial_node script to /home/pi/ros2_ws/install/serial_control/lib/serial_control
[14.509s] writing list of installed files to '/home/pi/ros2_ws/build/serial_control/install.log'
[14.789s] Invoked command in '/home/pi/ros2_ws/src/serial_control' returned '0': PYTHONPATH=/home/pi/ros2_ws/build/serial_control/prefix_override:/usr/lib/python3/dist-packages/colcon_core/task/python/colcon_distutils_commands:/home/pi/ros2_ws/install/serial_control/lib/python3.10/site-packages:${PYTHONPATH} /usr/bin/python3 -W ignore:setup.py install is deprecated -W ignore:easy_install command is deprecated setup.py egg_info --egg-base ../../build/serial_control build --build-base /home/pi/ros2_ws/build/serial_control/build install --record /home/pi/ros2_ws/build/serial_control/install.log --single-version-externally-managed install_data
