[12.255s] Invoking command in '/home/pi/ros2_ws/src/my_car_controller': PYTHONPATH=/home/pi/ros2_ws/build/my_car_controller/prefix_override:/usr/lib/python3/dist-packages/colcon_core/task/python/colcon_distutils_commands:/home/pi/ros2_ws/install/my_car_controller/lib/python3.10/site-packages:${PYTHONPATH} /usr/bin/python3 -W ignore:setup.py install is deprecated -W ignore:easy_install command is deprecated setup.py egg_info --egg-base ../../build/my_car_controller build --build-base /home/pi/ros2_ws/build/my_car_controller/build install --record /home/pi/ros2_ws/build/my_car_controller/install.log --single-version-externally-managed install_data
[15.742s] running egg_info
[15.749s] writing ../../build/my_car_controller/my_car_controller.egg-info/PKG-INFO
[15.753s] writing dependency_links to ../../build/my_car_controller/my_car_controller.egg-info/dependency_links.txt
[15.755s] writing entry points to ../../build/my_car_controller/my_car_controller.egg-info/entry_points.txt
[15.758s] writing requirements to ../../build/my_car_controller/my_car_controller.egg-info/requires.txt
[15.761s] writing top-level names to ../../build/my_car_controller/my_car_controller.egg-info/top_level.txt
[15.783s] reading manifest file '../../build/my_car_controller/my_car_controller.egg-info/SOURCES.txt'
[15.796s] writing manifest file '../../build/my_car_controller/my_car_controller.egg-info/SOURCES.txt'
[15.798s] running build
[15.799s] running build_py
[15.804s] running install
[15.807s] running install_lib
[15.826s] running install_data
[15.828s] running install_egg_info
[15.849s] removing '/home/pi/ros2_ws/install/my_car_controller/lib/python3.10/site-packages/my_car_controller-0.0.0-py3.10.egg-info' (and everything under it)
[15.854s] Copying ../../build/my_car_controller/my_car_controller.egg-info to /home/pi/ros2_ws/install/my_car_controller/lib/python3.10/site-packages/my_car_controller-0.0.0-py3.10.egg-info
[15.873s] running install_scripts
[16.164s] Installing serial_bridge script to /home/pi/ros2_ws/install/my_car_controller/lib/my_car_controller
[16.168s] Installing serial_bridge_2 script to /home/pi/ros2_ws/install/my_car_controller/lib/my_car_controller
[16.172s] writing list of installed files to '/home/pi/ros2_ws/build/my_car_controller/install.log'
[16.457s] Invoked command in '/home/pi/ros2_ws/src/my_car_controller' returned '0': PYTHONPATH=/home/pi/ros2_ws/build/my_car_controller/prefix_override:/usr/lib/python3/dist-packages/colcon_core/task/python/colcon_distutils_commands:/home/pi/ros2_ws/install/my_car_controller/lib/python3.10/site-packages:${PYTHONPATH} /usr/bin/python3 -W ignore:setup.py install is deprecated -W ignore:easy_install command is deprecated setup.py egg_info --egg-base ../../build/my_car_controller build --build-base /home/pi/ros2_ws/build/my_car_controller/build install --record /home/pi/ros2_ws/build/my_car_controller/install.log --single-version-externally-managed install_data
