[11.994s] Invoking command in '/home/pi/ros2_ws/src/serial_control': PYTHONPATH=/home/pi/ros2_ws/build/serial_control/prefix_override:/usr/lib/python3/dist-packages/colcon_core/task/python/colcon_distutils_commands:/home/pi/ros2_ws/install/serial_control/lib/python3.10/site-packages:${PYTHONPATH} /usr/bin/python3 -W ignore:setup.py install is deprecated -W ignore:easy_install command is deprecated setup.py egg_info --egg-base ../../build/serial_control build --build-base /home/pi/ros2_ws/build/serial_control/build install --record /home/pi/ros2_ws/build/serial_control/install.log --single-version-externally-managed install_data
[15.008s] running egg_info
[15.015s] writing ../../build/serial_control/serial_control.egg-info/PKG-INFO
[15.020s] writing dependency_links to ../../build/serial_control/serial_control.egg-info/dependency_links.txt
[15.026s] writing entry points to ../../build/serial_control/serial_control.egg-info/entry_points.txt
[15.030s] writing requirements to ../../build/serial_control/serial_control.egg-info/requires.txt
[15.031s] writing top-level names to ../../build/serial_control/serial_control.egg-info/top_level.txt
[15.045s] reading manifest file '../../build/serial_control/serial_control.egg-info/SOURCES.txt'
[15.057s] writing manifest file '../../build/serial_control/serial_control.egg-info/SOURCES.txt'
[15.060s] running build
[15.062s] running build_py
[15.066s] running install
[15.070s] running install_lib
[15.087s] running install_data
[15.089s] running install_egg_info
[15.108s] removing '/home/pi/ros2_ws/install/serial_control/lib/python3.10/site-packages/serial_control-0.0.0-py3.10.egg-info' (and everything under it)
[15.113s] Copying ../../build/serial_control/serial_control.egg-info to /home/pi/ros2_ws/install/serial_control/lib/python3.10/site-packages/serial_control-0.0.0-py3.10.egg-info
[15.131s] running install_scripts
[15.357s] Installing serial_node script to /home/pi/ros2_ws/install/serial_control/lib/serial_control
[15.364s] writing list of installed files to '/home/pi/ros2_ws/build/serial_control/install.log'
[15.693s] Invoked command in '/home/pi/ros2_ws/src/serial_control' returned '0': PYTHONPATH=/home/pi/ros2_ws/build/serial_control/prefix_override:/usr/lib/python3/dist-packages/colcon_core/task/python/colcon_distutils_commands:/home/pi/ros2_ws/install/serial_control/lib/python3.10/site-packages:${PYTHONPATH} /usr/bin/python3 -W ignore:setup.py install is deprecated -W ignore:easy_install command is deprecated setup.py egg_info --egg-base ../../build/serial_control build --build-base /home/pi/ros2_ws/build/serial_control/build install --record /home/pi/ros2_ws/build/serial_control/install.log --single-version-externally-managed install_data
