[0.046s] Invoking command in '/home/pi/ros2_ws/build/serbot_description': CMAKE_PREFIX_PATH=${CMAKE_PREFIX_PATH}:/home/pi/ros2_ws/install/teleop_twist_keyboard:/home/pi/ros2_ws/install/serial_control:/home/pi/ros2_ws/install/serbot_controller:/home/pi/ros2_ws/install/my_car_controller:/opt/ros/humble /usr/bin/cmake /home/pi/ros2_ws/src/serbot_description -DCMAKE_INSTALL_PREFIX=/home/pi/ros2_ws/install/serbot_description
[0.115s] -- Found ament_cmake: 1.3.11 (/opt/ros/humble/share/ament_cmake/cmake)
[0.914s] -- Override CMake install command with custom implementation using symlinks instead of copying resources
[0.961s] -- Found ament_lint_auto: 0.12.12 (/opt/ros/humble/share/ament_lint_auto/cmake)
[1.436s] -- Added test 'flake8' to check Python code syntax and style conventions
[1.440s] -- Added test 'lint_cmake' to check CMake code style
[1.443s] -- Added test 'pep257' to check Python code against some of the docstring style conventions in PEP 257
[1.452s] -- Added test 'xmllint' to check XML markup files
[1.462s] -- Configuring done
[1.500s] -- Generating done
[1.518s] -- Build files have been written to: /home/pi/ros2_ws/build/serbot_description
[1.531s] Invoked command in '/home/pi/ros2_ws/build/serbot_description' returned '0': CMAKE_PREFIX_PATH=${CMAKE_PREFIX_PATH}:/home/pi/ros2_ws/install/teleop_twist_keyboard:/home/pi/ros2_ws/install/serial_control:/home/pi/ros2_ws/install/serbot_controller:/home/pi/ros2_ws/install/my_car_controller:/opt/ros/humble /usr/bin/cmake /home/pi/ros2_ws/src/serbot_description -DCMAKE_INSTALL_PREFIX=/home/pi/ros2_ws/install/serbot_description
[1.541s] Invoking command in '/home/pi/ros2_ws/build/serbot_description': CMAKE_PREFIX_PATH=${CMAKE_PREFIX_PATH}:/home/pi/ros2_ws/install/teleop_twist_keyboard:/home/pi/ros2_ws/install/serial_control:/home/pi/ros2_ws/install/serbot_controller:/home/pi/ros2_ws/install/my_car_controller:/opt/ros/humble /usr/bin/cmake --build /home/pi/ros2_ws/build/serbot_description -- -j4 -l4
[1.710s] Invoked command in '/home/pi/ros2_ws/build/serbot_description' returned '0': CMAKE_PREFIX_PATH=${CMAKE_PREFIX_PATH}:/home/pi/ros2_ws/install/teleop_twist_keyboard:/home/pi/ros2_ws/install/serial_control:/home/pi/ros2_ws/install/serbot_controller:/home/pi/ros2_ws/install/my_car_controller:/opt/ros/humble /usr/bin/cmake --build /home/pi/ros2_ws/build/serbot_description -- -j4 -l4
[1.718s] Invoking command in '/home/pi/ros2_ws/build/serbot_description': CMAKE_PREFIX_PATH=${CMAKE_PREFIX_PATH}:/home/pi/ros2_ws/install/teleop_twist_keyboard:/home/pi/ros2_ws/install/serial_control:/home/pi/ros2_ws/install/serbot_controller:/home/pi/ros2_ws/install/my_car_controller:/opt/ros/humble /usr/bin/cmake --install /home/pi/ros2_ws/build/serbot_description
[1.747s] -- Install configuration: ""
[1.749s] -- Execute custom install script
[1.751s] -- Up-to-date symlink: /home/pi/ros2_ws/install/serbot_description/share/serbot_description/urdf/serbot.urdf
[1.752s] -- Up-to-date symlink: /home/pi/ros2_ws/install/serbot_description/share/serbot_description/urdf/serbot2.urdf
[1.753s] -- Up-to-date symlink: /home/pi/ros2_ws/install/serbot_description/share/serbot_description/urdf/serbot3.urdf
[1.755s] -- Up-to-date symlink: /home/pi/ros2_ws/install/serbot_description/share/serbot_description/launch/display.launch.py
[1.757s] -- Up-to-date symlink: /home/pi/ros2_ws/install/serbot_description/share/ament_index/resource_index/package_run_dependencies/serbot_description
[1.762s] -- Up-to-date symlink: /home/pi/ros2_ws/install/serbot_description/share/ament_index/resource_index/parent_prefix_path/serbot_description
[1.764s] -- Up-to-date symlink: /home/pi/ros2_ws/install/serbot_description/share/serbot_description/environment/ament_prefix_path.sh
[1.767s] -- Up-to-date symlink: /home/pi/ros2_ws/install/serbot_description/share/serbot_description/environment/ament_prefix_path.dsv
[1.768s] -- Up-to-date symlink: /home/pi/ros2_ws/install/serbot_description/share/serbot_description/environment/path.sh
[1.771s] -- Up-to-date symlink: /home/pi/ros2_ws/install/serbot_description/share/serbot_description/environment/path.dsv
[1.772s] -- Up-to-date symlink: /home/pi/ros2_ws/install/serbot_description/share/serbot_description/local_setup.bash
[1.775s] -- Up-to-date symlink: /home/pi/ros2_ws/install/serbot_description/share/serbot_description/local_setup.sh
[1.776s] -- Up-to-date symlink: /home/pi/ros2_ws/install/serbot_description/share/serbot_description/local_setup.zsh
[1.777s] -- Up-to-date symlink: /home/pi/ros2_ws/install/serbot_description/share/serbot_description/local_setup.dsv
[1.778s] -- Symlinking: /home/pi/ros2_ws/install/serbot_description/share/serbot_description/package.dsv
[1.817s] -- Up-to-date symlink: /home/pi/ros2_ws/install/serbot_description/share/ament_index/resource_index/packages/serbot_description
[1.819s] -- Up-to-date symlink: /home/pi/ros2_ws/install/serbot_description/share/serbot_description/cmake/serbot_descriptionConfig.cmake
[1.820s] -- Up-to-date symlink: /home/pi/ros2_ws/install/serbot_description/share/serbot_description/cmake/serbot_descriptionConfig-version.cmake
[1.821s] -- Up-to-date symlink: /home/pi/ros2_ws/install/serbot_description/share/serbot_description/package.xml
[1.830s] Invoked command in '/home/pi/ros2_ws/build/serbot_description' returned '0': CMAKE_PREFIX_PATH=${CMAKE_PREFIX_PATH}:/home/pi/ros2_ws/install/teleop_twist_keyboard:/home/pi/ros2_ws/install/serial_control:/home/pi/ros2_ws/install/serbot_controller:/home/pi/ros2_ws/install/my_car_controller:/opt/ros/humble /usr/bin/cmake --install /home/pi/ros2_ws/build/serbot_description
