[0.195s] Invoking command in '/home/pi/ros2_ws/build/serbot_description': CMAKE_PREFIX_PATH=${CMAKE_PREFIX_PATH}:/home/pi/ros2_ws/install/teleop_twist_keyboard:/home/pi/ros2_ws/install/serial_control:/home/pi/ros2_ws/install/serbot_controller:/home/pi/ros2_ws/install/my_car_controller:/opt/ros/humble /usr/bin/cmake --build /home/pi/ros2_ws/build/serbot_description -- -j4 -l4
[0.617s] Invoked command in '/home/pi/ros2_ws/build/serbot_description' returned '0': CMAKE_PREFIX_PATH=${CMAKE_PREFIX_PATH}:/home/pi/ros2_ws/install/teleop_twist_keyboard:/home/pi/ros2_ws/install/serial_control:/home/pi/ros2_ws/install/serbot_controller:/home/pi/ros2_ws/install/my_car_controller:/opt/ros/humble /usr/bin/cmake --build /home/pi/ros2_ws/build/serbot_description -- -j4 -l4
[0.634s] Invoking command in '/home/pi/ros2_ws/build/serbot_description': CMAKE_PREFIX_PATH=${CMAKE_PREFIX_PATH}:/home/pi/ros2_ws/install/teleop_twist_keyboard:/home/pi/ros2_ws/install/serial_control:/home/pi/ros2_ws/install/serbot_controller:/home/pi/ros2_ws/install/my_car_controller:/opt/ros/humble /usr/bin/cmake --install /home/pi/ros2_ws/build/serbot_description
[0.738s] -- Install configuration: ""
[0.742s] -- Up-to-date: /home/pi/ros2_ws/install/serbot_description/share/serbot_description/urdf
[0.747s] -- Up-to-date: /home/pi/ros2_ws/install/serbot_description/share/serbot_description/urdf/serbot.urdf
[0.751s] -- Up-to-date: /home/pi/ros2_ws/install/serbot_description/share/serbot_description/urdf/serbot2.urdf
[0.754s] -- Up-to-date: /home/pi/ros2_ws/install/serbot_description/share/serbot_description/urdf/serbot3.urdf
[0.756s] -- Up-to-date: /home/pi/ros2_ws/install/serbot_description/share/serbot_description/launch
[0.764s] -- Up-to-date: /home/pi/ros2_ws/install/serbot_description/share/serbot_description/launch/display.launch.py
[0.768s] -- Up-to-date: /home/pi/ros2_ws/install/serbot_description/share/ament_index/resource_index/package_run_dependencies/serbot_description
[0.773s] -- Up-to-date: /home/pi/ros2_ws/install/serbot_description/share/ament_index/resource_index/parent_prefix_path/serbot_description
[0.777s] -- Up-to-date: /home/pi/ros2_ws/install/serbot_description/share/serbot_description/environment/ament_prefix_path.sh
[0.781s] -- Up-to-date: /home/pi/ros2_ws/install/serbot_description/share/serbot_description/environment/ament_prefix_path.dsv
[0.786s] -- Up-to-date: /home/pi/ros2_ws/install/serbot_description/share/serbot_description/environment/path.sh
[0.790s] -- Up-to-date: /home/pi/ros2_ws/install/serbot_description/share/serbot_description/environment/path.dsv
[0.793s] -- Up-to-date: /home/pi/ros2_ws/install/serbot_description/share/serbot_description/local_setup.bash
[0.797s] -- Up-to-date: /home/pi/ros2_ws/install/serbot_description/share/serbot_description/local_setup.sh
[0.801s] -- Up-to-date: /home/pi/ros2_ws/install/serbot_description/share/serbot_description/local_setup.zsh
[0.804s] -- Up-to-date: /home/pi/ros2_ws/install/serbot_description/share/serbot_description/local_setup.dsv
[0.807s] -- Installing: /home/pi/ros2_ws/install/serbot_description/share/serbot_description/package.dsv
[0.815s] -- Up-to-date: /home/pi/ros2_ws/install/serbot_description/share/ament_index/resource_index/packages/serbot_description
[0.820s] -- Up-to-date: /home/pi/ros2_ws/install/serbot_description/share/serbot_description/cmake/serbot_descriptionConfig.cmake
[0.823s] -- Up-to-date: /home/pi/ros2_ws/install/serbot_description/share/serbot_description/cmake/serbot_descriptionConfig-version.cmake
[0.827s] -- Up-to-date: /home/pi/ros2_ws/install/serbot_description/share/serbot_description/package.xml
[0.851s] Invoked command in '/home/pi/ros2_ws/build/serbot_description' returned '0': CMAKE_PREFIX_PATH=${CMAKE_PREFIX_PATH}:/home/pi/ros2_ws/install/teleop_twist_keyboard:/home/pi/ros2_ws/install/serial_control:/home/pi/ros2_ws/install/serbot_controller:/home/pi/ros2_ws/install/my_car_controller:/opt/ros/humble /usr/bin/cmake --install /home/pi/ros2_ws/build/serbot_description
