[11.340s] Invoking command in '/home/pi/ros2_ws/src/my_car_controller': PYTHONPATH=/home/pi/ros2_ws/build/my_car_controller/prefix_override:/usr/lib/python3/dist-packages/colcon_core/task/python/colcon_distutils_commands:/home/pi/ros2_ws/install/my_car_controller/lib/python3.10/site-packages:${PYTHONPATH} /usr/bin/python3 -W ignore:setup.py install is deprecated -W ignore:easy_install command is deprecated setup.py egg_info --egg-base ../../build/my_car_controller build --build-base /home/pi/ros2_ws/build/my_car_controller/build install --record /home/pi/ros2_ws/build/my_car_controller/install.log --single-version-externally-managed install_data
[14.526s] running egg_info
[14.534s] writing ../../build/my_car_controller/my_car_controller.egg-info/PKG-INFO
[14.537s] writing dependency_links to ../../build/my_car_controller/my_car_controller.egg-info/dependency_links.txt
[14.540s] writing entry points to ../../build/my_car_controller/my_car_controller.egg-info/entry_points.txt
[14.543s] writing requirements to ../../build/my_car_controller/my_car_controller.egg-info/requires.txt
[14.546s] writing top-level names to ../../build/my_car_controller/my_car_controller.egg-info/top_level.txt
[14.566s] reading manifest file '../../build/my_car_controller/my_car_controller.egg-info/SOURCES.txt'
[14.576s] writing manifest file '../../build/my_car_controller/my_car_controller.egg-info/SOURCES.txt'
[14.579s] running build
[14.580s] running build_py
[14.585s] running install
[14.589s] running install_lib
[14.611s] running install_data
[14.627s] running install_egg_info
[14.635s] removing '/home/pi/ros2_ws/install/my_car_controller/lib/python3.10/site-packages/my_car_controller-0.0.0-py3.10.egg-info' (and everything under it)
[14.641s] Copying ../../build/my_car_controller/my_car_controller.egg-info to /home/pi/ros2_ws/install/my_car_controller/lib/python3.10/site-packages/my_car_controller-0.0.0-py3.10.egg-info
[14.661s] running install_scripts
[14.899s] Installing serial_bridge script to /home/pi/ros2_ws/install/my_car_controller/lib/my_car_controller
[14.902s] Installing serial_bridge_2 script to /home/pi/ros2_ws/install/my_car_controller/lib/my_car_controller
[14.907s] writing list of installed files to '/home/pi/ros2_ws/build/my_car_controller/install.log'
[15.338s] Invoked command in '/home/pi/ros2_ws/src/my_car_controller' returned '0': PYTHONPATH=/home/pi/ros2_ws/build/my_car_controller/prefix_override:/usr/lib/python3/dist-packages/colcon_core/task/python/colcon_distutils_commands:/home/pi/ros2_ws/install/my_car_controller/lib/python3.10/site-packages:${PYTHONPATH} /usr/bin/python3 -W ignore:setup.py install is deprecated -W ignore:easy_install command is deprecated setup.py egg_info --egg-base ../../build/my_car_controller build --build-base /home/pi/ros2_ws/build/my_car_controller/build install --record /home/pi/ros2_ws/build/my_car_controller/install.log --single-version-externally-managed install_data
