[12.237s] Invoking command in '/home/pi/ros2_ws/src/serbot_controller': PYTHONPATH=/home/pi/ros2_ws/build/serbot_controller/prefix_override:/usr/lib/python3/dist-packages/colcon_core/task/python/colcon_distutils_commands:/home/pi/ros2_ws/install/serbot_controller/lib/python3.10/site-packages:${PYTHONPATH} /usr/bin/python3 -W ignore:setup.py install is deprecated -W ignore:easy_install command is deprecated setup.py egg_info --egg-base ../../build/serbot_controller build --build-base /home/pi/ros2_ws/build/serbot_controller/build install --record /home/pi/ros2_ws/build/serbot_controller/install.log --single-version-externally-managed install_data
[15.527s] running egg_info
[15.536s] writing ../../build/serbot_controller/serbot_controller.egg-info/PKG-INFO
[15.542s] writing dependency_links to ../../build/serbot_controller/serbot_controller.egg-info/dependency_links.txt
[15.546s] writing entry points to ../../build/serbot_controller/serbot_controller.egg-info/entry_points.txt
[15.551s] writing requirements to ../../build/serbot_controller/serbot_controller.egg-info/requires.txt
[15.554s] writing top-level names to ../../build/serbot_controller/serbot_controller.egg-info/top_level.txt
[15.581s] reading manifest file '../../build/serbot_controller/serbot_controller.egg-info/SOURCES.txt'
[15.598s] writing manifest file '../../build/serbot_controller/serbot_controller.egg-info/SOURCES.txt'
[15.600s] running build
[15.603s] running build_py
[15.613s] running install
[15.617s] running install_lib
[15.642s] running install_data
[15.643s] running install_egg_info
[15.666s] removing '/home/pi/ros2_ws/install/serbot_controller/lib/python3.10/site-packages/serbot_controller-0.0.1-py3.10.egg-info' (and everything under it)
[15.671s] Copying ../../build/serbot_controller/serbot_controller.egg-info to /home/pi/ros2_ws/install/serbot_controller/lib/python3.10/site-packages/serbot_controller-0.0.1-py3.10.egg-info
[15.689s] running install_scripts
[15.931s] Installing serbot_controller script to /home/pi/ros2_ws/install/serbot_controller/lib/serbot_controller
[15.941s] writing list of installed files to '/home/pi/ros2_ws/build/serbot_controller/install.log'
[16.370s] Invoked command in '/home/pi/ros2_ws/src/serbot_controller' returned '0': PYTHONPATH=/home/pi/ros2_ws/build/serbot_controller/prefix_override:/usr/lib/python3/dist-packages/colcon_core/task/python/colcon_distutils_commands:/home/pi/ros2_ws/install/serbot_controller/lib/python3.10/site-packages:${PYTHONPATH} /usr/bin/python3 -W ignore:setup.py install is deprecated -W ignore:easy_install command is deprecated setup.py egg_info --egg-base ../../build/serbot_controller build --build-base /home/pi/ros2_ws/build/serbot_controller/build install --record /home/pi/ros2_ws/build/serbot_controller/install.log --single-version-externally-managed install_data
