[7.243s] Invoking command in '/home/pi/ros2_ws/src/teleop_twist_keyboard': PYTHONPATH=/home/pi/ros2_ws/build/teleop_twist_keyboard/prefix_override:/usr/lib/python3/dist-packages/colcon_core/task/python/colcon_distutils_commands:/home/pi/ros2_ws/install/teleop_twist_keyboard/lib/python3.10/site-packages:${PYTHONPATH} /usr/bin/python3 -W ignore:setup.py install is deprecated -W ignore:easy_install command is deprecated setup.py egg_info --egg-base ../../build/teleop_twist_keyboard build --build-base /home/pi/ros2_ws/build/teleop_twist_keyboard/build install --record /home/pi/ros2_ws/build/teleop_twist_keyboard/install.log --single-version-externally-managed install_data
[9.800s] running egg_info
[9.806s] creating ../../build/teleop_twist_keyboard/teleop_twist_keyboard.egg-info
[9.807s] writing ../../build/teleop_twist_keyboard/teleop_twist_keyboard.egg-info/PKG-INFO
[9.810s] writing dependency_links to ../../build/teleop_twist_keyboard/teleop_twist_keyboard.egg-info/dependency_links.txt
[9.811s] writing entry points to ../../build/teleop_twist_keyboard/teleop_twist_keyboard.egg-info/entry_points.txt
[9.812s] writing requirements to ../../build/teleop_twist_keyboard/teleop_twist_keyboard.egg-info/requires.txt
[9.813s] writing top-level names to ../../build/teleop_twist_keyboard/teleop_twist_keyboard.egg-info/top_level.txt
[9.815s] writing manifest file '../../build/teleop_twist_keyboard/teleop_twist_keyboard.egg-info/SOURCES.txt'
[9.828s] reading manifest file '../../build/teleop_twist_keyboard/teleop_twist_keyboard.egg-info/SOURCES.txt'
[9.831s] adding license file 'LICENSE'
[9.838s] writing manifest file '../../build/teleop_twist_keyboard/teleop_twist_keyboard.egg-info/SOURCES.txt'
[9.840s] running build
[9.841s] running build_py
[9.842s] creating /home/pi/ros2_ws/build/teleop_twist_keyboard/build
[9.843s] creating /home/pi/ros2_ws/build/teleop_twist_keyboard/build/lib
[9.844s] copying teleop_twist_keyboard.py -> /home/pi/ros2_ws/build/teleop_twist_keyboard/build/lib
[9.845s] running install
[9.846s] running install_lib
[9.853s] copying /home/pi/ros2_ws/build/teleop_twist_keyboard/build/lib/teleop_twist_keyboard.py -> /home/pi/ros2_ws/install/teleop_twist_keyboard/lib/python3.10/site-packages
[9.859s] byte-compiling /home/pi/ros2_ws/install/teleop_twist_keyboard/lib/python3.10/site-packages/teleop_twist_keyboard.py to teleop_twist_keyboard.cpython-310.pyc
[9.871s] running install_data
[9.873s] creating /home/pi/ros2_ws/install/teleop_twist_keyboard/share/ament_index
[9.874s] creating /home/pi/ros2_ws/install/teleop_twist_keyboard/share/ament_index/resource_index
[9.875s] creating /home/pi/ros2_ws/install/teleop_twist_keyboard/share/ament_index/resource_index/packages
[9.876s] copying resource/teleop_twist_keyboard -> /home/pi/ros2_ws/install/teleop_twist_keyboard/share/ament_index/resource_index/packages
[9.877s] copying package.xml -> /home/pi/ros2_ws/install/teleop_twist_keyboard/share/teleop_twist_keyboard
[9.878s] running install_egg_info
[9.895s] Copying ../../build/teleop_twist_keyboard/teleop_twist_keyboard.egg-info to /home/pi/ros2_ws/install/teleop_twist_keyboard/lib/python3.10/site-packages/teleop_twist_keyboard-2.4.0-py3.10.egg-info
[9.909s] running install_scripts
[10.106s] Installing teleop_twist_keyboard script to /home/pi/ros2_ws/install/teleop_twist_keyboard/lib/teleop_twist_keyboard
[10.108s] writing list of installed files to '/home/pi/ros2_ws/build/teleop_twist_keyboard/install.log'
[10.313s] Invoked command in '/home/pi/ros2_ws/src/teleop_twist_keyboard' returned '0': PYTHONPATH=/home/pi/ros2_ws/build/teleop_twist_keyboard/prefix_override:/usr/lib/python3/dist-packages/colcon_core/task/python/colcon_distutils_commands:/home/pi/ros2_ws/install/teleop_twist_keyboard/lib/python3.10/site-packages:${PYTHONPATH} /usr/bin/python3 -W ignore:setup.py install is deprecated -W ignore:easy_install command is deprecated setup.py egg_info --egg-base ../../build/teleop_twist_keyboard build --build-base /home/pi/ros2_ws/build/teleop_twist_keyboard/build install --record /home/pi/ros2_ws/build/teleop_twist_keyboard/install.log --single-version-externally-managed install_data
