[0.288s] Invoking command in '/home/pi/ros2_ws/build/joy_config_pkg': CMAKE_PREFIX_PATH=${CMAKE_PREFIX_PATH}:/home/pi/ros2_ws/install/teleop_twist_keyboard:/home/pi/ros2_ws/install/serial_control:/home/pi/ros2_ws/install/serbot_controller:/home/pi/ros2_ws/install/my_car_controller:/opt/ros/humble /usr/bin/cmake --build /home/pi/ros2_ws/build/joy_config_pkg -- -j4 -l4
[6.677s] Invoked command in '/home/pi/ros2_ws/build/joy_config_pkg' returned '0': CMAKE_PREFIX_PATH=${CMAKE_PREFIX_PATH}:/home/pi/ros2_ws/install/teleop_twist_keyboard:/home/pi/ros2_ws/install/serial_control:/home/pi/ros2_ws/install/serbot_controller:/home/pi/ros2_ws/install/my_car_controller:/opt/ros/humble /usr/bin/cmake --build /home/pi/ros2_ws/build/joy_config_pkg -- -j4 -l4
[6.772s] Invoking command in '/home/pi/ros2_ws/build/joy_config_pkg': CMAKE_PREFIX_PATH=${CMAKE_PREFIX_PATH}:/home/pi/ros2_ws/install/teleop_twist_keyboard:/home/pi/ros2_ws/install/serial_control:/home/pi/ros2_ws/install/serbot_controller:/home/pi/ros2_ws/install/my_car_controller:/opt/ros/humble /usr/bin/cmake --install /home/pi/ros2_ws/build/joy_config_pkg
[6.847s] -- Install configuration: ""
[6.850s] -- Up-to-date: /home/pi/ros2_ws/install/joy_config_pkg/share/ament_index/resource_index/package_run_dependencies/joy_config_pkg
[6.853s] -- Up-to-date: /home/pi/ros2_ws/install/joy_config_pkg/share/ament_index/resource_index/parent_prefix_path/joy_config_pkg
[6.855s] -- Up-to-date: /home/pi/ros2_ws/install/joy_config_pkg/share/joy_config_pkg/environment/ament_prefix_path.sh
[6.857s] -- Up-to-date: /home/pi/ros2_ws/install/joy_config_pkg/share/joy_config_pkg/environment/ament_prefix_path.dsv
[6.864s] -- Up-to-date: /home/pi/ros2_ws/install/joy_config_pkg/share/joy_config_pkg/environment/path.sh
[6.865s] -- Up-to-date: /home/pi/ros2_ws/install/joy_config_pkg/share/joy_config_pkg/environment/path.dsv
[6.869s] -- Up-to-date: /home/pi/ros2_ws/install/joy_config_pkg/share/joy_config_pkg/local_setup.bash
[6.870s] -- Up-to-date: /home/pi/ros2_ws/install/joy_config_pkg/share/joy_config_pkg/local_setup.sh
[6.872s] -- Up-to-date: /home/pi/ros2_ws/install/joy_config_pkg/share/joy_config_pkg/local_setup.zsh
[6.877s] -- Up-to-date: /home/pi/ros2_ws/install/joy_config_pkg/share/joy_config_pkg/local_setup.dsv
[6.879s] -- Installing: /home/pi/ros2_ws/install/joy_config_pkg/share/joy_config_pkg/package.dsv
[6.881s] -- Up-to-date: /home/pi/ros2_ws/install/joy_config_pkg/share/ament_index/resource_index/packages/joy_config_pkg
[6.882s] -- Up-to-date: /home/pi/ros2_ws/install/joy_config_pkg/share/joy_config_pkg/cmake/joy_config_pkgConfig.cmake
[6.883s] -- Up-to-date: /home/pi/ros2_ws/install/joy_config_pkg/share/joy_config_pkg/cmake/joy_config_pkgConfig-version.cmake
[6.885s] -- Up-to-date: /home/pi/ros2_ws/install/joy_config_pkg/share/joy_config_pkg/package.xml
[6.921s] Invoked command in '/home/pi/ros2_ws/build/joy_config_pkg' returned '0': CMAKE_PREFIX_PATH=${CMAKE_PREFIX_PATH}:/home/pi/ros2_ws/install/teleop_twist_keyboard:/home/pi/ros2_ws/install/serial_control:/home/pi/ros2_ws/install/serbot_controller:/home/pi/ros2_ws/install/my_car_controller:/opt/ros/humble /usr/bin/cmake --install /home/pi/ros2_ws/build/joy_config_pkg
