[15.623s] Invoking command in '/home/pi/ros2_ws/src/my_car_controller': PYTHONPATH=/home/pi/ros2_ws/build/my_car_controller/prefix_override:/usr/lib/python3/dist-packages/colcon_core/task/python/colcon_distutils_commands:/home/pi/ros2_ws/install/my_car_controller/lib/python3.10/site-packages:${PYTHONPATH} /usr/bin/python3 -W ignore:setup.py install is deprecated -W ignore:easy_install command is deprecated setup.py egg_info --egg-base ../../build/my_car_controller build --build-base /home/pi/ros2_ws/build/my_car_controller/build install --record /home/pi/ros2_ws/build/my_car_controller/install.log --single-version-externally-managed install_data
[19.667s] running egg_info
[19.674s] writing ../../build/my_car_controller/my_car_controller.egg-info/PKG-INFO
[19.678s] writing dependency_links to ../../build/my_car_controller/my_car_controller.egg-info/dependency_links.txt
[19.681s] writing entry points to ../../build/my_car_controller/my_car_controller.egg-info/entry_points.txt
[19.684s] writing requirements to ../../build/my_car_controller/my_car_controller.egg-info/requires.txt
[19.686s] writing top-level names to ../../build/my_car_controller/my_car_controller.egg-info/top_level.txt
[19.715s] reading manifest file '../../build/my_car_controller/my_car_controller.egg-info/SOURCES.txt'
[19.727s] writing manifest file '../../build/my_car_controller/my_car_controller.egg-info/SOURCES.txt'
[19.729s] running build
[19.730s] running build_py
[19.738s] running install
[19.742s] running install_lib
[19.762s] running install_data
[19.764s] running install_egg_info
[19.785s] removing '/home/pi/ros2_ws/install/my_car_controller/lib/python3.10/site-packages/my_car_controller-0.0.0-py3.10.egg-info' (and everything under it)
[19.791s] Copying ../../build/my_car_controller/my_car_controller.egg-info to /home/pi/ros2_ws/install/my_car_controller/lib/python3.10/site-packages/my_car_controller-0.0.0-py3.10.egg-info
[19.814s] running install_scripts
[20.074s] Installing serial_bridge script to /home/pi/ros2_ws/install/my_car_controller/lib/my_car_controller
[20.078s] Installing serial_bridge_2 script to /home/pi/ros2_ws/install/my_car_controller/lib/my_car_controller
[20.084s] writing list of installed files to '/home/pi/ros2_ws/build/my_car_controller/install.log'
[20.548s] Invoked command in '/home/pi/ros2_ws/src/my_car_controller' returned '0': PYTHONPATH=/home/pi/ros2_ws/build/my_car_controller/prefix_override:/usr/lib/python3/dist-packages/colcon_core/task/python/colcon_distutils_commands:/home/pi/ros2_ws/install/my_car_controller/lib/python3.10/site-packages:${PYTHONPATH} /usr/bin/python3 -W ignore:setup.py install is deprecated -W ignore:easy_install command is deprecated setup.py egg_info --egg-base ../../build/my_car_controller build --build-base /home/pi/ros2_ws/build/my_car_controller/build install --record /home/pi/ros2_ws/build/my_car_controller/install.log --single-version-externally-managed install_data
