[0.298s] Invoking command in '/home/pi/ros2_ws/build/joy_config_pkg': CMAKE_PREFIX_PATH=${CMAKE_PREFIX_PATH}:/home/pi/ros2_ws/install/teleop_twist_keyboard:/home/pi/ros2_ws/install/serial_control:/home/pi/ros2_ws/install/serbot_controller:/home/pi/ros2_ws/install/my_car_controller:/opt/ros/humble /usr/bin/cmake --build /home/pi/ros2_ws/build/joy_config_pkg -- -j4 -l4
[6.712s] Invoked command in '/home/pi/ros2_ws/build/joy_config_pkg' returned '0': CMAKE_PREFIX_PATH=${CMAKE_PREFIX_PATH}:/home/pi/ros2_ws/install/teleop_twist_keyboard:/home/pi/ros2_ws/install/serial_control:/home/pi/ros2_ws/install/serbot_controller:/home/pi/ros2_ws/install/my_car_controller:/opt/ros/humble /usr/bin/cmake --build /home/pi/ros2_ws/build/joy_config_pkg -- -j4 -l4
[6.817s] Invoking command in '/home/pi/ros2_ws/build/joy_config_pkg': CMAKE_PREFIX_PATH=${CMAKE_PREFIX_PATH}:/home/pi/ros2_ws/install/teleop_twist_keyboard:/home/pi/ros2_ws/install/serial_control:/home/pi/ros2_ws/install/serbot_controller:/home/pi/ros2_ws/install/my_car_controller:/opt/ros/humble /usr/bin/cmake --install /home/pi/ros2_ws/build/joy_config_pkg
[6.893s] -- Install configuration: ""
[6.895s] -- Up-to-date: /home/pi/ros2_ws/install/joy_config_pkg/share/ament_index/resource_index/package_run_dependencies/joy_config_pkg
[6.897s] -- Up-to-date: /home/pi/ros2_ws/install/joy_config_pkg/share/ament_index/resource_index/parent_prefix_path/joy_config_pkg
[6.898s] -- Up-to-date: /home/pi/ros2_ws/install/joy_config_pkg/share/joy_config_pkg/environment/ament_prefix_path.sh
[6.905s] -- Up-to-date: /home/pi/ros2_ws/install/joy_config_pkg/share/joy_config_pkg/environment/ament_prefix_path.dsv
[6.909s] -- Up-to-date: /home/pi/ros2_ws/install/joy_config_pkg/share/joy_config_pkg/environment/path.sh
[6.910s] -- Up-to-date: /home/pi/ros2_ws/install/joy_config_pkg/share/joy_config_pkg/environment/path.dsv
[6.911s] -- Up-to-date: /home/pi/ros2_ws/install/joy_config_pkg/share/joy_config_pkg/local_setup.bash
[6.914s] -- Up-to-date: /home/pi/ros2_ws/install/joy_config_pkg/share/joy_config_pkg/local_setup.sh
[6.921s] -- Up-to-date: /home/pi/ros2_ws/install/joy_config_pkg/share/joy_config_pkg/local_setup.zsh
[6.923s] -- Up-to-date: /home/pi/ros2_ws/install/joy_config_pkg/share/joy_config_pkg/local_setup.dsv
[6.924s] -- Installing: /home/pi/ros2_ws/install/joy_config_pkg/share/joy_config_pkg/package.dsv
[6.927s] -- Up-to-date: /home/pi/ros2_ws/install/joy_config_pkg/share/ament_index/resource_index/packages/joy_config_pkg
[6.936s] -- Up-to-date: /home/pi/ros2_ws/install/joy_config_pkg/share/joy_config_pkg/cmake/joy_config_pkgConfig.cmake
[6.941s] -- Up-to-date: /home/pi/ros2_ws/install/joy_config_pkg/share/joy_config_pkg/cmake/joy_config_pkgConfig-version.cmake
[6.943s] -- Up-to-date: /home/pi/ros2_ws/install/joy_config_pkg/share/joy_config_pkg/package.xml
[6.966s] Invoked command in '/home/pi/ros2_ws/build/joy_config_pkg' returned '0': CMAKE_PREFIX_PATH=${CMAKE_PREFIX_PATH}:/home/pi/ros2_ws/install/teleop_twist_keyboard:/home/pi/ros2_ws/install/serial_control:/home/pi/ros2_ws/install/serbot_controller:/home/pi/ros2_ws/install/my_car_controller:/opt/ros/humble /usr/bin/cmake --install /home/pi/ros2_ws/build/joy_config_pkg
