[0.053s] Invoking command in '/home/pi/ros2_ws/build/serbot_description': CMAKE_PREFIX_PATH=${CMAKE_PREFIX_PATH}:/home/pi/ros2_ws/install/teleop_twist_keyboard:/home/pi/ros2_ws/install/serial_control:/home/pi/ros2_ws/install/serbot_controller:/home/pi/ros2_ws/install/my_car_controller:/home/pi/ros2_ws/install/joy_config_pkg:/opt/ros/humble /usr/bin/cmake --build /home/pi/ros2_ws/build/serbot_description -- -j4 -l4
[0.217s] Invoked command in '/home/pi/ros2_ws/build/serbot_description' returned '0': CMAKE_PREFIX_PATH=${CMAKE_PREFIX_PATH}:/home/pi/ros2_ws/install/teleop_twist_keyboard:/home/pi/ros2_ws/install/serial_control:/home/pi/ros2_ws/install/serbot_controller:/home/pi/ros2_ws/install/my_car_controller:/home/pi/ros2_ws/install/joy_config_pkg:/opt/ros/humble /usr/bin/cmake --build /home/pi/ros2_ws/build/serbot_description -- -j4 -l4
[0.262s] Invoking command in '/home/pi/ros2_ws/build/serbot_description': CMAKE_PREFIX_PATH=${CMAKE_PREFIX_PATH}:/home/pi/ros2_ws/install/teleop_twist_keyboard:/home/pi/ros2_ws/install/serial_control:/home/pi/ros2_ws/install/serbot_controller:/home/pi/ros2_ws/install/my_car_controller:/home/pi/ros2_ws/install/joy_config_pkg:/opt/ros/humble /usr/bin/cmake --install /home/pi/ros2_ws/build/serbot_description
[0.289s] -- Install configuration: ""
[0.292s] -- Execute custom install script
[0.298s] -- Up-to-date symlink: /home/pi/ros2_ws/install/serbot_description/share/serbot_description/urdf/serbot.urdf
[0.299s] -- Up-to-date symlink: /home/pi/ros2_ws/install/serbot_description/share/serbot_description/urdf/serbot2.urdf
[0.300s] -- Up-to-date symlink: /home/pi/ros2_ws/install/serbot_description/share/serbot_description/urdf/serbot3.urdf
[0.303s] -- Up-to-date symlink: /home/pi/ros2_ws/install/serbot_description/share/serbot_description/launch/display.launch.py
[0.304s] -- Up-to-date symlink: /home/pi/ros2_ws/install/serbot_description/share/ament_index/resource_index/package_run_dependencies/serbot_description
[0.307s] -- Up-to-date symlink: /home/pi/ros2_ws/install/serbot_description/share/ament_index/resource_index/parent_prefix_path/serbot_description
[0.309s] -- Up-to-date symlink: /home/pi/ros2_ws/install/serbot_description/share/serbot_description/environment/ament_prefix_path.sh
[0.310s] -- Up-to-date symlink: /home/pi/ros2_ws/install/serbot_description/share/serbot_description/environment/ament_prefix_path.dsv
[0.312s] -- Up-to-date symlink: /home/pi/ros2_ws/install/serbot_description/share/serbot_description/environment/path.sh
[0.313s] -- Up-to-date symlink: /home/pi/ros2_ws/install/serbot_description/share/serbot_description/environment/path.dsv
[0.315s] -- Up-to-date symlink: /home/pi/ros2_ws/install/serbot_description/share/serbot_description/local_setup.bash
[0.316s] -- Up-to-date symlink: /home/pi/ros2_ws/install/serbot_description/share/serbot_description/local_setup.sh
[0.318s] -- Up-to-date symlink: /home/pi/ros2_ws/install/serbot_description/share/serbot_description/local_setup.zsh
[0.319s] -- Up-to-date symlink: /home/pi/ros2_ws/install/serbot_description/share/serbot_description/local_setup.dsv
[0.320s] -- Symlinking: /home/pi/ros2_ws/install/serbot_description/share/serbot_description/package.dsv
[0.355s] -- Up-to-date symlink: /home/pi/ros2_ws/install/serbot_description/share/ament_index/resource_index/packages/serbot_description
[0.357s] -- Up-to-date symlink: /home/pi/ros2_ws/install/serbot_description/share/serbot_description/cmake/serbot_descriptionConfig.cmake
[0.358s] -- Up-to-date symlink: /home/pi/ros2_ws/install/serbot_description/share/serbot_description/cmake/serbot_descriptionConfig-version.cmake
[0.359s] -- Up-to-date symlink: /home/pi/ros2_ws/install/serbot_description/share/serbot_description/package.xml
[0.366s] Invoked command in '/home/pi/ros2_ws/build/serbot_description' returned '0': CMAKE_PREFIX_PATH=${CMAKE_PREFIX_PATH}:/home/pi/ros2_ws/install/teleop_twist_keyboard:/home/pi/ros2_ws/install/serial_control:/home/pi/ros2_ws/install/serbot_controller:/home/pi/ros2_ws/install/my_car_controller:/home/pi/ros2_ws/install/joy_config_pkg:/opt/ros/humble /usr/bin/cmake --install /home/pi/ros2_ws/build/serbot_description
